1510383034.022234 client started (9482): version 2.6, socket /tmp/tmux-1000/default, protocol 8
1510383034.022320 on Linux 4.13.11-1-ARCH #1 SMP PREEMPT Thu Nov 2 10:25:56 CET 2017; libevent 2.1.8-stable (poll)
1510383034.022399 socket is /tmp/tmux-1000/default
1510383034.022432 trying connect
1510383034.022607 add peer 0x5642cfe13d10: 6 ((nil))
1510383034.022796 sending message 100 to peer 0x5642cfe13d10 (4 bytes)
1510383034.022830 sending message 101 to peer 0x5642cfe13d10 (15 bytes)
1510383034.022847 sending message 102 to peer 0x5642cfe13d10 (12 bytes)
1510383034.022863 sending message 108 to peer 0x5642cfe13d10 (15 bytes)
1510383034.022881 sending message 104 to peer 0x5642cfe13d10 (0 bytes)
1510383034.022898 sending message 107 to peer 0x5642cfe13d10 (4 bytes)
1510383034.022914 sending message 105 to peer 0x5642cfe13d10 (50 bytes)
1510383034.022931 sending message 105 to peer 0x5642cfe13d10 (68 bytes)
1510383034.022949 sending message 105 to peer 0x5642cfe13d10 (41 bytes)
1510383034.022973 sending message 105 to peer 0x5642cfe13d10 (38 bytes)
1510383034.022990 sending message 105 to peer 0x5642cfe13d10 (26 bytes)
1510383034.023006 sending message 105 to peer 0x5642cfe13d10 (15 bytes)
1510383034.023022 sending message 105 to peer 0x5642cfe13d10 (54 bytes)
1510383034.023037 sending message 105 to peer 0x5642cfe13d10 (26 bytes)
1510383034.023053 sending message 105 to peer 0x5642cfe13d10 (11 bytes)
1510383034.023069 sending message 105 to peer 0x5642cfe13d10 (28 bytes)
1510383034.023085 sending message 105 to peer 0x5642cfe13d10 (23 bytes)
1510383034.023100 sending message 105 to peer 0x5642cfe13d10 (33 bytes)
1510383034.023116 sending message 105 to peer 0x5642cfe13d10 (29 bytes)
1510383034.023131 sending message 105 to peer 0x5642cfe13d10 (26 bytes)
1510383034.023146 sending message 105 to peer 0x5642cfe13d10 (11 bytes)
1510383034.023162 sending message 105 to peer 0x5642cfe13d10 (44 bytes)
1510383034.023179 sending message 105 to peer 0x5642cfe13d10 (35 bytes)
1510383034.023195 sending message 105 to peer 0x5642cfe13d10 (18 bytes)
1510383034.023225 sending message 105 to peer 0x5642cfe13d10 (47 bytes)
1510383034.023243 sending message 105 to peer 0x5642cfe13d10 (23 bytes)
1510383034.023258 sending message 105 to peer 0x5642cfe13d10 (39 bytes)
1510383034.023273 sending message 105 to peer 0x5642cfe13d10 (7 bytes)
1510383034.023289 sending message 105 to peer 0x5642cfe13d10 (33 bytes)
1510383034.023306 sending message 105 to peer 0x5642cfe13d10 (39 bytes)
1510383034.023325 sending message 105 to peer 0x5642cfe13d10 (19 bytes)
1510383034.023340 sending message 105 to peer 0x5642cfe13d10 (8 bytes)
1510383034.023357 sending message 105 to peer 0x5642cfe13d10 (43 bytes)
1510383034.023374 sending message 105 to peer 0x5642cfe13d10 (15 bytes)
1510383034.023391 sending message 105 to peer 0x5642cfe13d10 (32 bytes)
1510383034.023413 sending message 105 to peer 0x5642cfe13d10 (2958 bytes)
1510383034.023487 sending message 105 to peer 0x5642cfe13d10 (28 bytes)
1510383034.023508 sending message 105 to peer 0x5642cfe13d10 (23 bytes)
1510383034.023527 sending message 105 to peer 0x5642cfe13d10 (17 bytes)
1510383034.023544 sending message 105 to peer 0x5642cfe13d10 (41 bytes)
1510383034.023562 sending message 105 to peer 0x5642cfe13d10 (50 bytes)
1510383034.023579 sending message 105 to peer 0x5642cfe13d10 (20 bytes)
1510383034.023598 sending message 105 to peer 0x5642cfe13d10 (174 bytes)
1510383034.023618 sending message 105 to peer 0x5642cfe13d10 (21 bytes)
1510383034.023637 sending message 105 to peer 0x5642cfe13d10 (19 bytes)
1510383034.023653 sending message 105 to peer 0x5642cfe13d10 (42 bytes)
1510383034.023670 sending message 105 to peer 0x5642cfe13d10 (15 bytes)
1510383034.023687 sending message 105 to peer 0x5642cfe13d10 (47 bytes)
1510383034.023705 sending message 105 to peer 0x5642cfe13d10 (8 bytes)
1510383034.023722 sending message 105 to peer 0x5642cfe13d10 (31 bytes)
1510383034.023740 sending message 105 to peer 0x5642cfe13d10 (20 bytes)
1510383034.023756 sending message 105 to peer 0x5642cfe13d10 (13 bytes)
1510383034.023772 sending message 105 to peer 0x5642cfe13d10 (23 bytes)
1510383034.023830 sending message 105 to peer 0x5642cfe13d10 (23 bytes)
1510383034.023849 sending message 105 to peer 0x5642cfe13d10 (35 bytes)
1510383034.023866 sending message 105 to peer 0x5642cfe13d10 (14 bytes)
1510383034.023884 sending message 105 to peer 0x5642cfe13d10 (12 bytes)
1510383034.023900 sending message 105 to peer 0x5642cfe13d10 (32 bytes)
1510383034.023916 sending message 105 to peer 0x5642cfe13d10 (17 bytes)
1510383034.023932 sending message 105 to peer 0x5642cfe13d10 (40 bytes)
1510383034.023948 sending message 105 to peer 0x5642cfe13d10 (26 bytes)
1510383034.023964 sending message 105 to peer 0x5642cfe13d10 (18 bytes)
1510383034.023980 sending message 105 to peer 0x5642cfe13d10 (13 bytes)
1510383034.023998 sending message 105 to peer 0x5642cfe13d10 (36 bytes)
1510383034.024014 sending message 105 to peer 0x5642cfe13d10 (31 bytes)
1510383034.024033 sending message 105 to peer 0x5642cfe13d10 (15 bytes)
1510383034.024051 sending message 105 to peer 0x5642cfe13d10 (18 bytes)
1510383034.024070 sending message 105 to peer 0x5642cfe13d10 (11 bytes)
1510383034.024089 sending message 105 to peer 0x5642cfe13d10 (16 bytes)
1510383034.024105 sending message 105 to peer 0x5642cfe13d10 (84 bytes)
1510383034.024125 sending message 105 to peer 0x5642cfe13d10 (34 bytes)
1510383034.024144 sending message 105 to peer 0x5642cfe13d10 (11 bytes)
1510383034.024161 sending message 105 to peer 0x5642cfe13d10 (16 bytes)
1510383034.024182 sending message 106 to peer 0x5642cfe13d10 (0 bytes)
1510383034.024202 sending message 200 to peer 0x5642cfe13d10 (4 bytes)
1510383034.024213 client loop enter
1510383034.031029 peer 0x5642cfe13d10 message 211
1510383034.031053 peer 0x5642cfe13d10 message 203
1510383034.031058 client loop exit
