[17:54:03] Initializing LaTeX Workshop.
[17:54:03] Creating LaTeX Workshop http and websocket server.
[17:54:03] LaTeX Workshop initialized.
[17:54:03] Server created on 127.0.0.1:46257
[17:54:03] Snippet data loaded.
[17:54:03] LaTeX Workshop version: 8.4.1
[17:54:04] Found files that might be root, choose the first one: /home/riddle/pro/LaTex/tmp/LATIN7.tex,/home/riddle/pro/LaTex/tmp/pvz.tex,/home/riddle/pro/LaTex/destytojos/pvz.tex,/home/riddle/pro/LaTex/GP_kodas/LATIN7.tex,/home/riddle/pro/LaTex/GP_kodas/pvz.tex,/home/riddle/pro/LaTex/Bakalaurinio_darbo_LaTeX_sablonas/pavyzdys.tex,/home/riddle/pro/LaTex/codings/R9.tex,/home/riddle/pro/LaTex/codings/CSIBM869.tex,/home/riddle/pro/LaTex/codings/GREEK.tex,/home/riddle/pro/LaTex/codings/ISO-IR-90.tex,/home/riddle/pro/LaTex/codings/ISO_8859-7:2003.tex,/home/riddle/pro/LaTex/codings/OSF10020365.tex,/home/riddle/pro/LaTex/codings/ISO88597.tex,/home/riddle/pro/LaTex/codings/ISO8859-1.tex,/home/riddle/pro/LaTex/codings/ISO-CELTIC.tex,/home/riddle/pro/LaTex/codings/ISO_8859-9E.tex,/home/riddle/pro/LaTex/codings/RUSCII.tex,/home/riddle/pro/LaTex/codings/PT154.tex,/home/riddle/pro/LaTex/codings/ISO_6937-2:1983.tex,/home/riddle/pro/LaTex/codings/CP862.tex,/home/riddle/pro/LaTex/codings/MIK.tex,/home/riddle/pro/LaTex/codings/ISO_8859-1.tex,/home/riddle/pro/LaTex/codings/L10.tex,/home/riddle/pro/LaTex/codings/IBM-5347.tex,/home/riddle/pro/LaTex/codings/ISO-IR-100.tex,/home/riddle/pro/LaTex/codings/852.tex,/home/riddle/pro/LaTex/codings/KOI-8.tex,/home/riddle/pro/LaTex/codings/IBM813.tex,/home/riddle/pro/LaTex/codings/IBM920.tex,/home/riddle/pro/LaTex/codings/WIN-SAMI-2.tex,/home/riddle/pro/LaTex/codings/OSF10010006.tex,/home/riddle/pro/LaTex/codings/OSF00010007.tex,/home/riddle/pro/LaTex/codings/CP773.tex,/home/riddle/pro/LaTex/codings/CP1129.tex,/home/riddle/pro/LaTex/codings/MAC-CENTRALEUROPE.tex,/home/riddle/pro/LaTex/codings/ANSI_X3.110-1983.tex,/home/riddle/pro/LaTex/codings/ISO8859-5.tex,/home/riddle/pro/LaTex/codings/IBM1004.tex,/home/riddle/pro/LaTex/codings/LATIN7.tex,/home/riddle/pro/LaTex/codings/OSF10020357.tex,/home/riddle/pro/LaTex/codings/CSIBM1129.tex,/home/riddle/pro/LaTex/codings/ISO8859-9E.tex,/home/riddle/pro/LaTex/codings/CP857.tex,/home/riddle/pro/LaTex/codings/LATIN5.tex,/home/riddle/pro/LaTex/codings/ISO-8859-15.tex,/home/riddle/pro/LaTex/codings/CP858.tex,/home/riddle/pro/LaTex/codings/LATIN1.tex,/home/riddle/pro/LaTex/codings/IBM1129.tex,/home/riddle/pro/LaTex/codings/IBM-4909.tex,/home/riddle/pro/LaTex/codings/ISO6937.tex,/home/riddle/pro/LaTex/codings/L1.tex,/home/riddle/pro/LaTex/codings/ISO_6937-2.tex,/home/riddle/pro/LaTex/codings/851.tex,/home/riddle/pro/LaTex/codings/IBM775.tex,/home/riddle/pro/LaTex/codings/MSMACCYRILLIC.tex,/home/riddle/pro/LaTex/codings/GB13000.tex,/home/riddle/pro/LaTex/codings/ISO88595.tex,/home/riddle/pro/LaTex/codings/CSIBM1124.tex,/home/riddle/pro/LaTex/codings/ISO-8859-1.tex,/home/riddle/pro/LaTex/codings/8859_1.tex,/home/riddle/pro/LaTex/codings/IBM-1129.tex,/home/riddle/pro/LaTex/codings/CP1163.tex,/home/riddle/pro/LaTex/codings/IBM862.tex,/home/riddle/pro/LaTex/codings/BIG5-HKSCS.tex,/home/riddle/pro/LaTex/codings/CSHPROMAN8.tex,/home/riddle/pro/LaTex/codings/ISO-IR-226.tex,/home/riddle/pro/LaTex/codings/ISO-8859-16.tex,/home/riddle/pro/LaTex/codings/HP-ROMAN8.tex,/home/riddle/pro/LaTex/codings/TCVN-5712.tex,/home/riddle/pro/LaTex/codings/ISO-8859-14.tex,/home/riddle/pro/LaTex/codings/IBM861.tex,/home/riddle/pro/LaTex/codings/CP1258.tex,/home/riddle/pro/LaTex/codings/GEORGIAN-PS.tex,/home/riddle/pro/LaTex/codings/CWI-2.tex,/home/riddle/pro/LaTex/codings/CP1256.tex,/home/riddle/pro/LaTex/codings/L5.tex,/home/riddle/pro/LaTex/codings/ISO-IR-148.tex,/home/riddle/pro/LaTex/codings/CSIBM1167.tex,/home/riddle/pro/LaTex/codings/L7.tex,/home/riddle/pro/LaTex/codings/CP915.tex,/home/riddle/pro/LaTex/codings/CSPC850MULTILINGUAL.tex,/home/riddle/pro/LaTex/codings/STRK1048-2002.tex,/home/riddle/pro/LaTex/codings/OSF1002035D.tex,/home/riddle/pro/LaTex/codings/437.tex,/home/riddle/pro/LaTex/codings/ISO-IR-111.tex,/home/riddle/pro/LaTex/codings/8859_7.tex,/home/riddle/pro/LaTex/codings/WINDOWS-1253.tex,/home/riddle/pro/LaTex/codings/IBM5347.tex,/home/riddle/pro/LaTex/codings/CSMACINTOSH.tex,/home/riddle/pro/LaTex/codings/CP774.tex,/home/riddle/pro/LaTex/codings/ISO-8859-13.tex,/home/riddle/pro/LaTex/codings/CP1008.tex,/home/riddle/pro/LaTex/codings/ISO_8859-9:1989.tex,/home/riddle/pro/LaTex/codings/ISO88594.tex,/home/riddle/pro/LaTex/codings/CP770.tex,/home/riddle/pro/LaTex/codings/MS936.tex,/home/riddle/pro/LaTex/codings/HP-ROMAN9.tex,/home/riddle/pro/LaTex/codings/GEORGIAN-ACADEMY.tex,/home/riddle/pro/LaTex/codings/CSN_369103.tex,/home/riddle/pro/LaTex/codings/ISO_8859-4:1988.tex,/home/riddle/pro/LaTex/codings/CP1004.tex,/home/riddle/pro/LaTex/codings/CSIBM1163.tex,/home/riddle/pro/LaTex/codings/CSISOLATINCYRILLIC.tex,/home/riddle/pro/LaTex/codings/IBM850.tex,/home/riddle/pro/LaTex/codings/OSF0001000A.tex,/home/riddle/pro/LaTex/codings/IBM915.tex,/home/riddle/pro/LaTex/codings/TCVN.tex,/home/riddle/pro/LaTex/codings/IBM819.tex,/home/riddle/pro/LaTex/codings/CSISOLATIN5.tex,/home/riddle/pro/LaTex/codings/ISO_8859-14:1998.tex,/home/riddle/pro/LaTex/codings/TCVN5712-1:1993.tex,/home/riddle/pro/LaTex/codings/ISO-8859-4.tex,/home/riddle/pro/LaTex/codings/CP9448.tex,/home/riddle/pro/LaTex/codings/KOI8U.tex,/home/riddle/pro/LaTex/codings/IBM1124.tex,/home/riddle/pro/LaTex/codings/CSPC858MULTILINGUAL.tex,/home/riddle/pro/LaTex/codings/IBM863.tex,/home/riddle/pro/LaTex/codings/VISCII.tex,/home/riddle/pro/LaTex/codings/GB18030.tex,/home/riddle/pro/LaTex/codings/MACIS.tex,/home/riddle/pro/LaTex/codings/IBM912.tex,/home/riddle/pro/LaTex/codings/1046.tex,/home/riddle/pro/LaTex/codings/CP819.tex,/home/riddle/pro/LaTex/codings/CSIBM857.tex,/home/riddle/pro/LaTex/codings/ISO88599E.tex,/home/riddle/pro/LaTex/codings/CSISO99NAPLPS.tex,/home/riddle/pro/LaTex/codings/ISO_8859-2:1987.tex,/home/riddle/pro/LaTex/codings/IBM866.tex,/home/riddle/pro/LaTex/codings/IBM922.tex,/home/riddle/pro/LaTex/codings/CP850.tex,/home/riddle/pro/LaTex/codings/ISO_8859-2.tex,/home/riddle/pro/LaTex/codings/LATIN-9.tex,/home/riddle/pro/LaTex/codings/CSIBM9066.tex,/home/riddle/pro/LaTex/codings/ISO_6937:1992.tex,/home/riddle/pro/LaTex/codings/ARMSCII8.tex,/home/riddle/pro/LaTex/codings/CP920.tex,/home/riddle/pro/LaTex/codings/OSF1002035F.tex,/home/riddle/pro/LaTex/codings/CPIBM861.tex,/home/riddle/pro/LaTex/codings/ISO-IR-126.tex,/home/riddle/pro/LaTex/codings/CSPCP852.tex,/home/riddle/pro/LaTex/codings/IBM-1167.tex,/home/riddle/pro/LaTex/codings/RK1048.tex,/home/riddle/pro/LaTex/codings/CSISOLATIN6.tex,/home/riddle/pro/LaTex/codings/IBM858.tex,/home/riddle/pro/LaTex/codings/WS2.tex,/home/riddle/pro/LaTex/codings/R8.tex,/home/riddle/pro/LaTex/codings/L6.tex,/home/riddle/pro/LaTex/codings/CP902.tex,/home/riddle/pro/LaTex/codings/CSIBM1008.tex,/home/riddle/pro/LaTex/codings/864.tex,/home/riddle/pro/LaTex/codings/CP1254.tex,/home/riddle/pro/LaTex/codings/ROMAN8.tex,/home/riddle/pro/LaTex/codings/BALTIC.tex,/home/riddle/pro/LaTex/codings/CSISO139CSN369103.tex,/home/riddle/pro/LaTex/codings/IBM-9448.tex,/home/riddle/pro/LaTex/codings/CSISOLATIN1.tex,/home/riddle/pro/LaTex/codings/CSIBM1161.tex,/home/riddle/pro/LaTex/codings/CSPC775BALTIC.tex,/home/riddle/pro/LaTex/codings/CP864.tex,/home/riddle/pro/LaTex/codings/OSF10010004.tex,/home/riddle/pro/LaTex/codings/CP1252.tex,/home/riddle/pro/LaTex/codings/ISO_8859-4.tex,/home/riddle/pro/LaTex/codings/L2.tex,/home/riddle/pro/LaTex/codings/ISO-8859-5.tex,/home/riddle/pro/LaTex/codings/CSA_T500-1983.tex,/home/riddle/pro/LaTex/codings/ECMA-128.tex,/home/riddle/pro/LaTex/codings/855.tex,/home/riddle/pro/LaTex/codings/CSKOI8R.tex,/home/riddle/pro/LaTex/codings/WINDOWS-1254.tex,/home/riddle/pro/LaTex/codings/IBM848.tex,/home/riddle/pro/LaTex/codings/ISO-IR-209.tex,/home/riddle/pro/LaTex/codings/OSF10020359.tex,/home/riddle/pro/LaTex/codings/ISO-8859-10.tex,/home/riddle/pro/LaTex/codings/CSIBM901.tex,/home/riddle/pro/LaTex/codings/OSF00010009.tex,/home/riddle/pro/LaTex/codings/KOI8-R.tex,/home/riddle/pro/LaTex/codings/TCVN5712-1.tex,/home/riddle/pro/LaTex/codings/LATIN2.tex,/home/riddle/pro/LaTex/codings/CP-GR.tex,/home/riddle/pro/LaTex/codings/MS-CYRL.tex,/home/riddle/pro/LaTex/codings/LATIN10.tex,/home/riddle/pro/LaTex/codings/CSIBM921.tex,/home/riddle/pro/LaTex/codings/IBM901.tex,/home/riddle/pro/LaTex/codings/KOI8-T.tex,/home/riddle/pro/LaTex/codings/ISO8859-13.tex,/home/riddle/pro/LaTex/codings/866NAV.tex,/home/riddle/pro/LaTex/codings/MAC-SAMI.tex,/home/riddle/pro/LaTex/codings/CP771.tex,/home/riddle/pro/LaTex/codings/857.tex,/home/riddle/pro/LaTex/codings/MS-ANSI.tex,/home/riddle/pro/LaTex/codings/ISO_6937.tex,/home/riddle/pro/LaTex/codings/WINSAMI2.tex,/home/riddle/pro/LaTex/codings/LATIN8.tex,/home/riddle/pro/LaTex/codings/IBM437.tex,/home/riddle/pro/LaTex/codings/CSISO111ECMACYRILLIC.tex,/home/riddle/pro/LaTex/codings/ISO88591.tex,/home/riddle/pro/LaTex/codings/858.tex,/home/riddle/pro/LaTex/codings/WINDOWS-1252.tex,/home/riddle/pro/LaTex/codings/MAC-UK.tex,/home/riddle/pro/LaTex/codings/L4.tex,/home/riddle/pro/LaTex/codings/GBK.tex,/home/riddle/pro/LaTex/codings/HPGREEK8.tex,/home/riddle/pro/LaTex/codings/IBM4909.tex,/home/riddle/pro/LaTex/codings/ISIRI-3342.tex,/home/riddle/pro/LaTex/codings/ISO_8859-5:1988.tex,/home/riddle/pro/LaTex/codings/ISO-IR-139.tex,/home/riddle/pro/LaTex/codings/IBM851.tex,/home/riddle/pro/LaTex/codings/MACUK.tex,/home/riddle/pro/LaTex/codings/LATIN6.tex,/home/riddle/pro/LaTex/codings/8859_2.tex,/home/riddle/pro/LaTex/codings/L8.tex,/home/riddle/pro/LaTex/codings/CSIBM902.tex,/home/riddle/pro/LaTex/codings/MS-ARAB.tex,/home/riddle/pro/LaTex/codings/CP9066.tex,/home/riddle/pro/LaTex/codings/IBM902.tex,/home/riddle/pro/LaTex/codings/ANSI_X3.110.tex,/home/riddle/pro/LaTex/codings/CSIBM922.tex,/home/riddle/pro/LaTex/codings/CP866NAV.tex,/home/riddle/pro/LaTex/codings/IBM855.tex,/home/riddle/pro/LaTex/codings/ISO-IR-101.tex,/home/riddle/pro/LaTex/codings/CP1253.tex,/home/riddle/pro/LaTex/codings/IBM-1124.tex,/home/riddle/pro/LaTex/codings/CP901.tex,/home/riddle/pro/LaTex/codings/HPTURKISH8.tex,/home/riddle/pro/LaTex/codings/CP922.tex,/home/riddle/pro/LaTex/codings/ISO-IR-156.tex,/home/riddle/pro/LaTex/codings/MAC.tex,/home/riddle/pro/LaTex/codings/ISO885913.tex,/home/riddle/pro/LaTex/codings/CSA_T500.tex,/home/riddle/pro/LaTex/codings/CP-HU.tex,/home/riddle/pro/LaTex/codings/865.tex,/home/riddle/pro/LaTex/codings/ISO8859-9.tex,/home/riddle/pro/LaTex/codings/CSISOLATINGREEK.tex,/home/riddle/pro/LaTex/codings/ARMSCII-8.tex,/home/riddle/pro/LaTex/codings/CP912.tex,/home/riddle/pro/LaTex/codings/ISO8859-10.tex,/home/riddle/pro/LaTex/codings/CSISOLATIN2.tex,/home/riddle/pro/LaTex/codings/WINDOWS-1258.tex,/home/riddle/pro/LaTex/codings/ISO_8859-16.tex,/home/riddle/pro/LaTex/codings/MACUKRAINIAN.tex,/home/riddle/pro/LaTex/codings/KOI8-U.tex,/home/riddle/pro/LaTex/codings/KOI8R.tex,/home/riddle/pro/LaTex/codings/CSIBM855.tex,/home/riddle/pro/LaTex/codings/IBM1008.tex,/home/riddle/pro/LaTex/codings/CP813.tex,/home/riddle/pro/LaTex/codings/CP861.tex,/home/riddle/pro/LaTex/codings/MS-GREEK.tex,/home/riddle/pro/LaTex/codings/IBM1167.tex,/home/riddle/pro/LaTex/codings/HP-TURKISH8.tex,/home/riddle/pro/LaTex/codings/IBM-901.tex,/home/riddle/pro/LaTex/codings/ISO-8859-7.tex,/home/riddle/pro/LaTex/codings/ISO_8859-14.tex,/home/riddle/pro/LaTex/codings/CP4909.tex,/home/riddle/pro/LaTex/codings/LATIN9.tex,/home/riddle/pro/LaTex/codings/CP1046.tex,/home/riddle/pro/LaTex/codings/WINDOWS-1250.tex,/home/riddle/pro/LaTex/codings/CSISO143IECP271.tex,/home/riddle/pro/LaTex/codings/OSF00010001.tex,/home/riddle/pro/LaTex/codings/OSF00010005.tex,/home/riddle/pro/LaTex/codings/MACINTOSH.tex,/home/riddle/pro/LaTex/codings/NAPLPS.tex,/home/riddle/pro/LaTex/codings/MS-MAC-CYRILLIC.tex,/home/riddle/pro/LaTex/codings/CP869.tex,/home/riddle/pro/LaTex/codings/IBM-922.tex,/home/riddle/pro/LaTex/codings/ISO8859-4.tex,/home/riddle/pro/LaTex/codings/ISO_69372.tex,/home/riddle/pro/LaTex/codings/CSIBM865.tex,/home/riddle/pro/LaTex/codings/IBM860.tex,/home/riddle/pro/LaTex/codings/IBM865.tex,/home/riddle/pro/LaTex/codings/WINDOWS-1256.tex,/home/riddle/pro/LaTex/codings/ISO_8859-15:1998.tex,/home/riddle/pro/LaTex/codings/OSF10020360.tex,/home/riddle/pro/LaTex/codings/IBM-9066.tex,/home/riddle/pro/LaTex/codings/ISO_8859-16:2001.tex,/home/riddle/pro/LaTex/codings/8859_9.tex,/home/riddle/pro/LaTex/codings/IBM921.tex,/home/riddle/pro/LaTex/codings/OSF100201B5.tex,/home/riddle/pro/LaTex/codings/CSIBM5347.tex,/home/riddle/pro/LaTex/codings/IBM864.tex,/home/riddle/pro/LaTex/codings/CP851.tex,/home/riddle/pro/LaTex/codings/CP865.tex,/home/riddle/pro/LaTex/codings/ISO8859-15.tex,/home/riddle/pro/LaTex/codings/ISO-IR-157.tex,/home/riddle/pro/LaTex/codings/CSIBM866.tex,/home/riddle/pro/LaTex/codings/CP1251.tex,/home/riddle/pro/LaTex/codings/ISO-IR-99.tex,/home/riddle/pro/LaTex/codings/CP1167.tex,/home/riddle/pro/LaTex/codings/CP866.tex,/home/riddle/pro/LaTex/codings/860.tex,/home/riddle/pro/LaTex/codings/CSIBM860.tex,/home/riddle/pro/LaTex/codings/CSISO90.tex,/home/riddle/pro/LaTex/codings/869.tex,/home/riddle/pro/LaTex/codings/HPROMAN8.tex,/home/riddle/pro/LaTex/codings/WINDOWS-1257.tex,/home/riddle/pro/LaTex/codings/IBM1163.tex,/home/riddle/pro/LaTex/codings/8859_5.tex,/home/riddle/pro/LaTex/codings/CP860.tex,/home/riddle/pro/LaTex/codings/MS-TURK.tex,/home/riddle/pro/LaTex/codings/ISO-IR-203.tex,/home/riddle/pro/LaTex/codings/CSPC862LATINHEBREW.tex,/home/riddle/pro/LaTex/codings/ECMA-CYRILLIC.tex,/home/riddle/pro/LaTex/codings/CP5347.tex,/home/riddle/pro/LaTex/codings/ISO885916.tex,/home/riddle/pro/LaTex/codings/IBM866NAV.tex,/home/riddle/pro/LaTex/codings/CP1250.tex,/home/riddle/pro/LaTex/codings/ISO_8859-10:1992.tex,/home/riddle/pro/LaTex/codings/ISO-IR-110.tex,/home/riddle/pro/LaTex/codings/ISO8859-16.tex,/home/riddle/pro/LaTex/codings/IBM1161.tex,/home/riddle/pro/LaTex/codings/861.tex,/home/riddle/pro/LaTex/codings/CP1125.tex,/home/riddle/pro/LaTex/codings/ISO8859-7.tex,/home/riddle/pro/LaTex/codings/ISO_8859-7:1987.tex,/home/riddle/pro/LaTex/codings/OSF1002035E.tex,/home/riddle/pro/LaTex/codings/ISO-IR-144.tex,/home/riddle/pro/LaTex/codings/ISO8859-2.tex,/home/riddle/pro/LaTex/codings/TS-5881.tex,/home/riddle/pro/LaTex/codings/CSIBM4909.tex,/home/riddle/pro/LaTex/codings/CP921.tex,/home/riddle/pro/LaTex/codings/MACCYRILLIC.tex,/home/riddle/pro/LaTex/codings/HP-GREEK8.tex,/home/riddle/pro/LaTex/codings/MAC-CYRILLIC.tex,/home/riddle/pro/LaTex/codings/ISO-IR-199.tex,/home/riddle/pro/LaTex/codings/CSIBM9448.tex,/home/riddle/pro/LaTex/codings/TURKISH8.tex,/home/riddle/pro/LaTex/codings/IBM9066.tex,/home/riddle/pro/LaTex/codings/866.tex,/home/riddle/pro/LaTex/codings/WINDOWS-936.tex,/home/riddle/pro/LaTex/codings/ISO885910.tex,/home/riddle/pro/LaTex/codings/ECMA-118.tex,/home/riddle/pro/LaTex/codings/ISIRI3342.tex,/home/riddle/pro/LaTex/codings/850.tex,/home/riddle/pro/LaTex/codings/CP1257.tex,/home/riddle/pro/LaTex/codings/IBM1046.tex,/home/riddle/pro/LaTex/codings/CP772.tex,/home/riddle/pro/LaTex/codings/ISO_8859-10.tex,/home/riddle/pro/LaTex/codings/HPROMAN9.tex,/home/riddle/pro/LaTex/codings/IBM-921.tex,/home/riddle/pro/LaTex/codings/CSIBM864.tex,/home/riddle/pro/LaTex/codings/IBM857.tex,/home/riddle/pro/LaTex/codings/OSF10020352.tex,/home/riddle/pro/LaTex/codings/IEC_P27-1.tex,/home/riddle/pro/LaTex/codings/ISO-IR-179.tex,/home/riddle/pro/LaTex/codings/ISO_8859-1:1987.tex,/home/riddle/pro/LaTex/codings/MAC-IS.tex,/home/riddle/pro/LaTex/codings/ISO-IR-197.tex,/home/riddle/pro/LaTex/codings/CSIBM863.tex,/home/riddle/pro/LaTex/codings/KOI8.tex,/home/riddle/pro/LaTex/codings/IBM852.tex,/home/riddle/pro/LaTex/codings/OSF00010002.tex,/home/riddle/pro/LaTex/codings/ECMACYRILLIC.tex,/home/riddle/pro/LaTex/codings/CP737.tex,/home/riddle/pro/LaTex/codings/IBM-902.tex,/home/riddle/pro/LaTex/codings/CP1282.tex,/home/riddle/pro/LaTex/codings/IBM9448.tex,/home/riddle/pro/LaTex/codings/ISO88592.tex,/home/riddle/pro/LaTex/codings/ISO-IR-143.tex,/home/riddle/pro/LaTex/codings/MS-EE.tex,/home/riddle/pro/LaTex/codings/CP437.tex,/home/riddle/pro/LaTex/codings/BIG5HKSCS.tex,/home/riddle/pro/LaTex/codings/ISO_8859-5.tex,/home/riddle/pro/LaTex/codings/IBM869.tex,/home/riddle/pro/LaTex/codings/ISO88599.tex,/home/riddle/pro/LaTex/codings/GREEK8.tex,/home/riddle/pro/LaTex/codings/ISO-8859-9E.tex,/home/riddle/pro/LaTex/codings/CP1161.tex,/home/riddle/pro/LaTex/codings/LATIN4.tex,/home/riddle/pro/LaTex/codings/863.tex,/home/riddle/pro/LaTex/codings/WINDOWS-1251.tex,/home/riddle/pro/LaTex/codings/CYRILLIC.tex,/home/riddle/pro/LaTex/codings/OSF10020354.tex,/home/riddle/pro/LaTex/codings/IBM-1163.tex,/home/riddle/pro/LaTex/codings/ISO_8859-15.tex,/home/riddle/pro/LaTex/codings/ISO_8859-7.tex,/home/riddle/pro/LaTex/codings/WINBALTRIM.tex,/home/riddle/pro/LaTex/codings/ISO_8859-9.tex,/home/riddle/pro/LaTex/codings/ISO885915.tex,/home/riddle/pro/LaTex/codings/CP852.tex,/home/riddle/pro/LaTex/codings/KOI8-RU.tex,/home/riddle/pro/LaTex/codings/TSCII.tex,/home/riddle/pro/LaTex/codings/8859_4.tex,/home/riddle/pro/LaTex/codings/CP1124.tex,/home/riddle/pro/LaTex/codings/CSPC8CODEPAGE437.tex,/home/riddle/pro/LaTex/codings/CP936.tex,/home/riddle/pro/LaTex/codings/CWI.tex,/home/riddle/pro/LaTex/codings/ELOT_928.tex,/home/riddle/pro/LaTex/codings/CP775.tex,/home/riddle/pro/LaTex/codings/CSISOLATIN4.tex,/home/riddle/pro/LaTex/codings/IEC_P271.tex,/home/riddle/pro/LaTex/codings/CP10007.tex,/home/riddle/pro/LaTex/codings/CP863.tex,/home/riddle/pro/LaTex/codings/ISO-8859-9.tex,/home/riddle/pro/LaTex/codings/IBM-1008.tex,/home/riddle/pro/LaTex/codings/IBM-1046.tex,/home/riddle/pro/LaTex/codings/ISO8859-14.tex,/home/riddle/pro/LaTex/codings/CP855.tex,/home/riddle/pro/LaTex/codings/OSF00010004.tex,/home/riddle/pro/LaTex/codings/CSIBM851.tex,/home/riddle/pro/LaTex/codings/IBM-1161.tex,/home/riddle/pro/LaTex/codings/OS2LATIN1.tex,/home/riddle/pro/LaTex/codings/862.tex,/home/riddle/pro/LaTex/codings/ISO885914.tex,/home/riddle/pro/LaTex/codings/OSF10010001.tex,/home/riddle/pro/LaTex/codings/ROMAN9.tex,/home/riddle/pro/LaTex/codings/ISO-8859-2.tex
[17:54:04] Root file changed from: undefined to /home/riddle/pro/LaTex/tmp/LATIN7.tex. Find all dependencies.
[17:54:04] Instantiating a new file watcher for /home/riddle/pro/LaTex/tmp/LATIN7.tex
[17:54:04] Creating file watcher for .bib files.
[17:54:04] Parsing /home/riddle/pro/LaTex/tmp/LATIN7.tex
[17:54:04] Found .bib file /home/riddle/pro/LaTex/tmp/x.bib
[17:54:04] Adding .bib file /home/riddle/pro/LaTex/tmp/x.bib to bib file watcher.
[17:54:04] Parsing .bib entries from /home/riddle/pro/LaTex/tmp/x.bib
[17:54:04] Adding /home/riddle/pro/LaTex/tmp/LATIN7.tex to file watcher.
[17:54:04] Parsed 3 bib entries from /home/riddle/pro/LaTex/tmp/x.bib.
[17:54:06] Found root file from active editor: /home/riddle/pro/LaTex/pvz.tex
[17:54:06] Root file changed from: /home/riddle/pro/LaTex/tmp/LATIN7.tex to /home/riddle/pro/LaTex/pvz.tex. Find all dependencies.
[17:54:06] Root file changed -> cleaning up old file watcher.
[17:54:06] Instantiating a new file watcher for /home/riddle/pro/LaTex/pvz.tex
[17:54:06] Parsing /home/riddle/pro/LaTex/pvz.tex
[17:54:24] Found root file from active editor: /home/riddle/pro/LaTex/tmp/LATIN7.tex
[17:54:24] Found root file from active editor: /home/riddle/pro/LaTex/tmp/LATIN7.tex
[17:54:24] Root file changed from: /home/riddle/pro/LaTex/pvz.tex to /home/riddle/pro/LaTex/tmp/LATIN7.tex. Find all dependencies.
[17:54:24] Root file changed -> cleaning up old file watcher.
[17:54:24] Instantiating a new file watcher for /home/riddle/pro/LaTex/tmp/LATIN7.tex
[17:54:24] Parsing /home/riddle/pro/LaTex/tmp/LATIN7.tex
[17:54:24] Found .bib file /home/riddle/pro/LaTex/tmp/x.bib
[17:54:24] Root file remains unchanged from: /home/riddle/pro/LaTex/tmp/LATIN7.tex.
[17:54:24] Adding /home/riddle/pro/LaTex/tmp/LATIN7.tex to file watcher.
[17:54:31] Found root file from active editor: /home/riddle/pro/LaTex/tmp/pvz.tex
[17:54:31] Found root file from active editor: /home/riddle/pro/LaTex/tmp/pvz.tex
[17:54:31] Root file changed from: /home/riddle/pro/LaTex/tmp/LATIN7.tex to /home/riddle/pro/LaTex/tmp/pvz.tex. Find all dependencies.
[17:54:31] Root file changed -> cleaning up old file watcher.
[17:54:31] Instantiating a new file watcher for /home/riddle/pro/LaTex/tmp/pvz.tex
[17:54:31] Parsing /home/riddle/pro/LaTex/tmp/pvz.tex
[17:54:31] Found .bib file /home/riddle/pro/LaTex/tmp/x.bib
[17:54:31] Root file remains unchanged from: /home/riddle/pro/LaTex/tmp/pvz.tex.
[17:54:31] Adding /home/riddle/pro/LaTex/tmp/pvz.tex to file watcher.
[17:54:33] Found root file from active editor: /home/riddle/pro/LaTex/tmp/LATIN7.tex
[17:54:33] Found root file from active editor: /home/riddle/pro/LaTex/tmp/LATIN7.tex
[17:54:33] Root file changed from: /home/riddle/pro/LaTex/tmp/pvz.tex to /home/riddle/pro/LaTex/tmp/LATIN7.tex. Find all dependencies.
[17:54:33] Root file changed -> cleaning up old file watcher.
[17:54:33] Instantiating a new file watcher for /home/riddle/pro/LaTex/tmp/LATIN7.tex
[17:54:33] Parsing /home/riddle/pro/LaTex/tmp/LATIN7.tex
[17:54:33] Found .bib file /home/riddle/pro/LaTex/tmp/x.bib
[17:54:33] Root file remains unchanged from: /home/riddle/pro/LaTex/tmp/LATIN7.tex.
[17:54:33] Adding /home/riddle/pro/LaTex/tmp/LATIN7.tex to file watcher.
[17:54:48] BUILD command invoked.
[17:54:48] Found root file from active editor: /home/riddle/pro/LaTex/tmp/LATIN7.tex
[17:54:48] Root file remains unchanged from: /home/riddle/pro/LaTex/tmp/LATIN7.tex.
[17:54:48] Building root file: /home/riddle/pro/LaTex/tmp/LATIN7.tex
[17:54:48] Build root file /home/riddle/pro/LaTex/tmp/LATIN7.tex
[17:54:48] Recipe step 1: latexmk, -synctex=1,-interaction=nonstopmode,-file-line-error,-pdf,-outdir=/home/riddle/pro/LaTex/tmp,/home/riddle/pro/LaTex/tmp/LATIN7
[17:54:48] LaTeX build process spawned. PID: 3499.
[17:54:49] LaTeX log parsed with 67 messages.
[17:54:49] Recipe returns with error: 12/null. PID: 3499. message: Latexmk: This is Latexmk, John Collins, 18 June 2019, version: 4.65.
Rule 'pdflatex': The following rules & subrules became out-of-date:
      'pdflatex'
------------
Run number 1 of rule 'pdflatex'
------------
------------
Running 'pdflatex  -synctex=1 -interaction=nonstopmode -file-line-error -recorder -output-directory="/home/riddle/pro/LaTex/tmp"  "/home/riddle/pro/LaTex/tmp/LATIN7.tex"'
------------
Latexmk: Non-existent bbl file 'LATIN7.bbl'
 No file LATIN7.bbl.
Latexmk: References changed.
Latexmk: Log file says output to 'LATIN7.pdf'
Latexmk: List of undefined refs and citations:
  Citation `GFUNKS' on page 2 undefined on input line 209
  Citation `GIT' undefined on input line 77
  Citation `GPAS' on page 2 undefined on input line 209
  Reference `eq:1' on page 1 undefined on input line 121
  Reference `eq:1' on page 2 undefined on input line 207
  Reference `eq:2' on page 1 undefined on input line 122
  Reference `prop:1' on page 2 undefined on input line 205
  Reference `thm:1' on page 2 undefined on input line 205
Latexmk: Found bibliography file(s) [x.bib]
Latexmk: Summary of warnings from last run of (pdf)latex:
  Latex failed to resolve 5 reference(s)
  Latex failed to resolve 5 citation(s)
Collected error summary (may duplicate other messages):
  pdflatex: Command for 'pdflatex' gave return code 1
      Refer to '/home/riddle/pro/LaTex/tmp/LATIN7.log' for details
Latexmk: Use the -f option to force complete processing,
 unless error was exceeding maximum runs, or warnings treated as errors.
.
[17:54:49] Cleaning auxillary files and retrying build after toolchain error.
[17:54:49] File cleaned: /home/riddle/pro/LaTex/tmp/LATIN7.aux
[17:54:49] File cleaned: /home/riddle/pro/LaTex/tmp/LATIN7.fls
[17:54:49] File cleaned: /home/riddle/pro/LaTex/tmp/LATIN7.fdb_latexmk
[17:54:49] File cleaned: /home/riddle/pro/LaTex/tmp/LATIN7.log
[17:54:49] Recipe step 1: latexmk, -synctex=1,-interaction=nonstopmode,-file-line-error,-pdf,-outdir=/home/riddle/pro/LaTex/tmp,/home/riddle/pro/LaTex/tmp/LATIN7
[17:54:49] LaTeX build process spawned. PID: 3511.
[17:54:50] LaTeX log parsed with 67 messages.
[17:54:50] Recipe returns with error: 12/null. PID: 3511. message: Latexmk: This is Latexmk, John Collins, 18 June 2019, version: 4.65.
Rule 'pdflatex': The following rules & subrules became out-of-date:
      'pdflatex'
------------
Run number 1 of rule 'pdflatex'
------------
------------
Running 'pdflatex  -synctex=1 -interaction=nonstopmode -file-line-error -recorder -output-directory="/home/riddle/pro/LaTex/tmp"  "/home/riddle/pro/LaTex/tmp/LATIN7.tex"'
------------
Latexmk: Non-existent bbl file 'LATIN7.bbl'
 No file LATIN7.bbl.
Latexmk: References changed.
Latexmk: Log file says output to 'LATIN7.pdf'
Latexmk: List of undefined refs and citations:
  Citation `GFUNKS' on page 2 undefined on input line 209
  Citation `GIT' undefined on input line 77
  Citation `GPAS' on page 2 undefined on input line 209
  Reference `eq:1' on page 1 undefined on input line 121
  Reference `eq:1' on page 2 undefined on input line 207
  Reference `eq:2' on page 1 undefined on input line 122
  Reference `prop:1' on page 2 undefined on input line 205
  Reference `thm:1' on page 2 undefined on input line 205
Latexmk: Found bibliography file(s) [x.bib]
Latexmk: Summary of warnings from last run of (pdf)latex:
  Latex failed to resolve 5 reference(s)
  Latex failed to resolve 5 citation(s)
Collected error summary (may duplicate other messages):
  pdflatex: Command for 'pdflatex' gave return code 1
      Refer to '/home/riddle/pro/LaTex/tmp/LATIN7.log' for details
Latexmk: Use the -f option to force complete processing,
 unless error was exceeding maximum runs, or warnings treated as errors.
.
[17:55:12] Found root file from active editor: /home/riddle/pro/LaTex/pvz.tex
[17:55:12] Root file changed from: /home/riddle/pro/LaTex/tmp/LATIN7.tex to /home/riddle/pro/LaTex/pvz.tex. Find all dependencies.
[17:55:12] Root file changed -> cleaning up old file watcher.
[17:55:12] Instantiating a new file watcher for /home/riddle/pro/LaTex/pvz.tex
[17:55:12] Parsing /home/riddle/pro/LaTex/pvz.tex
[17:55:12] Cannot find .bib file x
[17:55:12] Adding /home/riddle/pro/LaTex/pvz.tex to file watcher.
[17:55:15] Found root file from active editor: /home/riddle/pro/LaTex/tmp/LATIN7.tex
[17:55:15] Root file changed from: /home/riddle/pro/LaTex/pvz.tex to /home/riddle/pro/LaTex/tmp/LATIN7.tex. Find all dependencies.
[17:55:15] Root file changed -> cleaning up old file watcher.
[17:55:15] Instantiating a new file watcher for /home/riddle/pro/LaTex/tmp/LATIN7.tex
[17:55:15] Parsing /home/riddle/pro/LaTex/tmp/LATIN7.tex
[17:55:15] Found .bib file /home/riddle/pro/LaTex/tmp/x.bib
[17:55:15] Adding /home/riddle/pro/LaTex/tmp/LATIN7.tex to file watcher.
[17:55:17] Found files that might be root, choose the first one: /home/riddle/pro/LaTex/pvz.tex,/home/riddle/pro/LaTex/tmp/LATIN7.tex,/home/riddle/pro/LaTex/tmp/pvz.tex,/home/riddle/pro/LaTex/destytojos/pvz.tex,/home/riddle/pro/LaTex/Bakalaurinio_darbo_LaTeX_sablonas/pavyzdys.tex,/home/riddle/pro/LaTex/GP_kodas/LATIN7.tex,/home/riddle/pro/LaTex/GP_kodas/pvz.tex,/home/riddle/pro/LaTex/codings/R9.tex,/home/riddle/pro/LaTex/codings/CSIBM869.tex,/home/riddle/pro/LaTex/codings/GREEK.tex,/home/riddle/pro/LaTex/codings/ISO-IR-90.tex,/home/riddle/pro/LaTex/codings/ISO_8859-7:2003.tex,/home/riddle/pro/LaTex/codings/OSF10020365.tex,/home/riddle/pro/LaTex/codings/ISO88597.tex,/home/riddle/pro/LaTex/codings/ISO8859-1.tex,/home/riddle/pro/LaTex/codings/ISO-CELTIC.tex,/home/riddle/pro/LaTex/codings/ISO_8859-9E.tex,/home/riddle/pro/LaTex/codings/RUSCII.tex,/home/riddle/pro/LaTex/codings/PT154.tex,/home/riddle/pro/LaTex/codings/ISO_6937-2:1983.tex,/home/riddle/pro/LaTex/codings/CP862.tex,/home/riddle/pro/LaTex/codings/MIK.tex,/home/riddle/pro/LaTex/codings/ISO_8859-1.tex,/home/riddle/pro/LaTex/codings/L10.tex,/home/riddle/pro/LaTex/codings/IBM-5347.tex,/home/riddle/pro/LaTex/codings/ISO-IR-100.tex,/home/riddle/pro/LaTex/codings/852.tex,/home/riddle/pro/LaTex/codings/KOI-8.tex,/home/riddle/pro/LaTex/codings/IBM813.tex,/home/riddle/pro/LaTex/codings/IBM920.tex,/home/riddle/pro/LaTex/codings/WIN-SAMI-2.tex,/home/riddle/pro/LaTex/codings/OSF10010006.tex,/home/riddle/pro/LaTex/codings/OSF00010007.tex,/home/riddle/pro/LaTex/codings/CP773.tex,/home/riddle/pro/LaTex/codings/CP1129.tex,/home/riddle/pro/LaTex/codings/MAC-CENTRALEUROPE.tex,/home/riddle/pro/LaTex/codings/ANSI_X3.110-1983.tex,/home/riddle/pro/LaTex/codings/ISO8859-5.tex,/home/riddle/pro/LaTex/codings/IBM1004.tex,/home/riddle/pro/LaTex/codings/LATIN7.tex,/home/riddle/pro/LaTex/codings/OSF10020357.tex,/home/riddle/pro/LaTex/codings/CSIBM1129.tex,/home/riddle/pro/LaTex/codings/ISO8859-9E.tex,/home/riddle/pro/LaTex/codings/CP857.tex,/home/riddle/pro/LaTex/codings/LATIN5.tex,/home/riddle/pro/LaTex/codings/ISO-8859-15.tex,/home/riddle/pro/LaTex/codings/CP858.tex,/home/riddle/pro/LaTex/codings/LATIN1.tex,/home/riddle/pro/LaTex/codings/IBM1129.tex,/home/riddle/pro/LaTex/codings/IBM-4909.tex,/home/riddle/pro/LaTex/codings/ISO6937.tex,/home/riddle/pro/LaTex/codings/L1.tex,/home/riddle/pro/LaTex/codings/ISO_6937-2.tex,/home/riddle/pro/LaTex/codings/851.tex,/home/riddle/pro/LaTex/codings/IBM775.tex,/home/riddle/pro/LaTex/codings/MSMACCYRILLIC.tex,/home/riddle/pro/LaTex/codings/GB13000.tex,/home/riddle/pro/LaTex/codings/ISO88595.tex,/home/riddle/pro/LaTex/codings/CSIBM1124.tex,/home/riddle/pro/LaTex/codings/ISO-8859-1.tex,/home/riddle/pro/LaTex/codings/8859_1.tex,/home/riddle/pro/LaTex/codings/IBM-1129.tex,/home/riddle/pro/LaTex/codings/CP1163.tex,/home/riddle/pro/LaTex/codings/IBM862.tex,/home/riddle/pro/LaTex/codings/BIG5-HKSCS.tex,/home/riddle/pro/LaTex/codings/CSHPROMAN8.tex,/home/riddle/pro/LaTex/codings/ISO-IR-226.tex,/home/riddle/pro/LaTex/codings/ISO-8859-16.tex,/home/riddle/pro/LaTex/codings/HP-ROMAN8.tex,/home/riddle/pro/LaTex/codings/TCVN-5712.tex,/home/riddle/pro/LaTex/codings/ISO-8859-14.tex,/home/riddle/pro/LaTex/codings/IBM861.tex,/home/riddle/pro/LaTex/codings/CP1258.tex,/home/riddle/pro/LaTex/codings/GEORGIAN-PS.tex,/home/riddle/pro/LaTex/codings/CWI-2.tex,/home/riddle/pro/LaTex/codings/CP1256.tex,/home/riddle/pro/LaTex/codings/L5.tex,/home/riddle/pro/LaTex/codings/ISO-IR-148.tex,/home/riddle/pro/LaTex/codings/CSIBM1167.tex,/home/riddle/pro/LaTex/codings/L7.tex,/home/riddle/pro/LaTex/codings/CP915.tex,/home/riddle/pro/LaTex/codings/CSPC850MULTILINGUAL.tex,/home/riddle/pro/LaTex/codings/STRK1048-2002.tex,/home/riddle/pro/LaTex/codings/OSF1002035D.tex,/home/riddle/pro/LaTex/codings/437.tex,/home/riddle/pro/LaTex/codings/ISO-IR-111.tex,/home/riddle/pro/LaTex/codings/8859_7.tex,/home/riddle/pro/LaTex/codings/WINDOWS-1253.tex,/home/riddle/pro/LaTex/codings/IBM5347.tex,/home/riddle/pro/LaTex/codings/CSMACINTOSH.tex,/home/riddle/pro/LaTex/codings/CP774.tex,/home/riddle/pro/LaTex/codings/ISO-8859-13.tex,/home/riddle/pro/LaTex/codings/CP1008.tex,/home/riddle/pro/LaTex/codings/ISO_8859-9:1989.tex,/home/riddle/pro/LaTex/codings/ISO88594.tex,/home/riddle/pro/LaTex/codings/CP770.tex,/home/riddle/pro/LaTex/codings/MS936.tex,/home/riddle/pro/LaTex/codings/HP-ROMAN9.tex,/home/riddle/pro/LaTex/codings/GEORGIAN-ACADEMY.tex,/home/riddle/pro/LaTex/codings/CSN_369103.tex,/home/riddle/pro/LaTex/codings/ISO_8859-4:1988.tex,/home/riddle/pro/LaTex/codings/CP1004.tex,/home/riddle/pro/LaTex/codings/CSIBM1163.tex,/home/riddle/pro/LaTex/codings/CSISOLATINCYRILLIC.tex,/home/riddle/pro/LaTex/codings/IBM850.tex,/home/riddle/pro/LaTex/codings/OSF0001000A.tex,/home/riddle/pro/LaTex/codings/IBM915.tex,/home/riddle/pro/LaTex/codings/TCVN.tex,/home/riddle/pro/LaTex/codings/IBM819.tex,/home/riddle/pro/LaTex/codings/CSISOLATIN5.tex,/home/riddle/pro/LaTex/codings/ISO_8859-14:1998.tex,/home/riddle/pro/LaTex/codings/TCVN5712-1:1993.tex,/home/riddle/pro/LaTex/codings/ISO-8859-4.tex,/home/riddle/pro/LaTex/codings/CP9448.tex,/home/riddle/pro/LaTex/codings/KOI8U.tex,/home/riddle/pro/LaTex/codings/IBM1124.tex,/home/riddle/pro/LaTex/codings/CSPC858MULTILINGUAL.tex,/home/riddle/pro/LaTex/codings/IBM863.tex,/home/riddle/pro/LaTex/codings/VISCII.tex,/home/riddle/pro/LaTex/codings/GB18030.tex,/home/riddle/pro/LaTex/codings/MACIS.tex,/home/riddle/pro/LaTex/codings/IBM912.tex,/home/riddle/pro/LaTex/codings/1046.tex,/home/riddle/pro/LaTex/codings/CP819.tex,/home/riddle/pro/LaTex/codings/CSIBM857.tex,/home/riddle/pro/LaTex/codings/ISO88599E.tex,/home/riddle/pro/LaTex/codings/CSISO99NAPLPS.tex,/home/riddle/pro/LaTex/codings/ISO_8859-2:1987.tex,/home/riddle/pro/LaTex/codings/IBM866.tex,/home/riddle/pro/LaTex/codings/IBM922.tex,/home/riddle/pro/LaTex/codings/CP850.tex,/home/riddle/pro/LaTex/codings/ISO_8859-2.tex,/home/riddle/pro/LaTex/codings/LATIN-9.tex,/home/riddle/pro/LaTex/codings/CSIBM9066.tex,/home/riddle/pro/LaTex/codings/ISO_6937:1992.tex,/home/riddle/pro/LaTex/codings/ARMSCII8.tex,/home/riddle/pro/LaTex/codings/CP920.tex,/home/riddle/pro/LaTex/codings/OSF1002035F.tex,/home/riddle/pro/LaTex/codings/CPIBM861.tex,/home/riddle/pro/LaTex/codings/ISO-IR-126.tex,/home/riddle/pro/LaTex/codings/CSPCP852.tex,/home/riddle/pro/LaTex/codings/IBM-1167.tex,/home/riddle/pro/LaTex/codings/RK1048.tex,/home/riddle/pro/LaTex/codings/CSISOLATIN6.tex,/home/riddle/pro/LaTex/codings/IBM858.tex,/home/riddle/pro/LaTex/codings/WS2.tex,/home/riddle/pro/LaTex/codings/R8.tex,/home/riddle/pro/LaTex/codings/L6.tex,/home/riddle/pro/LaTex/codings/CP902.tex,/home/riddle/pro/LaTex/codings/CSIBM1008.tex,/home/riddle/pro/LaTex/codings/864.tex,/home/riddle/pro/LaTex/codings/CP1254.tex,/home/riddle/pro/LaTex/codings/ROMAN8.tex,/home/riddle/pro/LaTex/codings/BALTIC.tex,/home/riddle/pro/LaTex/codings/CSISO139CSN369103.tex,/home/riddle/pro/LaTex/codings/IBM-9448.tex,/home/riddle/pro/LaTex/codings/CSISOLATIN1.tex,/home/riddle/pro/LaTex/codings/CSIBM1161.tex,/home/riddle/pro/LaTex/codings/CSPC775BALTIC.tex,/home/riddle/pro/LaTex/codings/CP864.tex,/home/riddle/pro/LaTex/codings/OSF10010004.tex,/home/riddle/pro/LaTex/codings/CP1252.tex,/home/riddle/pro/LaTex/codings/ISO_8859-4.tex,/home/riddle/pro/LaTex/codings/L2.tex,/home/riddle/pro/LaTex/codings/ISO-8859-5.tex,/home/riddle/pro/LaTex/codings/CSA_T500-1983.tex,/home/riddle/pro/LaTex/codings/ECMA-128.tex,/home/riddle/pro/LaTex/codings/855.tex,/home/riddle/pro/LaTex/codings/CSKOI8R.tex,/home/riddle/pro/LaTex/codings/WINDOWS-1254.tex,/home/riddle/pro/LaTex/codings/IBM848.tex,/home/riddle/pro/LaTex/codings/ISO-IR-209.tex,/home/riddle/pro/LaTex/codings/OSF10020359.tex,/home/riddle/pro/LaTex/codings/ISO-8859-10.tex,/home/riddle/pro/LaTex/codings/CSIBM901.tex,/home/riddle/pro/LaTex/codings/OSF00010009.tex,/home/riddle/pro/LaTex/codings/KOI8-R.tex,/home/riddle/pro/LaTex/codings/TCVN5712-1.tex,/home/riddle/pro/LaTex/codings/LATIN2.tex,/home/riddle/pro/LaTex/codings/CP-GR.tex,/home/riddle/pro/LaTex/codings/MS-CYRL.tex,/home/riddle/pro/LaTex/codings/LATIN10.tex,/home/riddle/pro/LaTex/codings/CSIBM921.tex,/home/riddle/pro/LaTex/codings/IBM901.tex,/home/riddle/pro/LaTex/codings/KOI8-T.tex,/home/riddle/pro/LaTex/codings/ISO8859-13.tex,/home/riddle/pro/LaTex/codings/866NAV.tex,/home/riddle/pro/LaTex/codings/MAC-SAMI.tex,/home/riddle/pro/LaTex/codings/CP771.tex,/home/riddle/pro/LaTex/codings/857.tex,/home/riddle/pro/LaTex/codings/MS-ANSI.tex,/home/riddle/pro/LaTex/codings/ISO_6937.tex,/home/riddle/pro/LaTex/codings/WINSAMI2.tex,/home/riddle/pro/LaTex/codings/LATIN8.tex,/home/riddle/pro/LaTex/codings/IBM437.tex,/home/riddle/pro/LaTex/codings/CSISO111ECMACYRILLIC.tex,/home/riddle/pro/LaTex/codings/ISO88591.tex,/home/riddle/pro/LaTex/codings/858.tex,/home/riddle/pro/LaTex/codings/WINDOWS-1252.tex,/home/riddle/pro/LaTex/codings/MAC-UK.tex,/home/riddle/pro/LaTex/codings/L4.tex,/home/riddle/pro/LaTex/codings/GBK.tex,/home/riddle/pro/LaTex/codings/HPGREEK8.tex,/home/riddle/pro/LaTex/codings/IBM4909.tex,/home/riddle/pro/LaTex/codings/ISIRI-3342.tex,/home/riddle/pro/LaTex/codings/ISO_8859-5:1988.tex,/home/riddle/pro/LaTex/codings/ISO-IR-139.tex,/home/riddle/pro/LaTex/codings/IBM851.tex,/home/riddle/pro/LaTex/codings/MACUK.tex,/home/riddle/pro/LaTex/codings/LATIN6.tex,/home/riddle/pro/LaTex/codings/8859_2.tex,/home/riddle/pro/LaTex/codings/L8.tex,/home/riddle/pro/LaTex/codings/CSIBM902.tex,/home/riddle/pro/LaTex/codings/MS-ARAB.tex,/home/riddle/pro/LaTex/codings/CP9066.tex,/home/riddle/pro/LaTex/codings/IBM902.tex,/home/riddle/pro/LaTex/codings/ANSI_X3.110.tex,/home/riddle/pro/LaTex/codings/CSIBM922.tex,/home/riddle/pro/LaTex/codings/CP866NAV.tex,/home/riddle/pro/LaTex/codings/IBM855.tex,/home/riddle/pro/LaTex/codings/ISO-IR-101.tex,/home/riddle/pro/LaTex/codings/CP1253.tex,/home/riddle/pro/LaTex/codings/IBM-1124.tex,/home/riddle/pro/LaTex/codings/CP901.tex,/home/riddle/pro/LaTex/codings/HPTURKISH8.tex,/home/riddle/pro/LaTex/codings/CP922.tex,/home/riddle/pro/LaTex/codings/ISO-IR-156.tex,/home/riddle/pro/LaTex/codings/MAC.tex,/home/riddle/pro/LaTex/codings/ISO885913.tex,/home/riddle/pro/LaTex/codings/CSA_T500.tex,/home/riddle/pro/LaTex/codings/CP-HU.tex,/home/riddle/pro/LaTex/codings/865.tex,/home/riddle/pro/LaTex/codings/ISO8859-9.tex,/home/riddle/pro/LaTex/codings/CSISOLATINGREEK.tex,/home/riddle/pro/LaTex/codings/ARMSCII-8.tex,/home/riddle/pro/LaTex/codings/CP912.tex,/home/riddle/pro/LaTex/codings/ISO8859-10.tex,/home/riddle/pro/LaTex/codings/CSISOLATIN2.tex,/home/riddle/pro/LaTex/codings/WINDOWS-1258.tex,/home/riddle/pro/LaTex/codings/ISO_8859-16.tex,/home/riddle/pro/LaTex/codings/MACUKRAINIAN.tex,/home/riddle/pro/LaTex/codings/KOI8-U.tex,/home/riddle/pro/LaTex/codings/KOI8R.tex,/home/riddle/pro/LaTex/codings/CSIBM855.tex,/home/riddle/pro/LaTex/codings/IBM1008.tex,/home/riddle/pro/LaTex/codings/CP813.tex,/home/riddle/pro/LaTex/codings/CP861.tex,/home/riddle/pro/LaTex/codings/MS-GREEK.tex,/home/riddle/pro/LaTex/codings/IBM1167.tex,/home/riddle/pro/LaTex/codings/HP-TURKISH8.tex,/home/riddle/pro/LaTex/codings/IBM-901.tex,/home/riddle/pro/LaTex/codings/ISO-8859-7.tex,/home/riddle/pro/LaTex/codings/ISO_8859-14.tex,/home/riddle/pro/LaTex/codings/CP4909.tex,/home/riddle/pro/LaTex/codings/LATIN9.tex,/home/riddle/pro/LaTex/codings/CP1046.tex,/home/riddle/pro/LaTex/codings/WINDOWS-1250.tex,/home/riddle/pro/LaTex/codings/CSISO143IECP271.tex,/home/riddle/pro/LaTex/codings/OSF00010001.tex,/home/riddle/pro/LaTex/codings/OSF00010005.tex,/home/riddle/pro/LaTex/codings/MACINTOSH.tex,/home/riddle/pro/LaTex/codings/NAPLPS.tex,/home/riddle/pro/LaTex/codings/MS-MAC-CYRILLIC.tex,/home/riddle/pro/LaTex/codings/CP869.tex,/home/riddle/pro/LaTex/codings/IBM-922.tex,/home/riddle/pro/LaTex/codings/ISO8859-4.tex,/home/riddle/pro/LaTex/codings/ISO_69372.tex,/home/riddle/pro/LaTex/codings/CSIBM865.tex,/home/riddle/pro/LaTex/codings/IBM860.tex,/home/riddle/pro/LaTex/codings/IBM865.tex,/home/riddle/pro/LaTex/codings/WINDOWS-1256.tex,/home/riddle/pro/LaTex/codings/ISO_8859-15:1998.tex,/home/riddle/pro/LaTex/codings/OSF10020360.tex,/home/riddle/pro/LaTex/codings/IBM-9066.tex,/home/riddle/pro/LaTex/codings/ISO_8859-16:2001.tex,/home/riddle/pro/LaTex/codings/8859_9.tex,/home/riddle/pro/LaTex/codings/IBM921.tex,/home/riddle/pro/LaTex/codings/OSF100201B5.tex,/home/riddle/pro/LaTex/codings/CSIBM5347.tex,/home/riddle/pro/LaTex/codings/IBM864.tex,/home/riddle/pro/LaTex/codings/CP851.tex,/home/riddle/pro/LaTex/codings/CP865.tex,/home/riddle/pro/LaTex/codings/ISO8859-15.tex,/home/riddle/pro/LaTex/codings/ISO-IR-157.tex,/home/riddle/pro/LaTex/codings/CSIBM866.tex,/home/riddle/pro/LaTex/codings/CP1251.tex,/home/riddle/pro/LaTex/codings/ISO-IR-99.tex,/home/riddle/pro/LaTex/codings/CP1167.tex,/home/riddle/pro/LaTex/codings/CP866.tex,/home/riddle/pro/LaTex/codings/860.tex,/home/riddle/pro/LaTex/codings/CSIBM860.tex,/home/riddle/pro/LaTex/codings/CSISO90.tex,/home/riddle/pro/LaTex/codings/869.tex,/home/riddle/pro/LaTex/codings/HPROMAN8.tex,/home/riddle/pro/LaTex/codings/WINDOWS-1257.tex,/home/riddle/pro/LaTex/codings/IBM1163.tex,/home/riddle/pro/LaTex/codings/8859_5.tex,/home/riddle/pro/LaTex/codings/CP860.tex,/home/riddle/pro/LaTex/codings/MS-TURK.tex,/home/riddle/pro/LaTex/codings/ISO-IR-203.tex,/home/riddle/pro/LaTex/codings/CSPC862LATINHEBREW.tex,/home/riddle/pro/LaTex/codings/ECMA-CYRILLIC.tex,/home/riddle/pro/LaTex/codings/CP5347.tex,/home/riddle/pro/LaTex/codings/ISO885916.tex,/home/riddle/pro/LaTex/codings/IBM866NAV.tex,/home/riddle/pro/LaTex/codings/CP1250.tex,/home/riddle/pro/LaTex/codings/ISO_8859-10:1992.tex,/home/riddle/pro/LaTex/codings/ISO-IR-110.tex,/home/riddle/pro/LaTex/codings/ISO8859-16.tex,/home/riddle/pro/LaTex/codings/IBM1161.tex,/home/riddle/pro/LaTex/codings/861.tex,/home/riddle/pro/LaTex/codings/CP1125.tex,/home/riddle/pro/LaTex/codings/ISO8859-7.tex,/home/riddle/pro/LaTex/codings/ISO_8859-7:1987.tex,/home/riddle/pro/LaTex/codings/OSF1002035E.tex,/home/riddle/pro/LaTex/codings/ISO-IR-144.tex,/home/riddle/pro/LaTex/codings/ISO8859-2.tex,/home/riddle/pro/LaTex/codings/TS-5881.tex,/home/riddle/pro/LaTex/codings/CSIBM4909.tex,/home/riddle/pro/LaTex/codings/CP921.tex,/home/riddle/pro/LaTex/codings/MACCYRILLIC.tex,/home/riddle/pro/LaTex/codings/HP-GREEK8.tex,/home/riddle/pro/LaTex/codings/MAC-CYRILLIC.tex,/home/riddle/pro/LaTex/codings/ISO-IR-199.tex,/home/riddle/pro/LaTex/codings/CSIBM9448.tex,/home/riddle/pro/LaTex/codings/TURKISH8.tex,/home/riddle/pro/LaTex/codings/IBM9066.tex,/home/riddle/pro/LaTex/codings/866.tex,/home/riddle/pro/LaTex/codings/WINDOWS-936.tex,/home/riddle/pro/LaTex/codings/ISO885910.tex,/home/riddle/pro/LaTex/codings/ECMA-118.tex,/home/riddle/pro/LaTex/codings/ISIRI3342.tex,/home/riddle/pro/LaTex/codings/850.tex,/home/riddle/pro/LaTex/codings/CP1257.tex,/home/riddle/pro/LaTex/codings/IBM1046.tex,/home/riddle/pro/LaTex/codings/CP772.tex,/home/riddle/pro/LaTex/codings/ISO_8859-10.tex,/home/riddle/pro/LaTex/codings/HPROMAN9.tex,/home/riddle/pro/LaTex/codings/IBM-921.tex,/home/riddle/pro/LaTex/codings/CSIBM864.tex,/home/riddle/pro/LaTex/codings/IBM857.tex,/home/riddle/pro/LaTex/codings/OSF10020352.tex,/home/riddle/pro/LaTex/codings/IEC_P27-1.tex,/home/riddle/pro/LaTex/codings/ISO-IR-179.tex,/home/riddle/pro/LaTex/codings/ISO_8859-1:1987.tex,/home/riddle/pro/LaTex/codings/MAC-IS.tex,/home/riddle/pro/LaTex/codings/ISO-IR-197.tex,/home/riddle/pro/LaTex/codings/CSIBM863.tex,/home/riddle/pro/LaTex/codings/KOI8.tex,/home/riddle/pro/LaTex/codings/IBM852.tex,/home/riddle/pro/LaTex/codings/OSF00010002.tex,/home/riddle/pro/LaTex/codings/ECMACYRILLIC.tex,/home/riddle/pro/LaTex/codings/CP737.tex,/home/riddle/pro/LaTex/codings/IBM-902.tex,/home/riddle/pro/LaTex/codings/CP1282.tex,/home/riddle/pro/LaTex/codings/IBM9448.tex,/home/riddle/pro/LaTex/codings/ISO88592.tex,/home/riddle/pro/LaTex/codings/ISO-IR-143.tex,/home/riddle/pro/LaTex/codings/MS-EE.tex,/home/riddle/pro/LaTex/codings/CP437.tex,/home/riddle/pro/LaTex/codings/BIG5HKSCS.tex,/home/riddle/pro/LaTex/codings/ISO_8859-5.tex,/home/riddle/pro/LaTex/codings/IBM869.tex,/home/riddle/pro/LaTex/codings/ISO88599.tex,/home/riddle/pro/LaTex/codings/GREEK8.tex,/home/riddle/pro/LaTex/codings/ISO-8859-9E.tex,/home/riddle/pro/LaTex/codings/CP1161.tex,/home/riddle/pro/LaTex/codings/LATIN4.tex,/home/riddle/pro/LaTex/codings/863.tex,/home/riddle/pro/LaTex/codings/WINDOWS-1251.tex,/home/riddle/pro/LaTex/codings/CYRILLIC.tex,/home/riddle/pro/LaTex/codings/OSF10020354.tex,/home/riddle/pro/LaTex/codings/IBM-1163.tex,/home/riddle/pro/LaTex/codings/ISO_8859-15.tex,/home/riddle/pro/LaTex/codings/ISO_8859-7.tex,/home/riddle/pro/LaTex/codings/WINBALTRIM.tex,/home/riddle/pro/LaTex/codings/ISO_8859-9.tex,/home/riddle/pro/LaTex/codings/ISO885915.tex,/home/riddle/pro/LaTex/codings/CP852.tex,/home/riddle/pro/LaTex/codings/KOI8-RU.tex,/home/riddle/pro/LaTex/codings/TSCII.tex,/home/riddle/pro/LaTex/codings/8859_4.tex,/home/riddle/pro/LaTex/codings/CP1124.tex,/home/riddle/pro/LaTex/codings/CSPC8CODEPAGE437.tex,/home/riddle/pro/LaTex/codings/CP936.tex,/home/riddle/pro/LaTex/codings/CWI.tex,/home/riddle/pro/LaTex/codings/ELOT_928.tex,/home/riddle/pro/LaTex/codings/CP775.tex,/home/riddle/pro/LaTex/codings/CSISOLATIN4.tex,/home/riddle/pro/LaTex/codings/IEC_P271.tex,/home/riddle/pro/LaTex/codings/CP10007.tex,/home/riddle/pro/LaTex/codings/CP863.tex,/home/riddle/pro/LaTex/codings/ISO-8859-9.tex,/home/riddle/pro/LaTex/codings/IBM-1008.tex,/home/riddle/pro/LaTex/codings/IBM-1046.tex,/home/riddle/pro/LaTex/codings/ISO8859-14.tex,/home/riddle/pro/LaTex/codings/CP855.tex,/home/riddle/pro/LaTex/codings/OSF00010004.tex,/home/riddle/pro/LaTex/codings/CSIBM851.tex,/home/riddle/pro/LaTex/codings/IBM-1161.tex,/home/riddle/pro/LaTex/codings/OS2LATIN1.tex,/home/riddle/pro/LaTex/codings/862.tex,/home/riddle/pro/LaTex/codings/ISO885914.tex,/home/riddle/pro/LaTex/codings/OSF10010001.tex,/home/riddle/pro/LaTex/codings/ROMAN9.tex,/home/riddle/pro/LaTex/codings/ISO-8859-2.tex
[17:55:17] Root file changed from: /home/riddle/pro/LaTex/tmp/LATIN7.tex to /home/riddle/pro/LaTex/pvz.tex. Find all dependencies.
[17:55:17] Root file changed -> cleaning up old file watcher.
[17:55:17] Instantiating a new file watcher for /home/riddle/pro/LaTex/pvz.tex
[17:55:17] Parsing /home/riddle/pro/LaTex/pvz.tex
[17:55:17] Cannot find .bib file x
[17:55:17] Adding /home/riddle/pro/LaTex/pvz.tex to file watcher.
[17:55:17] Found root file from active editor: /home/riddle/pro/LaTex/tmp/LATIN7.tex
[17:55:17] Root file changed from: /home/riddle/pro/LaTex/pvz.tex to /home/riddle/pro/LaTex/tmp/LATIN7.tex. Find all dependencies.
[17:55:17] Root file changed -> cleaning up old file watcher.
[17:55:17] Instantiating a new file watcher for /home/riddle/pro/LaTex/tmp/LATIN7.tex
[17:55:17] Parsing /home/riddle/pro/LaTex/tmp/LATIN7.tex
[17:55:17] Found .bib file /home/riddle/pro/LaTex/tmp/x.bib
[17:55:17] Adding /home/riddle/pro/LaTex/tmp/LATIN7.tex to file watcher.
[17:55:20] Found root file from active editor: /home/riddle/pro/LaTex/pvz.tex
[17:55:20] Root file changed from: /home/riddle/pro/LaTex/tmp/LATIN7.tex to /home/riddle/pro/LaTex/pvz.tex. Find all dependencies.
[17:55:20] Root file changed -> cleaning up old file watcher.
[17:55:20] Instantiating a new file watcher for /home/riddle/pro/LaTex/pvz.tex
[17:55:20] Parsing /home/riddle/pro/LaTex/pvz.tex
[17:55:20] Cannot find .bib file x
[17:55:20] Adding /home/riddle/pro/LaTex/pvz.tex to file watcher.
[17:55:25] Found root file from active editor: /home/riddle/pro/LaTex/pvz.tex
[17:55:25] Root file remains unchanged from: /home/riddle/pro/LaTex/pvz.tex.
[17:55:25] PDF command invoked.
[17:55:25] Serving PDF file at http://localhost:46257/viewer.html?file=pdf..JTJGaG9tZSUyRnJpZGRsZSUyRnBybyUyRkxhVGV4JTJGdG1wJTJGcHZ6LnBkZg
[17:55:25] The encoded path is /home/riddle/pro/LaTex/tmp/pvz.pdf
[17:55:25] Open PDF tab for /home/riddle/pro/LaTex/tmp/pvz.pdf
[17:55:25] Handle data type: open
[17:55:25] Preview PDF file: /home/riddle/pro/LaTex/tmp/pvz.pdf
[17:55:26] Handle data type: loaded
[17:55:28] Found root file from active editor: /home/riddle/pro/LaTex/tmp/pvz.tex
[17:55:28] Found root file from active editor: /home/riddle/pro/LaTex/tmp/pvz.tex
[17:55:28] Root file changed from: /home/riddle/pro/LaTex/pvz.tex to /home/riddle/pro/LaTex/tmp/pvz.tex. Find all dependencies.
[17:55:28] Root file changed -> cleaning up old file watcher.
[17:55:28] Instantiating a new file watcher for /home/riddle/pro/LaTex/tmp/pvz.tex
[17:55:28] Parsing /home/riddle/pro/LaTex/tmp/pvz.tex
[17:55:28] Found .bib file /home/riddle/pro/LaTex/tmp/x.bib
[17:55:28] Root file remains unchanged from: /home/riddle/pro/LaTex/tmp/pvz.tex.
[17:55:28] Adding /home/riddle/pro/LaTex/tmp/pvz.tex to file watcher.
[17:55:29] PDF command invoked.
[17:55:29] Serving PDF file at http://localhost:46257/viewer.html?file=pdf..JTJGaG9tZSUyRnJpZGRsZSUyRnBybyUyRkxhVGV4JTJGdG1wJTJGcHZ6LnBkZg
[17:55:29] The encoded path is /home/riddle/pro/LaTex/tmp/pvz.pdf
[17:55:29] Open PDF tab for /home/riddle/pro/LaTex/tmp/pvz.pdf
[17:55:29] Handle data type: open
[17:55:29] Preview PDF file: /home/riddle/pro/LaTex/tmp/pvz.pdf
[17:55:29] Handle data type: loaded
[17:55:30] Found root file from active editor: /home/riddle/pro/LaTex/tmp/pvz.tex
[17:55:30] Found root file from active editor: /home/riddle/pro/LaTex/tmp/pvz.tex
[17:55:30] Root file remains unchanged from: /home/riddle/pro/LaTex/tmp/pvz.tex.
[17:55:30] Root file remains unchanged from: /home/riddle/pro/LaTex/tmp/pvz.tex.
[17:56:18] Found root file from active editor: /home/riddle/pro/LaTex/pvz.tex
[17:56:18] Root file changed from: /home/riddle/pro/LaTex/tmp/pvz.tex to /home/riddle/pro/LaTex/pvz.tex. Find all dependencies.
[17:56:18] Root file changed -> cleaning up old file watcher.
[17:56:18] Instantiating a new file watcher for /home/riddle/pro/LaTex/pvz.tex
[17:56:18] Parsing /home/riddle/pro/LaTex/pvz.tex
[17:56:18] Cannot find .bib file x
[17:56:18] Adding /home/riddle/pro/LaTex/pvz.tex to file watcher.
[17:56:46] VIEW command invoked.
[17:56:46] Found root file from active editor: /home/riddle/pro/LaTex/pvz.tex
[17:56:46] Root file remains unchanged from: /home/riddle/pro/LaTex/pvz.tex.
[17:56:46] Cannot find PDF file /home/riddle/pro/LaTex/pvz.pdf
[17:56:51] BUILD command invoked.
[17:56:51] Found root file from active editor: /home/riddle/pro/LaTex/pvz.tex
[17:56:51] Root file remains unchanged from: /home/riddle/pro/LaTex/pvz.tex.
[17:56:51] Building root file: /home/riddle/pro/LaTex/pvz.tex
[17:56:51] File watcher: responding to change in /home/riddle/pro/LaTex/pvz.tex
[17:56:51] Parsing /home/riddle/pro/LaTex/pvz.tex
[17:56:51] Cannot find .bib file x
[17:56:51] Auto Build Run is temporarily disabled during a second.
[17:56:51] Build root file /home/riddle/pro/LaTex/pvz.tex
[17:56:51] Recipe step 1: latexmk, -synctex=1,-interaction=nonstopmode,-file-line-error,-pdf,-outdir=/home/riddle/pro/LaTex,/home/riddle/pro/LaTex/pvz
[17:56:51] LaTeX build process spawned. PID: 4339.
[17:56:52] LaTeX log parsed with 188 messages.
[17:56:52] Recipe returns with error: 12/null. PID: 4339. message: Latexmk: This is Latexmk, John Collins, 18 June 2019, version: 4.65.
Rule 'pdflatex': The following rules & subrules became out-of-date:
      'pdflatex'
------------
Run number 1 of rule 'pdflatex'
------------
------------
Running 'pdflatex  -synctex=1 -interaction=nonstopmode -file-line-error -recorder -output-directory="/home/riddle/pro/LaTex"  "/home/riddle/pro/LaTex/pvz.tex"'
------------
Latexmk: Non-existent bbl file 'pvz.bbl'
 No file pvz.bbl.
Latexmk: References changed.
Latexmk: Log file says output to 'pvz.pdf'
Latexmk: List of undefined refs and citations:
  Citation `GFUNKS' on page 4 undefined on input line 207
  Citation `GITA' undefined on input line 75
  Citation `GPAS' on page 4 undefined on input line 207
  Reference `eq:1' on page 2 undefined on input line 119
  Reference `eq:1' on page 4 undefined on input line 205
  Reference `eq:2' on page 2 undefined on input line 120
  Reference `prop:1' on page 4 undefined on input line 203
  Reference `thm:1' on page 4 undefined on input line 203
Latexmk: Found bibliography file(s) [x.bib]
Latexmk: Summary of warnings from last run of (pdf)latex:
  Latex failed to resolve 5 reference(s)
  Latex failed to resolve 5 citation(s)
Collected error summary (may duplicate other messages):
  pdflatex: Command for 'pdflatex' gave return code 1
      Refer to '/home/riddle/pro/LaTex/pvz.log' for details
Latexmk: Use the -f option to force complete processing,
 unless error was exceeding maximum runs, or warnings treated as errors.
.
[17:56:52] Cleaning auxillary files and retrying build after toolchain error.
[17:56:52] File cleaned: /home/riddle/pro/LaTex/pvz.aux
[17:56:52] File cleaned: /home/riddle/pro/LaTex/pvz.fls
[17:56:52] File cleaned: /home/riddle/pro/LaTex/pvz.fdb_latexmk
[17:56:52] File cleaned: /home/riddle/pro/LaTex/pvz.log
[17:56:52] Recipe step 1: latexmk, -synctex=1,-interaction=nonstopmode,-file-line-error,-pdf,-outdir=/home/riddle/pro/LaTex,/home/riddle/pro/LaTex/pvz
[17:56:52] LaTeX build process spawned. PID: 4346.
[17:56:52] LaTeX log parsed with 188 messages.
[17:56:52] Recipe returns with error: 12/null. PID: 4346. message: Latexmk: This is Latexmk, John Collins, 18 June 2019, version: 4.65.
Rule 'pdflatex': The following rules & subrules became out-of-date:
      'pdflatex'
------------
Run number 1 of rule 'pdflatex'
------------
------------
Running 'pdflatex  -synctex=1 -interaction=nonstopmode -file-line-error -recorder -output-directory="/home/riddle/pro/LaTex"  "/home/riddle/pro/LaTex/pvz.tex"'
------------
Latexmk: Non-existent bbl file 'pvz.bbl'
 No file pvz.bbl.
Latexmk: References changed.
Latexmk: Log file says output to 'pvz.pdf'
Latexmk: List of undefined refs and citations:
  Citation `GFUNKS' on page 4 undefined on input line 207
  Citation `GITA' undefined on input line 75
  Citation `GPAS' on page 4 undefined on input line 207
  Reference `eq:1' on page 2 undefined on input line 119
  Reference `eq:1' on page 4 undefined on input line 205
  Reference `eq:2' on page 2 undefined on input line 120
  Reference `prop:1' on page 4 undefined on input line 203
  Reference `thm:1' on page 4 undefined on input line 203
Latexmk: Found bibliography file(s) [x.bib]
Latexmk: Summary of warnings from last run of (pdf)latex:
  Latex failed to resolve 5 reference(s)
  Latex failed to resolve 5 citation(s)
Collected error summary (may duplicate other messages):
  pdflatex: Command for 'pdflatex' gave return code 1
      Refer to '/home/riddle/pro/LaTex/pvz.log' for details
Latexmk: Use the -f option to force complete processing,
 unless error was exceeding maximum runs, or warnings treated as errors.
.
[18:01:31] File watcher: responding to change in /home/riddle/pro/LaTex/pvz.tex
[18:01:31] Parsing /home/riddle/pro/LaTex/pvz.tex
[18:01:31] Found .bib file /home/riddle/pro/LaTex/x.bib
[18:01:31] Adding .bib file /home/riddle/pro/LaTex/x.bib to bib file watcher.
[18:01:31] Parsing .bib entries from /home/riddle/pro/LaTex/x.bib
[18:01:31] /home/riddle/pro/LaTex/pvz.tex changed. Auto build project.
[18:01:31] BUILD command invoked.
[18:01:31] Building root file: /home/riddle/pro/LaTex/pvz.tex
[18:01:31] Parsed 3 bib entries from /home/riddle/pro/LaTex/x.bib.
[18:01:31] Build root file /home/riddle/pro/LaTex/pvz.tex
[18:01:31] Recipe step 1: latexmk, -synctex=1,-interaction=nonstopmode,-file-line-error,-pdf,-outdir=/home/riddle/pro/LaTex,/home/riddle/pro/LaTex/pvz
[18:01:31] LaTeX build process spawned. PID: 6131.
[18:01:31] Recipe returns with error: 12/null. PID: 6131. message: Latexmk: This is Latexmk, John Collins, 18 June 2019, version: 4.65.
Rule 'bibtex pvz': The following rules & subrules became out-of-date:
      'bibtex pvz'
------------
Run number 1 of rule 'bibtex pvz'
------------
------------
Running 'bibtex  "pvz"'
------------
Collected error summary (may duplicate other messages):
  bibtex pvz: Bibtex errors: See file 'pvz.blg'
Latexmk: Use the -f option to force complete processing,
 unless error was exceeding maximum runs, or warnings treated as errors.
.
[18:01:31] Cleaning auxillary files and retrying build after toolchain error.
[18:01:31] File cleaned: /home/riddle/pro/LaTex/pvz.aux
[18:01:31] File cleaned: /home/riddle/pro/LaTex/pvz.bbl
[18:01:31] File cleaned: /home/riddle/pro/LaTex/pvz.blg
[18:01:31] File cleaned: /home/riddle/pro/LaTex/pvz.fls
[18:01:31] File cleaned: /home/riddle/pro/LaTex/pvz.log
[18:01:31] File cleaned: /home/riddle/pro/LaTex/pvz.fdb_latexmk
[18:01:31] Recipe step 1: latexmk, -synctex=1,-interaction=nonstopmode,-file-line-error,-pdf,-outdir=/home/riddle/pro/LaTex,/home/riddle/pro/LaTex/pvz
[18:01:31] LaTeX build process spawned. PID: 6140.
[18:01:32] LaTeX log parsed with 188 messages.
[18:01:32] Recipe returns with error: 12/null. PID: 6140. message: Latexmk: This is Latexmk, John Collins, 18 June 2019, version: 4.65.
Rule 'pdflatex': The following rules & subrules became out-of-date:
      'pdflatex'
------------
Run number 1 of rule 'pdflatex'
------------
------------
Running 'pdflatex  -synctex=1 -interaction=nonstopmode -file-line-error -recorder -output-directory="/home/riddle/pro/LaTex"  "/home/riddle/pro/LaTex/pvz.tex"'
------------
Latexmk: Non-existent bbl file 'pvz.bbl'
 No file pvz.bbl.
Latexmk: References changed.
Latexmk: Log file says output to 'pvz.pdf'
Latexmk: List of undefined refs and citations:
  Citation `GFUNKS' on page 4 undefined on input line 207
  Citation `GITA' undefined on input line 75
  Citation `GPAS' on page 4 undefined on input line 207
  Reference `eq:1' on page 2 undefined on input line 119
  Reference `eq:1' on page 4 undefined on input line 205
  Reference `eq:2' on page 2 undefined on input line 120
  Reference `prop:1' on page 4 undefined on input line 203
  Reference `thm:1' on page 4 undefined on input line 203
Latexmk: Found bibliography file(s) [x.bib]
Latexmk: Summary of warnings from last run of (pdf)latex:
  Latex failed to resolve 5 reference(s)
  Latex failed to resolve 5 citation(s)
Collected error summary (may duplicate other messages):
  pdflatex: Command for 'pdflatex' gave return code 1
      Refer to '/home/riddle/pro/LaTex/pvz.log' for details
Latexmk: Use the -f option to force complete processing,
 unless error was exceeding maximum runs, or warnings treated as errors.
.
[18:14:07] Handle data type: close
[18:14:07] Handle data type: close
