[2019-11-20 17:53:51.980] [exthost] [info] extension host started
[2019-11-20 17:53:51.995] [exthost] [info] ExtensionService#_doActivateExtension vscode.debug-auto-launch {"startup":true,"extensionId":{"value":"vscode.debug-auto-launch","_lower":"vscode.debug-auto-launch"},"activationEvent":"*"}
[2019-11-20 17:53:51.995] [exthost] [info] ExtensionService#loadCommonJSModule file:///usr/lib/code/extensions/debug-auto-launch/dist/extension
[2019-11-20 17:53:52.000] [exthost] [info] ExtensionService#_doActivateExtension vscode.emmet {"startup":true,"extensionId":{"value":"vscode.emmet","_lower":"vscode.emmet"},"activationEvent":"*"}
[2019-11-20 17:53:52.000] [exthost] [info] ExtensionService#loadCommonJSModule file:///usr/lib/code/extensions/emmet/dist/extension
[2019-11-20 17:53:52.022] [exthost] [info] ExtensionService#_doActivateExtension vscode.git {"startup":true,"extensionId":{"value":"vscode.git","_lower":"vscode.git"},"activationEvent":"*"}
[2019-11-20 17:53:52.022] [exthost] [info] ExtensionService#loadCommonJSModule file:///usr/lib/code/extensions/git/dist/main
[2019-11-20 17:53:52.063] [exthost] [info] ExtensionService#_doActivateExtension vscode.merge-conflict {"startup":true,"extensionId":{"value":"vscode.merge-conflict","_lower":"vscode.merge-conflict"},"activationEvent":"*"}
[2019-11-20 17:53:52.063] [exthost] [info] ExtensionService#loadCommonJSModule file:///usr/lib/code/extensions/merge-conflict/dist/extension
[2019-11-20 17:53:52.067] [exthost] [info] eager extensions activated
[2019-11-20 17:54:02.706] [exthost] [info] extension host started
[2019-11-20 17:54:02.779] [exthost] [info] ExtensionService#_doActivateExtension vscode.configuration-editing {"startup":false,"extensionId":{"value":"vscode.configuration-editing","_lower":"vscode.configuration-editing"},"activationEvent":"onLanguage:jsonc"}
[2019-11-20 17:54:02.779] [exthost] [info] ExtensionService#loadCommonJSModule file:///usr/lib/code/extensions/configuration-editing/dist/extension
[2019-11-20 17:54:02.789] [exthost] [info] ExtensionService#_doActivateExtension vscode.json-language-features {"startup":false,"extensionId":{"value":"vscode.json-language-features","_lower":"vscode.json-language-features"},"activationEvent":"onLanguage:jsonc"}
[2019-11-20 17:54:02.789] [exthost] [info] ExtensionService#loadCommonJSModule file:///usr/lib/code/extensions/json-language-features/client/dist/jsonMain
[2019-11-20 17:54:02.820] [exthost] [info] ExtensionService#_doActivateExtension vscode.typescript-language-features {"startup":false,"extensionId":{"value":"vscode.typescript-language-features","_lower":"vscode.typescript-language-features"},"activationEvent":"onLanguage:jsonc"}
[2019-11-20 17:54:02.820] [exthost] [info] ExtensionService#loadCommonJSModule file:///usr/lib/code/extensions/typescript-language-features/dist/extension
[2019-11-20 17:54:02.856] [exthost] [info] ExtensionService#_doActivateExtension James-Yu.latex-workshop {"startup":false,"extensionId":{"value":"James-Yu.latex-workshop","_lower":"james-yu.latex-workshop"},"activationEvent":"onLanguage:latex"}
[2019-11-20 17:54:02.856] [exthost] [info] ExtensionService#loadCommonJSModule file:///home/riddle/.vscode-oss/extensions/james-yu.latex-workshop-8.4.1/out/src/main.js
[2019-11-20 17:54:03.088] [exthost] [info] ExtensionService#_doActivateExtension vscode.debug-auto-launch {"startup":true,"extensionId":{"value":"vscode.debug-auto-launch","_lower":"vscode.debug-auto-launch"},"activationEvent":"*"}
[2019-11-20 17:54:03.088] [exthost] [info] ExtensionService#loadCommonJSModule file:///usr/lib/code/extensions/debug-auto-launch/dist/extension
[2019-11-20 17:54:03.089] [exthost] [info] ExtensionService#_doActivateExtension vscode.emmet {"startup":true,"extensionId":{"value":"vscode.emmet","_lower":"vscode.emmet"},"activationEvent":"*"}
[2019-11-20 17:54:03.089] [exthost] [info] ExtensionService#loadCommonJSModule file:///usr/lib/code/extensions/emmet/dist/extension
[2019-11-20 17:54:03.097] [exthost] [info] ExtensionService#_doActivateExtension vscode.git {"startup":true,"extensionId":{"value":"vscode.git","_lower":"vscode.git"},"activationEvent":"*"}
[2019-11-20 17:54:03.097] [exthost] [info] ExtensionService#loadCommonJSModule file:///usr/lib/code/extensions/git/dist/main
[2019-11-20 17:54:03.113] [exthost] [info] ExtensionService#_doActivateExtension vscode.merge-conflict {"startup":true,"extensionId":{"value":"vscode.merge-conflict","_lower":"vscode.merge-conflict"},"activationEvent":"*"}
[2019-11-20 17:54:03.114] [exthost] [info] ExtensionService#loadCommonJSModule file:///usr/lib/code/extensions/merge-conflict/dist/extension
[2019-11-20 17:54:03.238] [exthost] [info] eager extensions activated
[2019-11-20 17:54:06.473] [exthost] [error] [James-Yu.latex-workshop] provider FAILED
[2019-11-20 17:54:06.476] [exthost] [error] Error: ENOENT: no such file or directory, open '/home/riddle/pro/LaTex/pvz.tex'
	at Object.openSync (fs.js:447:3)
	at Object.func (electron/js2c/asar.js:138:31)
	at Object.func [as openSync] (electron/js2c/asar.js:138:31)
	at Object.readFileSync (fs.js:349:35)
	at Object.fs.readFileSync (electron/js2c/asar.js:580:40)
	at Object.fs.readFileSync (electron/js2c/asar.js:580:40)
	at SectionNodeProvider.buildModel (/home/riddle/.vscode-oss/extensions/james-yu.latex-workshop-8.4.1/out/src/providers/structure.js:58:26)
	at /home/riddle/.vscode-oss/extensions/james-yu.latex-workshop-8.4.1/out/src/providers/docsymbol.js:15:76
	at new Promise (<anonymous>)
	at DocSymbolProvider.provideDocumentSymbols (/home/riddle/.vscode-oss/extensions/james-yu.latex-workshop-8.4.1/out/src/providers/docsymbol.js:14:16)
	at /usr/lib/code/out/vs/workbench/services/extensions/node/extensionHostProcess.js:559:323
	at /usr/lib/code/out/vs/workbench/services/extensions/node/extensionHostProcess.js:52:363
	at new Promise (<anonymous>)
	at Object.t.asPromise (/usr/lib/code/out/vs/workbench/services/extensions/node/extensionHostProcess.js:52:335)
	at provideDocumentSymbols (/usr/lib/code/out/vs/workbench/services/extensions/node/extensionHostProcess.js:559:294)
	at /usr/lib/code/out/vs/workbench/services/extensions/node/extensionHostProcess.js:577:725
	at H._withAdapter (/usr/lib/code/out/vs/workbench/services/extensions/node/extensionHostProcess.js:576:901)
	at H.$provideDocumentSymbols (/usr/lib/code/out/vs/workbench/services/extensions/node/extensionHostProcess.js:577:703)
	at f._doInvokeHandler (/usr/lib/code/out/vs/workbench/services/extensions/node/extensionHostProcess.js:646:285)
	at f._invokeHandler (/usr/lib/code/out/vs/workbench/services/extensions/node/extensionHostProcess.js:645:999)
	at f._receiveRequest (/usr/lib/code/out/vs/workbench/services/extensions/node/extensionHostProcess.js:644:613)
	at f._receiveOneMessage (/usr/lib/code/out/vs/workbench/services/extensions/node/extensionHostProcess.js:643:477)
	at /usr/lib/code/out/vs/workbench/services/extensions/node/extensionHostProcess.js:641:754
	at l.fire (/usr/lib/code/out/vs/workbench/services/extensions/node/extensionHostProcess.js:47:207)
	at _.fire (/usr/lib/code/out/vs/workbench/services/extensions/node/extensionHostProcess.js:187:274)
	at /usr/lib/code/out/vs/workbench/services/extensions/node/extensionHostProcess.js:798:104
	at l.fire (/usr/lib/code/out/vs/workbench/services/extensions/node/extensionHostProcess.js:47:207)
	at _.fire (/usr/lib/code/out/vs/workbench/services/extensions/node/extensionHostProcess.js:187:274)
	at t.PersistentProtocol._receiveMessage (/usr/lib/code/out/vs/workbench/services/extensions/node/extensionHostProcess.js:191:629)
	at /usr/lib/code/out/vs/workbench/services/extensions/node/extensionHostProcess.js:188:824
	at l.fire (/usr/lib/code/out/vs/workbench/services/extensions/node/extensionHostProcess.js:47:207)
	at f.acceptChunk (/usr/lib/code/out/vs/workbench/services/extensions/node/extensionHostProcess.js:184:737)
	at /usr/lib/code/out/vs/workbench/services/extensions/node/extensionHostProcess.js:184:89
	at Socket.t (/usr/lib/code/out/vs/workbench/services/extensions/node/extensionHostProcess.js:193:68)
	at Socket.emit (events.js:200:13)
	at addChunk (_stream_readable.js:294:12)
	at readableAddChunk (_stream_readable.js:275:11)
	at Socket.Readable.push (_stream_readable.js:210:10)
	at Pipe.onStreamRead (internal/stream_base_commons.js:166:17)
[2019-11-20 17:54:09.841] [exthost] [error] [James-Yu.latex-workshop] provider FAILED
[2019-11-20 17:54:09.841] [exthost] [error] Error: ENOENT: no such file or directory, open '/home/riddle/pro/LaTex/pvz.tex'
	at Object.openSync (fs.js:447:3)
	at Object.func (electron/js2c/asar.js:138:31)
	at Object.func [as openSync] (electron/js2c/asar.js:138:31)
	at Object.readFileSync (fs.js:349:35)
	at Object.fs.readFileSync (electron/js2c/asar.js:580:40)
	at Object.fs.readFileSync (electron/js2c/asar.js:580:40)
	at SectionNodeProvider.buildModel (/home/riddle/.vscode-oss/extensions/james-yu.latex-workshop-8.4.1/out/src/providers/structure.js:58:26)
	at /home/riddle/.vscode-oss/extensions/james-yu.latex-workshop-8.4.1/out/src/providers/docsymbol.js:15:76
	at new Promise (<anonymous>)
	at DocSymbolProvider.provideDocumentSymbols (/home/riddle/.vscode-oss/extensions/james-yu.latex-workshop-8.4.1/out/src/providers/docsymbol.js:14:16)
	at /usr/lib/code/out/vs/workbench/services/extensions/node/extensionHostProcess.js:559:323
	at /usr/lib/code/out/vs/workbench/services/extensions/node/extensionHostProcess.js:52:363
	at new Promise (<anonymous>)
	at Object.t.asPromise (/usr/lib/code/out/vs/workbench/services/extensions/node/extensionHostProcess.js:52:335)
	at provideDocumentSymbols (/usr/lib/code/out/vs/workbench/services/extensions/node/extensionHostProcess.js:559:294)
	at /usr/lib/code/out/vs/workbench/services/extensions/node/extensionHostProcess.js:577:725
	at H._withAdapter (/usr/lib/code/out/vs/workbench/services/extensions/node/extensionHostProcess.js:576:901)
	at H.$provideDocumentSymbols (/usr/lib/code/out/vs/workbench/services/extensions/node/extensionHostProcess.js:577:703)
	at f._doInvokeHandler (/usr/lib/code/out/vs/workbench/services/extensions/node/extensionHostProcess.js:646:285)
	at f._invokeHandler (/usr/lib/code/out/vs/workbench/services/extensions/node/extensionHostProcess.js:645:999)
	at f._receiveRequest (/usr/lib/code/out/vs/workbench/services/extensions/node/extensionHostProcess.js:644:613)
	at f._receiveOneMessage (/usr/lib/code/out/vs/workbench/services/extensions/node/extensionHostProcess.js:643:477)
	at /usr/lib/code/out/vs/workbench/services/extensions/node/extensionHostProcess.js:641:754
	at l.fire (/usr/lib/code/out/vs/workbench/services/extensions/node/extensionHostProcess.js:47:207)
	at _.fire (/usr/lib/code/out/vs/workbench/services/extensions/node/extensionHostProcess.js:187:274)
	at /usr/lib/code/out/vs/workbench/services/extensions/node/extensionHostProcess.js:798:104
	at l.fire (/usr/lib/code/out/vs/workbench/services/extensions/node/extensionHostProcess.js:47:207)
	at _.fire (/usr/lib/code/out/vs/workbench/services/extensions/node/extensionHostProcess.js:187:274)
	at t.PersistentProtocol._receiveMessage (/usr/lib/code/out/vs/workbench/services/extensions/node/extensionHostProcess.js:191:629)
	at /usr/lib/code/out/vs/workbench/services/extensions/node/extensionHostProcess.js:188:824
	at l.fire (/usr/lib/code/out/vs/workbench/services/extensions/node/extensionHostProcess.js:47:207)
	at f.acceptChunk (/usr/lib/code/out/vs/workbench/services/extensions/node/extensionHostProcess.js:184:737)
	at /usr/lib/code/out/vs/workbench/services/extensions/node/extensionHostProcess.js:184:89
	at Socket.t (/usr/lib/code/out/vs/workbench/services/extensions/node/extensionHostProcess.js:193:68)
	at Socket.emit (events.js:200:13)
	at addChunk (_stream_readable.js:294:12)
	at readableAddChunk (_stream_readable.js:275:11)
	at Socket.Readable.push (_stream_readable.js:210:10)
	at Pipe.onStreamRead (internal/stream_base_commons.js:166:17)
[2019-11-20 17:54:14.161] [exthost] [error] [James-Yu.latex-workshop] provider FAILED
[2019-11-20 17:54:14.162] [exthost] [error] Error: ENOENT: no such file or directory, open '/home/riddle/pro/LaTex/pvz.tex'
	at Object.openSync (fs.js:447:3)
	at Object.func (electron/js2c/asar.js:138:31)
	at Object.func [as openSync] (electron/js2c/asar.js:138:31)
	at Object.readFileSync (fs.js:349:35)
	at Object.fs.readFileSync (electron/js2c/asar.js:580:40)
	at Object.fs.readFileSync (electron/js2c/asar.js:580:40)
	at SectionNodeProvider.buildModel (/home/riddle/.vscode-oss/extensions/james-yu.latex-workshop-8.4.1/out/src/providers/structure.js:58:26)
	at /home/riddle/.vscode-oss/extensions/james-yu.latex-workshop-8.4.1/out/src/providers/docsymbol.js:15:76
	at new Promise (<anonymous>)
	at DocSymbolProvider.provideDocumentSymbols (/home/riddle/.vscode-oss/extensions/james-yu.latex-workshop-8.4.1/out/src/providers/docsymbol.js:14:16)
	at /usr/lib/code/out/vs/workbench/services/extensions/node/extensionHostProcess.js:559:323
	at /usr/lib/code/out/vs/workbench/services/extensions/node/extensionHostProcess.js:52:363
	at new Promise (<anonymous>)
	at Object.t.asPromise (/usr/lib/code/out/vs/workbench/services/extensions/node/extensionHostProcess.js:52:335)
	at provideDocumentSymbols (/usr/lib/code/out/vs/workbench/services/extensions/node/extensionHostProcess.js:559:294)
	at /usr/lib/code/out/vs/workbench/services/extensions/node/extensionHostProcess.js:577:725
	at H._withAdapter (/usr/lib/code/out/vs/workbench/services/extensions/node/extensionHostProcess.js:576:901)
	at H.$provideDocumentSymbols (/usr/lib/code/out/vs/workbench/services/extensions/node/extensionHostProcess.js:577:703)
	at f._doInvokeHandler (/usr/lib/code/out/vs/workbench/services/extensions/node/extensionHostProcess.js:646:285)
	at f._invokeHandler (/usr/lib/code/out/vs/workbench/services/extensions/node/extensionHostProcess.js:645:999)
	at f._receiveRequest (/usr/lib/code/out/vs/workbench/services/extensions/node/extensionHostProcess.js:644:613)
	at f._receiveOneMessage (/usr/lib/code/out/vs/workbench/services/extensions/node/extensionHostProcess.js:643:477)
	at /usr/lib/code/out/vs/workbench/services/extensions/node/extensionHostProcess.js:641:754
	at l.fire (/usr/lib/code/out/vs/workbench/services/extensions/node/extensionHostProcess.js:47:207)
	at _.fire (/usr/lib/code/out/vs/workbench/services/extensions/node/extensionHostProcess.js:187:274)
	at /usr/lib/code/out/vs/workbench/services/extensions/node/extensionHostProcess.js:798:104
	at l.fire (/usr/lib/code/out/vs/workbench/services/extensions/node/extensionHostProcess.js:47:207)
	at _.fire (/usr/lib/code/out/vs/workbench/services/extensions/node/extensionHostProcess.js:187:274)
	at t.PersistentProtocol._receiveMessage (/usr/lib/code/out/vs/workbench/services/extensions/node/extensionHostProcess.js:191:629)
	at /usr/lib/code/out/vs/workbench/services/extensions/node/extensionHostProcess.js:188:824
	at l.fire (/usr/lib/code/out/vs/workbench/services/extensions/node/extensionHostProcess.js:47:207)
	at f.acceptChunk (/usr/lib/code/out/vs/workbench/services/extensions/node/extensionHostProcess.js:184:737)
	at /usr/lib/code/out/vs/workbench/services/extensions/node/extensionHostProcess.js:184:89
	at Socket.t (/usr/lib/code/out/vs/workbench/services/extensions/node/extensionHostProcess.js:193:68)
	at Socket.emit (events.js:200:13)
	at addChunk (_stream_readable.js:294:12)
	at readableAddChunk (_stream_readable.js:275:11)
	at Socket.Readable.push (_stream_readable.js:210:10)
	at Pipe.onStreamRead (internal/stream_base_commons.js:166:17)
