[10/14/18, 12:32:34:305] info: ╔════════════════════════════════════════════════════════════════════════════════════╗
[10/14/18, 12:32:34:306] info: ║      Slack 3.3.3, linux 4.18.12-arch1-1-ARCH on x64 at 10/14/18, 12:32:34:303      ║
[10/14/18, 12:32:34:306] info: ╚════════════════════════════════════════════════════════════════════════════════════╝
[10/14/18, 12:32:34:633] info: Initializing local storage instance at path: /home/riddle/.dotfiles/xorg/.config/Slack/local-settings.json
[10/14/18, 12:32:34:712] error: Locale: Tried to access systemLocale before application was ready
[10/14/18, 12:32:34:968] info: TraceRecorder: setting up trace recorder, trace will be stored under /home/riddle/.dotfiles/xorg/.config/Slack/logs/recorded-trace
[10/14/18, 12:32:34:974] info: Configuring uncaughtExceptionHandler
[10/14/18, 12:32:34:974] info: Configuring unhandledRejectionHandler
[10/14/18, 12:32:34:974] info: Registered with apiKey acaff8df67924f677747922423057034
[10/14/18, 12:32:35:033] error: TransformPasswords: Cannot access keychain
{
  "error": {
    "message": "The name org.freedesktop.secrets was not provided by any .service files",
    "stack": "Error: The name org.freedesktop.secrets was not provided by any .service files"
  }
}
[10/14/18, 12:32:35:033] warn: BrowserStore: Couldn't access keychain, make note of it
[10/14/18, 12:32:35:193] info: Store: persist/REHYDRATE
[10/14/18, 12:32:35:217] info: Store: UPDATE_SETTINGS
{
  "isSignedIntoSlackOrg": false
}
[10/14/18, 12:32:35:219] info: UpdaterEpics: Updates disabled because
{
  "reasons": [
    "using Linux"
  ]
}
[10/14/18, 12:32:35:221] info: Created uuid '249d8efa-ea3e-524f-b0b9-60bd01bcba50'
[10/14/18, 12:32:35:721] info: Tray Handler: Showing a tray balloon with title: Welcome to Slack!
[10/14/18, 12:32:35:726] info: Store: INITIALIZE_SETTINGS
{
  "releaseChannel": "prod",
  "platformVersion": {
    "major": 4,
    "minor": 18,
    "build": 12
  },
  "isTitleBarHidden": false,
  "isDevMode": false,
  "appVersion": "3.3.3",
  "versionName": "Dirty Computer",
  "devEnv": null,
  "resourcePath": "/usr/lib/slack/resources/app.asar",
  "webappSrcPath": null,
  "webappParams": null,
  "launchOnStartup": false,
  "openDevToolsOnStart": false,
  "logFile": null,
  "pretendNotReallyWindows10": false,
  "isAeroGlassEnabled": false,
  "isGpuCompositionAvailable": true,
  "linux": {
    "os": "Raspbian",
    "release": ""
  }
}
[10/14/18, 12:32:35:727] info: AutoLoginEpic: Checking for autologin.
[10/14/18, 12:32:35:730] info: Store: UPDATE_SETTINGS
{
  "hasRunApp": true
}
[10/14/18, 12:32:35:733] info: WebContentsMediator: Attaching to new webContents
[10/14/18, 12:32:35:735] info: Store: ADD_WINDOW
{
  "id": 2,
  "type": "main"
}
[10/14/18, 12:32:35:736] info: BrowserViewManager: Starting initialization
[10/14/18, 12:32:35:737] info: PersistSettingsWindowBehavior: Loading windowMetrics
{
  "settings": null
}
[10/14/18, 12:32:35:738] info: PersistSettingsWindowBehavior: Resetting to default window position
{
  "settings": {
    "position": [
      384,
      108
    ],
    "size": [
      1152,
      864
    ]
  }
}
[10/14/18, 12:32:35:738] info: Store: SAVE_WINDOW_SETTINGS
{
  "position": [
    384,
    108
  ],
  "size": [
    1152,
    864
  ]
}
[10/14/18, 12:32:35:755] info: Store: UPDATE_SETTINGS
{
  "PrefSSBFileDownloadPath": "/home/riddle/Downloads"
}
[10/14/18, 12:32:35:757] info: DownloadListener: Downloads directory set to
{
  "downloadsDirectory": "/home/riddle/Downloads"
}
[10/14/18, 12:32:35:757] info: Application: Setting main window ID
{
  "id": 2
}
[10/14/18, 12:32:35:758] info: App: Welcome to Slack 3.3.3 x64
[10/14/18, 12:32:35:758] info: App load time: 1,648021886
[10/14/18, 12:32:36:883] info: Store: BACKGROUND_CLIENTS_INITIALIZED
[10/14/18, 12:32:36:886] info: Store: BACKGROUND_CLIENTS_INITIALIZED true
[10/14/18, 12:32:40:497] info: Store: SET_NETWORK_STATUS online
[10/14/18, 12:32:40:499] info: Store: MAIN_WINDOW_SHOWN
[10/14/18, 12:32:40:509] info: createSignInWindowEpic: No teams signed in, showing sign-in window
[10/14/18, 12:32:40:512] info: WebContentsMediator: Attaching to new webContents
[10/14/18, 12:32:40:514] info: Store: ADD_WINDOW
{
  "id": 3,
  "type": "sign-in"
}
[10/14/18, 12:32:40:516] info: SignInEpic: Loading URL in new window https://slack.com/signin
[10/14/18, 12:32:49:553] info: SignInEpic: Page redirect
{
  "newURL": "https://grozionamai.slack.com/"
}
[10/14/18, 12:32:49:554] info: SignInEpic: Page redirect
{
  "newURL": "https://grozionamai.slack.com/"
}
[10/14/18, 12:32:49:554] info: SignInEpic: Page redirect
{
  "newURL": "https://grozionamai.slack.com/"
}
[10/14/18, 12:33:03:275] info: SignInEpic: Page redirect
{
  "newURL": "https://slack.com/checkcookie?redir=https%3A%2F%2Fgrozionamai.slack.com%2Fsignin%3Fssb_success%3D1%26ssb_relogin%3D"
}
[10/14/18, 12:33:03:275] info: SignInEpic: Page redirect
{
  "newURL": "https://slack.com/checkcookie?redir=https%3A%2F%2Fgrozionamai.slack.com%2Fsignin%3Fssb_success%3D1%26ssb_relogin%3D"
}
[10/14/18, 12:33:03:275] info: SignInEpic: Page redirect
{
  "newURL": "https://slack.com/checkcookie?redir=https%3A%2F%2Fgrozionamai.slack.com%2Fsignin%3Fssb_success%3D1%26ssb_relogin%3D"
}
[10/14/18, 12:33:03:586] info: SignInEpic: Page redirect
{
  "newURL": "https://grozionamai.slack.com/signin?ssb_success=1&ssb_relogin="
}
[10/14/18, 12:33:03:587] info: Store: SIGN_IN_COMPLETE
[10/14/18, 12:33:03:589] info: SignInEpic: Page redirect
{
  "newURL": "https://grozionamai.slack.com/signin?ssb_success=1&ssb_relogin="
}
[10/14/18, 12:33:03:590] info: SignInEpic: Page redirect
{
  "newURL": "https://grozionamai.slack.com/signin?ssb_success=1&ssb_relogin="
}
[10/14/18, 12:33:04:342] info: SignInEpic: Received team(s) from the webapp
[10/14/18, 12:33:04:343] info: SignInEpic: Got signal!
[10/14/18, 12:33:04:343] info: Store: SIGN_IN_CANCELED
[10/14/18, 12:33:04:344] info: SignInEpic: Sign-in window closed
[10/14/18, 12:33:04:344] info: Store: REMOVE_WINDOW 3
[10/14/18, 12:33:04:350] info: maybeQuitAppAction
{
  "canceledSignIn": false,
  "hasNoTeams": true
}
[10/14/18, 12:33:04:350] info: SignInEpic: End of the road
{
  "action": "ADD_NEW_TEAM"
}
[10/14/18, 12:33:04:350] info: Store: ADD_NEW_TEAM
{
  "id": "U2LHJBASC",
  "name": "[REDACTED]",
  "team_id": "T2LHV2VSB",
  "team_name": "[REDACTED]",
  "team_url": "[REDACTED]"
}
[10/14/18, 12:33:04:356] info: BrowserViewManager: Creating views for new teams
{
  "newTeamIds": [
    "T2LHV2VSB"
  ]
}
[10/14/18, 12:33:04:357] info: BrowserViewManager: Activating BrowserView
{
  "teamId": "T2LHV2VSB"
}
[10/14/18, 12:33:04:357] info: BrowserViewManager: Creating BrowserView
{
  "teamId": "T2LHV2VSB"
}
[10/14/18, 12:33:04:359] info: WebContentsMediator: Attaching to new webContents
[10/14/18, 12:33:04:360] info: Store: UPSERT_WEB_CONTENTS
{
  "id": 4,
  "teamId": "T2LHV2VSB",
  "state": "unloaded"
}
[10/14/18, 12:33:04:363] info: Background Clients Update: 
+-----------+-------+------------+
|           | Full  | Background |
|-----------+-------+------------+
| T2LHV2VSB | start |            |
+-----------+-------+------------+
[10/14/18, 12:33:04:375] info: BrowserViewManager: Activating BrowserView
{
  "teamId": "T2LHV2VSB"
}
[10/14/18, 12:33:04:377] info: Background Clients Update: 
+-----------+-------+------------+
|           | Full  | Background |
|-----------+-------+------------+
| T2LHV2VSB | start |            |
+-----------+-------+------------+
[10/14/18, 12:33:04:387] info: Store: SET_FULL_SCREEN
[10/14/18, 12:33:04:388] info: Store: SET_FULL_SCREEN
[10/14/18, 12:33:05:319] info: Team boot count
{
  "count": 1
}
[10/14/18, 12:33:08:938] info: WebContents LifeCycle: webContents:4 from 'unloaded' to 'loaded' took 4569 ms
[10/14/18, 12:33:08:938] info: Store: UPSERT_WEB_CONTENTS
{
  "id": 4,
  "state": "loaded",
  "teamId": "T2LHV2VSB"
}
[10/14/18, 12:33:08:939] info: Background Clients Update: 
+-----------+---------+------------+
|           | Full    | Background |
|-----------+---------+------------+
| T2LHV2VSB | loading |            |
+-----------+---------+------------+
[10/14/18, 12:33:09:218] info: Store: UPDATE_SESSION_STATUS
{
  "hasValidSession": true,
  "teamId": "T2LHV2VSB"
}
[10/14/18, 12:33:09:609] info: Store: SELECT_CHANNEL C2LJ1FM6E
[10/14/18, 12:33:09:616] info: Store: UPDATE_TEAM_LOCALE
{
  "locale": "en-US",
  "teamId": "T2LHV2VSB"
}
[10/14/18, 12:33:09:767] info: Store: UPDATE_SETTINGS
{
  "locale": "en-US"
}
[10/14/18, 12:33:09:900] info: Store: UPDATE_TEAM_THEME
{
  "teamId": "T2LHV2VSB",
  "theme": {
    "active_item": "#4C9689",
    "active_item_text": "#FFFFFF",
    "active_presence": "#38978D",
    "badge": "#EB4D5C",
    "column_bg": "#4D394B",
    "hover_item": "#3E313C",
    "menu_bg": "#3E313C",
    "text_color": "#FFFFFF"
  }
}
[10/14/18, 12:33:10:048] info: Store: UPDATE_TEAM_LOCALE
{
  "locale": "en-US",
  "teamId": "T2LHV2VSB"
}
[10/14/18, 12:33:10:051] info: WebContents LifeCycle: webContents:4 from 'loaded' to 'webapp-loaded' took 1113 ms
[10/14/18, 12:33:10:052] info: Store: UPSERT_WEB_CONTENTS
{
  "id": 4,
  "state": "webapp-loaded",
  "teamId": "T2LHV2VSB"
}
[10/14/18, 12:33:10:054] info: Background Clients Update: 
+-----------+-------+------------+
|           | Full  | Background |
|-----------+-------+------------+
| T2LHV2VSB | ready |            |
+-----------+-------+------------+
[10/14/18, 12:33:10:056] info: Store: UPDATE_SETTINGS
{
  "sandboxSigninWindow": true
}
[10/14/18, 12:33:10:205] info: Store: STORE_ENTERPRISE_ID_PAIR
{
  "teamId": "T2LHV2VSB",
  "enterpriseId": null
}
[10/14/18, 12:33:10:207] info: Store: STORE_API_TOKEN
{
  "token": "xoxs-⋯",
  "teamId": "T2LHV2VSB"
}
[10/14/18, 12:33:10:688] info: WebContentsMediator: Attaching to new webContents
[10/14/18, 12:33:11:183] info: WebContentsMediator: Attaching to new webContents
[10/14/18, 12:33:12:065] info: WebContentsMediator: Attaching to new webContents
[10/14/18, 12:33:17:544] info: Store: SAVE_WINDOW_SETTINGS
{
  "position": [
    384,
    108
  ],
  "size": [
    1152,
    864
  ],
  "isMaximized": true
}
[10/14/18, 12:33:17:546] info: BrowserViewManager: Activating BrowserView
{
  "teamId": "T2LHV2VSB"
}
[10/14/18, 12:33:20:930] info: Store: SAVE_WINDOW_SETTINGS
{
  "size": [
    1152,
    864
  ],
  "position": [
    41,
    69
  ],
  "isMaximized": false
}
[10/14/18, 12:33:22:838] info: BrowserViewManager: Activating BrowserView
{
  "teamId": "T2LHV2VSB"
}
[10/14/18, 12:33:23:841] info: Store: SAVE_WINDOW_SETTINGS
{
  "size": [
    1152,
    864
  ],
  "position": [
    41,
    69
  ],
  "isMaximized": false
}
[10/14/18, 12:33:43:604] info: BrowserViewManager: Activating BrowserView
{
  "teamId": "T2LHV2VSB"
}
[10/14/18, 12:33:44:608] info: Store: SAVE_WINDOW_SETTINGS
{
  "size": [
    1152,
    864
  ],
  "position": [
    41,
    69
  ],
  "isMaximized": false
}
[10/14/18, 12:35:46:805] info: BrowserViewManager: Activating BrowserView
{
  "teamId": "T2LHV2VSB"
}
[10/14/18, 12:35:47:808] info: Store: SAVE_WINDOW_SETTINGS
{
  "size": [
    1152,
    864
  ],
  "position": [
    41,
    69
  ],
  "isMaximized": false
}
[10/14/18, 12:35:50:047] info: WindowCloseBehavior: Attempted to close the window, hiding due to run from tray
[10/14/18, 12:35:50:055] info: Store: UPDATE_SETTINGS
{
  "hasRunFromTray": true
}
[10/14/18, 12:35:50:056] info: Store: SHOW_TRAY_BALLOON
{
  "title": "Why didn’t Slack quit?",
  "content": "Slack’s set to stay running in the notification area. To change this, visit Preferences > Linux App."
}
[10/14/18, 12:35:50:058] info: Tray Handler: Showing a tray balloon with title: Why didn’t Slack quit?
[10/14/18, 12:35:50:096] info: Store: SET_FULL_SCREEN
[10/14/18, 12:37:35:809] info: App: Otherwise signaled, foregrounding.
[10/14/18, 12:37:35:809] info: Store: FOREGROUND_APP
[10/14/18, 12:37:35:839] info: Store: SET_FULL_SCREEN
[10/14/18, 12:37:35:843] info: Store: SET_FULL_SCREEN
[10/14/18, 12:37:38:368] info: Store: SAVE_WINDOW_SETTINGS
{
  "position": [
    384,
    108
  ],
  "size": [
    1152,
    864
  ],
  "isMaximized": true
}
[10/14/18, 12:37:38:370] info: BrowserViewManager: Activating BrowserView
{
  "teamId": "T2LHV2VSB"
}
[10/14/18, 12:37:42:995] info: Store: SELECT_CHANNEL C2LTY4ME1
[10/14/18, 12:37:43:734] info: Store: SELECT_CHANNEL C3VEA0G07
[10/14/18, 12:37:44:177] info: Store: SELECT_CHANNEL C2LJ1FM6E
[10/14/18, 12:37:44:239] info: WebContentsMediator: Attaching to new webContents
[10/14/18, 12:37:45:424] info: Store: SELECT_CHANNEL C2PV6G0GM
[10/14/18, 12:37:46:166] info: Store: SELECT_CHANNEL C2LJ9A5T4
[10/14/18, 12:37:48:259] info: Store: SELECT_CHANNEL D2PBY7P4G
[10/14/18, 12:37:48:640] info: Store: SELECT_CHANNEL D2PQZCP9U
[10/14/18, 12:37:49:645] info: Store: SELECT_CHANNEL C2LJ1FM6E
[10/14/18, 12:37:55:314] info: Store: SELECT_CHANNEL C2PV6G0GM
[10/14/18, 12:37:55:912] info: Store: SELECT_CHANNEL C2LJ1FM6E
[10/14/18, 12:37:55:975] info: WebContentsMediator: Attaching to new webContents
[10/14/18, 12:38:00:858] info: Store: SELECT_CHANNEL C2LJ9A5T4
[10/14/18, 12:38:01:423] info: Store: SELECT_CHANNEL C2PUDAKPW
[10/14/18, 12:38:01:836] info: Store: SELECT_CHANNEL C2LTY4ME1
[10/14/18, 12:38:02:187] info: Store: SELECT_CHANNEL C3VEA0G07
[10/14/18, 12:38:02:523] info: Store: SELECT_CHANNEL C2PV6G0GM
[10/14/18, 12:38:04:183] info: Store: SELECT_CHANNEL D2PQZCP9U
[10/14/18, 12:38:07:280] info: WindowCloseBehavior: Attempted to close the window, hiding due to run from tray
[10/14/18, 12:38:08:363] info: Store: SAVE_WINDOW_SETTINGS
{
  "size": [
    1152,
    864
  ],
  "position": [
    41,
    69
  ],
  "isMaximized": false
}
[10/21/18, 15:52:44:326] info: ╔════════════════════════════════════════════════════════════════════════════════════╗
[10/21/18, 15:52:44:326] info: ║      Slack 3.3.3, linux 4.18.14-arch1-1-ARCH on x64 at 10/21/18, 15:52:44:324      ║
[10/21/18, 15:52:44:326] info: ╚════════════════════════════════════════════════════════════════════════════════════╝
[10/21/18, 15:52:51:485] info: Initializing local storage instance at path: /home/riddle/.dotfiles/xorg/.config/Slack/local-settings.json
[10/21/18, 15:52:53:922] info: TraceRecorder: setting up trace recorder, trace will be stored under /home/riddle/.dotfiles/xorg/.config/Slack/logs/recorded-trace
[10/21/18, 15:52:53:927] info: Configuring uncaughtExceptionHandler
[10/21/18, 15:52:53:927] info: Configuring unhandledRejectionHandler
[10/21/18, 15:52:53:927] info: Registered with apiKey acaff8df67924f677747922423057034
[10/21/18, 15:52:56:516] info: BrowserStore: Keychain access previously denied, don't ask again
[10/21/18, 15:52:56:771] info: Store: persist/REHYDRATE
{
  "appTeams": {
    "selectedTeamId": "T2LHV2VSB",
    "teamsByIndex": [
      "T2LHV2VSB"
    ],
    "teamsToSignOut": []
  },
  "dialog": "[REDACTED]",
  "downloads": "[REDACTED]",
  "enterprise": {
    "T2LHV2VSB": null
  },
  "settings": {
    "appVersion": "3.3.3",
    "versionName": "Dirty Computer",
    "platform": "linux",
    "platformVersion": {
      "major": 4,
      "minor": 18,
      "build": 12
    },
    "isWin10": false,
    "isBeforeWin10": false,
    "resourcePath": "/usr/lib/slack/resources/app.asar",
    "webappSrcPath": null,
    "webappParams": null,
    "isDevMode": false,
    "devEnv": null,
    "logFile": null,
    "rxLogging": false,
    "openDevToolsOnStart": false,
    "pretendNotReallyWindows10": false,
    "releaseChannel": "prod",
    "autoHideMenuBar": false,
    "defaultSigninTeam": null,
    "isTitleBarHidden": false,
    "hasRunApp": true,
    "hasRunFromTray": true,
    "reportIssueOnStartup": false,
    "isSignedIntoSlackOrg": false,
    "isGpuCompositionAvailable": true,
    "runFromTray": true,
    "launchOnStartup": false,
    "spellcheckerLanguage": null,
    "zoomLevel": 0,
    "workspaceIdleTimeout": 43200000,
    "whitelistedUrlSchemes": [
      "http:",
      "https:",
      "mailto:",
      "skype:",
      "spotify:",
      "live:",
      "callto:",
      "tel:",
      "im:",
      "sip:",
      "sips:",
      "slack:"
    ],
    "isTitleBarForcedByUser": false,
    "useHwAcceleration": true,
    "isOpenExternalShellForced": true,
    "PrefSSBFileDownloadPath": "/home/riddle/Downloads",
    "notificationMethod": null,
    "notificationPlayback": null,
    "notificationFailover": 0,
    "notificationFailoverEnabled": true,
    "notificationClickThrough": false,
    "notificationClickThroughMain": true,
    "notificationTimeout": 6000,
    "notificationAfterHoverTimeout": 2000,
    "notificationMaxItems": 3,
    "notificationZoomLevel": null,
    "notificationStyle": null,
    "notificationPresentationCheck": null,
    "notifyPosition": {
      "corner": "bottom_right",
      "display": "same_as_app"
    },
    "locale": "en-US",
    "spellCheckerVersion": "V2",
    "os": false,
    "release": false,
    "desktopEnvironment": false,
    "isAeroGlassEnabled": false,
    "linux": {
      "os": "Raspbian",
      "release": ""
    },
    "sandboxSigninWindow": true
  },
  "teams": "[REDACTED]",
  "windowFrame": {
    "windowSettings": {
      "size": [
        1152,
        864
      ],
      "position": [
        41,
        69
      ],
      "isMaximized": false
    },
    "isFullScreen": false
  }
}
[10/21/18, 15:52:58:400] info: initializeMainWindowEpic: Waiting for selected team to load
{
  "selectedTeamId": "T2LHV2VSB"
}
[10/21/18, 15:52:58:408] info: Store: UPDATE_SETTINGS
{
  "isSignedIntoSlackOrg": false
}
[10/21/18, 15:52:58:410] info: UpdaterEpics: Updates disabled because
{
  "reasons": [
    "using Linux"
  ]
}
[10/21/18, 15:52:59:718] info: Store: INITIALIZE_SETTINGS
{
  "releaseChannel": "prod",
  "platformVersion": {
    "major": 4,
    "minor": 18,
    "build": 14
  },
  "isTitleBarHidden": false,
  "isDevMode": false,
  "appVersion": "3.3.3",
  "versionName": "Dirty Computer",
  "devEnv": null,
  "resourcePath": "/usr/lib/slack/resources/app.asar",
  "webappSrcPath": null,
  "webappParams": null,
  "launchOnStartup": false,
  "openDevToolsOnStart": false,
  "logFile": null,
  "pretendNotReallyWindows10": false,
  "isAeroGlassEnabled": false,
  "isGpuCompositionAvailable": true,
  "linux": {
    "os": "Raspbian",
    "release": ""
  }
}
[10/21/18, 15:52:59:719] info: AutoLoginEpic: Checking for autologin.
[10/21/18, 15:52:59:725] info: WebContentsMediator: Attaching to new webContents
[10/21/18, 15:52:59:727] info: Store: ADD_WINDOW
{
  "id": 2,
  "type": "main"
}
[10/21/18, 15:52:59:729] info: BrowserViewManager: Starting initialization
[10/21/18, 15:52:59:729] info: BrowserViewManager: Activating BrowserView
{
  "teamId": "T2LHV2VSB"
}
[10/21/18, 15:52:59:729] info: BrowserViewManager: Creating BrowserView
{
  "teamId": "T2LHV2VSB"
}
[10/21/18, 15:52:59:731] info: WebContentsMediator: Attaching to new webContents
[10/21/18, 15:52:59:731] info: Store: UPSERT_WEB_CONTENTS
{
  "id": 3,
  "teamId": "T2LHV2VSB",
  "state": "unloaded"
}
[10/21/18, 15:52:59:735] info: Background Clients Update: 
+-----------+-------+------------+
|           | Full  | Background |
|-----------+-------+------------+
| T2LHV2VSB | start |            |
+-----------+-------+------------+
[10/21/18, 15:52:59:776] info: PersistSettingsWindowBehavior: Loading windowMetrics
{
  "settings": {
    "size": [
      1152,
      864
    ],
    "position": [
      41,
      69
    ],
    "isMaximized": false
  }
}
[10/21/18, 15:52:59:891] info: Application: Setting main window ID
{
  "id": 2
}
[10/21/18, 15:52:59:893] info: App: Welcome to Slack 3.3.3 x64
[10/21/18, 15:52:59:893] info: App load time: 19,554572980
[10/21/18, 15:53:04:776] info: Team boot count
{
  "count": 1
}
[10/21/18, 15:53:05:997] info: Store: BACKGROUND_CLIENTS_INITIALIZED
[10/21/18, 15:53:06:009] info: Store: BACKGROUND_CLIENTS_INITIALIZED true
[10/21/18, 15:53:06:011] info: BrowserViewManager: Activating BrowserView
{
  "teamId": "T2LHV2VSB"
}
[10/21/18, 15:53:06:614] info: Store: SET_NETWORK_STATUS online
[10/21/18, 15:53:09:051] info: WebContents LifeCycle: webContents:3 from 'unloaded' to 'loaded' took 9315 ms
[10/21/18, 15:53:09:052] info: Store: UPSERT_WEB_CONTENTS
{
  "id": 3,
  "state": "loaded",
  "teamId": "T2LHV2VSB"
}
[10/21/18, 15:53:09:053] info: Background Clients Update: 
+-----------+---------+------------+
|           | Full    | Background |
|-----------+---------+------------+
| T2LHV2VSB | loading |            |
+-----------+---------+------------+
[10/21/18, 15:53:09:054] info: initializeMainWindowEpic: Showing main window
{
  "shouldMinimize": false,
  "shouldMaximize": false,
  "shouldHide": false
}
[10/21/18, 15:53:09:057] info: Store: MAIN_WINDOW_SHOWN
[10/21/18, 15:53:09:073] info: Store: SET_FULL_SCREEN
[10/21/18, 15:53:09:074] info: Store: SET_FULL_SCREEN
[10/21/18, 15:53:09:362] info: Store: UPDATE_SESSION_STATUS
{
  "hasValidSession": false,
  "teamId": "T2LHV2VSB"
}
[10/21/18, 15:53:20:249] info: WebContents LifeCycle: webContents:3 from 'loaded' to 'page-will-navigate' took 11198 ms
[10/21/18, 15:53:20:250] info: Store: UPSERT_WEB_CONTENTS
{
  "id": 3,
  "state": "page-will-navigate",
  "teamId": "T2LHV2VSB"
}
[10/21/18, 15:53:20:254] info: Background Clients Update: 
+-----------+----------+------------+
|           | Full     | Background |
|-----------+----------+------------+
| T2LHV2VSB | navigate |            |
+-----------+----------+------------+
[10/21/18, 15:53:20:592] info: Store: UPDATE_SESSION_STATUS
{
  "hasValidSession": true,
  "teamId": "T2LHV2VSB"
}
[10/21/18, 15:53:20:866] info: Team boot count
{
  "count": 2
}
[10/21/18, 15:53:21:532] info: Store: REFRESH_TEAMS
{
  "teamIds": [
    "T2LHV2VSB"
  ]
}
[10/21/18, 15:53:21:533] info: EpicHelpers: Flushing cookie store
[10/21/18, 15:53:21:534] info: WebContents LifeCycle: webContents:3 from 'page-will-navigate' to 'loaded' took 1285 ms
[10/21/18, 15:53:21:534] info: Store: UPSERT_WEB_CONTENTS
{
  "id": 3,
  "state": "loaded",
  "teamId": "T2LHV2VSB"
}
[10/21/18, 15:53:21:535] info: Background Clients Update: 
+-----------+---------+------------+
|           | Full    | Background |
|-----------+---------+------------+
| T2LHV2VSB | loading |            |
+-----------+---------+------------+
[10/21/18, 15:53:21:833] info: Store: UPDATE_SESSION_STATUS
{
  "hasValidSession": true,
  "teamId": "T2LHV2VSB"
}
[10/21/18, 15:53:22:667] info: Team boot count
{
  "count": 3
}
[10/21/18, 15:53:25:629] info: WebContents LifeCycle: webContents:3 from 'loaded' to 'loaded' took 4095 ms
[10/21/18, 15:53:25:629] info: Store: UPSERT_WEB_CONTENTS
{
  "id": 3,
  "state": "loaded",
  "teamId": "T2LHV2VSB"
}
[10/21/18, 15:53:25:923] info: Store: UPDATE_SESSION_STATUS
{
  "hasValidSession": true,
  "teamId": "T2LHV2VSB"
}
[10/21/18, 15:53:26:157] info: Store: SELECT_CHANNEL D2PQZCP9U
[10/21/18, 15:53:26:160] info: Store: UPDATE_TEAM_LOCALE
{
  "locale": "en-US",
  "teamId": "T2LHV2VSB"
}
[10/21/18, 15:53:26:201] info: Store: UPDATE_SETTINGS
{
  "locale": "en-US"
}
[10/21/18, 15:53:26:238] info: Store: UPDATE_TEAM_THEME
{
  "teamId": "T2LHV2VSB",
  "theme": {
    "active_item": "#4C9689",
    "active_item_text": "#FFFFFF",
    "active_presence": "#38978D",
    "badge": "#EB4D5C",
    "column_bg": "#4D394B",
    "hover_item": "#3E313C",
    "menu_bg": "#3E313C",
    "text_color": "#FFFFFF"
  }
}
[10/21/18, 15:53:27:484] info: Store: UPDATE_TEAM_LOCALE
{
  "locale": "en-US",
  "teamId": "T2LHV2VSB"
}
[10/21/18, 15:53:27:553] info: WebContents LifeCycle: webContents:3 from 'loaded' to 'webapp-loaded' took 1924 ms
[10/21/18, 15:53:27:554] info: Store: UPSERT_WEB_CONTENTS
{
  "id": 3,
  "state": "webapp-loaded",
  "teamId": "T2LHV2VSB"
}
[10/21/18, 15:53:27:555] info: Background Clients Update: 
+-----------+-------+------------+
|           | Full  | Background |
|-----------+-------+------------+
| T2LHV2VSB | ready |            |
+-----------+-------+------------+
[10/21/18, 15:53:27:557] info: Store: UPDATE_SETTINGS
{
  "sandboxSigninWindow": true
}
[10/21/18, 15:53:27:594] info: Store: STORE_ENTERPRISE_ID_PAIR
{
  "teamId": "T2LHV2VSB",
  "enterpriseId": null
}
[10/21/18, 15:53:27:597] info: Store: STORE_API_TOKEN
{
  "token": "xoxs-⋯",
  "teamId": "T2LHV2VSB"
}
[10/21/18, 15:53:27:961] info: WebContentsMediator: Attaching to new webContents
[10/21/18, 15:53:28:186] info: WebContentsMediator: Attaching to new webContents
[10/21/18, 15:55:13:752] info: Store: SELECT_CHANNEL C2LJ9A5T4
[10/21/18, 15:55:15:834] info: WebContentsMediator: Attaching to new webContents
[10/21/18, 15:55:26:035] info: BrowserViewManager: Activating BrowserView
{
  "teamId": "T2LHV2VSB"
}
[10/21/18, 15:55:27:038] info: Store: SAVE_WINDOW_SETTINGS
{
  "size": [
    1152,
    864
  ],
  "position": [
    41,
    69
  ],
  "isMaximized": false
}
[10/21/18, 16:18:35:937] info: BrowserViewManager: Activating BrowserView
{
  "teamId": "T2LHV2VSB"
}
[10/21/18, 16:18:36:938] info: Store: SAVE_WINDOW_SETTINGS
{
  "size": [
    1152,
    864
  ],
  "position": [
    41,
    69
  ],
  "isMaximized": false
}
[10/21/18, 16:18:36:951] info: BrowserViewManager: Activating BrowserView
{
  "teamId": "T2LHV2VSB"
}
[10/21/18, 16:18:37:953] info: Store: SAVE_WINDOW_SETTINGS
{
  "size": [
    1152,
    864
  ],
  "position": [
    41,
    69
  ],
  "isMaximized": false
}
[10/21/18, 16:18:38:590] info: BrowserViewManager: Activating BrowserView
{
  "teamId": "T2LHV2VSB"
}
[10/21/18, 16:18:39:592] info: Store: SAVE_WINDOW_SETTINGS
{
  "size": [
    1152,
    864
  ],
  "position": [
    41,
    69
  ],
  "isMaximized": false
}
[10/21/18, 16:19:42:531] info: Store: REFRESH_TEAMS
{
  "teamIds": [
    "T2LHV2VSB"
  ]
}
[10/21/18, 16:19:42:533] info: EpicHelpers: Flushing cookie store
[10/21/18, 16:19:42:534] info: WebContents LifeCycle: webContents:3 from 'webapp-loaded' to 'page-will-navigate' took 1574981 ms
[10/21/18, 16:19:42:535] info: Store: UPSERT_WEB_CONTENTS
{
  "id": 3,
  "state": "page-will-navigate",
  "teamId": "T2LHV2VSB"
}
[10/21/18, 16:19:42:536] info: Background Clients Update: 
+-----------+----------+------------+
|           | Full     | Background |
|-----------+----------+------------+
| T2LHV2VSB | navigate |            |
+-----------+----------+------------+
[10/21/18, 16:19:43:205] info: Store: UPDATE_SESSION_STATUS
{
  "hasValidSession": false,
  "teamId": "T2LHV2VSB"
}
[10/21/18, 16:19:43:583] info: Team boot count
{
  "count": 4
}
[10/21/18, 16:19:46:115] info: WebContents LifeCycle: webContents:3 from 'page-will-navigate' to 'loaded' took 3581 ms
[10/21/18, 16:19:46:116] info: Store: UPSERT_WEB_CONTENTS
{
  "id": 3,
  "state": "loaded",
  "teamId": "T2LHV2VSB"
}
[10/21/18, 16:19:46:117] info: Background Clients Update: 
+-----------+---------+------------+
|           | Full    | Background |
|-----------+---------+------------+
| T2LHV2VSB | loading |            |
+-----------+---------+------------+
[10/21/18, 16:19:47:217] info: Store: UPDATE_SESSION_STATUS
{
  "hasValidSession": false,
  "teamId": "T2LHV2VSB"
}
[10/21/18, 16:20:32:608] info: Store: FOREGROUND_APP
[10/21/18, 16:20:32:622] info: BrowserViewManager: Activating BrowserView
{
  "teamId": "T2LHV2VSB"
}
[10/21/18, 16:20:32:630] info: Store: SET_FULL_SCREEN
[10/21/18, 16:20:33:624] info: Store: SAVE_WINDOW_SETTINGS
{
  "size": [
    1152,
    864
  ],
  "position": [
    41,
    69
  ],
  "isMaximized": false
}
[10/21/18, 16:20:41:368] info: WebContents LifeCycle: webContents:3 from 'loaded' to 'page-will-navigate' took 55252 ms
[10/21/18, 16:20:41:368] info: Store: UPSERT_WEB_CONTENTS
{
  "id": 3,
  "state": "page-will-navigate",
  "teamId": "T2LHV2VSB"
}
[10/21/18, 16:20:41:372] info: Background Clients Update: 
+-----------+----------+------------+
|           | Full     | Background |
|-----------+----------+------------+
| T2LHV2VSB | navigate |            |
+-----------+----------+------------+
[10/21/18, 16:20:41:703] info: Store: UPDATE_SESSION_STATUS
{
  "hasValidSession": true,
  "teamId": "T2LHV2VSB"
}
[10/21/18, 16:20:42:246] info: Team boot count
{
  "count": 5
}
[10/21/18, 16:20:42:906] info: Store: REFRESH_TEAMS
{
  "teamIds": [
    "T2LHV2VSB"
  ]
}
[10/21/18, 16:20:42:906] info: EpicHelpers: Flushing cookie store
[10/21/18, 16:20:42:907] info: WebContents LifeCycle: webContents:3 from 'page-will-navigate' to 'loaded' took 1540 ms
[10/21/18, 16:20:42:908] info: Store: UPSERT_WEB_CONTENTS
{
  "id": 3,
  "state": "loaded",
  "teamId": "T2LHV2VSB"
}
[10/21/18, 16:20:42:909] info: Background Clients Update: 
+-----------+---------+------------+
|           | Full    | Background |
|-----------+---------+------------+
| T2LHV2VSB | loading |            |
+-----------+---------+------------+
[10/21/18, 16:20:43:225] info: Store: UPDATE_SESSION_STATUS
{
  "hasValidSession": true,
  "teamId": "T2LHV2VSB"
}
[10/21/18, 16:20:44:715] info: Team boot count
{
  "count": 6
}
[10/21/18, 16:20:47:194] info: WebContents LifeCycle: webContents:3 from 'loaded' to 'loaded' took 4287 ms
[10/21/18, 16:20:47:195] info: Store: UPSERT_WEB_CONTENTS
{
  "id": 3,
  "state": "loaded",
  "teamId": "T2LHV2VSB"
}
[10/21/18, 16:20:47:865] info: Store: SELECT_CHANNEL C2LJ9A5T4
[10/21/18, 16:20:47:867] info: Store: UPDATE_TEAM_LOCALE
{
  "locale": "en-US",
  "teamId": "T2LHV2VSB"
}
[10/21/18, 16:20:47:942] info: Store: UPDATE_TEAM_THEME
{
  "teamId": "T2LHV2VSB",
  "theme": {
    "active_item": "#4C9689",
    "active_item_text": "#FFFFFF",
    "active_presence": "#38978D",
    "badge": "#EB4D5C",
    "column_bg": "#4D394B",
    "hover_item": "#3E313C",
    "menu_bg": "#3E313C",
    "text_color": "#FFFFFF"
  }
}
[10/21/18, 16:20:48:182] info: Store: UPDATE_SESSION_STATUS
{
  "hasValidSession": true,
  "teamId": "T2LHV2VSB"
}
[10/21/18, 16:20:48:217] info: Store: UPDATE_TEAM_LOCALE
{
  "locale": "en-US",
  "teamId": "T2LHV2VSB"
}
[10/21/18, 16:20:48:219] info: WebContents LifeCycle: webContents:3 from 'loaded' to 'webapp-loaded' took 1025 ms
[10/21/18, 16:20:48:219] info: Store: UPSERT_WEB_CONTENTS
{
  "id": 3,
  "state": "webapp-loaded",
  "teamId": "T2LHV2VSB"
}
[10/21/18, 16:20:48:220] info: Background Clients Update: 
+-----------+-------+------------+
|           | Full  | Background |
|-----------+-------+------------+
| T2LHV2VSB | ready |            |
+-----------+-------+------------+
[10/21/18, 16:20:48:221] info: Store: UPDATE_SETTINGS
{
  "sandboxSigninWindow": true
}
[10/21/18, 16:20:48:352] info: Store: STORE_ENTERPRISE_ID_PAIR
{
  "teamId": "T2LHV2VSB",
  "enterpriseId": null
}
[10/21/18, 16:20:49:004] info: WebContentsMediator: Attaching to new webContents
[10/21/18, 16:31:53:623] info: Store: REFRESH_TEAMS
{
  "teamIds": [
    "T2LHV2VSB"
  ]
}
[10/21/18, 16:31:53:625] info: EpicHelpers: Flushing cookie store
[10/21/18, 16:31:53:626] info: WebContents LifeCycle: webContents:3 from 'webapp-loaded' to 'page-will-navigate' took 665407 ms
[10/21/18, 16:31:53:626] info: Store: UPSERT_WEB_CONTENTS
{
  "id": 3,
  "state": "page-will-navigate",
  "teamId": "T2LHV2VSB"
}
[10/21/18, 16:31:53:627] info: Background Clients Update: 
+-----------+----------+------------+
|           | Full     | Background |
|-----------+----------+------------+
| T2LHV2VSB | navigate |            |
+-----------+----------+------------+
[10/21/18, 16:31:54:174] info: Store: UPDATE_SESSION_STATUS
{
  "hasValidSession": false,
  "teamId": "T2LHV2VSB"
}
[10/21/18, 16:31:54:516] info: Team boot count
{
  "count": 7
}
[10/21/18, 16:31:56:775] info: WebContents LifeCycle: webContents:3 from 'page-will-navigate' to 'loaded' took 3149 ms
[10/21/18, 16:31:56:775] info: Store: UPSERT_WEB_CONTENTS
{
  "id": 3,
  "state": "loaded",
  "teamId": "T2LHV2VSB"
}
[10/21/18, 16:31:56:776] info: Background Clients Update: 
+-----------+---------+------------+
|           | Full    | Background |
|-----------+---------+------------+
| T2LHV2VSB | loading |            |
+-----------+---------+------------+
[10/21/18, 16:31:57:305] info: Store: UPDATE_SESSION_STATUS
{
  "hasValidSession": false,
  "teamId": "T2LHV2VSB"
}
[10/21/18, 16:35:23:226] info: BrowserViewManager: Activating BrowserView
{
  "teamId": "T2LHV2VSB"
}
[10/21/18, 16:35:24:229] info: Store: SAVE_WINDOW_SETTINGS
{
  "size": [
    1152,
    864
  ],
  "position": [
    41,
    69
  ],
  "isMaximized": false
}
[10/21/18, 16:35:33:787] info: WebContents LifeCycle: webContents:3 from 'loaded' to 'page-will-navigate' took 217012 ms
[10/21/18, 16:35:33:787] info: Store: UPSERT_WEB_CONTENTS
{
  "id": 3,
  "state": "page-will-navigate",
  "teamId": "T2LHV2VSB"
}
[10/21/18, 16:35:33:789] info: Background Clients Update: 
+-----------+----------+------------+
|           | Full     | Background |
|-----------+----------+------------+
| T2LHV2VSB | navigate |            |
+-----------+----------+------------+
[10/21/18, 16:35:34:059] info: Store: UPDATE_SESSION_STATUS
{
  "hasValidSession": true,
  "teamId": "T2LHV2VSB"
}
[10/21/18, 16:35:34:817] info: Team boot count
{
  "count": 8
}
[10/21/18, 16:35:35:484] info: Store: REFRESH_TEAMS
{
  "teamIds": [
    "T2LHV2VSB"
  ]
}
[10/21/18, 16:35:35:485] info: EpicHelpers: Flushing cookie store
[10/21/18, 16:35:35:486] info: WebContents LifeCycle: webContents:3 from 'page-will-navigate' to 'loaded' took 1699 ms
[10/21/18, 16:35:35:486] info: Store: UPSERT_WEB_CONTENTS
{
  "id": 3,
  "state": "loaded",
  "teamId": "T2LHV2VSB"
}
[10/21/18, 16:35:35:487] info: Background Clients Update: 
+-----------+---------+------------+
|           | Full    | Background |
|-----------+---------+------------+
| T2LHV2VSB | loading |            |
+-----------+---------+------------+
[10/21/18, 16:35:35:774] info: Store: UPDATE_SESSION_STATUS
{
  "hasValidSession": true,
  "teamId": "T2LHV2VSB"
}
[10/21/18, 16:35:36:923] info: Team boot count
{
  "count": 9
}
[10/21/18, 16:35:39:443] info: WebContents LifeCycle: webContents:3 from 'loaded' to 'loaded' took 3956 ms
[10/21/18, 16:35:39:443] info: Store: UPSERT_WEB_CONTENTS
{
  "id": 3,
  "state": "loaded",
  "teamId": "T2LHV2VSB"
}
[10/21/18, 16:35:39:702] info: Store: UPDATE_SESSION_STATUS
{
  "hasValidSession": true,
  "teamId": "T2LHV2VSB"
}
[10/21/18, 16:35:40:126] info: Store: SELECT_CHANNEL C2LJ9A5T4
[10/21/18, 16:35:40:128] info: Store: UPDATE_TEAM_LOCALE
{
  "locale": "en-US",
  "teamId": "T2LHV2VSB"
}
[10/21/18, 16:35:40:197] info: Store: UPDATE_TEAM_THEME
{
  "teamId": "T2LHV2VSB",
  "theme": {
    "active_item": "#4C9689",
    "active_item_text": "#FFFFFF",
    "active_presence": "#38978D",
    "badge": "#EB4D5C",
    "column_bg": "#4D394B",
    "hover_item": "#3E313C",
    "menu_bg": "#3E313C",
    "text_color": "#FFFFFF"
  }
}
[10/21/18, 16:35:40:401] info: Store: UPDATE_TEAM_LOCALE
{
  "locale": "en-US",
  "teamId": "T2LHV2VSB"
}
[10/21/18, 16:35:40:475] info: WebContents LifeCycle: webContents:3 from 'loaded' to 'webapp-loaded' took 1033 ms
[10/21/18, 16:35:40:475] info: Store: UPSERT_WEB_CONTENTS
{
  "id": 3,
  "state": "webapp-loaded",
  "teamId": "T2LHV2VSB"
}
[10/21/18, 16:35:40:476] info: Background Clients Update: 
+-----------+-------+------------+
|           | Full  | Background |
|-----------+-------+------------+
| T2LHV2VSB | ready |            |
+-----------+-------+------------+
[10/21/18, 16:35:40:477] info: Store: UPDATE_SETTINGS
{
  "sandboxSigninWindow": true
}
[10/21/18, 16:35:40:540] info: Store: STORE_ENTERPRISE_ID_PAIR
{
  "teamId": "T2LHV2VSB",
  "enterpriseId": null
}
[10/21/18, 16:35:40:789] info: BrowserViewManager: Activating BrowserView
{
  "teamId": "T2LHV2VSB"
}
[10/21/18, 16:35:41:070] info: WebContentsMediator: Attaching to new webContents
[10/21/18, 16:35:41:790] info: Store: SAVE_WINDOW_SETTINGS
{
  "size": [
    1152,
    864
  ],
  "position": [
    41,
    69
  ],
  "isMaximized": false
}
[10/21/18, 16:35:42:315] info: BrowserViewManager: Activating BrowserView
{
  "teamId": "T2LHV2VSB"
}
[10/21/18, 16:35:43:317] info: Store: SAVE_WINDOW_SETTINGS
{
  "size": [
    1152,
    864
  ],
  "position": [
    41,
    69
  ],
  "isMaximized": false
}
[10/21/18, 17:18:53:447] info: BrowserViewManager: Activating BrowserView
{
  "teamId": "T2LHV2VSB"
}
[10/21/18, 17:18:54:450] info: Store: SAVE_WINDOW_SETTINGS
{
  "size": [
    1152,
    864
  ],
  "position": [
    41,
    69
  ],
  "isMaximized": false
}
[10/21/18, 18:14:07:119] info: Store: SET_SUSPEND_STATUS
[10/21/18, 18:14:17:150] info: Store: SET_SUSPEND_STATUS true
[10/21/18, 19:29:41:591] info: Store: SET_SUSPEND_STATUS
[10/21/18, 19:33:28:732] info: Store: SET_SUSPEND_STATUS true
[10/21/18, 19:33:30:028] info: Store: SET_NETWORK_STATUS offline
[10/21/18, 19:33:43:024] info: Store: SET_NETWORK_STATUS online
[10/21/18, 19:33:59:604] info: Store: SET_SUSPEND_STATUS
[10/21/18, 19:34:32:504] info: Store: SET_SUSPEND_STATUS true
[10/21/18, 19:34:33:640] info: Store: SET_NETWORK_STATUS offline
[10/21/18, 19:34:49:644] info: Store: SET_NETWORK_STATUS online
[10/21/18, 19:35:02:262] info: BrowserViewManager: Activating BrowserView
{
  "teamId": "T2LHV2VSB"
}
[10/21/18, 19:35:02:426] info: WindowCloseBehavior: Attempted to close the window, hiding due to run from tray
[10/21/18, 19:35:02:429] info: Store: SET_FULL_SCREEN
[10/21/18, 19:35:03:379] info: Store: SAVE_WINDOW_SETTINGS
{
  "size": [
    1152,
    864
  ],
  "position": [
    41,
    69
  ],
  "isMaximized": false
}
[10/21/18, 19:39:22:113] info: Store: REFRESH_TEAMS
{
  "teamIds": [
    "T2LHV2VSB"
  ]
}
[10/21/18, 19:39:22:115] info: EpicHelpers: Flushing cookie store
[10/21/18, 19:39:22:117] info: WebContents LifeCycle: webContents:3 from 'webapp-loaded' to 'page-will-navigate' took 11021642 ms
[10/21/18, 19:39:22:117] info: Store: UPSERT_WEB_CONTENTS
{
  "id": 3,
  "state": "page-will-navigate",
  "teamId": "T2LHV2VSB"
}
[10/21/18, 19:39:22:119] info: Background Clients Update: 
+-----------+----------+------------+
|           | Full     | Background |
|-----------+----------+------------+
| T2LHV2VSB | navigate |            |
+-----------+----------+------------+
[10/21/18, 19:39:22:963] info: Store: UPDATE_SESSION_STATUS
{
  "hasValidSession": false,
  "teamId": "T2LHV2VSB"
}
[10/21/18, 19:39:24:495] info: Team boot count
{
  "count": 10
}
[10/21/18, 19:39:28:212] info: WebContents LifeCycle: webContents:3 from 'page-will-navigate' to 'loaded' took 6095 ms
[10/21/18, 19:39:28:214] info: Store: UPSERT_WEB_CONTENTS
{
  "id": 3,
  "state": "loaded",
  "teamId": "T2LHV2VSB"
}
[10/21/18, 19:39:28:215] info: Background Clients Update: 
+-----------+---------+------------+
|           | Full    | Background |
|-----------+---------+------------+
| T2LHV2VSB | loading |            |
+-----------+---------+------------+
[10/21/18, 19:39:28:870] info: Store: UPDATE_SESSION_STATUS
{
  "hasValidSession": false,
  "teamId": "T2LHV2VSB"
}
[10/21/18, 19:48:48:412] info: ╔════════════════════════════════════════════════════════════════════════════════════╗
[10/21/18, 19:48:48:412] info: ║      Slack 3.3.3, linux 4.18.14-arch1-1-ARCH on x64 at 10/21/18, 19:48:48:410      ║
[10/21/18, 19:48:48:412] info: ╚════════════════════════════════════════════════════════════════════════════════════╝
[10/21/18, 19:48:48:841] info: Initializing local storage instance at path: /home/riddle/.dotfiles/xorg/.config/Slack/local-settings.json
[10/21/18, 19:48:49:382] info: TraceRecorder: setting up trace recorder, trace will be stored under /home/riddle/.dotfiles/xorg/.config/Slack/logs/recorded-trace
[10/21/18, 19:48:49:448] info: Configuring uncaughtExceptionHandler
[10/21/18, 19:48:49:448] info: Configuring unhandledRejectionHandler
[10/21/18, 19:48:49:448] info: Registered with apiKey acaff8df67924f677747922423057034
[10/21/18, 19:48:49:621] info: BrowserStore: Keychain access previously denied, don't ask again
[10/21/18, 19:48:49:763] info: Store: persist/REHYDRATE
{
  "appTeams": {
    "selectedTeamId": "T2LHV2VSB",
    "teamsByIndex": [
      "T2LHV2VSB"
    ],
    "teamsToSignOut": []
  },
  "dialog": "[REDACTED]",
  "downloads": "[REDACTED]",
  "enterprise": {
    "T2LHV2VSB": null
  },
  "settings": {
    "appVersion": "3.3.3",
    "versionName": "Dirty Computer",
    "platform": "linux",
    "platformVersion": {
      "major": 4,
      "minor": 18,
      "build": 14
    },
    "isWin10": false,
    "isBeforeWin10": false,
    "resourcePath": "/usr/lib/slack/resources/app.asar",
    "webappSrcPath": null,
    "webappParams": null,
    "isDevMode": false,
    "devEnv": null,
    "logFile": null,
    "rxLogging": false,
    "openDevToolsOnStart": false,
    "pretendNotReallyWindows10": false,
    "releaseChannel": "prod",
    "autoHideMenuBar": false,
    "defaultSigninTeam": null,
    "isTitleBarHidden": false,
    "hasRunApp": true,
    "hasRunFromTray": true,
    "reportIssueOnStartup": false,
    "isSignedIntoSlackOrg": false,
    "isGpuCompositionAvailable": true,
    "runFromTray": true,
    "launchOnStartup": false,
    "spellcheckerLanguage": null,
    "zoomLevel": 0,
    "workspaceIdleTimeout": 43200000,
    "whitelistedUrlSchemes": [
      "http:",
      "https:",
      "mailto:",
      "skype:",
      "spotify:",
      "live:",
      "callto:",
      "tel:",
      "im:",
      "sip:",
      "sips:",
      "slack:"
    ],
    "isTitleBarForcedByUser": false,
    "useHwAcceleration": true,
    "isOpenExternalShellForced": true,
    "PrefSSBFileDownloadPath": "/home/riddle/Downloads",
    "notificationMethod": null,
    "notificationPlayback": null,
    "notificationFailover": 0,
    "notificationFailoverEnabled": true,
    "notificationClickThrough": false,
    "notificationClickThroughMain": true,
    "notificationTimeout": 6000,
    "notificationAfterHoverTimeout": 2000,
    "notificationMaxItems": 3,
    "notificationZoomLevel": null,
    "notificationStyle": null,
    "notificationPresentationCheck": null,
    "notifyPosition": {
      "corner": "bottom_right",
      "display": "same_as_app"
    },
    "locale": "en-US",
    "spellCheckerVersion": "V2",
    "os": false,
    "release": false,
    "desktopEnvironment": false,
    "isAeroGlassEnabled": false,
    "linux": {
      "os": "Raspbian",
      "release": ""
    },
    "sandboxSigninWindow": true
  },
  "teams": "[REDACTED]",
  "windowFrame": {
    "windowSettings": {
      "size": [
        1152,
        864
      ],
      "position": [
        41,
        69
      ],
      "isMaximized": false
    },
    "isFullScreen": false
  }
}
[10/21/18, 19:48:49:823] info: initializeMainWindowEpic: Waiting for selected team to load
{
  "selectedTeamId": "T2LHV2VSB"
}
[10/21/18, 19:48:49:831] info: Store: UPDATE_SETTINGS
{
  "isSignedIntoSlackOrg": false
}
[10/21/18, 19:48:49:833] info: UpdaterEpics: Updates disabled because
{
  "reasons": [
    "using Linux"
  ]
}
[10/21/18, 19:48:50:037] info: Store: INITIALIZE_SETTINGS
{
  "releaseChannel": "prod",
  "platformVersion": {
    "major": 4,
    "minor": 18,
    "build": 14
  },
  "isTitleBarHidden": false,
  "isDevMode": false,
  "appVersion": "3.3.3",
  "versionName": "Dirty Computer",
  "devEnv": null,
  "resourcePath": "/usr/lib/slack/resources/app.asar",
  "webappSrcPath": null,
  "webappParams": null,
  "launchOnStartup": false,
  "openDevToolsOnStart": false,
  "logFile": null,
  "pretendNotReallyWindows10": false,
  "isAeroGlassEnabled": false,
  "isGpuCompositionAvailable": true,
  "linux": {
    "os": "Raspbian",
    "release": ""
  }
}
[10/21/18, 19:48:50:038] info: AutoLoginEpic: Checking for autologin.
[10/21/18, 19:48:50:043] info: WebContentsMediator: Attaching to new webContents
[10/21/18, 19:48:50:045] info: Store: ADD_WINDOW
{
  "id": 2,
  "type": "main"
}
[10/21/18, 19:48:50:046] info: BrowserViewManager: Starting initialization
[10/21/18, 19:48:50:046] info: BrowserViewManager: Activating BrowserView
{
  "teamId": "T2LHV2VSB"
}
[10/21/18, 19:48:50:046] info: BrowserViewManager: Creating BrowserView
{
  "teamId": "T2LHV2VSB"
}
[10/21/18, 19:48:50:048] info: WebContentsMediator: Attaching to new webContents
[10/21/18, 19:48:50:048] info: Store: UPSERT_WEB_CONTENTS
{
  "id": 3,
  "teamId": "T2LHV2VSB",
  "state": "unloaded"
}
[10/21/18, 19:48:50:051] info: Background Clients Update: 
+-----------+-------+------------+
|           | Full  | Background |
|-----------+-------+------------+
| T2LHV2VSB | start |            |
+-----------+-------+------------+
[10/21/18, 19:48:50:056] info: PersistSettingsWindowBehavior: Loading windowMetrics
{
  "settings": {
    "size": [
      1152,
      864
    ],
    "position": [
      41,
      69
    ],
    "isMaximized": false
  }
}
[10/21/18, 19:48:50:099] info: Application: Setting main window ID
{
  "id": 2
}
[10/21/18, 19:48:50:100] info: App: Welcome to Slack 3.3.3 x64
[10/21/18, 19:48:50:100] info: App load time: 1,999040649
[10/21/18, 19:48:51:471] info: Store: BACKGROUND_CLIENTS_INITIALIZED
[10/21/18, 19:48:51:477] info: Store: BACKGROUND_CLIENTS_INITIALIZED true
[10/21/18, 19:48:51:480] info: BrowserViewManager: Activating BrowserView
{
  "teamId": "T2LHV2VSB"
}
[10/21/18, 19:48:51:483] info: Team boot count
{
  "count": 1
}
[10/21/18, 19:48:52:055] info: Store: SET_NETWORK_STATUS online
[10/21/18, 19:48:53:811] info: WebContents LifeCycle: webContents:3 from 'unloaded' to 'loaded' took 3759 ms
[10/21/18, 19:48:53:812] info: Store: UPSERT_WEB_CONTENTS
{
  "id": 3,
  "state": "loaded",
  "teamId": "T2LHV2VSB"
}
[10/21/18, 19:48:53:816] info: Background Clients Update: 
+-----------+---------+------------+
|           | Full    | Background |
|-----------+---------+------------+
| T2LHV2VSB | loading |            |
+-----------+---------+------------+
[10/21/18, 19:48:53:817] info: initializeMainWindowEpic: Showing main window
{
  "shouldMinimize": false,
  "shouldMaximize": false,
  "shouldHide": false
}
[10/21/18, 19:48:53:817] info: Store: MAIN_WINDOW_SHOWN
[10/21/18, 19:48:53:832] info: Store: SET_FULL_SCREEN
[10/21/18, 19:48:53:833] info: Store: SET_FULL_SCREEN
[10/21/18, 19:48:54:193] info: Store: UPDATE_SESSION_STATUS
{
  "hasValidSession": false,
  "teamId": "T2LHV2VSB"
}
[10/21/18, 19:49:05:938] info: WebContents LifeCycle: webContents:3 from 'loaded' to 'page-will-navigate' took 12127 ms
[10/21/18, 19:49:05:939] info: Store: UPSERT_WEB_CONTENTS
{
  "id": 3,
  "state": "page-will-navigate",
  "teamId": "T2LHV2VSB"
}
[10/21/18, 19:49:05:943] info: Background Clients Update: 
+-----------+----------+------------+
|           | Full     | Background |
|-----------+----------+------------+
| T2LHV2VSB | navigate |            |
+-----------+----------+------------+
[10/21/18, 19:49:06:298] info: Store: UPDATE_SESSION_STATUS
{
  "hasValidSession": true,
  "teamId": "T2LHV2VSB"
}
[10/21/18, 19:49:06:764] info: Team boot count
{
  "count": 2
}
[10/21/18, 19:49:07:427] info: Store: REFRESH_TEAMS
{
  "teamIds": [
    "T2LHV2VSB"
  ]
}
[10/21/18, 19:49:07:428] info: EpicHelpers: Flushing cookie store
[10/21/18, 19:49:07:429] info: WebContents LifeCycle: webContents:3 from 'page-will-navigate' to 'loaded' took 1491 ms
[10/21/18, 19:49:07:429] info: Store: UPSERT_WEB_CONTENTS
{
  "id": 3,
  "state": "loaded",
  "teamId": "T2LHV2VSB"
}
[10/21/18, 19:49:07:430] info: Background Clients Update: 
+-----------+---------+------------+
|           | Full    | Background |
|-----------+---------+------------+
| T2LHV2VSB | loading |            |
+-----------+---------+------------+
[10/21/18, 19:49:07:724] info: Store: UPDATE_SESSION_STATUS
{
  "hasValidSession": true,
  "teamId": "T2LHV2VSB"
}
[10/21/18, 19:49:08:703] info: Team boot count
{
  "count": 3
}
[10/21/18, 19:49:10:263] info: Store: SAVE_WINDOW_SETTINGS
{
  "size": [
    1152,
    864
  ],
  "position": [
    54,
    105
  ],
  "isMaximized": false
}
[10/21/18, 19:49:11:258] info: WebContents LifeCycle: webContents:3 from 'loaded' to 'loaded' took 3829 ms
[10/21/18, 19:49:11:258] info: Store: UPSERT_WEB_CONTENTS
{
  "id": 3,
  "state": "loaded",
  "teamId": "T2LHV2VSB"
}
[10/21/18, 19:49:11:551] info: Store: UPDATE_SESSION_STATUS
{
  "hasValidSession": true,
  "teamId": "T2LHV2VSB"
}
[10/21/18, 19:49:12:007] info: Store: SELECT_CHANNEL C2LJ9A5T4
[10/21/18, 19:49:12:009] info: Store: UPDATE_TEAM_LOCALE
{
  "locale": "en-US",
  "teamId": "T2LHV2VSB"
}
[10/21/18, 19:49:12:076] info: Store: UPDATE_SETTINGS
{
  "locale": "en-US"
}
[10/21/18, 19:49:12:115] info: Store: UPDATE_TEAM_THEME
{
  "teamId": "T2LHV2VSB",
  "theme": {
    "active_item": "#4C9689",
    "active_item_text": "#FFFFFF",
    "active_presence": "#38978D",
    "badge": "#EB4D5C",
    "column_bg": "#4D394B",
    "hover_item": "#3E313C",
    "menu_bg": "#3E313C",
    "text_color": "#FFFFFF"
  }
}
[10/21/18, 19:49:12:520] info: Store: UPDATE_TEAM_LOCALE
{
  "locale": "en-US",
  "teamId": "T2LHV2VSB"
}
[10/21/18, 19:49:12:589] info: WebContents LifeCycle: webContents:3 from 'loaded' to 'webapp-loaded' took 1331 ms
[10/21/18, 19:49:12:589] info: Store: UPSERT_WEB_CONTENTS
{
  "id": 3,
  "state": "webapp-loaded",
  "teamId": "T2LHV2VSB"
}
[10/21/18, 19:49:12:590] info: Background Clients Update: 
+-----------+-------+------------+
|           | Full  | Background |
|-----------+-------+------------+
| T2LHV2VSB | ready |            |
+-----------+-------+------------+
[10/21/18, 19:49:12:593] info: Store: UPDATE_SETTINGS
{
  "sandboxSigninWindow": true
}
[10/21/18, 19:49:12:707] info: Store: STORE_ENTERPRISE_ID_PAIR
{
  "teamId": "T2LHV2VSB",
  "enterpriseId": null
}
[10/21/18, 19:49:12:709] info: Store: STORE_API_TOKEN
{
  "token": "xoxs-⋯",
  "teamId": "T2LHV2VSB"
}
[10/21/18, 19:49:12:848] info: WebContentsMediator: Attaching to new webContents
[10/21/18, 19:49:19:149] info: BrowserViewManager: Activating BrowserView
{
  "teamId": "T2LHV2VSB"
}
[10/21/18, 19:49:20:152] info: Store: SAVE_WINDOW_SETTINGS
{
  "size": [
    1152,
    864
  ],
  "position": [
    54,
    105
  ],
  "isMaximized": false
}
[10/21/18, 20:01:17:487] info: ╔════════════════════════════════════════════════════════════════════════════════════╗
[10/21/18, 20:01:17:487] info: ║      Slack 3.3.3, linux 4.18.14-arch1-1-ARCH on x64 at 10/21/18, 20:01:17:485      ║
[10/21/18, 20:01:17:487] info: ╚════════════════════════════════════════════════════════════════════════════════════╝
[10/21/18, 20:01:18:225] info: Initializing local storage instance at path: /home/riddle/.dotfiles/xorg/.config/Slack/local-settings.json
[10/21/18, 20:01:19:024] info: TraceRecorder: setting up trace recorder, trace will be stored under /home/riddle/.dotfiles/xorg/.config/Slack/logs/recorded-trace
[10/21/18, 20:01:19:054] info: Configuring uncaughtExceptionHandler
[10/21/18, 20:01:19:054] info: Configuring unhandledRejectionHandler
[10/21/18, 20:01:19:054] info: Registered with apiKey acaff8df67924f677747922423057034
[10/21/18, 20:01:20:179] info: BrowserStore: Keychain access previously denied, don't ask again
[10/21/18, 20:01:20:260] info: Store: persist/REHYDRATE
{
  "appTeams": {
    "selectedTeamId": "T2LHV2VSB",
    "teamsByIndex": [
      "T2LHV2VSB"
    ],
    "teamsToSignOut": []
  },
  "dialog": "[REDACTED]",
  "downloads": "[REDACTED]",
  "enterprise": {
    "T2LHV2VSB": null
  },
  "settings": {
    "appVersion": "3.3.3",
    "versionName": "Dirty Computer",
    "platform": "linux",
    "platformVersion": {
      "major": 4,
      "minor": 18,
      "build": 14
    },
    "isWin10": false,
    "isBeforeWin10": false,
    "resourcePath": "/usr/lib/slack/resources/app.asar",
    "webappSrcPath": null,
    "webappParams": null,
    "isDevMode": false,
    "devEnv": null,
    "logFile": null,
    "rxLogging": false,
    "openDevToolsOnStart": false,
    "pretendNotReallyWindows10": false,
    "releaseChannel": "prod",
    "autoHideMenuBar": false,
    "defaultSigninTeam": null,
    "isTitleBarHidden": false,
    "hasRunApp": true,
    "hasRunFromTray": true,
    "reportIssueOnStartup": false,
    "isSignedIntoSlackOrg": false,
    "isGpuCompositionAvailable": true,
    "runFromTray": true,
    "launchOnStartup": false,
    "spellcheckerLanguage": null,
    "zoomLevel": 0,
    "workspaceIdleTimeout": 43200000,
    "whitelistedUrlSchemes": [
      "http:",
      "https:",
      "mailto:",
      "skype:",
      "spotify:",
      "live:",
      "callto:",
      "tel:",
      "im:",
      "sip:",
      "sips:",
      "slack:"
    ],
    "isTitleBarForcedByUser": false,
    "useHwAcceleration": true,
    "isOpenExternalShellForced": true,
    "PrefSSBFileDownloadPath": "/home/riddle/Downloads",
    "notificationMethod": null,
    "notificationPlayback": null,
    "notificationFailover": 0,
    "notificationFailoverEnabled": true,
    "notificationClickThrough": false,
    "notificationClickThroughMain": true,
    "notificationTimeout": 6000,
    "notificationAfterHoverTimeout": 2000,
    "notificationMaxItems": 3,
    "notificationZoomLevel": null,
    "notificationStyle": null,
    "notificationPresentationCheck": null,
    "notifyPosition": {
      "corner": "bottom_right",
      "display": "same_as_app"
    },
    "locale": "en-US",
    "spellCheckerVersion": "V2",
    "os": false,
    "release": false,
    "desktopEnvironment": false,
    "isAeroGlassEnabled": false,
    "linux": {
      "os": "Raspbian",
      "release": ""
    },
    "sandboxSigninWindow": true
  },
  "teams": "[REDACTED]",
  "windowFrame": {
    "windowSettings": {
      "size": [
        1152,
        864
      ],
      "position": [
        54,
        105
      ],
      "isMaximized": false
    },
    "isFullScreen": false
  }
}
[10/21/18, 20:01:20:670] info: initializeMainWindowEpic: Waiting for selected team to load
{
  "selectedTeamId": "T2LHV2VSB"
}
[10/21/18, 20:01:20:671] info: Store: UPDATE_SETTINGS
{
  "isSignedIntoSlackOrg": false
}
[10/21/18, 20:01:20:674] info: UpdaterEpics: Updates disabled because
{
  "reasons": [
    "using Linux"
  ]
}
[10/21/18, 20:01:21:190] info: Store: INITIALIZE_SETTINGS
{
  "releaseChannel": "prod",
  "platformVersion": {
    "major": 4,
    "minor": 18,
    "build": 14
  },
  "isTitleBarHidden": false,
  "isDevMode": false,
  "appVersion": "3.3.3",
  "versionName": "Dirty Computer",
  "devEnv": null,
  "resourcePath": "/usr/lib/slack/resources/app.asar",
  "webappSrcPath": null,
  "webappParams": null,
  "launchOnStartup": false,
  "openDevToolsOnStart": false,
  "logFile": null,
  "pretendNotReallyWindows10": false,
  "isAeroGlassEnabled": false,
  "isGpuCompositionAvailable": true,
  "linux": {
    "os": "Raspbian",
    "release": ""
  }
}
[10/21/18, 20:01:21:191] info: AutoLoginEpic: Checking for autologin.
[10/21/18, 20:01:21:195] info: WebContentsMediator: Attaching to new webContents
[10/21/18, 20:01:21:197] info: Store: ADD_WINDOW
{
  "id": 2,
  "type": "main"
}
[10/21/18, 20:01:21:198] info: BrowserViewManager: Starting initialization
[10/21/18, 20:01:21:198] info: BrowserViewManager: Activating BrowserView
{
  "teamId": "T2LHV2VSB"
}
[10/21/18, 20:01:21:199] info: BrowserViewManager: Creating BrowserView
{
  "teamId": "T2LHV2VSB"
}
[10/21/18, 20:01:21:200] info: WebContentsMediator: Attaching to new webContents
[10/21/18, 20:01:21:200] info: Store: UPSERT_WEB_CONTENTS
{
  "id": 3,
  "teamId": "T2LHV2VSB",
  "state": "unloaded"
}
[10/21/18, 20:01:21:204] info: Background Clients Update: 
+-----------+-------+------------+
|           | Full  | Background |
|-----------+-------+------------+
| T2LHV2VSB | start |            |
+-----------+-------+------------+
[10/21/18, 20:01:21:210] info: PersistSettingsWindowBehavior: Loading windowMetrics
{
  "settings": {
    "size": [
      1152,
      864
    ],
    "position": [
      54,
      105
    ],
    "isMaximized": false
  }
}
[10/21/18, 20:01:21:333] info: Application: Setting main window ID
{
  "id": 2
}
[10/21/18, 20:01:21:334] info: App: Welcome to Slack 3.3.3 x64
[10/21/18, 20:01:21:335] info: App load time: 4,869162430
[10/21/18, 20:01:23:740] info: Store: BACKGROUND_CLIENTS_INITIALIZED
[10/21/18, 20:01:23:757] info: Store: BACKGROUND_CLIENTS_INITIALIZED true
[10/21/18, 20:01:23:758] info: BrowserViewManager: Activating BrowserView
{
  "teamId": "T2LHV2VSB"
}
[10/21/18, 20:01:24:438] info: Store: SET_NETWORK_STATUS online
[10/21/18, 20:01:24:543] info: Team boot count
{
  "count": 1
}
[10/21/18, 20:01:26:289] info: Store: QUIT_APP
[10/21/18, 20:01:26:293] info: quitApplicationEpic: found update metadata, send telemetry
[10/21/18, 20:01:26:293] info: EpicHelpers: Flushing cookie store
[10/21/18, 20:01:26:455] info: EpicHelpers: Flushing local-settings.json
[10/21/18, 20:01:26:623] info: quitApplicationEpic: Closing main window
{
  "id": 2
}
[10/21/18, 20:01:26:624] info: Allowing window close because user chose to quit
[10/21/18, 20:01:26:625] info: Notification Window Manager: Trying to close notifications window
[10/21/18, 20:01:26:625] warn: Notification Window Manager: Could not find notifications window in state
[10/21/18, 20:01:26:627] info: App: Disposing application
[10/21/18, 20:01:26:628] info: Store: REMOVE_WINDOW 2
[10/21/18, 20:01:26:631] info: quitApplicationEpic: Disposing item
{
  "type": "ReduxPersistStorage"
}
[10/21/18, 20:01:26:646] info: Store: QUIT_APP
[10/21/18, 20:01:26:893] info: Store: QUIT_APP
[10/21/18, 20:01:28:809] info: ╔════════════════════════════════════════════════════════════════════════════════════╗
[10/21/18, 20:01:28:810] info: ║      Slack 3.3.3, linux 4.18.14-arch1-1-ARCH on x64 at 10/21/18, 20:01:28:807      ║
[10/21/18, 20:01:28:810] info: ╚════════════════════════════════════════════════════════════════════════════════════╝
[10/21/18, 20:01:29:127] info: Initializing local storage instance at path: /home/riddle/.dotfiles/xorg/.config/Slack/local-settings.json
[10/21/18, 20:01:29:472] info: TraceRecorder: setting up trace recorder, trace will be stored under /home/riddle/.dotfiles/xorg/.config/Slack/logs/recorded-trace
[10/21/18, 20:01:29:476] info: Configuring uncaughtExceptionHandler
[10/21/18, 20:01:29:477] info: Configuring unhandledRejectionHandler
[10/21/18, 20:01:29:477] info: Registered with apiKey acaff8df67924f677747922423057034
[10/21/18, 20:01:29:505] info: BrowserStore: Keychain access previously denied, don't ask again
[10/21/18, 20:01:29:514] info: Store: persist/REHYDRATE
{
  "appTeams": {
    "selectedTeamId": "T2LHV2VSB",
    "teamsByIndex": [
      "T2LHV2VSB"
    ],
    "teamsToSignOut": []
  },
  "dialog": "[REDACTED]",
  "downloads": "[REDACTED]",
  "enterprise": {
    "T2LHV2VSB": null
  },
  "settings": {
    "appVersion": "3.3.3",
    "versionName": "Dirty Computer",
    "platform": "linux",
    "platformVersion": {
      "major": 4,
      "minor": 18,
      "build": 14
    },
    "isWin10": false,
    "isBeforeWin10": false,
    "resourcePath": "/usr/lib/slack/resources/app.asar",
    "webappSrcPath": null,
    "webappParams": null,
    "isDevMode": false,
    "devEnv": null,
    "logFile": null,
    "rxLogging": false,
    "openDevToolsOnStart": false,
    "pretendNotReallyWindows10": false,
    "releaseChannel": "prod",
    "autoHideMenuBar": false,
    "defaultSigninTeam": null,
    "isTitleBarHidden": false,
    "hasRunApp": true,
    "hasRunFromTray": true,
    "reportIssueOnStartup": false,
    "isSignedIntoSlackOrg": false,
    "isGpuCompositionAvailable": true,
    "runFromTray": true,
    "launchOnStartup": false,
    "spellcheckerLanguage": null,
    "zoomLevel": 0,
    "workspaceIdleTimeout": 43200000,
    "whitelistedUrlSchemes": [
      "http:",
      "https:",
      "mailto:",
      "skype:",
      "spotify:",
      "live:",
      "callto:",
      "tel:",
      "im:",
      "sip:",
      "sips:",
      "slack:"
    ],
    "isTitleBarForcedByUser": false,
    "useHwAcceleration": true,
    "isOpenExternalShellForced": true,
    "PrefSSBFileDownloadPath": "/home/riddle/Downloads",
    "notificationMethod": null,
    "notificationPlayback": null,
    "notificationFailover": 0,
    "notificationFailoverEnabled": true,
    "notificationClickThrough": false,
    "notificationClickThroughMain": true,
    "notificationTimeout": 6000,
    "notificationAfterHoverTimeout": 2000,
    "notificationMaxItems": 3,
    "notificationZoomLevel": null,
    "notificationStyle": null,
    "notificationPresentationCheck": null,
    "notifyPosition": {
      "corner": "bottom_right",
      "display": "same_as_app"
    },
    "locale": "en-US",
    "spellCheckerVersion": "V2",
    "os": false,
    "release": false,
    "desktopEnvironment": false,
    "isAeroGlassEnabled": false,
    "linux": {
      "os": "Raspbian",
      "release": ""
    },
    "sandboxSigninWindow": true
  },
  "teams": "[REDACTED]",
  "windowFrame": {
    "windowSettings": {
      "size": [
        1152,
        864
      ],
      "position": [
        54,
        105
      ],
      "isMaximized": false
    },
    "isFullScreen": false
  }
}
[10/21/18, 20:01:29:544] info: initializeMainWindowEpic: Waiting for selected team to load
{
  "selectedTeamId": "T2LHV2VSB"
}
[10/21/18, 20:01:29:545] info: Store: UPDATE_SETTINGS
{
  "isSignedIntoSlackOrg": false
}
[10/21/18, 20:01:29:547] info: UpdaterEpics: Updates disabled because
{
  "reasons": [
    "using Linux"
  ]
}
[10/21/18, 20:01:29:673] info: Store: INITIALIZE_SETTINGS
{
  "releaseChannel": "prod",
  "platformVersion": {
    "major": 4,
    "minor": 18,
    "build": 14
  },
  "isTitleBarHidden": false,
  "isDevMode": false,
  "appVersion": "3.3.3",
  "versionName": "Dirty Computer",
  "devEnv": null,
  "resourcePath": "/usr/lib/slack/resources/app.asar",
  "webappSrcPath": null,
  "webappParams": null,
  "launchOnStartup": false,
  "openDevToolsOnStart": false,
  "logFile": null,
  "pretendNotReallyWindows10": false,
  "isAeroGlassEnabled": false,
  "isGpuCompositionAvailable": true,
  "linux": {
    "os": "Raspbian",
    "release": ""
  }
}
[10/21/18, 20:01:29:675] info: AutoLoginEpic: Checking for autologin.
[10/21/18, 20:01:29:680] info: WebContentsMediator: Attaching to new webContents
[10/21/18, 20:01:29:682] info: Store: ADD_WINDOW
{
  "id": 2,
  "type": "main"
}
[10/21/18, 20:01:29:683] info: BrowserViewManager: Starting initialization
[10/21/18, 20:01:29:683] info: BrowserViewManager: Activating BrowserView
{
  "teamId": "T2LHV2VSB"
}
[10/21/18, 20:01:29:684] info: BrowserViewManager: Creating BrowserView
{
  "teamId": "T2LHV2VSB"
}
[10/21/18, 20:01:29:685] info: WebContentsMediator: Attaching to new webContents
[10/21/18, 20:01:29:686] info: Store: UPSERT_WEB_CONTENTS
{
  "id": 3,
  "teamId": "T2LHV2VSB",
  "state": "unloaded"
}
[10/21/18, 20:01:29:689] info: Background Clients Update: 
+-----------+-------+------------+
|           | Full  | Background |
|-----------+-------+------------+
| T2LHV2VSB | start |            |
+-----------+-------+------------+
[10/21/18, 20:01:29:695] info: PersistSettingsWindowBehavior: Loading windowMetrics
{
  "settings": {
    "size": [
      1152,
      864
    ],
    "position": [
      54,
      105
    ],
    "isMaximized": false
  }
}
[10/21/18, 20:01:29:711] info: Application: Setting main window ID
{
  "id": 2
}
[10/21/18, 20:01:29:712] info: App: Welcome to Slack 3.3.3 x64
[10/21/18, 20:01:29:712] info: App load time: 1,93464944
[10/21/18, 20:01:30:642] info: Store: BACKGROUND_CLIENTS_INITIALIZED
[10/21/18, 20:01:30:662] info: Store: BACKGROUND_CLIENTS_INITIALIZED true
[10/21/18, 20:01:30:664] info: BrowserViewManager: Activating BrowserView
{
  "teamId": "T2LHV2VSB"
}
[10/21/18, 20:01:31:209] info: Store: SET_NETWORK_STATUS online
[10/21/18, 20:01:31:624] info: Team boot count
{
  "count": 1
}
[10/21/18, 20:01:34:215] info: WebContents LifeCycle: webContents:3 from 'unloaded' to 'loaded' took 4525 ms
[10/21/18, 20:01:34:216] info: Store: UPSERT_WEB_CONTENTS
{
  "id": 3,
  "state": "loaded",
  "teamId": "T2LHV2VSB"
}
[10/21/18, 20:01:34:217] info: Background Clients Update: 
+-----------+---------+------------+
|           | Full    | Background |
|-----------+---------+------------+
| T2LHV2VSB | loading |            |
+-----------+---------+------------+
[10/21/18, 20:01:34:218] info: initializeMainWindowEpic: Showing main window
{
  "shouldMinimize": false,
  "shouldMaximize": false,
  "shouldHide": false
}
[10/21/18, 20:01:34:219] info: Store: MAIN_WINDOW_SHOWN
[10/21/18, 20:01:34:238] info: Store: SET_FULL_SCREEN
[10/21/18, 20:01:34:239] info: Store: SET_FULL_SCREEN
[10/21/18, 20:01:34:786] info: Store: UPDATE_SESSION_STATUS
{
  "hasValidSession": true,
  "teamId": "T2LHV2VSB"
}
[10/21/18, 20:01:34:913] info: Store: SELECT_CHANNEL C2LJ9A5T4
[10/21/18, 20:01:34:914] info: Store: UPDATE_TEAM_LOCALE
{
  "locale": "en-US",
  "teamId": "T2LHV2VSB"
}
[10/21/18, 20:01:34:945] info: Store: UPDATE_SETTINGS
{
  "locale": "en-US"
}
[10/21/18, 20:01:34:946] info: Store: UPDATE_TEAM_THEME
{
  "teamId": "T2LHV2VSB",
  "theme": {
    "active_item": "#4C9689",
    "active_item_text": "#FFFFFF",
    "active_presence": "#38978D",
    "badge": "#EB4D5C",
    "column_bg": "#4D394B",
    "hover_item": "#3E313C",
    "menu_bg": "#3E313C",
    "text_color": "#FFFFFF"
  }
}
[10/21/18, 20:01:35:441] info: Store: UPDATE_TEAM_LOCALE
{
  "locale": "en-US",
  "teamId": "T2LHV2VSB"
}
[10/21/18, 20:01:35:523] info: WebContents LifeCycle: webContents:3 from 'loaded' to 'webapp-loaded' took 1308 ms
[10/21/18, 20:01:35:523] info: Store: UPSERT_WEB_CONTENTS
{
  "id": 3,
  "state": "webapp-loaded",
  "teamId": "T2LHV2VSB"
}
[10/21/18, 20:01:35:524] info: Background Clients Update: 
+-----------+-------+------------+
|           | Full  | Background |
|-----------+-------+------------+
| T2LHV2VSB | ready |            |
+-----------+-------+------------+
[10/21/18, 20:01:35:526] info: Store: UPDATE_SETTINGS
{
  "sandboxSigninWindow": true
}
[10/21/18, 20:01:35:614] info: Store: STORE_ENTERPRISE_ID_PAIR
{
  "teamId": "T2LHV2VSB",
  "enterpriseId": null
}
[10/21/18, 20:01:35:616] info: Store: STORE_API_TOKEN
{
  "token": "xoxs-⋯",
  "teamId": "T2LHV2VSB"
}
[10/21/18, 20:02:32:162] error: Telemetry: Failed to send telemetry request
{
  "error": {
    "message": "telemetry request aborted due to timeout",
    "stack": "Error: telemetry request aborted due to timeout\n    at Timeout.setTimeout [as _onTimeout] (/usr/lib/slack/resources/app.asar/src/telemetry.ts:148:36)\n    at ontimeout (timers.js:475:11)\n    at tryOnTimeout (timers.js:310:5)\n    at Timer.listOnTimeout (timers.js:270:5)"
  }
}
[10/21/18, 20:22:20:553] info: BrowserViewManager: Activating BrowserView
{
  "teamId": "T2LHV2VSB"
}
[10/21/18, 20:22:21:556] info: Store: SAVE_WINDOW_SETTINGS
{
  "size": [
    1152,
    864
  ],
  "position": [
    54,
    105
  ],
  "isMaximized": false
}
[10/21/18, 20:22:57:688] info: Store: SET_SUSPEND_STATUS
[10/21/18, 21:13:47:550] info: Store: SET_SUSPEND_STATUS true
[10/21/18, 21:13:59:742] info: Store: UPDATE_TEAM_LOCALE
{
  "locale": "en-US",
  "teamId": "T2LHV2VSB"
}
[10/21/18, 21:55:07:142] info: BrowserViewManager: Activating BrowserView
{
  "teamId": "T2LHV2VSB"
}
[10/21/18, 21:55:07:914] info: WindowCloseBehavior: Attempted to close the window, hiding due to run from tray
[10/21/18, 21:55:07:926] info: Store: SET_FULL_SCREEN
[10/21/18, 21:55:08:147] info: Store: SAVE_WINDOW_SETTINGS
{
  "size": [
    1152,
    864
  ],
  "position": [
    54,
    105
  ],
  "isMaximized": false
}
[10/21/18, 23:30:12:986] info: ╔════════════════════════════════════════════════════════════════════════════════════╗
[10/21/18, 23:30:12:987] info: ║      Slack 3.3.3, linux 4.18.14-arch1-1-ARCH on x64 at 10/21/18, 23:30:12:982      ║
[10/21/18, 23:30:12:987] info: ╚════════════════════════════════════════════════════════════════════════════════════╝
[10/21/18, 23:30:21:603] info: Initializing local storage instance at path: /home/riddle/.dotfiles/xorg/.config/Slack/local-settings.json
[10/21/18, 23:30:25:954] info: TraceRecorder: setting up trace recorder, trace will be stored under /home/riddle/.dotfiles/xorg/.config/Slack/logs/recorded-trace
[10/21/18, 23:30:26:028] info: Configuring uncaughtExceptionHandler
[10/21/18, 23:30:26:028] info: Configuring unhandledRejectionHandler
[10/21/18, 23:30:26:028] info: Registered with apiKey acaff8df67924f677747922423057034
[10/21/18, 23:30:28:421] info: BrowserStore: Keychain access previously denied, don't ask again
[10/21/18, 23:30:28:695] info: Store: persist/REHYDRATE
{
  "appTeams": {
    "selectedTeamId": "T2LHV2VSB",
    "teamsByIndex": [
      "T2LHV2VSB"
    ],
    "teamsToSignOut": []
  },
  "dialog": "[REDACTED]",
  "downloads": "[REDACTED]",
  "enterprise": {
    "T2LHV2VSB": null
  },
  "settings": {
    "appVersion": "3.3.3",
    "versionName": "Dirty Computer",
    "platform": "linux",
    "platformVersion": {
      "major": 4,
      "minor": 18,
      "build": 14
    },
    "isWin10": false,
    "isBeforeWin10": false,
    "resourcePath": "/usr/lib/slack/resources/app.asar",
    "webappSrcPath": null,
    "webappParams": null,
    "isDevMode": false,
    "devEnv": null,
    "logFile": null,
    "rxLogging": false,
    "openDevToolsOnStart": false,
    "pretendNotReallyWindows10": false,
    "releaseChannel": "prod",
    "autoHideMenuBar": false,
    "defaultSigninTeam": null,
    "isTitleBarHidden": false,
    "hasRunApp": true,
    "hasRunFromTray": true,
    "reportIssueOnStartup": false,
    "isSignedIntoSlackOrg": false,
    "isGpuCompositionAvailable": true,
    "runFromTray": true,
    "launchOnStartup": false,
    "spellcheckerLanguage": null,
    "zoomLevel": 0,
    "workspaceIdleTimeout": 43200000,
    "whitelistedUrlSchemes": [
      "http:",
      "https:",
      "mailto:",
      "skype:",
      "spotify:",
      "live:",
      "callto:",
      "tel:",
      "im:",
      "sip:",
      "sips:",
      "slack:"
    ],
    "isTitleBarForcedByUser": false,
    "useHwAcceleration": true,
    "isOpenExternalShellForced": true,
    "PrefSSBFileDownloadPath": "/home/riddle/Downloads",
    "notificationMethod": null,
    "notificationPlayback": null,
    "notificationFailover": 0,
    "notificationFailoverEnabled": true,
    "notificationClickThrough": false,
    "notificationClickThroughMain": true,
    "notificationTimeout": 6000,
    "notificationAfterHoverTimeout": 2000,
    "notificationMaxItems": 3,
    "notificationZoomLevel": null,
    "notificationStyle": null,
    "notificationPresentationCheck": null,
    "notifyPosition": {
      "corner": "bottom_right",
      "display": "same_as_app"
    },
    "locale": "en-US",
    "spellCheckerVersion": "V2",
    "os": false,
    "release": false,
    "desktopEnvironment": false,
    "isAeroGlassEnabled": false,
    "linux": {
      "os": "Raspbian",
      "release": ""
    },
    "sandboxSigninWindow": true
  },
  "teams": "[REDACTED]",
  "windowFrame": {
    "windowSettings": {
      "size": [
        1152,
        864
      ],
      "position": [
        54,
        105
      ],
      "isMaximized": false
    },
    "isFullScreen": false
  }
}
[10/21/18, 23:30:30:724] info: initializeMainWindowEpic: Waiting for selected team to load
{
  "selectedTeamId": "T2LHV2VSB"
}
[10/21/18, 23:30:30:724] info: Store: UPDATE_SETTINGS
{
  "isSignedIntoSlackOrg": false
}
[10/21/18, 23:30:30:726] info: UpdaterEpics: Updates disabled because
{
  "reasons": [
    "using Linux"
  ]
}
[10/21/18, 23:30:31:544] info: Store: INITIALIZE_SETTINGS
{
  "releaseChannel": "prod",
  "platformVersion": {
    "major": 4,
    "minor": 18,
    "build": 14
  },
  "isTitleBarHidden": false,
  "isDevMode": false,
  "appVersion": "3.3.3",
  "versionName": "Dirty Computer",
  "devEnv": null,
  "resourcePath": "/usr/lib/slack/resources/app.asar",
  "webappSrcPath": null,
  "webappParams": null,
  "launchOnStartup": false,
  "openDevToolsOnStart": false,
  "logFile": null,
  "pretendNotReallyWindows10": false,
  "isAeroGlassEnabled": false,
  "isGpuCompositionAvailable": true,
  "linux": {
    "os": "Raspbian",
    "release": ""
  }
}
[10/21/18, 23:30:31:545] info: AutoLoginEpic: Checking for autologin.
[10/21/18, 23:30:31:550] info: WebContentsMediator: Attaching to new webContents
[10/21/18, 23:30:31:573] info: Store: ADD_WINDOW
{
  "id": 2,
  "type": "main"
}
[10/21/18, 23:30:31:574] info: BrowserViewManager: Starting initialization
[10/21/18, 23:30:31:575] info: BrowserViewManager: Activating BrowserView
{
  "teamId": "T2LHV2VSB"
}
[10/21/18, 23:30:31:575] info: BrowserViewManager: Creating BrowserView
{
  "teamId": "T2LHV2VSB"
}
[10/21/18, 23:30:31:576] info: WebContentsMediator: Attaching to new webContents
[10/21/18, 23:30:31:577] info: Store: UPSERT_WEB_CONTENTS
{
  "id": 3,
  "teamId": "T2LHV2VSB",
  "state": "unloaded"
}
[10/21/18, 23:30:31:580] info: Background Clients Update: 
+-----------+-------+------------+
|           | Full  | Background |
|-----------+-------+------------+
| T2LHV2VSB | start |            |
+-----------+-------+------------+
[10/21/18, 23:30:31:621] info: PersistSettingsWindowBehavior: Loading windowMetrics
{
  "settings": {
    "size": [
      1152,
      864
    ],
    "position": [
      54,
      105
    ],
    "isMaximized": false
  }
}
[10/21/18, 23:30:31:924] info: Application: Setting main window ID
{
  "id": 2
}
[10/21/18, 23:30:31:925] info: App: Welcome to Slack 3.3.3 x64
[10/21/18, 23:30:31:925] info: App load time: 25,763663435
[10/21/18, 23:30:39:354] info: Store: BACKGROUND_CLIENTS_INITIALIZED
[10/21/18, 23:30:39:360] info: Store: BACKGROUND_CLIENTS_INITIALIZED true
[10/21/18, 23:30:39:361] info: BrowserViewManager: Activating BrowserView
{
  "teamId": "T2LHV2VSB"
}
[10/21/18, 23:30:41:236] info: Store: SET_NETWORK_STATUS online
[10/21/18, 23:30:41:299] info: Team boot count
{
  "count": 1
}
[10/21/18, 23:30:44:898] info: WebContents LifeCycle: webContents:3 from 'unloaded' to 'loaded' took 13317 ms
[10/21/18, 23:30:44:898] info: Store: UPSERT_WEB_CONTENTS
{
  "id": 3,
  "state": "loaded",
  "teamId": "T2LHV2VSB"
}
[10/21/18, 23:30:44:900] info: Background Clients Update: 
+-----------+---------+------------+
|           | Full    | Background |
|-----------+---------+------------+
| T2LHV2VSB | loading |            |
+-----------+---------+------------+
[10/21/18, 23:30:44:901] info: initializeMainWindowEpic: Showing main window
{
  "shouldMinimize": false,
  "shouldMaximize": false,
  "shouldHide": false
}
[10/21/18, 23:30:44:902] info: Store: MAIN_WINDOW_SHOWN
[10/21/18, 23:30:44:921] info: Store: SET_FULL_SCREEN
[10/21/18, 23:30:44:922] info: Store: SET_FULL_SCREEN
[10/21/18, 23:30:45:198] info: Store: UPDATE_SESSION_STATUS
{
  "hasValidSession": true,
  "teamId": "T2LHV2VSB"
}
[10/21/18, 23:30:45:646] info: Store: SELECT_CHANNEL C2LJ9A5T4
[10/21/18, 23:30:45:648] info: Store: UPDATE_TEAM_LOCALE
{
  "locale": "en-US",
  "teamId": "T2LHV2VSB"
}
[10/21/18, 23:30:45:718] info: Store: UPDATE_SETTINGS
{
  "locale": "en-US"
}
[10/21/18, 23:30:45:750] info: Store: UPDATE_TEAM_THEME
{
  "teamId": "T2LHV2VSB",
  "theme": {
    "active_item": "#4C9689",
    "active_item_text": "#FFFFFF",
    "active_presence": "#38978D",
    "badge": "#EB4D5C",
    "column_bg": "#4D394B",
    "hover_item": "#3E313C",
    "menu_bg": "#3E313C",
    "text_color": "#FFFFFF"
  }
}
[10/21/18, 23:30:46:889] info: Store: UPDATE_TEAM_LOCALE
{
  "locale": "en-US",
  "teamId": "T2LHV2VSB"
}
[10/21/18, 23:30:46:961] info: WebContents LifeCycle: webContents:3 from 'loaded' to 'webapp-loaded' took 2063 ms
[10/21/18, 23:30:46:961] info: Store: UPSERT_WEB_CONTENTS
{
  "id": 3,
  "state": "webapp-loaded",
  "teamId": "T2LHV2VSB"
}
[10/21/18, 23:30:46:962] info: Background Clients Update: 
+-----------+-------+------------+
|           | Full  | Background |
|-----------+-------+------------+
| T2LHV2VSB | ready |            |
+-----------+-------+------------+
[10/21/18, 23:30:46:965] info: Store: UPDATE_SETTINGS
{
  "sandboxSigninWindow": true
}
[10/21/18, 23:30:47:064] info: Store: STORE_ENTERPRISE_ID_PAIR
{
  "teamId": "T2LHV2VSB",
  "enterpriseId": null
}
[10/21/18, 23:30:47:067] info: Store: STORE_API_TOKEN
{
  "token": "xoxs-⋯",
  "teamId": "T2LHV2VSB"
}
[10/22/18, 00:12:49:803] info: ╔════════════════════════════════════════════════════════════════════════════════════╗
[10/22/18, 00:12:49:805] info: ║      Slack 3.3.3, linux 4.18.14-arch1-1-ARCH on x64 at 10/22/18, 00:12:49:797      ║
[10/22/18, 00:12:49:805] info: ╚════════════════════════════════════════════════════════════════════════════════════╝
[10/22/18, 00:13:02:835] info: Initializing local storage instance at path: /home/riddle/.dotfiles/xorg/.config/Slack/local-settings.json
[10/22/18, 00:13:19:496] info: TraceRecorder: setting up trace recorder, trace will be stored under /home/riddle/.dotfiles/xorg/.config/Slack/logs/recorded-trace
[10/22/18, 00:13:19:503] info: Configuring uncaughtExceptionHandler
[10/22/18, 00:13:19:503] info: Configuring unhandledRejectionHandler
[10/22/18, 00:13:19:503] info: Registered with apiKey acaff8df67924f677747922423057034
[10/22/18, 00:13:24:443] info: BrowserStore: Keychain access previously denied, don't ask again
[10/22/18, 00:13:24:602] info: Store: persist/REHYDRATE
{
  "appTeams": {
    "selectedTeamId": "T2LHV2VSB",
    "teamsByIndex": [
      "T2LHV2VSB"
    ],
    "teamsToSignOut": []
  },
  "dialog": "[REDACTED]",
  "downloads": "[REDACTED]",
  "enterprise": {
    "T2LHV2VSB": null
  },
  "settings": {
    "appVersion": "3.3.3",
    "versionName": "Dirty Computer",
    "platform": "linux",
    "platformVersion": {
      "major": 4,
      "minor": 18,
      "build": 14
    },
    "isWin10": false,
    "isBeforeWin10": false,
    "resourcePath": "/usr/lib/slack/resources/app.asar",
    "webappSrcPath": null,
    "webappParams": null,
    "isDevMode": false,
    "devEnv": null,
    "logFile": null,
    "rxLogging": false,
    "openDevToolsOnStart": false,
    "pretendNotReallyWindows10": false,
    "releaseChannel": "prod",
    "autoHideMenuBar": false,
    "defaultSigninTeam": null,
    "isTitleBarHidden": false,
    "hasRunApp": true,
    "hasRunFromTray": true,
    "reportIssueOnStartup": false,
    "isSignedIntoSlackOrg": false,
    "isGpuCompositionAvailable": true,
    "runFromTray": true,
    "launchOnStartup": false,
    "spellcheckerLanguage": null,
    "zoomLevel": 0,
    "workspaceIdleTimeout": 43200000,
    "whitelistedUrlSchemes": [
      "http:",
      "https:",
      "mailto:",
      "skype:",
      "spotify:",
      "live:",
      "callto:",
      "tel:",
      "im:",
      "sip:",
      "sips:",
      "slack:"
    ],
    "isTitleBarForcedByUser": false,
    "useHwAcceleration": true,
    "isOpenExternalShellForced": true,
    "PrefSSBFileDownloadPath": "/home/riddle/Downloads",
    "notificationMethod": null,
    "notificationPlayback": null,
    "notificationFailover": 0,
    "notificationFailoverEnabled": true,
    "notificationClickThrough": false,
    "notificationClickThroughMain": true,
    "notificationTimeout": 6000,
    "notificationAfterHoverTimeout": 2000,
    "notificationMaxItems": 3,
    "notificationZoomLevel": null,
    "notificationStyle": null,
    "notificationPresentationCheck": null,
    "notifyPosition": {
      "corner": "bottom_right",
      "display": "same_as_app"
    },
    "locale": "en-US",
    "spellCheckerVersion": "V2",
    "os": false,
    "release": false,
    "desktopEnvironment": false,
    "isAeroGlassEnabled": false,
    "linux": {
      "os": "Raspbian",
      "release": ""
    },
    "sandboxSigninWindow": true
  },
  "teams": "[REDACTED]",
  "windowFrame": {
    "windowSettings": {
      "size": [
        1152,
        864
      ],
      "position": [
        54,
        105
      ],
      "isMaximized": false
    },
    "isFullScreen": false
  }
}
[10/22/18, 00:13:28:163] info: initializeMainWindowEpic: Waiting for selected team to load
{
  "selectedTeamId": "T2LHV2VSB"
}
[10/22/18, 00:13:28:164] info: Store: UPDATE_SETTINGS
{
  "isSignedIntoSlackOrg": false
}
[10/22/18, 00:13:28:166] info: UpdaterEpics: Updates disabled because
{
  "reasons": [
    "using Linux"
  ]
}
[10/22/18, 00:13:30:121] info: Store: INITIALIZE_SETTINGS
{
  "releaseChannel": "prod",
  "platformVersion": {
    "major": 4,
    "minor": 18,
    "build": 14
  },
  "isTitleBarHidden": false,
  "isDevMode": false,
  "appVersion": "3.3.3",
  "versionName": "Dirty Computer",
  "devEnv": null,
  "resourcePath": "/usr/lib/slack/resources/app.asar",
  "webappSrcPath": null,
  "webappParams": null,
  "launchOnStartup": false,
  "openDevToolsOnStart": false,
  "logFile": null,
  "pretendNotReallyWindows10": false,
  "isAeroGlassEnabled": false,
  "isGpuCompositionAvailable": true,
  "linux": {
    "os": "Raspbian",
    "release": ""
  }
}
[10/22/18, 00:13:30:122] info: AutoLoginEpic: Checking for autologin.
[10/22/18, 00:13:30:129] info: WebContentsMediator: Attaching to new webContents
[10/22/18, 00:13:30:162] info: Store: ADD_WINDOW
{
  "id": 2,
  "type": "main"
}
[10/22/18, 00:13:30:165] info: BrowserViewManager: Starting initialization
[10/22/18, 00:13:30:166] info: BrowserViewManager: Activating BrowserView
{
  "teamId": "T2LHV2VSB"
}
[10/22/18, 00:13:30:166] info: BrowserViewManager: Creating BrowserView
{
  "teamId": "T2LHV2VSB"
}
[10/22/18, 00:13:30:169] info: WebContentsMediator: Attaching to new webContents
[10/22/18, 00:13:30:169] info: Store: UPSERT_WEB_CONTENTS
{
  "id": 3,
  "teamId": "T2LHV2VSB",
  "state": "unloaded"
}
[10/22/18, 00:13:30:175] info: Background Clients Update: 
+-----------+-------+------------+
|           | Full  | Background |
|-----------+-------+------------+
| T2LHV2VSB | start |            |
+-----------+-------+------------+
[10/22/18, 00:13:30:256] info: PersistSettingsWindowBehavior: Loading windowMetrics
{
  "settings": {
    "size": [
      1152,
      864
    ],
    "position": [
      54,
      105
    ],
    "isMaximized": false
  }
}
[10/22/18, 00:13:30:779] info: Application: Setting main window ID
{
  "id": 2
}
[10/22/18, 00:13:30:782] info: App: Welcome to Slack 3.3.3 x64
[10/22/18, 00:13:30:783] info: App load time: 48,437423364
[10/22/18, 00:13:52:630] info: Team boot count
{
  "count": 1
}
[10/22/18, 00:13:53:477] info: Store: BACKGROUND_CLIENTS_INITIALIZED
[10/22/18, 00:13:53:482] info: Store: BACKGROUND_CLIENTS_INITIALIZED true
[10/22/18, 00:13:53:483] info: BrowserViewManager: Activating BrowserView
{
  "teamId": "T2LHV2VSB"
}
[10/22/18, 00:13:54:282] info: Store: SET_NETWORK_STATUS online
[10/22/18, 00:13:56:278] info: WebContents LifeCycle: webContents:3 from 'unloaded' to 'loaded' took 26102 ms
[10/22/18, 00:13:56:279] info: Store: UPSERT_WEB_CONTENTS
{
  "id": 3,
  "state": "loaded",
  "teamId": "T2LHV2VSB"
}
[10/22/18, 00:13:56:280] info: Background Clients Update: 
+-----------+---------+------------+
|           | Full    | Background |
|-----------+---------+------------+
| T2LHV2VSB | loading |            |
+-----------+---------+------------+
[10/22/18, 00:13:56:282] info: initializeMainWindowEpic: Showing main window
{
  "shouldMinimize": false,
  "shouldMaximize": false,
  "shouldHide": false
}
[10/22/18, 00:13:56:283] info: Store: MAIN_WINDOW_SHOWN
[10/22/18, 00:13:56:301] info: Store: SET_FULL_SCREEN
[10/22/18, 00:13:56:302] info: Store: SET_FULL_SCREEN
[10/22/18, 00:13:56:641] info: Store: UPDATE_SESSION_STATUS
{
  "hasValidSession": true,
  "teamId": "T2LHV2VSB"
}
[10/22/18, 00:13:57:074] info: Store: SELECT_CHANNEL C2LJ9A5T4
[10/22/18, 00:13:57:077] info: Store: UPDATE_TEAM_LOCALE
{
  "locale": "en-US",
  "teamId": "T2LHV2VSB"
}
[10/22/18, 00:13:57:115] info: Store: UPDATE_SETTINGS
{
  "locale": "en-US"
}
[10/22/18, 00:13:57:142] info: Store: UPDATE_TEAM_THEME
{
  "teamId": "T2LHV2VSB",
  "theme": {
    "active_item": "#4C9689",
    "active_item_text": "#FFFFFF",
    "active_presence": "#38978D",
    "badge": "#EB4D5C",
    "column_bg": "#4D394B",
    "hover_item": "#3E313C",
    "menu_bg": "#3E313C",
    "text_color": "#FFFFFF"
  }
}
[10/22/18, 00:13:57:636] info: Store: UPDATE_TEAM_LOCALE
{
  "locale": "en-US",
  "teamId": "T2LHV2VSB"
}
[10/22/18, 00:13:57:784] info: WebContents LifeCycle: webContents:3 from 'loaded' to 'webapp-loaded' took 1506 ms
[10/22/18, 00:13:57:784] info: Store: UPSERT_WEB_CONTENTS
{
  "id": 3,
  "state": "webapp-loaded",
  "teamId": "T2LHV2VSB"
}
[10/22/18, 00:13:57:785] info: Background Clients Update: 
+-----------+-------+------------+
|           | Full  | Background |
|-----------+-------+------------+
| T2LHV2VSB | ready |            |
+-----------+-------+------------+
[10/22/18, 00:13:57:787] info: Store: UPDATE_SETTINGS
{
  "sandboxSigninWindow": true
}
[10/22/18, 00:13:57:858] info: Store: STORE_ENTERPRISE_ID_PAIR
{
  "teamId": "T2LHV2VSB",
  "enterpriseId": null
}
[10/22/18, 00:13:57:860] info: Store: STORE_API_TOKEN
{
  "token": "xoxs-⋯",
  "teamId": "T2LHV2VSB"
}
[10/22/18, 00:26:12:059] info: BrowserViewManager: Activating BrowserView
{
  "teamId": "T2LHV2VSB"
}
[10/22/18, 00:26:13:061] info: Store: SAVE_WINDOW_SETTINGS
{
  "size": [
    1152,
    864
  ],
  "position": [
    54,
    105
  ],
  "isMaximized": false
}
[10/22/18, 01:09:18:168] info: BrowserViewManager: Activating BrowserView
{
  "teamId": "T2LHV2VSB"
}
[10/22/18, 01:09:19:170] info: Store: SAVE_WINDOW_SETTINGS
{
  "size": [
    1152,
    864
  ],
  "position": [
    54,
    105
  ],
  "isMaximized": false
}
[10/22/18, 06:59:16:847] info: BrowserViewManager: Activating BrowserView
{
  "teamId": "T2LHV2VSB"
}
[10/22/18, 06:59:17:323] info: WindowCloseBehavior: Attempted to close the window, hiding due to run from tray
[10/22/18, 06:59:17:328] info: Store: SET_FULL_SCREEN
[10/22/18, 06:59:17:849] info: Store: SAVE_WINDOW_SETTINGS
{
  "size": [
    1152,
    864
  ],
  "position": [
    54,
    105
  ],
  "isMaximized": false
}
[10/22/18, 13:36:45:880] info: ╔════════════════════════════════════════════════════════════════════════════════════╗
[10/22/18, 13:36:45:881] info: ║      Slack 3.3.3, linux 4.18.14-arch1-1-ARCH on x64 at 10/22/18, 13:36:45:877      ║
[10/22/18, 13:36:45:881] info: ╚════════════════════════════════════════════════════════════════════════════════════╝
[10/22/18, 13:36:58:916] info: Initializing local storage instance at path: /home/riddle/.dotfiles/xorg/.config/Slack/local-settings.json
[10/22/18, 13:37:01:641] info: TraceRecorder: setting up trace recorder, trace will be stored under /home/riddle/.dotfiles/xorg/.config/Slack/logs/recorded-trace
[10/22/18, 13:37:01:651] info: Configuring uncaughtExceptionHandler
[10/22/18, 13:37:01:651] info: Configuring unhandledRejectionHandler
[10/22/18, 13:37:01:651] info: Registered with apiKey acaff8df67924f677747922423057034
[10/22/18, 13:37:03:801] info: BrowserStore: Keychain access previously denied, don't ask again
[10/22/18, 13:37:04:002] info: Store: persist/REHYDRATE
{
  "appTeams": {
    "selectedTeamId": "T2LHV2VSB",
    "teamsByIndex": [
      "T2LHV2VSB"
    ],
    "teamsToSignOut": []
  },
  "dialog": "[REDACTED]",
  "downloads": "[REDACTED]",
  "enterprise": {
    "T2LHV2VSB": null
  },
  "settings": {
    "appVersion": "3.3.3",
    "versionName": "Dirty Computer",
    "platform": "linux",
    "platformVersion": {
      "major": 4,
      "minor": 18,
      "build": 14
    },
    "isWin10": false,
    "isBeforeWin10": false,
    "resourcePath": "/usr/lib/slack/resources/app.asar",
    "webappSrcPath": null,
    "webappParams": null,
    "isDevMode": false,
    "devEnv": null,
    "logFile": null,
    "rxLogging": false,
    "openDevToolsOnStart": false,
    "pretendNotReallyWindows10": false,
    "releaseChannel": "prod",
    "autoHideMenuBar": false,
    "defaultSigninTeam": null,
    "isTitleBarHidden": false,
    "hasRunApp": true,
    "hasRunFromTray": true,
    "reportIssueOnStartup": false,
    "isSignedIntoSlackOrg": false,
    "isGpuCompositionAvailable": true,
    "runFromTray": true,
    "launchOnStartup": false,
    "spellcheckerLanguage": null,
    "zoomLevel": 0,
    "workspaceIdleTimeout": 43200000,
    "whitelistedUrlSchemes": [
      "http:",
      "https:",
      "mailto:",
      "skype:",
      "spotify:",
      "live:",
      "callto:",
      "tel:",
      "im:",
      "sip:",
      "sips:",
      "slack:"
    ],
    "isTitleBarForcedByUser": false,
    "useHwAcceleration": true,
    "isOpenExternalShellForced": true,
    "PrefSSBFileDownloadPath": "/home/riddle/Downloads",
    "notificationMethod": null,
    "notificationPlayback": null,
    "notificationFailover": 0,
    "notificationFailoverEnabled": true,
    "notificationClickThrough": false,
    "notificationClickThroughMain": true,
    "notificationTimeout": 6000,
    "notificationAfterHoverTimeout": 2000,
    "notificationMaxItems": 3,
    "notificationZoomLevel": null,
    "notificationStyle": null,
    "notificationPresentationCheck": null,
    "notifyPosition": {
      "corner": "bottom_right",
      "display": "same_as_app"
    },
    "locale": "en-US",
    "spellCheckerVersion": "V2",
    "os": false,
    "release": false,
    "desktopEnvironment": false,
    "isAeroGlassEnabled": false,
    "linux": {
      "os": "Raspbian",
      "release": ""
    },
    "sandboxSigninWindow": true
  },
  "teams": "[REDACTED]",
  "windowFrame": {
    "windowSettings": {
      "size": [
        1152,
        864
      ],
      "position": [
        54,
        105
      ],
      "isMaximized": false
    },
    "isFullScreen": false
  }
}
[10/22/18, 13:37:07:140] info: initializeMainWindowEpic: Waiting for selected team to load
{
  "selectedTeamId": "T2LHV2VSB"
}
[10/22/18, 13:37:07:141] info: Store: UPDATE_SETTINGS
{
  "isSignedIntoSlackOrg": false
}
[10/22/18, 13:37:07:142] info: UpdaterEpics: Updates disabled because
{
  "reasons": [
    "using Linux"
  ]
}
[10/22/18, 13:37:08:423] info: Store: INITIALIZE_SETTINGS
{
  "releaseChannel": "prod",
  "platformVersion": {
    "major": 4,
    "minor": 18,
    "build": 14
  },
  "isTitleBarHidden": false,
  "isDevMode": false,
  "appVersion": "3.3.3",
  "versionName": "Dirty Computer",
  "devEnv": null,
  "resourcePath": "/usr/lib/slack/resources/app.asar",
  "webappSrcPath": null,
  "webappParams": null,
  "launchOnStartup": false,
  "openDevToolsOnStart": false,
  "logFile": null,
  "pretendNotReallyWindows10": false,
  "isAeroGlassEnabled": false,
  "isGpuCompositionAvailable": true,
  "linux": {
    "os": "Raspbian",
    "release": ""
  }
}
[10/22/18, 13:37:08:425] info: AutoLoginEpic: Checking for autologin.
[10/22/18, 13:37:08:430] info: WebContentsMediator: Attaching to new webContents
[10/22/18, 13:37:08:465] info: Store: ADD_WINDOW
{
  "id": 2,
  "type": "main"
}
[10/22/18, 13:37:08:467] info: BrowserViewManager: Starting initialization
[10/22/18, 13:37:08:467] info: BrowserViewManager: Activating BrowserView
{
  "teamId": "T2LHV2VSB"
}
[10/22/18, 13:37:08:467] info: BrowserViewManager: Creating BrowserView
{
  "teamId": "T2LHV2VSB"
}
[10/22/18, 13:37:08:469] info: WebContentsMediator: Attaching to new webContents
[10/22/18, 13:37:08:470] info: Store: UPSERT_WEB_CONTENTS
{
  "id": 3,
  "teamId": "T2LHV2VSB",
  "state": "unloaded"
}
[10/22/18, 13:37:08:474] info: Background Clients Update: 
+-----------+-------+------------+
|           | Full  | Background |
|-----------+-------+------------+
| T2LHV2VSB | start |            |
+-----------+-------+------------+
[10/22/18, 13:37:08:546] info: PersistSettingsWindowBehavior: Loading windowMetrics
{
  "settings": {
    "size": [
      1152,
      864
    ],
    "position": [
      54,
      105
    ],
    "isMaximized": false
  }
}
[10/22/18, 13:37:08:872] info: Application: Setting main window ID
{
  "id": 2
}
[10/22/18, 13:37:08:874] info: App: Welcome to Slack 3.3.3 x64
[10/22/18, 13:37:08:875] info: App load time: 27,592770923
[10/22/18, 13:37:23:578] info: Team boot count
{
  "count": 1
}
[10/22/18, 13:37:24:482] info: Store: BACKGROUND_CLIENTS_INITIALIZED
[10/22/18, 13:37:24:487] info: Store: BACKGROUND_CLIENTS_INITIALIZED true
[10/22/18, 13:37:24:489] info: BrowserViewManager: Activating BrowserView
{
  "teamId": "T2LHV2VSB"
}
[10/22/18, 13:37:25:856] info: Store: SET_NETWORK_STATUS online
[10/22/18, 13:37:29:571] info: WebContents LifeCycle: webContents:3 from 'unloaded' to 'loaded' took 21096 ms
[10/22/18, 13:37:29:572] info: Store: UPSERT_WEB_CONTENTS
{
  "id": 3,
  "state": "loaded",
  "teamId": "T2LHV2VSB"
}
[10/22/18, 13:37:29:573] info: Background Clients Update: 
+-----------+---------+------------+
|           | Full    | Background |
|-----------+---------+------------+
| T2LHV2VSB | loading |            |
+-----------+---------+------------+
[10/22/18, 13:37:29:575] info: initializeMainWindowEpic: Showing main window
{
  "shouldMinimize": false,
  "shouldMaximize": false,
  "shouldHide": false
}
[10/22/18, 13:37:29:575] info: Store: MAIN_WINDOW_SHOWN
[10/22/18, 13:37:29:595] info: Store: SET_FULL_SCREEN
[10/22/18, 13:37:29:598] info: Store: SET_FULL_SCREEN
[10/22/18, 13:37:29:902] info: Store: UPDATE_SESSION_STATUS
{
  "hasValidSession": true,
  "teamId": "T2LHV2VSB"
}
[10/22/18, 13:37:31:286] info: Store: SELECT_CHANNEL C2LJ9A5T4
[10/22/18, 13:37:31:289] info: Store: UPDATE_TEAM_LOCALE
{
  "locale": "en-US",
  "teamId": "T2LHV2VSB"
}
[10/22/18, 13:37:31:438] info: Store: UPDATE_SETTINGS
{
  "locale": "en-US"
}
[10/22/18, 13:37:31:654] info: Store: UPDATE_TEAM_THEME
{
  "teamId": "T2LHV2VSB",
  "theme": {
    "active_item": "#4C9689",
    "active_item_text": "#FFFFFF",
    "active_presence": "#38978D",
    "badge": "#EB4D5C",
    "column_bg": "#4D394B",
    "hover_item": "#3E313C",
    "menu_bg": "#3E313C",
    "text_color": "#FFFFFF"
  }
}
[10/22/18, 13:37:32:034] info: Store: UPDATE_TEAM_LOCALE
{
  "locale": "en-US",
  "teamId": "T2LHV2VSB"
}
[10/22/18, 13:37:32:133] info: WebContents LifeCycle: webContents:3 from 'loaded' to 'webapp-loaded' took 2562 ms
[10/22/18, 13:37:32:133] info: Store: UPSERT_WEB_CONTENTS
{
  "id": 3,
  "state": "webapp-loaded",
  "teamId": "T2LHV2VSB"
}
[10/22/18, 13:37:32:134] info: Background Clients Update: 
+-----------+-------+------------+
|           | Full  | Background |
|-----------+-------+------------+
| T2LHV2VSB | ready |            |
+-----------+-------+------------+
[10/22/18, 13:37:32:136] info: Store: UPDATE_SETTINGS
{
  "sandboxSigninWindow": true
}
[10/22/18, 13:37:32:404] info: Store: STORE_ENTERPRISE_ID_PAIR
{
  "teamId": "T2LHV2VSB",
  "enterpriseId": null
}
[10/22/18, 13:37:32:408] info: Store: STORE_API_TOKEN
{
  "token": "xoxs-⋯",
  "teamId": "T2LHV2VSB"
}
