[10/14/18, 12:32:36:428] info: ╔════════════════════════════════════════════════════════════════════════════════════╗
[10/14/18, 12:32:36:428] info: ║      Slack 3.3.3, linux 4.18.12-arch1-1-ARCH on x64 at 10/14/18, 12:32:36:425      ║
[10/14/18, 12:32:36:428] info: ╚════════════════════════════════════════════════════════════════════════════════════╝
[10/14/18, 12:32:36:525] info: Initializing local storage instance at path: /home/riddle/.dotfiles/xorg/.config/Slack/local-settings.json
[10/14/18, 12:32:36:884] info: Store: BACKGROUND_CLIENTS_INITIALIZED
[10/14/18, 12:32:36:887] info: Store: BACKGROUND_CLIENTS_INITIALIZED true
[10/14/18, 12:32:40:498] info: Store: SET_NETWORK_STATUS online
[10/14/18, 12:32:40:500] info: Store: MAIN_WINDOW_SHOWN
[10/14/18, 12:32:40:514] info: Store: ADD_WINDOW
{
  "id": 3,
  "type": "sign-in"
}
[10/21/18, 15:53:05:090] info: ╔════════════════════════════════════════════════════════════════════════════════════╗
[10/21/18, 15:53:05:091] info: ║      Slack 3.3.3, linux 4.18.14-arch1-1-ARCH on x64 at 10/21/18, 15:53:05:087      ║
[10/21/18, 15:53:05:091] info: ╚════════════════════════════════════════════════════════════════════════════════════╝
[10/21/18, 15:53:05:188] info: Initializing local storage instance at path: /home/riddle/.dotfiles/xorg/.config/Slack/local-settings.json
[10/21/18, 15:53:05:998] info: Store: BACKGROUND_CLIENTS_INITIALIZED
[10/21/18, 15:53:06:011] info: Store: BACKGROUND_CLIENTS_INITIALIZED true
[10/21/18, 15:53:06:616] info: Store: SET_NETWORK_STATUS online
[10/21/18, 15:53:09:052] info: Store: UPSERT_WEB_CONTENTS
{
  "id": 3,
  "state": "loaded",
  "teamId": "T2LHV2VSB"
}
[10/21/18, 15:53:09:058] info: Store: MAIN_WINDOW_SHOWN
[10/21/18, 15:53:09:074] info: Store: SET_FULL_SCREEN
[10/21/18, 15:53:09:075] info: Store: SET_FULL_SCREEN
[10/21/18, 19:48:50:882] info: ╔════════════════════════════════════════════════════════════════════════════════════╗
[10/21/18, 19:48:50:883] info: ║      Slack 3.3.3, linux 4.18.14-arch1-1-ARCH on x64 at 10/21/18, 19:48:50:880      ║
[10/21/18, 19:48:50:883] info: ╚════════════════════════════════════════════════════════════════════════════════════╝
[10/21/18, 19:48:50:968] info: Initializing local storage instance at path: /home/riddle/.dotfiles/xorg/.config/Slack/local-settings.json
[10/21/18, 19:48:51:472] info: Store: BACKGROUND_CLIENTS_INITIALIZED
[10/21/18, 19:48:51:477] info: Store: BACKGROUND_CLIENTS_INITIALIZED true
[10/21/18, 19:48:52:057] info: Store: SET_NETWORK_STATUS online
[10/21/18, 19:48:53:812] info: Store: UPSERT_WEB_CONTENTS
{
  "id": 3,
  "state": "loaded",
  "teamId": "T2LHV2VSB"
}
[10/21/18, 19:48:53:820] info: Store: MAIN_WINDOW_SHOWN
[10/21/18, 19:48:53:835] info: Store: SET_FULL_SCREEN
[10/21/18, 19:48:53:835] info: Store: SET_FULL_SCREEN
[10/21/18, 20:01:23:048] info: ╔════════════════════════════════════════════════════════════════════════════════════╗
[10/21/18, 20:01:23:049] info: ║      Slack 3.3.3, linux 4.18.14-arch1-1-ARCH on x64 at 10/21/18, 20:01:23:045      ║
[10/21/18, 20:01:23:049] info: ╚════════════════════════════════════════════════════════════════════════════════════╝
[10/21/18, 20:01:23:134] info: Initializing local storage instance at path: /home/riddle/.dotfiles/xorg/.config/Slack/local-settings.json
[10/21/18, 20:01:23:741] info: Store: BACKGROUND_CLIENTS_INITIALIZED
[10/21/18, 20:01:23:757] info: Store: BACKGROUND_CLIENTS_INITIALIZED true
[10/21/18, 20:01:24:439] info: Store: SET_NETWORK_STATUS online
[10/21/18, 20:01:26:290] info: Store: QUIT_APP
[10/21/18, 20:01:30:182] info: ╔════════════════════════════════════════════════════════════════════════════════════╗
[10/21/18, 20:01:30:182] info: ║      Slack 3.3.3, linux 4.18.14-arch1-1-ARCH on x64 at 10/21/18, 20:01:30:179      ║
[10/21/18, 20:01:30:183] info: ╚════════════════════════════════════════════════════════════════════════════════════╝
[10/21/18, 20:01:30:267] info: Initializing local storage instance at path: /home/riddle/.dotfiles/xorg/.config/Slack/local-settings.json
[10/21/18, 20:01:30:644] info: Store: BACKGROUND_CLIENTS_INITIALIZED
[10/21/18, 20:01:30:663] info: Store: BACKGROUND_CLIENTS_INITIALIZED true
[10/21/18, 20:01:31:210] info: Store: SET_NETWORK_STATUS online
[10/21/18, 20:01:34:218] info: Store: UPSERT_WEB_CONTENTS
{
  "id": 3,
  "state": "loaded",
  "teamId": "T2LHV2VSB"
}
[10/21/18, 20:01:34:221] info: Store: MAIN_WINDOW_SHOWN
[10/21/18, 20:01:34:239] info: Store: SET_FULL_SCREEN
[10/21/18, 20:01:34:240] info: Store: SET_FULL_SCREEN
[10/21/18, 23:30:38:727] info: ╔════════════════════════════════════════════════════════════════════════════════════╗
[10/21/18, 23:30:38:727] info: ║      Slack 3.3.3, linux 4.18.14-arch1-1-ARCH on x64 at 10/21/18, 23:30:38:724      ║
[10/21/18, 23:30:38:727] info: ╚════════════════════════════════════════════════════════════════════════════════════╝
[10/21/18, 23:30:38:816] info: Initializing local storage instance at path: /home/riddle/.dotfiles/xorg/.config/Slack/local-settings.json
[10/21/18, 23:30:39:392] info: Store: BACKGROUND_CLIENTS_INITIALIZED
[10/21/18, 23:30:39:394] info: Store: BACKGROUND_CLIENTS_INITIALIZED true
[10/21/18, 23:30:41:237] info: Store: SET_NETWORK_STATUS online
[10/21/18, 23:30:44:900] info: Store: UPSERT_WEB_CONTENTS
{
  "id": 3,
  "state": "loaded",
  "teamId": "T2LHV2VSB"
}
[10/21/18, 23:30:44:903] info: Store: MAIN_WINDOW_SHOWN
[10/21/18, 23:30:44:921] info: Store: SET_FULL_SCREEN
[10/21/18, 23:30:44:923] info: Store: SET_FULL_SCREEN
[10/22/18, 00:13:52:746] info: ╔════════════════════════════════════════════════════════════════════════════════════╗
[10/22/18, 00:13:52:747] info: ║      Slack 3.3.3, linux 4.18.14-arch1-1-ARCH on x64 at 10/22/18, 00:13:52:744      ║
[10/22/18, 00:13:52:747] info: ╚════════════════════════════════════════════════════════════════════════════════════╝
[10/22/18, 00:13:52:838] info: Initializing local storage instance at path: /home/riddle/.dotfiles/xorg/.config/Slack/local-settings.json
[10/22/18, 00:13:53:612] info: Store: BACKGROUND_CLIENTS_INITIALIZED
[10/22/18, 00:13:53:616] info: Store: BACKGROUND_CLIENTS_INITIALIZED true
[10/22/18, 00:13:54:283] info: Store: SET_NETWORK_STATUS online
[10/22/18, 00:13:56:280] info: Store: UPSERT_WEB_CONTENTS
{
  "id": 3,
  "state": "loaded",
  "teamId": "T2LHV2VSB"
}
[10/22/18, 00:13:56:284] info: Store: MAIN_WINDOW_SHOWN
[10/22/18, 00:13:56:301] info: Store: SET_FULL_SCREEN
[10/22/18, 00:13:56:303] info: Store: SET_FULL_SCREEN
[10/22/18, 13:37:23:471] info: ╔════════════════════════════════════════════════════════════════════════════════════╗
[10/22/18, 13:37:23:472] info: ║      Slack 3.3.3, linux 4.18.14-arch1-1-ARCH on x64 at 10/22/18, 13:37:23:467      ║
[10/22/18, 13:37:23:472] info: ╚════════════════════════════════════════════════════════════════════════════════════╝
[10/22/18, 13:37:23:596] info: Initializing local storage instance at path: /home/riddle/.dotfiles/xorg/.config/Slack/local-settings.json
[10/22/18, 13:37:24:530] info: Store: BACKGROUND_CLIENTS_INITIALIZED
[10/22/18, 13:37:24:531] info: Store: BACKGROUND_CLIENTS_INITIALIZED true
[10/22/18, 13:37:25:858] info: Store: SET_NETWORK_STATUS online
[10/22/18, 13:37:29:572] info: Store: UPSERT_WEB_CONTENTS
{
  "id": 3,
  "state": "loaded",
  "teamId": "T2LHV2VSB"
}
[10/22/18, 13:37:29:576] info: Store: MAIN_WINDOW_SHOWN
[10/22/18, 13:37:29:596] info: Store: SET_FULL_SCREEN
[10/22/18, 13:37:29:598] info: Store: SET_FULL_SCREEN
