[10/14/18, 12:33:05:462] info: ╔════════════════════════════════════════════════════════════════════════════════════╗
[10/14/18, 12:33:05:463] info: ║      Slack 3.3.3, linux 4.18.12-arch1-1-ARCH on x64 at 10/14/18, 12:33:05:459      ║
[10/14/18, 12:33:05:463] info: ╚════════════════════════════════════════════════════════════════════════════════════╝
[10/14/18, 12:33:05:577] info: Initializing local storage instance at path: /home/riddle/.dotfiles/xorg/.config/Slack/local-settings.json
[10/14/18, 12:33:05:929] info: cld3::loadModule: loading cld3 module
[10/14/18, 12:33:05:951] info: cld3Loader::loadModule: running environment is NODE
[10/14/18, 12:33:05:951] info: cld3Loader::loadModule: constructed module object for runtime
[10/14/18, 12:33:06:132] info: cld3Loader::initializeRuntime: successfully initialized module
[10/14/18, 12:33:06:132] info: cld3Loader::loadModule: initialized wasm binary Runtime
[10/14/18, 12:33:06:138] info: SpellChecker:: updateSpellcheckerLanguage: Skip to set new language null, spellchecker is not available
[10/14/18, 12:33:06:150] info: Main window preload script finished
{
  "readyTime": 903.951635
}
[10/14/18, 12:33:09:313] info: Store: UPSERT_WEB_CONTENTS
{
  "id": 4,
  "state": "loaded",
  "teamId": "T2LHV2VSB"
}
[10/14/18, 12:33:09:417] info: Store: UPDATE_SESSION_STATUS
{
  "hasValidSession": true,
  "teamId": "T2LHV2VSB"
}
[10/14/18, 12:33:10:087] info: Store: SELECT_CHANNEL C2LJ1FM6E
[10/14/18, 12:33:10:087] info: Store: UPDATE_TEAM_LOCALE
{
  "locale": "en-US",
  "teamId": "T2LHV2VSB"
}
[10/14/18, 12:33:10:091] info: Store: UPDATE_SETTINGS
{
  "locale": "en-US"
}
[10/14/18, 12:33:10:094] info: Store: UPDATE_TEAM_THEME
{
  "teamId": "T2LHV2VSB",
  "theme": {
    "active_item": "#4C9689",
    "active_item_text": "#FFFFFF",
    "active_presence": "#38978D",
    "badge": "#EB4D5C",
    "column_bg": "#4D394B",
    "hover_item": "#3E313C",
    "menu_bg": "#3E313C",
    "text_color": "#FFFFFF"
  }
}
[10/14/18, 12:33:10:181] info: Store: UPDATE_TEAM_LOCALE
{
  "locale": "en-US",
  "teamId": "T2LHV2VSB"
}
[10/14/18, 12:33:10:181] info: Store: UPSERT_WEB_CONTENTS
{
  "id": 4,
  "state": "webapp-loaded",
  "teamId": "T2LHV2VSB"
}
[10/14/18, 12:33:10:184] info: Store: UPDATE_SETTINGS
{
  "sandboxSigninWindow": true
}
[10/14/18, 12:33:10:365] info: Store: STORE_ENTERPRISE_ID_PAIR
{
  "enterpriseId": null,
  "teamId": "T2LHV2VSB"
}
[10/14/18, 12:33:10:371] info: Store: STORE_API_TOKEN
{
  "teamId": "T2LHV2VSB",
  "token": "xoxs-⋯"
}
[10/14/18, 12:33:10:517] info: postLoadTaskSetup: Setup spellchecker
{
  "version": "V1"
}
[10/14/18, 12:33:11:176] info: Raw Locale list: ["C","en_US.utf8","he_IL.utf8","lt_LT.utf8","POSIX",""]
[10/14/18, 12:33:11:177] info: Filtered Locale list: ["en_US","he_IL","lt_LT"]
[10/14/18, 12:33:11:177] info: Counts: {"en":["en_US"],"he":["he_IL"],"lt":["lt_LT"]}
[10/14/18, 12:33:11:177] info: Setting en
[10/14/18, 12:33:11:178] info: Setting he
[10/14/18, 12:33:11:178] info: Setting lt
[10/14/18, 12:33:11:180] info: Requesting to load lt-LT, alternatives are ["lt-LT","lt-LT","lt-LT"]
[10/14/18, 12:33:11:181] info: Loading dictionary for language lt-LT
[10/14/18, 12:33:11:182] info: Actually downloading https://redirector.gvt1.com/edgedl/chrome/dict/lt-lt-3-0.bdic
[10/14/18, 12:33:12:064] info: Requesting to load lt-LT, alternatives are ["lt-LT","lt-LT","lt-LT"]
[10/14/18, 12:33:12:064] info: Loading dictionary for language lt-LT
[10/14/18, 12:33:12:064] info: Actually downloading https://redirector.gvt1.com/edgedl/chrome/dict/lt-lt-3-0.bdic
[10/14/18, 12:33:14:003] info: Setting current spellchecker to lt-LT, requested language was lt-LT
[10/14/18, 12:33:14:003] info: Creating node-spellchecker instance
[10/14/18, 12:33:14:021] info: Actually installing spell check provider to Electron
[10/14/18, 12:33:14:039] info: Setting current spellchecker to lt-LT, requested language was lt-LT
[10/14/18, 12:33:17:546] info: Store: SAVE_WINDOW_SETTINGS
{
  "isMaximized": true,
  "position": [
    384,
    108
  ],
  "size": [
    1152,
    864
  ]
}
[10/14/18, 12:33:17:559] info: Unloading spellchecker
[10/14/18, 12:33:17:561] info: Restoring spellchecker
[10/14/18, 12:33:17:561] info: Loading dictionary for language lt-LT
[10/14/18, 12:33:17:561] info: Returning local copy: /home/riddle/.dotfiles/xorg/.config/Slack/dictionaries/lt-LT.bdic
[10/14/18, 12:33:17:586] info: Setting current spellchecker to lt-LT, requested language was lt-LT
[10/14/18, 12:33:17:586] info: Creating node-spellchecker instance
[10/14/18, 12:33:20:016] info: Unloading spellchecker
[10/14/18, 12:33:20:018] info: Restoring spellchecker
[10/14/18, 12:33:20:019] info: Loading dictionary for language lt-LT
[10/14/18, 12:33:20:019] info: Returning local copy: /home/riddle/.dotfiles/xorg/.config/Slack/dictionaries/lt-LT.bdic
[10/14/18, 12:33:20:022] info: Unloading spellchecker
[10/14/18, 12:33:20:024] info: Restoring spellchecker
[10/14/18, 12:33:20:024] info: Loading dictionary for language lt-LT
[10/14/18, 12:33:20:024] info: Returning local copy: /home/riddle/.dotfiles/xorg/.config/Slack/dictionaries/lt-LT.bdic
[10/14/18, 12:33:20:027] info: Unloading spellchecker
[10/14/18, 12:33:20:029] info: Unloading spellchecker
[10/14/18, 12:33:20:030] info: Unloading spellchecker
[10/14/18, 12:33:20:030] info: Unloading spellchecker
[10/14/18, 12:33:20:032] info: Setting current spellchecker to lt-LT, requested language was lt-LT
[10/14/18, 12:33:20:032] info: Creating node-spellchecker instance
[10/14/18, 12:33:20:037] info: Setting current spellchecker to lt-LT, requested language was lt-LT
[10/14/18, 12:33:20:931] info: Store: SAVE_WINDOW_SETTINGS
{
  "isMaximized": false,
  "position": [
    41,
    69
  ],
  "size": [
    1152,
    864
  ]
}
[10/14/18, 12:33:22:846] info: Restoring spellchecker
[10/14/18, 12:33:22:847] info: Loading dictionary for language lt-LT
[10/14/18, 12:33:22:847] info: Returning local copy: /home/riddle/.dotfiles/xorg/.config/Slack/dictionaries/lt-LT.bdic
[10/14/18, 12:33:22:860] info: Unloading spellchecker
[10/14/18, 12:33:22:865] info: Restoring spellchecker
[10/14/18, 12:33:22:865] info: Loading dictionary for language lt-LT
[10/14/18, 12:33:22:865] info: Returning local copy: /home/riddle/.dotfiles/xorg/.config/Slack/dictionaries/lt-LT.bdic
[10/14/18, 12:33:22:879] info: Setting current spellchecker to lt-LT, requested language was lt-LT
[10/14/18, 12:33:22:879] info: Creating node-spellchecker instance
[10/14/18, 12:33:22:884] info: Setting current spellchecker to lt-LT, requested language was lt-LT
[10/14/18, 12:33:23:842] info: Store: SAVE_WINDOW_SETTINGS
{
  "isMaximized": false,
  "position": [
    41,
    69
  ],
  "size": [
    1152,
    864
  ]
}
[10/14/18, 12:33:27:733] info: Unloading spellchecker
[10/14/18, 12:33:27:735] info: Restoring spellchecker
[10/14/18, 12:33:27:735] info: Loading dictionary for language lt-LT
[10/14/18, 12:33:27:736] info: Returning local copy: /home/riddle/.dotfiles/xorg/.config/Slack/dictionaries/lt-LT.bdic
[10/14/18, 12:33:27:738] info: Unloading spellchecker
[10/14/18, 12:33:27:740] info: Restoring spellchecker
[10/14/18, 12:33:27:741] info: Loading dictionary for language lt-LT
[10/14/18, 12:33:27:741] info: Returning local copy: /home/riddle/.dotfiles/xorg/.config/Slack/dictionaries/lt-LT.bdic
[10/14/18, 12:33:27:744] info: Unloading spellchecker
[10/14/18, 12:33:27:746] info: Unloading spellchecker
[10/14/18, 12:33:27:746] info: Unloading spellchecker
[10/14/18, 12:33:27:747] info: Unloading spellchecker
[10/14/18, 12:33:27:748] info: Setting current spellchecker to lt-LT, requested language was lt-LT
[10/14/18, 12:33:27:748] info: Creating node-spellchecker instance
[10/14/18, 12:33:27:753] info: Setting current spellchecker to lt-LT, requested language was lt-LT
[10/14/18, 12:33:43:618] info: Restoring spellchecker
[10/14/18, 12:33:43:619] info: Loading dictionary for language lt-LT
[10/14/18, 12:33:43:619] info: Returning local copy: /home/riddle/.dotfiles/xorg/.config/Slack/dictionaries/lt-LT.bdic
[10/14/18, 12:33:43:630] info: Unloading spellchecker
[10/14/18, 12:33:43:645] info: Restoring spellchecker
[10/14/18, 12:33:43:645] info: Loading dictionary for language lt-LT
[10/14/18, 12:33:43:645] info: Returning local copy: /home/riddle/.dotfiles/xorg/.config/Slack/dictionaries/lt-LT.bdic
[10/14/18, 12:33:43:672] info: Setting current spellchecker to lt-LT, requested language was lt-LT
[10/14/18, 12:33:43:672] info: Creating node-spellchecker instance
[10/14/18, 12:33:43:680] info: Setting current spellchecker to lt-LT, requested language was lt-LT
[10/14/18, 12:33:44:609] info: Store: SAVE_WINDOW_SETTINGS
{
  "isMaximized": false,
  "position": [
    41,
    69
  ],
  "size": [
    1152,
    864
  ]
}
[10/14/18, 12:33:44:940] info: Unloading spellchecker
[10/14/18, 12:33:44:947] info: Restoring spellchecker
[10/14/18, 12:33:44:948] info: Loading dictionary for language lt-LT
[10/14/18, 12:33:44:948] info: Returning local copy: /home/riddle/.dotfiles/xorg/.config/Slack/dictionaries/lt-LT.bdic
[10/14/18, 12:33:44:951] info: Unloading spellchecker
[10/14/18, 12:33:44:953] info: Restoring spellchecker
[10/14/18, 12:33:44:953] info: Loading dictionary for language lt-LT
[10/14/18, 12:33:44:954] info: Returning local copy: /home/riddle/.dotfiles/xorg/.config/Slack/dictionaries/lt-LT.bdic
[10/14/18, 12:33:44:956] info: Unloading spellchecker
[10/14/18, 12:33:44:958] info: Unloading spellchecker
[10/14/18, 12:33:44:958] info: Unloading spellchecker
[10/14/18, 12:33:44:959] info: Unloading spellchecker
[10/14/18, 12:33:44:960] info: Setting current spellchecker to lt-LT, requested language was lt-LT
[10/14/18, 12:33:44:960] info: Creating node-spellchecker instance
[10/14/18, 12:33:44:966] info: Setting current spellchecker to lt-LT, requested language was lt-LT
[10/14/18, 12:35:46:815] info: Restoring spellchecker
[10/14/18, 12:35:46:815] info: Loading dictionary for language lt-LT
[10/14/18, 12:35:46:815] info: Returning local copy: /home/riddle/.dotfiles/xorg/.config/Slack/dictionaries/lt-LT.bdic
[10/14/18, 12:35:46:821] info: Unloading spellchecker
[10/14/18, 12:35:46:832] info: Restoring spellchecker
[10/14/18, 12:35:46:832] info: Loading dictionary for language lt-LT
[10/14/18, 12:35:46:832] info: Returning local copy: /home/riddle/.dotfiles/xorg/.config/Slack/dictionaries/lt-LT.bdic
[10/14/18, 12:35:46:850] info: Setting current spellchecker to lt-LT, requested language was lt-LT
[10/14/18, 12:35:46:850] info: Creating node-spellchecker instance
[10/14/18, 12:35:46:856] info: Setting current spellchecker to lt-LT, requested language was lt-LT
[10/14/18, 12:35:47:809] info: Store: SAVE_WINDOW_SETTINGS
{
  "isMaximized": false,
  "position": [
    41,
    69
  ],
  "size": [
    1152,
    864
  ]
}
[10/14/18, 12:35:50:065] info: Unloading spellchecker
[10/14/18, 12:35:50:066] info: Store: UPDATE_SETTINGS
{
  "hasRunFromTray": true
}
[10/14/18, 12:35:50:066] info: Store: SHOW_TRAY_BALLOON
{
  "content": "Slack’s set to stay running in the notification area. To change this, visit Preferences > Linux App.",
  "title": "Why didn’t Slack quit?"
}
[10/14/18, 12:35:50:097] info: Store: SET_FULL_SCREEN
[10/14/18, 12:37:35:810] info: Store: FOREGROUND_APP
[10/14/18, 12:37:35:840] info: Store: SET_FULL_SCREEN
[10/14/18, 12:37:35:880] info: Store: SET_FULL_SCREEN
[10/14/18, 12:37:35:884] info: Restoring spellchecker
[10/14/18, 12:37:35:884] info: Loading dictionary for language lt-LT
[10/14/18, 12:37:35:885] info: Returning local copy: /home/riddle/.dotfiles/xorg/.config/Slack/dictionaries/lt-LT.bdic
[10/14/18, 12:37:35:900] info: Setting current spellchecker to lt-LT, requested language was lt-LT
[10/14/18, 12:37:35:900] info: Creating node-spellchecker instance
[10/14/18, 12:37:38:369] info: Store: SAVE_WINDOW_SETTINGS
{
  "isMaximized": true,
  "position": [
    384,
    108
  ],
  "size": [
    1152,
    864
  ]
}
[10/14/18, 12:37:38:384] info: Unloading spellchecker
[10/14/18, 12:37:38:386] info: Restoring spellchecker
[10/14/18, 12:37:38:387] info: Loading dictionary for language lt-LT
[10/14/18, 12:37:38:387] info: Returning local copy: /home/riddle/.dotfiles/xorg/.config/Slack/dictionaries/lt-LT.bdic
[10/14/18, 12:37:38:409] info: Setting current spellchecker to lt-LT, requested language was lt-LT
[10/14/18, 12:37:38:410] info: Creating node-spellchecker instance
[10/14/18, 12:37:43:048] info: Store: SELECT_CHANNEL C2LTY4ME1
[10/14/18, 12:37:43:785] info: Store: SELECT_CHANNEL C3VEA0G07
[10/14/18, 12:37:44:232] info: Store: SELECT_CHANNEL C2LJ1FM6E
[10/14/18, 12:37:44:598] info: Loading dictionary for language lt-LT
[10/14/18, 12:37:44:598] info: Returning local copy: /home/riddle/.dotfiles/xorg/.config/Slack/dictionaries/lt-LT.bdic
[10/14/18, 12:37:44:600] info: Setting current spellchecker to lt-LT, requested language was lt-LT
[10/14/18, 12:37:45:011] info: Loading dictionary for language lt-LT
[10/14/18, 12:37:45:012] info: Returning local copy: /home/riddle/.dotfiles/xorg/.config/Slack/dictionaries/lt-LT.bdic
[10/14/18, 12:37:45:015] info: Setting current spellchecker to lt-LT, requested language was lt-LT
[10/14/18, 12:37:45:471] info: Store: SELECT_CHANNEL C2PV6G0GM
[10/14/18, 12:37:46:207] info: Store: SELECT_CHANNEL C2LJ9A5T4
[10/14/18, 12:37:47:440] info: Loading dictionary for language lt-LT
[10/14/18, 12:37:47:440] info: Returning local copy: /home/riddle/.dotfiles/xorg/.config/Slack/dictionaries/lt-LT.bdic
[10/14/18, 12:37:47:441] info: Setting current spellchecker to lt-LT, requested language was lt-LT
[10/14/18, 12:37:47:754] info: Loading dictionary for language lt-LT
[10/14/18, 12:37:47:754] info: Returning local copy: /home/riddle/.dotfiles/xorg/.config/Slack/dictionaries/lt-LT.bdic
[10/14/18, 12:37:47:755] info: Setting current spellchecker to lt-LT, requested language was lt-LT
[10/14/18, 12:37:48:302] info: Loading dictionary for language lt-LT
[10/14/18, 12:37:48:303] info: Returning local copy: /home/riddle/.dotfiles/xorg/.config/Slack/dictionaries/lt-LT.bdic
[10/14/18, 12:37:48:304] info: Store: SELECT_CHANNEL D2PBY7P4G
[10/14/18, 12:37:48:325] info: Setting current spellchecker to lt-LT, requested language was lt-LT
[10/14/18, 12:37:48:665] info: Store: SELECT_CHANNEL D2PQZCP9U
[10/14/18, 12:37:49:731] info: Store: SELECT_CHANNEL C2LJ1FM6E
[10/14/18, 12:37:49:752] info: Loading dictionary for language lt-LT
[10/14/18, 12:37:49:752] info: Returning local copy: /home/riddle/.dotfiles/xorg/.config/Slack/dictionaries/lt-LT.bdic
[10/14/18, 12:37:49:756] info: Setting current spellchecker to lt-LT, requested language was lt-LT
[10/14/18, 12:37:50:279] info: Loading dictionary for language lt-LT
[10/14/18, 12:37:50:280] info: Returning local copy: /home/riddle/.dotfiles/xorg/.config/Slack/dictionaries/lt-LT.bdic
[10/14/18, 12:37:50:282] info: Setting current spellchecker to lt-LT, requested language was lt-LT
[10/14/18, 12:37:50:662] info: Loading dictionary for language lt-LT
[10/14/18, 12:37:50:662] info: Returning local copy: /home/riddle/.dotfiles/xorg/.config/Slack/dictionaries/lt-LT.bdic
[10/14/18, 12:37:50:663] info: Setting current spellchecker to lt-LT, requested language was lt-LT
[10/14/18, 12:37:55:366] info: Store: SELECT_CHANNEL C2PV6G0GM
[10/14/18, 12:37:55:969] info: Store: SELECT_CHANNEL C2LJ1FM6E
[10/14/18, 12:37:56:346] info: Loading dictionary for language lt-LT
[10/14/18, 12:37:56:346] info: Returning local copy: /home/riddle/.dotfiles/xorg/.config/Slack/dictionaries/lt-LT.bdic
[10/14/18, 12:37:56:348] info: Setting current spellchecker to lt-LT, requested language was lt-LT
[10/14/18, 12:37:57:331] info: Loading dictionary for language lt-LT
[10/14/18, 12:37:57:332] info: Returning local copy: /home/riddle/.dotfiles/xorg/.config/Slack/dictionaries/lt-LT.bdic
[10/14/18, 12:37:57:332] info: Setting current spellchecker to lt-LT, requested language was lt-LT
[10/14/18, 12:38:00:909] info: Store: SELECT_CHANNEL C2LJ9A5T4
[10/14/18, 12:38:00:942] info: Loading dictionary for language lt-LT
[10/14/18, 12:38:00:943] info: Returning local copy: /home/riddle/.dotfiles/xorg/.config/Slack/dictionaries/lt-LT.bdic
[10/14/18, 12:38:00:946] info: Setting current spellchecker to lt-LT, requested language was lt-LT
[10/14/18, 12:38:01:470] info: Store: SELECT_CHANNEL C2PUDAKPW
[10/14/18, 12:38:01:916] info: Store: SELECT_CHANNEL C2LTY4ME1
[10/14/18, 12:38:01:943] info: Loading dictionary for language lt-LT
[10/14/18, 12:38:01:944] info: Returning local copy: /home/riddle/.dotfiles/xorg/.config/Slack/dictionaries/lt-LT.bdic
[10/14/18, 12:38:01:947] info: Setting current spellchecker to lt-LT, requested language was lt-LT
[10/14/18, 12:38:02:305] info: Store: SELECT_CHANNEL C3VEA0G07
[10/14/18, 12:38:02:330] info: Loading dictionary for language lt-LT
[10/14/18, 12:38:02:330] info: Returning local copy: /home/riddle/.dotfiles/xorg/.config/Slack/dictionaries/lt-LT.bdic
[10/14/18, 12:38:02:333] info: Setting current spellchecker to lt-LT, requested language was lt-LT
[10/14/18, 12:38:02:568] info: Store: SELECT_CHANNEL C2PV6G0GM
[10/14/18, 12:38:04:202] info: Store: SELECT_CHANNEL D2PQZCP9U
[10/14/18, 12:38:04:343] info: Loading dictionary for language lt-LT
[10/14/18, 12:38:04:343] info: Returning local copy: /home/riddle/.dotfiles/xorg/.config/Slack/dictionaries/lt-LT.bdic
[10/14/18, 12:38:04:345] info: Setting current spellchecker to lt-LT, requested language was lt-LT
[10/14/18, 12:38:04:543] info: Loading dictionary for language lt-LT
[10/14/18, 12:38:04:543] info: Returning local copy: /home/riddle/.dotfiles/xorg/.config/Slack/dictionaries/lt-LT.bdic
[10/14/18, 12:38:04:544] info: Setting current spellchecker to lt-LT, requested language was lt-LT
[10/14/18, 12:38:05:439] info: Loading dictionary for language lt-LT
[10/14/18, 12:38:05:439] info: Returning local copy: /home/riddle/.dotfiles/xorg/.config/Slack/dictionaries/lt-LT.bdic
[10/14/18, 12:38:05:440] info: Setting current spellchecker to lt-LT, requested language was lt-LT
[10/14/18, 12:38:07:306] info: Unloading spellchecker
[10/14/18, 12:38:08:364] info: Store: SAVE_WINDOW_SETTINGS
{
  "isMaximized": false,
  "position": [
    41,
    69
  ],
  "size": [
    1152,
    864
  ]
}
[10/21/18, 15:53:04:949] info: ╔════════════════════════════════════════════════════════════════════════════════════╗
[10/21/18, 15:53:04:950] info: ║      Slack 3.3.3, linux 4.18.14-arch1-1-ARCH on x64 at 10/21/18, 15:53:04:945      ║
[10/21/18, 15:53:04:950] info: ╚════════════════════════════════════════════════════════════════════════════════════╝
[10/21/18, 15:53:05:086] info: Initializing local storage instance at path: /home/riddle/.dotfiles/xorg/.config/Slack/local-settings.json
[10/21/18, 15:53:06:130] info: cld3::loadModule: loading cld3 module
[10/21/18, 15:53:06:207] info: cld3Loader::loadModule: running environment is NODE
[10/21/18, 15:53:06:207] info: cld3Loader::loadModule: constructed module object for runtime
[10/21/18, 15:53:06:388] info: cld3Loader::initializeRuntime: successfully initialized module
[10/21/18, 15:53:06:388] info: cld3Loader::loadModule: initialized wasm binary Runtime
[10/21/18, 15:53:06:398] info: SpellChecker:: updateSpellcheckerLanguage: Skip to set new language null, spellchecker is not available
[10/21/18, 15:53:06:409] info: Main window preload script finished
{
  "readyTime": 1852.658529
}
[10/21/18, 15:53:06:617] info: Store: SET_NETWORK_STATUS online
[10/21/18, 15:53:09:060] info: Store: UPSERT_WEB_CONTENTS
{
  "id": 3,
  "state": "loaded",
  "teamId": "T2LHV2VSB"
}
[10/21/18, 15:53:09:084] info: Store: MAIN_WINDOW_SHOWN
[10/21/18, 15:53:09:086] info: Store: SET_FULL_SCREEN
[10/21/18, 15:53:09:087] info: Store: SET_FULL_SCREEN
[10/21/18, 15:53:09:365] info: Store: UPDATE_SESSION_STATUS
{
  "hasValidSession": false,
  "teamId": "T2LHV2VSB"
}
[10/21/18, 15:53:19:138] info: Window is unloading, window.desktop is no longer accessible
[10/21/18, 15:53:20:251] info: Store: UPSERT_WEB_CONTENTS
{
  "id": 3,
  "state": "page-will-navigate",
  "teamId": "T2LHV2VSB"
}
[10/21/18, 15:53:20:257] info: Window is unloading, window.desktop is no longer accessible
[10/21/18, 15:53:20:594] info: Store: UPDATE_SESSION_STATUS
{
  "hasValidSession": true,
  "teamId": "T2LHV2VSB"
}
[10/21/18, 15:53:20:985] info: ╔════════════════════════════════════════════════════════════════════════════════════╗
[10/21/18, 15:53:20:986] info: ║      Slack 3.3.3, linux 4.18.14-arch1-1-ARCH on x64 at 10/21/18, 15:53:20:982      ║
[10/21/18, 15:53:20:986] info: ╚════════════════════════════════════════════════════════════════════════════════════╝
[10/21/18, 15:53:21:072] info: Initializing local storage instance at path: /home/riddle/.dotfiles/xorg/.config/Slack/local-settings.json
[10/21/18, 15:53:21:352] info: cld3::loadModule: loading cld3 module
[10/21/18, 15:53:21:369] info: cld3Loader::loadModule: running environment is NODE
[10/21/18, 15:53:21:370] info: cld3Loader::loadModule: constructed module object for runtime
[10/21/18, 15:53:21:510] info: cld3Loader::initializeRuntime: successfully initialized module
[10/21/18, 15:53:21:510] info: cld3Loader::loadModule: initialized wasm binary Runtime
[10/21/18, 15:53:21:515] info: SpellChecker:: updateSpellcheckerLanguage: Skip to set new language null, spellchecker is not available
[10/21/18, 15:53:21:524] info: Main window preload script finished
{
  "readyTime": 728.54518
}
[10/21/18, 15:53:21:535] info: Store: REFRESH_TEAMS
{
  "teamIds": [
    "T2LHV2VSB"
  ]
}
[10/21/18, 15:53:21:539] info: Store: UPSERT_WEB_CONTENTS
{
  "id": 3,
  "state": "loaded",
  "teamId": "T2LHV2VSB"
}
[10/21/18, 15:53:21:834] info: Store: UPDATE_SESSION_STATUS
{
  "hasValidSession": true,
  "teamId": "T2LHV2VSB"
}
[10/21/18, 15:53:22:782] info: ╔════════════════════════════════════════════════════════════════════════════════════╗
[10/21/18, 15:53:22:783] info: ║      Slack 3.3.3, linux 4.18.14-arch1-1-ARCH on x64 at 10/21/18, 15:53:22:780      ║
[10/21/18, 15:53:22:783] info: ╚════════════════════════════════════════════════════════════════════════════════════╝
[10/21/18, 15:53:22:864] info: Initializing local storage instance at path: /home/riddle/.dotfiles/xorg/.config/Slack/local-settings.json
[10/21/18, 15:53:23:142] info: cld3::loadModule: loading cld3 module
[10/21/18, 15:53:23:159] info: cld3Loader::loadModule: running environment is NODE
[10/21/18, 15:53:23:159] info: cld3Loader::loadModule: constructed module object for runtime
[10/21/18, 15:53:23:300] info: cld3Loader::initializeRuntime: successfully initialized module
[10/21/18, 15:53:23:300] info: cld3Loader::loadModule: initialized wasm binary Runtime
[10/21/18, 15:53:23:306] info: SpellChecker:: updateSpellcheckerLanguage: Skip to set new language null, spellchecker is not available
[10/21/18, 15:53:23:315] info: Main window preload script finished
{
  "readyTime": 715.58986
}
[10/21/18, 15:53:26:418] info: Store: UPSERT_WEB_CONTENTS
{
  "id": 3,
  "state": "loaded",
  "teamId": "T2LHV2VSB"
}
[10/21/18, 15:53:26:590] info: Store: UPDATE_SESSION_STATUS
{
  "hasValidSession": true,
  "teamId": "T2LHV2VSB"
}
[10/21/18, 15:53:26:595] info: Store: SELECT_CHANNEL D2PQZCP9U
[10/21/18, 15:53:26:595] info: Store: UPDATE_TEAM_LOCALE
{
  "locale": "en-US",
  "teamId": "T2LHV2VSB"
}
[10/21/18, 15:53:26:595] info: Store: UPDATE_SETTINGS
{
  "locale": "en-US"
}
[10/21/18, 15:53:26:596] info: Store: UPDATE_TEAM_THEME
{
  "teamId": "T2LHV2VSB",
  "theme": {
    "active_item": "#4C9689",
    "active_item_text": "#FFFFFF",
    "active_presence": "#38978D",
    "badge": "#EB4D5C",
    "column_bg": "#4D394B",
    "hover_item": "#3E313C",
    "menu_bg": "#3E313C",
    "text_color": "#FFFFFF"
  }
}
[10/21/18, 15:53:27:487] info: postLoadTaskSetup: Desktop client fully loaded
{
  "loadedTime": 47147.174722
}
[10/21/18, 15:53:27:583] info: Store: UPDATE_TEAM_LOCALE
{
  "locale": "en-US",
  "teamId": "T2LHV2VSB"
}
[10/21/18, 15:53:27:591] info: Store: UPSERT_WEB_CONTENTS
{
  "id": 3,
  "state": "webapp-loaded",
  "teamId": "T2LHV2VSB"
}
[10/21/18, 15:53:27:595] info: Store: UPDATE_SETTINGS
{
  "sandboxSigninWindow": true
}
[10/21/18, 15:53:27:607] info: Store: STORE_ENTERPRISE_ID_PAIR
{
  "enterpriseId": null,
  "teamId": "T2LHV2VSB"
}
[10/21/18, 15:53:27:607] info: Store: STORE_API_TOKEN
{
  "teamId": "T2LHV2VSB",
  "token": "xoxs-⋯"
}
[10/21/18, 15:53:27:624] info: postLoadTaskSetup: Setup spellchecker
{
  "version": "V1"
}
[10/21/18, 15:53:28:884] info: Raw Locale list: ["C","en_US.utf8","he_IL.utf8","lt_LT.utf8","POSIX",""]
[10/21/18, 15:53:28:884] info: Filtered Locale list: ["en_US","he_IL","lt_LT"]
[10/21/18, 15:53:28:884] info: Counts: {"en":["en_US"],"he":["he_IL"],"lt":["lt_LT"]}
[10/21/18, 15:53:28:885] info: Setting en
[10/21/18, 15:53:28:885] info: Setting he
[10/21/18, 15:53:28:886] info: Setting lt
[10/21/18, 15:53:28:887] info: Requesting to load lt-LT, alternatives are ["lt-LT","lt-LT","lt-LT"]
[10/21/18, 15:53:28:888] info: Loading dictionary for language lt-LT
[10/21/18, 15:53:28:889] info: Returning local copy: /home/riddle/.dotfiles/xorg/.config/Slack/dictionaries/lt-LT.bdic
[10/21/18, 15:53:28:889] info: Raw Locale list: ["C","en_US.utf8","he_IL.utf8","lt_LT.utf8","POSIX",""]
[10/21/18, 15:53:28:889] info: Filtered Locale list: ["en_US","he_IL","lt_LT"]
[10/21/18, 15:53:28:890] info: Counts: {"en":["en_US"],"he":["he_IL"],"lt":["lt_LT"]}
[10/21/18, 15:53:28:890] info: Setting en
[10/21/18, 15:53:28:890] info: Setting he
[10/21/18, 15:53:28:890] info: Setting lt
[10/21/18, 15:53:28:890] info: Requesting to load lt-LT, alternatives are ["lt-LT","lt-LT","lt-LT"]
[10/21/18, 15:53:28:890] info: Loading dictionary for language lt-LT
[10/21/18, 15:53:28:890] info: Returning local copy: /home/riddle/.dotfiles/xorg/.config/Slack/dictionaries/lt-LT.bdic
[10/21/18, 15:53:28:922] info: Setting current spellchecker to lt-LT, requested language was lt-LT
[10/21/18, 15:53:28:922] info: Creating node-spellchecker instance
[10/21/18, 15:53:28:949] info: Actually installing spell check provider to Electron
[10/21/18, 15:53:28:980] info: Setting current spellchecker to lt-LT, requested language was lt-LT
[10/21/18, 15:55:13:805] info: Store: SELECT_CHANNEL C2LJ9A5T4
[10/21/18, 15:55:16:084] info: Unloading spellchecker
[10/21/18, 15:55:16:091] info: Unloading spellchecker
[10/21/18, 15:55:16:092] info: Unloading spellchecker
[10/21/18, 15:55:16:092] info: Unloading spellchecker
[10/21/18, 15:55:16:095] info: Restoring spellchecker
[10/21/18, 15:55:16:095] info: Loading dictionary for language lt-LT
[10/21/18, 15:55:16:095] info: Returning local copy: /home/riddle/.dotfiles/xorg/.config/Slack/dictionaries/lt-LT.bdic
[10/21/18, 15:55:16:098] info: Unloading spellchecker
[10/21/18, 15:55:16:101] info: Restoring spellchecker
[10/21/18, 15:55:16:101] info: Loading dictionary for language lt-LT
[10/21/18, 15:55:16:101] info: Returning local copy: /home/riddle/.dotfiles/xorg/.config/Slack/dictionaries/lt-LT.bdic
[10/21/18, 15:55:16:104] info: Unloading spellchecker
[10/21/18, 15:55:16:105] info: Setting current spellchecker to lt-LT, requested language was lt-LT
[10/21/18, 15:55:16:106] info: Creating node-spellchecker instance
[10/21/18, 15:55:16:111] info: Setting current spellchecker to lt-LT, requested language was lt-LT
[10/21/18, 15:55:16:114] info: Loading dictionary for language lt-LT
[10/21/18, 15:55:16:114] info: Returning local copy: /home/riddle/.dotfiles/xorg/.config/Slack/dictionaries/lt-LT.bdic
[10/21/18, 15:55:16:115] info: Setting current spellchecker to lt-LT, requested language was lt-LT
[10/21/18, 15:55:26:043] info: Restoring spellchecker
[10/21/18, 15:55:26:044] info: Loading dictionary for language lt-LT
[10/21/18, 15:55:26:046] info: Returning local copy: /home/riddle/.dotfiles/xorg/.config/Slack/dictionaries/lt-LT.bdic
[10/21/18, 15:55:26:057] info: Unloading spellchecker
[10/21/18, 15:55:26:061] info: Restoring spellchecker
[10/21/18, 15:55:26:062] info: Loading dictionary for language lt-LT
[10/21/18, 15:55:26:062] info: Returning local copy: /home/riddle/.dotfiles/xorg/.config/Slack/dictionaries/lt-LT.bdic
[10/21/18, 15:55:26:079] info: Setting current spellchecker to lt-LT, requested language was lt-LT
[10/21/18, 15:55:26:079] info: Creating node-spellchecker instance
[10/21/18, 15:55:26:086] info: Setting current spellchecker to lt-LT, requested language was lt-LT
[10/21/18, 15:55:26:449] info: Unloading spellchecker
[10/21/18, 15:55:26:452] info: Restoring spellchecker
[10/21/18, 15:55:26:452] info: Loading dictionary for language lt-LT
[10/21/18, 15:55:26:452] info: Returning local copy: /home/riddle/.dotfiles/xorg/.config/Slack/dictionaries/lt-LT.bdic
[10/21/18, 15:55:26:455] info: Unloading spellchecker
[10/21/18, 15:55:26:457] info: Restoring spellchecker
[10/21/18, 15:55:26:457] info: Loading dictionary for language lt-LT
[10/21/18, 15:55:26:457] info: Returning local copy: /home/riddle/.dotfiles/xorg/.config/Slack/dictionaries/lt-LT.bdic
[10/21/18, 15:55:26:462] info: Unloading spellchecker
[10/21/18, 15:55:26:463] info: Unloading spellchecker
[10/21/18, 15:55:26:464] info: Unloading spellchecker
[10/21/18, 15:55:26:465] info: Unloading spellchecker
[10/21/18, 15:55:26:466] info: Setting current spellchecker to lt-LT, requested language was lt-LT
[10/21/18, 15:55:26:466] info: Creating node-spellchecker instance
[10/21/18, 15:55:26:471] info: Setting current spellchecker to lt-LT, requested language was lt-LT
[10/21/18, 15:55:27:039] info: Store: SAVE_WINDOW_SETTINGS
{
  "isMaximized": false,
  "position": [
    41,
    69
  ],
  "size": [
    1152,
    864
  ]
}
[10/21/18, 16:18:35:945] info: Restoring spellchecker
[10/21/18, 16:18:35:945] info: Loading dictionary for language lt-LT
[10/21/18, 16:18:35:946] info: Returning local copy: /home/riddle/.dotfiles/xorg/.config/Slack/dictionaries/lt-LT.bdic
[10/21/18, 16:18:35:955] info: Unloading spellchecker
[10/21/18, 16:18:35:959] info: Restoring spellchecker
[10/21/18, 16:18:35:959] info: Loading dictionary for language lt-LT
[10/21/18, 16:18:35:959] info: Returning local copy: /home/riddle/.dotfiles/xorg/.config/Slack/dictionaries/lt-LT.bdic
[10/21/18, 16:18:35:976] info: Setting current spellchecker to lt-LT, requested language was lt-LT
[10/21/18, 16:18:35:976] info: Creating node-spellchecker instance
[10/21/18, 16:18:35:982] info: Setting current spellchecker to lt-LT, requested language was lt-LT
[10/21/18, 16:18:36:653] info: Unloading spellchecker
[10/21/18, 16:18:36:653] info: Unloading spellchecker
[10/21/18, 16:18:36:940] info: Store: SAVE_WINDOW_SETTINGS
{
  "isMaximized": false,
  "position": [
    41,
    69
  ],
  "size": [
    1152,
    864
  ]
}
[10/21/18, 16:18:36:956] info: Restoring spellchecker
[10/21/18, 16:18:36:957] info: Loading dictionary for language lt-LT
[10/21/18, 16:18:36:957] info: Returning local copy: /home/riddle/.dotfiles/xorg/.config/Slack/dictionaries/lt-LT.bdic
[10/21/18, 16:18:36:961] info: Unloading spellchecker
[10/21/18, 16:18:36:971] info: Restoring spellchecker
[10/21/18, 16:18:36:971] info: Loading dictionary for language lt-LT
[10/21/18, 16:18:36:971] info: Returning local copy: /home/riddle/.dotfiles/xorg/.config/Slack/dictionaries/lt-LT.bdic
[10/21/18, 16:18:36:988] info: Setting current spellchecker to lt-LT, requested language was lt-LT
[10/21/18, 16:18:36:988] info: Creating node-spellchecker instance
[10/21/18, 16:18:36:994] info: Setting current spellchecker to lt-LT, requested language was lt-LT
[10/21/18, 16:18:37:502] info: Unloading spellchecker
[10/21/18, 16:18:37:508] info: Unloading spellchecker
[10/21/18, 16:18:37:954] info: Store: SAVE_WINDOW_SETTINGS
{
  "isMaximized": false,
  "position": [
    41,
    69
  ],
  "size": [
    1152,
    864
  ]
}
[10/21/18, 16:18:38:597] info: Restoring spellchecker
[10/21/18, 16:18:38:597] info: Loading dictionary for language lt-LT
[10/21/18, 16:18:38:597] info: Returning local copy: /home/riddle/.dotfiles/xorg/.config/Slack/dictionaries/lt-LT.bdic
[10/21/18, 16:18:38:600] info: Unloading spellchecker
[10/21/18, 16:18:38:605] info: Restoring spellchecker
[10/21/18, 16:18:38:605] info: Loading dictionary for language lt-LT
[10/21/18, 16:18:38:606] info: Returning local copy: /home/riddle/.dotfiles/xorg/.config/Slack/dictionaries/lt-LT.bdic
[10/21/18, 16:18:38:621] info: Setting current spellchecker to lt-LT, requested language was lt-LT
[10/21/18, 16:18:38:621] info: Creating node-spellchecker instance
[10/21/18, 16:18:38:627] info: Setting current spellchecker to lt-LT, requested language was lt-LT
[10/21/18, 16:18:38:919] info: Unloading spellchecker
[10/21/18, 16:18:38:920] info: Unloading spellchecker
[10/21/18, 16:18:39:595] info: Store: SAVE_WINDOW_SETTINGS
{
  "isMaximized": false,
  "position": [
    41,
    69
  ],
  "size": [
    1152,
    864
  ]
}
[10/21/18, 16:19:40:273] error: Oct-21 16:19:40.272 SOCKET-MANAGER (T2LHV2VSB) Socket was closed because #1006: generic error
[10/21/18, 16:19:42:526] error: Oct-21 16:19:42.522 SOCKET-MANAGER (T2LHV2VSB) Closing socket because #4106: received an "error" message from socket
[10/21/18, 16:19:42:533] info: Store: REFRESH_TEAMS
{
  "teamIds": [
    "T2LHV2VSB"
  ]
}
[10/21/18, 16:19:42:535] info: Store: UPSERT_WEB_CONTENTS
{
  "id": 3,
  "state": "page-will-navigate",
  "teamId": "T2LHV2VSB"
}
[10/21/18, 16:19:42:537] info: Window is unloading, window.desktop is no longer accessible
[10/21/18, 16:19:43:206] info: Store: UPDATE_SESSION_STATUS
{
  "hasValidSession": false,
  "teamId": "T2LHV2VSB"
}
[10/21/18, 16:19:43:701] info: ╔════════════════════════════════════════════════════════════════════════════════════╗
[10/21/18, 16:19:43:702] info: ║      Slack 3.3.3, linux 4.18.14-arch1-1-ARCH on x64 at 10/21/18, 16:19:43:699      ║
[10/21/18, 16:19:43:702] info: ╚════════════════════════════════════════════════════════════════════════════════════╝
[10/21/18, 16:19:43:808] info: Initializing local storage instance at path: /home/riddle/.dotfiles/xorg/.config/Slack/local-settings.json
[10/21/18, 16:19:44:160] info: cld3::loadModule: loading cld3 module
[10/21/18, 16:19:44:179] info: cld3Loader::loadModule: running environment is NODE
[10/21/18, 16:19:44:180] info: cld3Loader::loadModule: constructed module object for runtime
[10/21/18, 16:19:44:344] info: cld3Loader::initializeRuntime: successfully initialized module
[10/21/18, 16:19:44:345] info: cld3Loader::loadModule: initialized wasm binary Runtime
[10/21/18, 16:19:44:351] info: SpellChecker:: updateSpellcheckerLanguage: Skip to set new language null, spellchecker is not available
[10/21/18, 16:19:44:360] info: Main window preload script finished
{
  "readyTime": 845.765651
}
[10/21/18, 16:19:46:127] info: Store: UPSERT_WEB_CONTENTS
{
  "id": 3,
  "state": "loaded",
  "teamId": "T2LHV2VSB"
}
[10/21/18, 16:19:47:218] info: Store: UPDATE_SESSION_STATUS
{
  "hasValidSession": false,
  "teamId": "T2LHV2VSB"
}
[10/21/18, 16:20:32:610] info: Store: FOREGROUND_APP
[10/21/18, 16:20:32:645] info: Store: SET_FULL_SCREEN
[10/21/18, 16:20:33:627] info: Store: SAVE_WINDOW_SETTINGS
{
  "isMaximized": false,
  "position": [
    41,
    69
  ],
  "size": [
    1152,
    864
  ]
}
[10/21/18, 16:20:40:128] info: Window is unloading, window.desktop is no longer accessible
[10/21/18, 16:20:41:370] info: Store: UPSERT_WEB_CONTENTS
{
  "id": 3,
  "state": "page-will-navigate",
  "teamId": "T2LHV2VSB"
}
[10/21/18, 16:20:41:375] info: Window is unloading, window.desktop is no longer accessible
[10/21/18, 16:20:41:704] info: Store: UPDATE_SESSION_STATUS
{
  "hasValidSession": true,
  "teamId": "T2LHV2VSB"
}
[10/21/18, 16:20:42:362] info: ╔════════════════════════════════════════════════════════════════════════════════════╗
[10/21/18, 16:20:42:363] info: ║      Slack 3.3.3, linux 4.18.14-arch1-1-ARCH on x64 at 10/21/18, 16:20:42:360      ║
[10/21/18, 16:20:42:363] info: ╚════════════════════════════════════════════════════════════════════════════════════╝
[10/21/18, 16:20:42:445] info: Initializing local storage instance at path: /home/riddle/.dotfiles/xorg/.config/Slack/local-settings.json
[10/21/18, 16:20:42:724] info: cld3::loadModule: loading cld3 module
[10/21/18, 16:20:42:742] info: cld3Loader::loadModule: running environment is NODE
[10/21/18, 16:20:42:742] info: cld3Loader::loadModule: constructed module object for runtime
[10/21/18, 16:20:42:883] info: cld3Loader::initializeRuntime: successfully initialized module
[10/21/18, 16:20:42:883] info: cld3Loader::loadModule: initialized wasm binary Runtime
[10/21/18, 16:20:42:888] info: SpellChecker:: updateSpellcheckerLanguage: Skip to set new language null, spellchecker is not available
[10/21/18, 16:20:42:898] info: Main window preload script finished
{
  "readyTime": 723.225388
}
[10/21/18, 16:20:42:910] info: Store: REFRESH_TEAMS
{
  "teamIds": [
    "T2LHV2VSB"
  ]
}
[10/21/18, 16:20:42:911] info: Store: UPSERT_WEB_CONTENTS
{
  "id": 3,
  "state": "loaded",
  "teamId": "T2LHV2VSB"
}
[10/21/18, 16:20:43:219] info: Window is unloading, window.desktop is no longer accessible
[10/21/18, 16:20:43:225] info: Store: UPDATE_SESSION_STATUS
{
  "hasValidSession": true,
  "teamId": "T2LHV2VSB"
}
[10/21/18, 16:20:44:835] info: ╔════════════════════════════════════════════════════════════════════════════════════╗
[10/21/18, 16:20:44:836] info: ║      Slack 3.3.3, linux 4.18.14-arch1-1-ARCH on x64 at 10/21/18, 16:20:44:833      ║
[10/21/18, 16:20:44:836] info: ╚════════════════════════════════════════════════════════════════════════════════════╝
[10/21/18, 16:20:44:919] info: Initializing local storage instance at path: /home/riddle/.dotfiles/xorg/.config/Slack/local-settings.json
[10/21/18, 16:20:45:193] info: cld3::loadModule: loading cld3 module
[10/21/18, 16:20:45:210] info: cld3Loader::loadModule: running environment is NODE
[10/21/18, 16:20:45:211] info: cld3Loader::loadModule: constructed module object for runtime
[10/21/18, 16:20:45:352] info: cld3Loader::initializeRuntime: successfully initialized module
[10/21/18, 16:20:45:352] info: cld3Loader::loadModule: initialized wasm binary Runtime
[10/21/18, 16:20:45:358] info: SpellChecker:: updateSpellcheckerLanguage: Skip to set new language null, spellchecker is not available
[10/21/18, 16:20:45:367] info: Main window preload script finished
{
  "readyTime": 720.696342
}
[10/21/18, 16:20:47:212] info: Store: UPSERT_WEB_CONTENTS
{
  "id": 3,
  "state": "loaded",
  "teamId": "T2LHV2VSB"
}
[10/21/18, 16:20:48:192] info: postLoadTaskSetup: Desktop client fully loaded
{
  "loadedTime": 1687851.882678
}
[10/21/18, 16:20:48:329] info: Store: SELECT_CHANNEL C2LJ9A5T4
[10/21/18, 16:20:48:330] info: Store: UPDATE_TEAM_LOCALE
{
  "locale": "en-US",
  "teamId": "T2LHV2VSB"
}
[10/21/18, 16:20:48:331] info: Store: UPDATE_TEAM_THEME
{
  "teamId": "T2LHV2VSB",
  "theme": {
    "active_item": "#4C9689",
    "active_item_text": "#FFFFFF",
    "active_presence": "#38978D",
    "badge": "#EB4D5C",
    "column_bg": "#4D394B",
    "hover_item": "#3E313C",
    "menu_bg": "#3E313C",
    "text_color": "#FFFFFF"
  }
}
[10/21/18, 16:20:48:350] info: Store: UPDATE_SESSION_STATUS
{
  "hasValidSession": true,
  "teamId": "T2LHV2VSB"
}
[10/21/18, 16:20:48:351] info: Store: UPDATE_TEAM_LOCALE
{
  "locale": "en-US",
  "teamId": "T2LHV2VSB"
}
[10/21/18, 16:20:48:351] info: Store: UPSERT_WEB_CONTENTS
{
  "id": 3,
  "state": "webapp-loaded",
  "teamId": "T2LHV2VSB"
}
[10/21/18, 16:20:48:352] info: Store: UPDATE_SETTINGS
{
  "sandboxSigninWindow": true
}
[10/21/18, 16:20:48:356] info: Store: STORE_ENTERPRISE_ID_PAIR
{
  "enterpriseId": null,
  "teamId": "T2LHV2VSB"
}
[10/21/18, 16:20:48:389] info: postLoadTaskSetup: Setup spellchecker
{
  "version": "V1"
}
[10/21/18, 16:20:49:263] info: Raw Locale list: ["C","en_US.utf8","he_IL.utf8","lt_LT.utf8","POSIX",""]
[10/21/18, 16:20:49:263] info: Filtered Locale list: ["en_US","he_IL","lt_LT"]
[10/21/18, 16:20:49:263] info: Counts: {"en":["en_US"],"he":["he_IL"],"lt":["lt_LT"]}
[10/21/18, 16:20:49:263] info: Setting en
[10/21/18, 16:20:49:264] info: Setting he
[10/21/18, 16:20:49:264] info: Setting lt
[10/21/18, 16:20:49:267] info: Requesting to load lt-LT, alternatives are ["lt-LT","lt-LT","lt-LT"]
[10/21/18, 16:20:49:268] info: Loading dictionary for language lt-LT
[10/21/18, 16:20:49:268] info: Returning local copy: /home/riddle/.dotfiles/xorg/.config/Slack/dictionaries/lt-LT.bdic
[10/21/18, 16:20:49:271] info: Setting current spellchecker to lt-LT, requested language was lt-LT
[10/21/18, 16:20:49:271] info: Creating node-spellchecker instance
[10/21/18, 16:20:49:277] info: Actually installing spell check provider to Electron
[10/21/18, 16:20:50:995] info: Loading dictionary for language lt-LT
[10/21/18, 16:20:50:995] info: Returning local copy: /home/riddle/.dotfiles/xorg/.config/Slack/dictionaries/lt-LT.bdic
[10/21/18, 16:20:50:996] info: Setting current spellchecker to lt-LT, requested language was lt-LT
[10/21/18, 16:31:51:569] error: Oct-21 16:31:51.568 SOCKET-MANAGER (T2LHV2VSB) Socket was closed because #1006: generic error
[10/21/18, 16:31:53:617] error: Oct-21 16:31:53.616 SOCKET-MANAGER (T2LHV2VSB) Closing socket because #4106: received an "error" message from socket
[10/21/18, 16:31:53:625] info: Store: REFRESH_TEAMS
{
  "teamIds": [
    "T2LHV2VSB"
  ]
}
[10/21/18, 16:31:53:627] info: Store: UPSERT_WEB_CONTENTS
{
  "id": 3,
  "state": "page-will-navigate",
  "teamId": "T2LHV2VSB"
}
[10/21/18, 16:31:53:628] info: Window is unloading, window.desktop is no longer accessible
[10/21/18, 16:31:54:175] info: Store: UPDATE_SESSION_STATUS
{
  "hasValidSession": false,
  "teamId": "T2LHV2VSB"
}
[10/21/18, 16:31:54:635] info: ╔════════════════════════════════════════════════════════════════════════════════════╗
[10/21/18, 16:31:54:636] info: ║      Slack 3.3.3, linux 4.18.14-arch1-1-ARCH on x64 at 10/21/18, 16:31:54:633      ║
[10/21/18, 16:31:54:636] info: ╚════════════════════════════════════════════════════════════════════════════════════╝
[10/21/18, 16:31:54:719] info: Initializing local storage instance at path: /home/riddle/.dotfiles/xorg/.config/Slack/local-settings.json
[10/21/18, 16:31:54:997] info: cld3::loadModule: loading cld3 module
[10/21/18, 16:31:55:015] info: cld3Loader::loadModule: running environment is NODE
[10/21/18, 16:31:55:015] info: cld3Loader::loadModule: constructed module object for runtime
[10/21/18, 16:31:55:157] info: cld3Loader::initializeRuntime: successfully initialized module
[10/21/18, 16:31:55:157] info: cld3Loader::loadModule: initialized wasm binary Runtime
[10/21/18, 16:31:55:163] info: SpellChecker:: updateSpellcheckerLanguage: Skip to set new language null, spellchecker is not available
[10/21/18, 16:31:55:172] info: Main window preload script finished
{
  "readyTime": 726.139234
}
[10/21/18, 16:31:56:781] info: Store: UPSERT_WEB_CONTENTS
{
  "id": 3,
  "state": "loaded",
  "teamId": "T2LHV2VSB"
}
[10/21/18, 16:31:57:308] info: Store: UPDATE_SESSION_STATUS
{
  "hasValidSession": false,
  "teamId": "T2LHV2VSB"
}
[10/21/18, 16:32:56:002] error: Oct-21 16:32:56.001 TICKLE-MS (T00) Skipping tickle because no user exists
[10/21/18, 16:33:55:997] error: Oct-21 16:33:55.996 TICKLE-MS (T00) Skipping tickle because no user exists
[10/21/18, 16:34:55:987] error: Oct-21 16:34:55.986 TICKLE-MS (T00) Skipping tickle because no user exists
[10/21/18, 16:35:24:231] info: Store: SAVE_WINDOW_SETTINGS
{
  "isMaximized": false,
  "position": [
    41,
    69
  ],
  "size": [
    1152,
    864
  ]
}
[10/21/18, 16:35:32:540] info: Window is unloading, window.desktop is no longer accessible
[10/21/18, 16:35:33:788] info: Store: UPSERT_WEB_CONTENTS
{
  "id": 3,
  "state": "page-will-navigate",
  "teamId": "T2LHV2VSB"
}
[10/21/18, 16:35:33:791] info: Window is unloading, window.desktop is no longer accessible
[10/21/18, 16:35:34:061] info: Store: UPDATE_SESSION_STATUS
{
  "hasValidSession": true,
  "teamId": "T2LHV2VSB"
}
[10/21/18, 16:35:34:935] info: ╔════════════════════════════════════════════════════════════════════════════════════╗
[10/21/18, 16:35:34:935] info: ║      Slack 3.3.3, linux 4.18.14-arch1-1-ARCH on x64 at 10/21/18, 16:35:34:932      ║
[10/21/18, 16:35:34:935] info: ╚════════════════════════════════════════════════════════════════════════════════════╝
[10/21/18, 16:35:35:018] info: Initializing local storage instance at path: /home/riddle/.dotfiles/xorg/.config/Slack/local-settings.json
[10/21/18, 16:35:35:299] info: cld3::loadModule: loading cld3 module
[10/21/18, 16:35:35:318] info: cld3Loader::loadModule: running environment is NODE
[10/21/18, 16:35:35:318] info: cld3Loader::loadModule: constructed module object for runtime
[10/21/18, 16:35:35:461] info: cld3Loader::initializeRuntime: successfully initialized module
[10/21/18, 16:35:35:461] info: cld3Loader::loadModule: initialized wasm binary Runtime
[10/21/18, 16:35:35:467] info: SpellChecker:: updateSpellcheckerLanguage: Skip to set new language null, spellchecker is not available
[10/21/18, 16:35:35:476] info: Main window preload script finished
{
  "readyTime": 728.300009
}
[10/21/18, 16:35:35:488] info: Store: REFRESH_TEAMS
{
  "teamIds": [
    "T2LHV2VSB"
  ]
}
[10/21/18, 16:35:35:490] info: Store: UPSERT_WEB_CONTENTS
{
  "id": 3,
  "state": "loaded",
  "teamId": "T2LHV2VSB"
}
[10/21/18, 16:35:35:775] info: Store: UPDATE_SESSION_STATUS
{
  "hasValidSession": true,
  "teamId": "T2LHV2VSB"
}
[10/21/18, 16:35:37:041] info: ╔════════════════════════════════════════════════════════════════════════════════════╗
[10/21/18, 16:35:37:042] info: ║      Slack 3.3.3, linux 4.18.14-arch1-1-ARCH on x64 at 10/21/18, 16:35:37:039      ║
[10/21/18, 16:35:37:042] info: ╚════════════════════════════════════════════════════════════════════════════════════╝
[10/21/18, 16:35:37:127] info: Initializing local storage instance at path: /home/riddle/.dotfiles/xorg/.config/Slack/local-settings.json
[10/21/18, 16:35:37:406] info: cld3::loadModule: loading cld3 module
[10/21/18, 16:35:37:423] info: cld3Loader::loadModule: running environment is NODE
[10/21/18, 16:35:37:423] info: cld3Loader::loadModule: constructed module object for runtime
[10/21/18, 16:35:37:569] info: cld3Loader::initializeRuntime: successfully initialized module
[10/21/18, 16:35:37:569] info: cld3Loader::loadModule: initialized wasm binary Runtime
[10/21/18, 16:35:37:574] info: SpellChecker:: updateSpellcheckerLanguage: Skip to set new language null, spellchecker is not available
[10/21/18, 16:35:37:584] info: Main window preload script finished
{
  "readyTime": 730.705807
}
[10/21/18, 16:35:39:450] info: Store: UPSERT_WEB_CONTENTS
{
  "id": 3,
  "state": "loaded",
  "teamId": "T2LHV2VSB"
}
[10/21/18, 16:35:40:279] info: Store: UPDATE_SESSION_STATUS
{
  "hasValidSession": true,
  "teamId": "T2LHV2VSB"
}
[10/21/18, 16:35:40:404] info: postLoadTaskSetup: Desktop client fully loaded
{
  "loadedTime": 2580064.772418
}
[10/21/18, 16:35:40:524] info: Store: SELECT_CHANNEL C2LJ9A5T4
[10/21/18, 16:35:40:524] info: Store: UPDATE_TEAM_LOCALE
{
  "locale": "en-US",
  "teamId": "T2LHV2VSB"
}
[10/21/18, 16:35:40:525] info: Store: UPDATE_TEAM_THEME
{
  "teamId": "T2LHV2VSB",
  "theme": {
    "active_item": "#4C9689",
    "active_item_text": "#FFFFFF",
    "active_presence": "#38978D",
    "badge": "#EB4D5C",
    "column_bg": "#4D394B",
    "hover_item": "#3E313C",
    "menu_bg": "#3E313C",
    "text_color": "#FFFFFF"
  }
}
[10/21/18, 16:35:40:539] info: Store: UPDATE_TEAM_LOCALE
{
  "locale": "en-US",
  "teamId": "T2LHV2VSB"
}
[10/21/18, 16:35:40:539] info: Store: UPSERT_WEB_CONTENTS
{
  "id": 3,
  "state": "webapp-loaded",
  "teamId": "T2LHV2VSB"
}
[10/21/18, 16:35:40:540] info: Store: UPDATE_SETTINGS
{
  "sandboxSigninWindow": true
}
[10/21/18, 16:35:40:543] info: Store: STORE_ENTERPRISE_ID_PAIR
{
  "enterpriseId": null,
  "teamId": "T2LHV2VSB"
}
[10/21/18, 16:35:41:028] info: postLoadTaskSetup: Setup spellchecker
{
  "version": "V1"
}
[10/21/18, 16:35:41:545] info: Raw Locale list: ["C","en_US.utf8","he_IL.utf8","lt_LT.utf8","POSIX",""]
[10/21/18, 16:35:41:545] info: Filtered Locale list: ["en_US","he_IL","lt_LT"]
[10/21/18, 16:35:41:545] info: Counts: {"en":["en_US"],"he":["he_IL"],"lt":["lt_LT"]}
[10/21/18, 16:35:41:545] info: Setting en
[10/21/18, 16:35:41:546] info: Setting he
[10/21/18, 16:35:41:546] info: Setting lt
[10/21/18, 16:35:41:548] info: Requesting to load lt-LT, alternatives are ["lt-LT","lt-LT","lt-LT"]
[10/21/18, 16:35:41:549] info: Loading dictionary for language lt-LT
[10/21/18, 16:35:41:549] info: Returning local copy: /home/riddle/.dotfiles/xorg/.config/Slack/dictionaries/lt-LT.bdic
[10/21/18, 16:35:41:554] info: Setting current spellchecker to lt-LT, requested language was lt-LT
[10/21/18, 16:35:41:554] info: Creating node-spellchecker instance
[10/21/18, 16:35:41:560] info: Actually installing spell check provider to Electron
[10/21/18, 16:35:41:793] info: Store: SAVE_WINDOW_SETTINGS
{
  "isMaximized": false,
  "position": [
    41,
    69
  ],
  "size": [
    1152,
    864
  ]
}
[10/21/18, 16:35:41:966] info: Unloading spellchecker
[10/21/18, 16:35:41:969] info: Restoring spellchecker
[10/21/18, 16:35:41:969] info: Loading dictionary for language lt-LT
[10/21/18, 16:35:41:970] info: Returning local copy: /home/riddle/.dotfiles/xorg/.config/Slack/dictionaries/lt-LT.bdic
[10/21/18, 16:35:41:971] info: Unloading spellchecker
[10/21/18, 16:35:41:972] info: Restoring spellchecker
[10/21/18, 16:35:41:972] info: Loading dictionary for language lt-LT
[10/21/18, 16:35:41:972] info: Returning local copy: /home/riddle/.dotfiles/xorg/.config/Slack/dictionaries/lt-LT.bdic
[10/21/18, 16:35:41:973] info: Unloading spellchecker
[10/21/18, 16:35:41:974] info: Unloading spellchecker
[10/21/18, 16:35:41:974] info: Unloading spellchecker
[10/21/18, 16:35:41:975] info: Unloading spellchecker
[10/21/18, 16:35:41:976] info: Setting current spellchecker to lt-LT, requested language was lt-LT
[10/21/18, 16:35:41:976] info: Creating node-spellchecker instance
[10/21/18, 16:35:41:981] info: Setting current spellchecker to lt-LT, requested language was lt-LT
[10/21/18, 16:35:42:317] info: Restoring spellchecker
[10/21/18, 16:35:42:318] info: Loading dictionary for language lt-LT
[10/21/18, 16:35:42:318] info: Returning local copy: /home/riddle/.dotfiles/xorg/.config/Slack/dictionaries/lt-LT.bdic
[10/21/18, 16:35:42:324] info: Unloading spellchecker
[10/21/18, 16:35:42:327] info: Restoring spellchecker
[10/21/18, 16:35:42:327] info: Loading dictionary for language lt-LT
[10/21/18, 16:35:42:327] info: Returning local copy: /home/riddle/.dotfiles/xorg/.config/Slack/dictionaries/lt-LT.bdic
[10/21/18, 16:35:42:342] info: Setting current spellchecker to lt-LT, requested language was lt-LT
[10/21/18, 16:35:42:342] info: Creating node-spellchecker instance
[10/21/18, 16:35:42:349] info: Loading dictionary for language lt-LT
[10/21/18, 16:35:42:349] info: Returning local copy: /home/riddle/.dotfiles/xorg/.config/Slack/dictionaries/lt-LT.bdic
[10/21/18, 16:35:42:349] info: Setting current spellchecker to lt-LT, requested language was lt-LT
[10/21/18, 16:35:42:350] info: Setting current spellchecker to lt-LT, requested language was lt-LT
[10/21/18, 16:35:42:710] info: Unloading spellchecker
[10/21/18, 16:35:42:713] info: Restoring spellchecker
[10/21/18, 16:35:42:713] info: Loading dictionary for language lt-LT
[10/21/18, 16:35:42:714] info: Returning local copy: /home/riddle/.dotfiles/xorg/.config/Slack/dictionaries/lt-LT.bdic
[10/21/18, 16:35:42:715] info: Unloading spellchecker
[10/21/18, 16:35:42:716] info: Restoring spellchecker
[10/21/18, 16:35:42:716] info: Loading dictionary for language lt-LT
[10/21/18, 16:35:42:716] info: Returning local copy: /home/riddle/.dotfiles/xorg/.config/Slack/dictionaries/lt-LT.bdic
[10/21/18, 16:35:42:717] info: Unloading spellchecker
[10/21/18, 16:35:42:717] info: Unloading spellchecker
[10/21/18, 16:35:42:718] info: Unloading spellchecker
[10/21/18, 16:35:42:719] info: Unloading spellchecker
[10/21/18, 16:35:42:720] info: Setting current spellchecker to lt-LT, requested language was lt-LT
[10/21/18, 16:35:42:720] info: Creating node-spellchecker instance
[10/21/18, 16:35:42:725] info: Setting current spellchecker to lt-LT, requested language was lt-LT
[10/21/18, 16:35:43:318] info: Store: SAVE_WINDOW_SETTINGS
{
  "isMaximized": false,
  "position": [
    41,
    69
  ],
  "size": [
    1152,
    864
  ]
}
[10/21/18, 17:18:53:455] info: Restoring spellchecker
[10/21/18, 17:18:53:456] info: Loading dictionary for language lt-LT
[10/21/18, 17:18:53:456] info: Returning local copy: /home/riddle/.dotfiles/xorg/.config/Slack/dictionaries/lt-LT.bdic
[10/21/18, 17:18:53:469] info: Unloading spellchecker
[10/21/18, 17:18:53:471] info: Restoring spellchecker
[10/21/18, 17:18:53:471] info: Loading dictionary for language lt-LT
[10/21/18, 17:18:53:472] info: Returning local copy: /home/riddle/.dotfiles/xorg/.config/Slack/dictionaries/lt-LT.bdic
[10/21/18, 17:18:53:488] info: Setting current spellchecker to lt-LT, requested language was lt-LT
[10/21/18, 17:18:53:488] info: Creating node-spellchecker instance
[10/21/18, 17:18:53:495] info: Setting current spellchecker to lt-LT, requested language was lt-LT
[10/21/18, 17:18:54:451] info: Store: SAVE_WINDOW_SETTINGS
{
  "isMaximized": false,
  "position": [
    41,
    69
  ],
  "size": [
    1152,
    864
  ]
}
[10/21/18, 17:18:55:257] info: Unloading spellchecker
[10/21/18, 17:18:55:258] info: Restoring spellchecker
[10/21/18, 17:18:55:258] info: Loading dictionary for language lt-LT
[10/21/18, 17:18:55:260] info: Returning local copy: /home/riddle/.dotfiles/xorg/.config/Slack/dictionaries/lt-LT.bdic
[10/21/18, 17:18:55:261] info: Unloading spellchecker
[10/21/18, 17:18:55:262] info: Restoring spellchecker
[10/21/18, 17:18:55:262] info: Loading dictionary for language lt-LT
[10/21/18, 17:18:55:262] info: Returning local copy: /home/riddle/.dotfiles/xorg/.config/Slack/dictionaries/lt-LT.bdic
[10/21/18, 17:18:55:263] info: Unloading spellchecker
[10/21/18, 17:18:55:263] info: Unloading spellchecker
[10/21/18, 17:18:55:264] info: Unloading spellchecker
[10/21/18, 17:18:55:265] info: Unloading spellchecker
[10/21/18, 17:18:55:266] info: Setting current spellchecker to lt-LT, requested language was lt-LT
[10/21/18, 17:18:55:266] info: Creating node-spellchecker instance
[10/21/18, 17:18:55:272] info: Setting current spellchecker to lt-LT, requested language was lt-LT
[10/21/18, 18:14:07:163] info: Store: SET_SUSPEND_STATUS
[10/21/18, 18:14:07:347] error: Oct-21 18:14:07.346 SOCKET-MANAGER (T2LHV2VSB) Closing socket because #4102: client is going to sleep
[10/21/18, 18:14:17:150] info: Store: SET_SUSPEND_STATUS true
[10/21/18, 18:14:17:545] error: Oct-21 18:14:17.545 SOCKET-MANAGER (T2LHV2VSB) Socket was closed because #1006: generic error
[10/21/18, 19:29:41:718] info: Store: SET_SUSPEND_STATUS
[10/21/18, 19:29:42:009] error: Oct-21 19:29:42.009 SOCKET-MANAGER (T2LHV2VSB) Closing socket because #4102: client is going to sleep
[10/21/18, 19:33:29:663] info: Store: SET_SUSPEND_STATUS true
[10/21/18, 19:33:29:739] error: Oct-21 19:33:29.739 SOCKET-MANAGER (T2LHV2VSB) Closing socket because #4105: client went offline
[10/21/18, 19:33:30:033] info: Store: SET_NETWORK_STATUS offline
[10/21/18, 19:33:43:026] info: Store: SET_NETWORK_STATUS online
[10/21/18, 19:33:59:606] info: Store: SET_SUSPEND_STATUS
[10/21/18, 19:34:32:505] info: Store: SET_SUSPEND_STATUS true
[10/21/18, 19:34:32:512] error: Oct-21 19:34:32.511 SOCKET-MANAGER (T2LHV2VSB) Socket was closed because #1006: generic error
[10/21/18, 19:34:33:641] info: Store: SET_NETWORK_STATUS offline
[10/21/18, 19:34:49:645] info: Store: SET_NETWORK_STATUS online
[10/21/18, 19:35:02:713] info: Store: SET_FULL_SCREEN
[10/21/18, 19:35:02:714] info: Restoring spellchecker
[10/21/18, 19:35:02:714] info: Loading dictionary for language lt-LT
[10/21/18, 19:35:02:737] info: Returning local copy: /home/riddle/.dotfiles/xorg/.config/Slack/dictionaries/lt-LT.bdic
[10/21/18, 19:35:02:786] info: Unloading spellchecker
[10/21/18, 19:35:02:833] info: Setting current spellchecker to lt-LT, requested language was lt-LT
[10/21/18, 19:35:02:833] info: Creating node-spellchecker instance
[10/21/18, 19:35:03:380] info: Store: SAVE_WINDOW_SETTINGS
{
  "isMaximized": false,
  "position": [
    41,
    69
  ],
  "size": [
    1152,
    864
  ]
}
[10/21/18, 19:39:22:108] error: Oct-21 19:39:22.108 SOCKET-MANAGER (T2LHV2VSB) Closing socket because #4106: received an "error" message from socket
[10/21/18, 19:39:22:115] info: Store: REFRESH_TEAMS
{
  "teamIds": [
    "T2LHV2VSB"
  ]
}
[10/21/18, 19:39:22:118] info: Store: UPSERT_WEB_CONTENTS
{
  "id": 3,
  "state": "page-will-navigate",
  "teamId": "T2LHV2VSB"
}
[10/21/18, 19:39:22:390] info: Window is unloading, window.desktop is no longer accessible
[10/21/18, 19:39:22:964] info: Store: UPDATE_SESSION_STATUS
{
  "hasValidSession": false,
  "teamId": "T2LHV2VSB"
}
[10/21/18, 19:39:24:823] info: ╔════════════════════════════════════════════════════════════════════════════════════╗
[10/21/18, 19:39:24:824] info: ║      Slack 3.3.3, linux 4.18.14-arch1-1-ARCH on x64 at 10/21/18, 19:39:24:819      ║
[10/21/18, 19:39:24:824] info: ╚════════════════════════════════════════════════════════════════════════════════════╝
[10/21/18, 19:39:24:925] info: Initializing local storage instance at path: /home/riddle/.dotfiles/xorg/.config/Slack/local-settings.json
[10/21/18, 19:39:25:876] info: cld3::loadModule: loading cld3 module
[10/21/18, 19:39:25:912] info: cld3Loader::loadModule: running environment is NODE
[10/21/18, 19:39:25:912] info: cld3Loader::loadModule: constructed module object for runtime
[10/21/18, 19:39:26:070] info: cld3Loader::initializeRuntime: successfully initialized module
[10/21/18, 19:39:26:070] info: cld3Loader::loadModule: initialized wasm binary Runtime
[10/21/18, 19:39:26:076] info: SpellChecker:: updateSpellcheckerLanguage: Skip to set new language null, spellchecker is not available
[10/21/18, 19:39:26:086] info: Main window preload script finished
{
  "readyTime": 1931.950658
}
[10/21/18, 19:39:28:226] info: Store: UPSERT_WEB_CONTENTS
{
  "id": 3,
  "state": "loaded",
  "teamId": "T2LHV2VSB"
}
[10/21/18, 19:39:29:034] info: Store: UPDATE_SESSION_STATUS
{
  "hasValidSession": false,
  "teamId": "T2LHV2VSB"
}
[10/21/18, 19:40:26:695] error: Oct-21 19:40:26.694 TICKLE-MS (T00) Skipping tickle because no user exists
[10/21/18, 19:41:26:638] error: Oct-21 19:41:26.638 TICKLE-MS (T00) Skipping tickle because no user exists
[10/21/18, 19:42:26:639] error: Oct-21 19:42:26.639 TICKLE-MS (T00) Skipping tickle because no user exists
[10/21/18, 19:43:26:638] error: Oct-21 19:43:26.638 TICKLE-MS (T00) Skipping tickle because no user exists
[10/21/18, 19:44:26:640] error: Oct-21 19:44:26.639 TICKLE-MS (T00) Skipping tickle because no user exists
[10/21/18, 19:45:26:637] error: Oct-21 19:45:26.637 TICKLE-MS (T00) Skipping tickle because no user exists
[10/21/18, 19:48:51:613] info: ╔════════════════════════════════════════════════════════════════════════════════════╗
[10/21/18, 19:48:51:613] info: ║      Slack 3.3.3, linux 4.18.14-arch1-1-ARCH on x64 at 10/21/18, 19:48:51:610      ║
[10/21/18, 19:48:51:613] info: ╚════════════════════════════════════════════════════════════════════════════════════╝
[10/21/18, 19:48:51:702] info: Initializing local storage instance at path: /home/riddle/.dotfiles/xorg/.config/Slack/local-settings.json
[10/21/18, 19:48:52:004] info: cld3::loadModule: loading cld3 module
[10/21/18, 19:48:52:021] info: cld3Loader::loadModule: running environment is NODE
[10/21/18, 19:48:52:022] info: cld3Loader::loadModule: constructed module object for runtime
[10/21/18, 19:48:52:163] info: cld3Loader::initializeRuntime: successfully initialized module
[10/21/18, 19:48:52:163] info: cld3Loader::loadModule: initialized wasm binary Runtime
[10/21/18, 19:48:52:172] info: SpellChecker:: updateSpellcheckerLanguage: Skip to set new language null, spellchecker is not available
[10/21/18, 19:48:52:185] info: Main window preload script finished
{
  "readyTime": 805.354111
}
[10/21/18, 19:48:53:817] info: Store: UPSERT_WEB_CONTENTS
{
  "id": 3,
  "state": "loaded",
  "teamId": "T2LHV2VSB"
}
[10/21/18, 19:48:53:832] info: Store: MAIN_WINDOW_SHOWN
[10/21/18, 19:48:53:837] info: Store: SET_FULL_SCREEN
[10/21/18, 19:48:53:837] info: Store: SET_FULL_SCREEN
[10/21/18, 19:48:54:195] info: Store: UPDATE_SESSION_STATUS
{
  "hasValidSession": false,
  "teamId": "T2LHV2VSB"
}
[10/21/18, 19:49:04:844] info: Window is unloading, window.desktop is no longer accessible
[10/21/18, 19:49:05:941] info: Store: UPSERT_WEB_CONTENTS
{
  "id": 3,
  "state": "page-will-navigate",
  "teamId": "T2LHV2VSB"
}
[10/21/18, 19:49:05:947] info: Window is unloading, window.desktop is no longer accessible
[10/21/18, 19:49:06:299] info: Store: UPDATE_SESSION_STATUS
{
  "hasValidSession": true,
  "teamId": "T2LHV2VSB"
}
[10/21/18, 19:49:06:880] info: ╔════════════════════════════════════════════════════════════════════════════════════╗
[10/21/18, 19:49:06:880] info: ║      Slack 3.3.3, linux 4.18.14-arch1-1-ARCH on x64 at 10/21/18, 19:49:06:878      ║
[10/21/18, 19:49:06:881] info: ╚════════════════════════════════════════════════════════════════════════════════════╝
[10/21/18, 19:49:06:964] info: Initializing local storage instance at path: /home/riddle/.dotfiles/xorg/.config/Slack/local-settings.json
[10/21/18, 19:49:07:242] info: cld3::loadModule: loading cld3 module
[10/21/18, 19:49:07:259] info: cld3Loader::loadModule: running environment is NODE
[10/21/18, 19:49:07:260] info: cld3Loader::loadModule: constructed module object for runtime
[10/21/18, 19:49:07:402] info: cld3Loader::initializeRuntime: successfully initialized module
[10/21/18, 19:49:07:402] info: cld3Loader::loadModule: initialized wasm binary Runtime
[10/21/18, 19:49:07:408] info: SpellChecker:: updateSpellcheckerLanguage: Skip to set new language null, spellchecker is not available
[10/21/18, 19:49:07:418] info: Main window preload script finished
{
  "readyTime": 722.207104
}
[10/21/18, 19:49:07:431] info: Store: REFRESH_TEAMS
{
  "teamIds": [
    "T2LHV2VSB"
  ]
}
[10/21/18, 19:49:07:432] info: Store: UPSERT_WEB_CONTENTS
{
  "id": 3,
  "state": "loaded",
  "teamId": "T2LHV2VSB"
}
[10/21/18, 19:49:07:725] info: Store: UPDATE_SESSION_STATUS
{
  "hasValidSession": true,
  "teamId": "T2LHV2VSB"
}
[10/21/18, 19:49:08:822] info: ╔════════════════════════════════════════════════════════════════════════════════════╗
[10/21/18, 19:49:08:822] info: ║      Slack 3.3.3, linux 4.18.14-arch1-1-ARCH on x64 at 10/21/18, 19:49:08:819      ║
[10/21/18, 19:49:08:822] info: ╚════════════════════════════════════════════════════════════════════════════════════╝
[10/21/18, 19:49:08:906] info: Initializing local storage instance at path: /home/riddle/.dotfiles/xorg/.config/Slack/local-settings.json
[10/21/18, 19:49:09:192] info: cld3::loadModule: loading cld3 module
[10/21/18, 19:49:09:209] info: cld3Loader::loadModule: running environment is NODE
[10/21/18, 19:49:09:209] info: cld3Loader::loadModule: constructed module object for runtime
[10/21/18, 19:49:09:352] info: cld3Loader::initializeRuntime: successfully initialized module
[10/21/18, 19:49:09:352] info: cld3Loader::loadModule: initialized wasm binary Runtime
[10/21/18, 19:49:09:358] info: SpellChecker:: updateSpellcheckerLanguage: Skip to set new language null, spellchecker is not available
[10/21/18, 19:49:09:368] info: Main window preload script finished
{
  "readyTime": 733.54964
}
[10/21/18, 19:49:10:943] info: Store: SAVE_WINDOW_SETTINGS
{
  "isMaximized": false,
  "position": [
    54,
    105
  ],
  "size": [
    1152,
    864
  ]
}
[10/21/18, 19:49:11:279] info: Store: UPSERT_WEB_CONTENTS
{
  "id": 3,
  "state": "loaded",
  "teamId": "T2LHV2VSB"
}
[10/21/18, 19:49:12:397] info: Store: UPDATE_SESSION_STATUS
{
  "hasValidSession": true,
  "teamId": "T2LHV2VSB"
}
[10/21/18, 19:49:12:523] info: postLoadTaskSetup: Desktop client fully loaded
{
  "loadedTime": 24421.78447
}
[10/21/18, 19:49:12:665] info: Store: SELECT_CHANNEL C2LJ9A5T4
[10/21/18, 19:49:12:666] info: Store: UPDATE_TEAM_LOCALE
{
  "locale": "en-US",
  "teamId": "T2LHV2VSB"
}
[10/21/18, 19:49:12:667] info: Store: UPDATE_SETTINGS
{
  "locale": "en-US"
}
[10/21/18, 19:49:12:668] info: Store: UPDATE_TEAM_THEME
{
  "teamId": "T2LHV2VSB",
  "theme": {
    "active_item": "#4C9689",
    "active_item_text": "#FFFFFF",
    "active_presence": "#38978D",
    "badge": "#EB4D5C",
    "column_bg": "#4D394B",
    "hover_item": "#3E313C",
    "menu_bg": "#3E313C",
    "text_color": "#FFFFFF"
  }
}
[10/21/18, 19:49:12:699] info: Store: UPDATE_TEAM_LOCALE
{
  "locale": "en-US",
  "teamId": "T2LHV2VSB"
}
[10/21/18, 19:49:12:706] info: Store: UPSERT_WEB_CONTENTS
{
  "id": 3,
  "state": "webapp-loaded",
  "teamId": "T2LHV2VSB"
}
[10/21/18, 19:49:12:709] info: Store: UPDATE_SETTINGS
{
  "sandboxSigninWindow": true
}
[10/21/18, 19:49:12:718] info: Store: STORE_ENTERPRISE_ID_PAIR
{
  "enterpriseId": null,
  "teamId": "T2LHV2VSB"
}
[10/21/18, 19:49:12:719] info: Store: STORE_API_TOKEN
{
  "teamId": "T2LHV2VSB",
  "token": "xoxs-⋯"
}
[10/21/18, 19:49:12:723] info: postLoadTaskSetup: Setup spellchecker
{
  "version": "V1"
}
[10/21/18, 19:49:13:363] info: Raw Locale list: ["C","en_US.utf8","he_IL.utf8","lt_LT.utf8","POSIX",""]
[10/21/18, 19:49:13:363] info: Filtered Locale list: ["en_US","he_IL","lt_LT"]
[10/21/18, 19:49:13:363] info: Counts: {"en":["en_US"],"he":["he_IL"],"lt":["lt_LT"]}
[10/21/18, 19:49:13:363] info: Setting en
[10/21/18, 19:49:13:364] info: Setting he
[10/21/18, 19:49:13:364] info: Setting lt
[10/21/18, 19:49:13:365] info: Requesting to load lt-LT, alternatives are ["lt-LT","lt-LT","lt-LT"]
[10/21/18, 19:49:13:366] info: Loading dictionary for language lt-LT
[10/21/18, 19:49:13:366] info: Returning local copy: /home/riddle/.dotfiles/xorg/.config/Slack/dictionaries/lt-LT.bdic
[10/21/18, 19:49:13:368] info: Setting current spellchecker to lt-LT, requested language was lt-LT
[10/21/18, 19:49:13:368] info: Creating node-spellchecker instance
[10/21/18, 19:49:13:392] info: Actually installing spell check provider to Electron
[10/21/18, 19:49:13:651] info: Unloading spellchecker
[10/21/18, 19:49:13:654] info: Restoring spellchecker
[10/21/18, 19:49:13:654] info: Loading dictionary for language lt-LT
[10/21/18, 19:49:13:654] info: Returning local copy: /home/riddle/.dotfiles/xorg/.config/Slack/dictionaries/lt-LT.bdic
[10/21/18, 19:49:13:657] info: Unloading spellchecker
[10/21/18, 19:49:13:659] info: Restoring spellchecker
[10/21/18, 19:49:13:659] info: Loading dictionary for language lt-LT
[10/21/18, 19:49:13:659] info: Returning local copy: /home/riddle/.dotfiles/xorg/.config/Slack/dictionaries/lt-LT.bdic
[10/21/18, 19:49:13:662] info: Unloading spellchecker
[10/21/18, 19:49:13:677] info: Unloading spellchecker
[10/21/18, 19:49:13:678] info: Unloading spellchecker
[10/21/18, 19:49:13:678] info: Unloading spellchecker
[10/21/18, 19:49:13:680] info: Setting current spellchecker to lt-LT, requested language was lt-LT
[10/21/18, 19:49:13:680] info: Creating node-spellchecker instance
[10/21/18, 19:49:13:685] info: Setting current spellchecker to lt-LT, requested language was lt-LT
[10/21/18, 19:49:15:649] info: Loading dictionary for language lt-LT
[10/21/18, 19:49:15:649] info: Returning local copy: /home/riddle/.dotfiles/xorg/.config/Slack/dictionaries/lt-LT.bdic
[10/21/18, 19:49:15:650] info: Setting current spellchecker to lt-LT, requested language was lt-LT
[10/21/18, 19:49:19:156] info: Restoring spellchecker
[10/21/18, 19:49:19:157] info: Loading dictionary for language lt-LT
[10/21/18, 19:49:19:157] info: Returning local copy: /home/riddle/.dotfiles/xorg/.config/Slack/dictionaries/lt-LT.bdic
[10/21/18, 19:49:19:160] info: Unloading spellchecker
[10/21/18, 19:49:19:165] info: Restoring spellchecker
[10/21/18, 19:49:19:165] info: Loading dictionary for language lt-LT
[10/21/18, 19:49:19:166] info: Returning local copy: /home/riddle/.dotfiles/xorg/.config/Slack/dictionaries/lt-LT.bdic
[10/21/18, 19:49:19:190] info: Setting current spellchecker to lt-LT, requested language was lt-LT
[10/21/18, 19:49:19:190] info: Creating node-spellchecker instance
[10/21/18, 19:49:19:195] info: Setting current spellchecker to lt-LT, requested language was lt-LT
[10/21/18, 19:49:20:090] info: Unloading spellchecker
[10/21/18, 19:49:20:092] info: Restoring spellchecker
[10/21/18, 19:49:20:093] info: Loading dictionary for language lt-LT
[10/21/18, 19:49:20:093] info: Returning local copy: /home/riddle/.dotfiles/xorg/.config/Slack/dictionaries/lt-LT.bdic
[10/21/18, 19:49:20:095] info: Unloading spellchecker
[10/21/18, 19:49:20:097] info: Restoring spellchecker
[10/21/18, 19:49:20:097] info: Loading dictionary for language lt-LT
[10/21/18, 19:49:20:098] info: Returning local copy: /home/riddle/.dotfiles/xorg/.config/Slack/dictionaries/lt-LT.bdic
[10/21/18, 19:49:20:100] info: Unloading spellchecker
[10/21/18, 19:49:20:108] info: Unloading spellchecker
[10/21/18, 19:49:20:109] info: Unloading spellchecker
[10/21/18, 19:49:20:110] info: Unloading spellchecker
[10/21/18, 19:49:20:110] info: Setting current spellchecker to lt-LT, requested language was lt-LT
[10/21/18, 19:49:20:110] info: Creating node-spellchecker instance
[10/21/18, 19:49:20:116] info: Setting current spellchecker to lt-LT, requested language was lt-LT
[10/21/18, 19:49:20:153] info: Store: SAVE_WINDOW_SETTINGS
{
  "isMaximized": false,
  "position": [
    54,
    105
  ],
  "size": [
    1152,
    864
  ]
}
[10/21/18, 20:01:24:665] info: ╔════════════════════════════════════════════════════════════════════════════════════╗
[10/21/18, 20:01:24:666] info: ║      Slack 3.3.3, linux 4.18.14-arch1-1-ARCH on x64 at 10/21/18, 20:01:24:663      ║
[10/21/18, 20:01:24:666] info: ╚════════════════════════════════════════════════════════════════════════════════════╝
[10/21/18, 20:01:24:748] info: Initializing local storage instance at path: /home/riddle/.dotfiles/xorg/.config/Slack/local-settings.json
[10/21/18, 20:01:25:193] info: cld3::loadModule: loading cld3 module
[10/21/18, 20:01:25:222] info: cld3Loader::loadModule: running environment is NODE
[10/21/18, 20:01:25:222] info: cld3Loader::loadModule: constructed module object for runtime
[10/21/18, 20:01:25:380] info: cld3Loader::initializeRuntime: successfully initialized module
[10/21/18, 20:01:25:380] info: cld3Loader::loadModule: initialized wasm binary Runtime
[10/21/18, 20:01:25:386] info: SpellChecker:: updateSpellcheckerLanguage: Skip to set new language null, spellchecker is not available
[10/21/18, 20:01:25:396] info: Main window preload script finished
{
  "readyTime": 929.510871
}
[10/21/18, 20:01:26:397] info: Store: QUIT_APP
[10/21/18, 20:01:31:778] info: ╔════════════════════════════════════════════════════════════════════════════════════╗
[10/21/18, 20:01:31:778] info: ║      Slack 3.3.3, linux 4.18.14-arch1-1-ARCH on x64 at 10/21/18, 20:01:31:775      ║
[10/21/18, 20:01:31:778] info: ╚════════════════════════════════════════════════════════════════════════════════════╝
[10/21/18, 20:01:31:872] info: Initializing local storage instance at path: /home/riddle/.dotfiles/xorg/.config/Slack/local-settings.json
[10/21/18, 20:01:32:180] info: cld3::loadModule: loading cld3 module
[10/21/18, 20:01:32:198] info: cld3Loader::loadModule: running environment is NODE
[10/21/18, 20:01:32:198] info: cld3Loader::loadModule: constructed module object for runtime
[10/21/18, 20:01:32:349] info: cld3Loader::initializeRuntime: successfully initialized module
[10/21/18, 20:01:32:349] info: cld3Loader::loadModule: initialized wasm binary Runtime
[10/21/18, 20:01:32:354] info: SpellChecker:: updateSpellcheckerLanguage: Skip to set new language null, v2 spellchecker is not available
[10/21/18, 20:01:32:363] info: Main window preload script finished
{
  "readyTime": 816.539233
}
[10/21/18, 20:01:34:808] info: Skipping request to provide hint content for channel for spellchecker
{
  "version": "V2"
}
[10/21/18, 20:01:35:118] info: Store: UPSERT_WEB_CONTENTS
{
  "id": 3,
  "state": "loaded",
  "teamId": "T2LHV2VSB"
}
[10/21/18, 20:01:35:119] info: Store: MAIN_WINDOW_SHOWN
[10/21/18, 20:01:35:129] info: Store: SET_FULL_SCREEN
[10/21/18, 20:01:35:130] info: Store: SET_FULL_SCREEN
[10/21/18, 20:01:35:493] info: Store: UPDATE_SESSION_STATUS
{
  "hasValidSession": true,
  "teamId": "T2LHV2VSB"
}
[10/21/18, 20:01:35:494] info: Store: SELECT_CHANNEL C2LJ9A5T4
[10/21/18, 20:01:35:494] info: Store: UPDATE_TEAM_LOCALE
{
  "locale": "en-US",
  "teamId": "T2LHV2VSB"
}
[10/21/18, 20:01:35:495] info: Store: UPDATE_SETTINGS
{
  "locale": "en-US"
}
[10/21/18, 20:01:35:495] info: Store: UPDATE_TEAM_THEME
{
  "teamId": "T2LHV2VSB",
  "theme": {
    "active_item": "#4C9689",
    "active_item_text": "#FFFFFF",
    "active_presence": "#38978D",
    "badge": "#EB4D5C",
    "column_bg": "#4D394B",
    "hover_item": "#3E313C",
    "menu_bg": "#3E313C",
    "text_color": "#FFFFFF"
  }
}
[10/21/18, 20:01:35:608] info: Store: UPDATE_TEAM_LOCALE
{
  "locale": "en-US",
  "teamId": "T2LHV2VSB"
}
[10/21/18, 20:01:35:612] info: Store: UPSERT_WEB_CONTENTS
{
  "id": 3,
  "state": "webapp-loaded",
  "teamId": "T2LHV2VSB"
}
[10/21/18, 20:01:35:613] info: Store: UPDATE_SETTINGS
{
  "sandboxSigninWindow": true
}
[10/21/18, 20:01:35:635] info: Store: STORE_ENTERPRISE_ID_PAIR
{
  "enterpriseId": null,
  "teamId": "T2LHV2VSB"
}
[10/21/18, 20:01:35:636] info: Store: STORE_API_TOKEN
{
  "teamId": "T2LHV2VSB",
  "token": "xoxs-⋯"
}
[10/21/18, 20:01:35:691] info: postLoadTaskSetup: Setup spellchecker
{
  "version": "V2"
}
[10/21/18, 20:01:35:715] info: loadAsmModule: loading hunspell-asm module
[10/21/18, 20:01:35:973] info: loadAsmModule: asm module loaded successfully
[10/21/18, 20:01:35:973] info: SpellChecker: Starting spellchecker with language detector
[10/21/18, 20:01:35:973] info: SpellChecker::enableSpellCheckerLanguageDetector: enable spellchecker language detector
[10/21/18, 20:01:35:973] info: SpellChecker::startWithDictionary: Starting language detector with English by default
[10/21/18, 20:01:36:173] info: SpellChecker::spellgetLanguageRegionCode: found region supported language
{
  "code": "en"
}
[10/21/18, 20:01:36:173] warn: SpellChecker::getLanguageRegionCode: navigator does not contain available region, return default value
{
  "code": "en-us"
}
[10/21/18, 20:01:36:174] info: download: downloading dictionary for 'en-us'
[10/21/18, 20:01:36:174] info: fetchResourceAsBuffer: downloading
{
  "filePath": "https://spellcheck.slack-edge.com/dictionaries/en-us/1/en-us.aff",
  "cachePolicy": "default"
}
[10/21/18, 20:01:36:837] info: fetchResourceAsBuffer: downloading
{
  "filePath": "https://spellcheck.slack-edge.com/dictionaries/en-us/1/en-us.dic",
  "cachePolicy": "default"
}
[10/21/18, 20:01:37:924] info: dictionaryDownloader: verifying hash
[10/21/18, 20:01:37:955] info: SpellChecker::downloadDictionary: Dictionary is ready for 
{
  "language": "en"
}
[10/21/18, 20:01:37:989] info: assignSpellchecker: spellCheckerTable added new checker for 'en'
[10/21/18, 20:01:38:005] info: SpellChecker::prepareDictionary: Dictionary buffer for 'en' is loaded into spellchecker
[10/21/18, 20:01:38:005] info: switchDictionary: switching dictionary to check spell from 'null' to 'en'
[10/21/18, 20:01:38:019] info: SpellChecker::switchDictionary: SpellChecker enabled for language
{
  "language": "en"
}
[10/21/18, 20:22:21:558] info: Store: SAVE_WINDOW_SETTINGS
{
  "isMaximized": false,
  "position": [
    54,
    105
  ],
  "size": [
    1152,
    864
  ]
}
[10/21/18, 20:22:57:690] info: Store: SET_SUSPEND_STATUS
[10/21/18, 20:22:57:696] error: Oct-21 20:22:57.695 SOCKET-MANAGER (T2LHV2VSB) Closing socket because #4102: client is going to sleep
[10/21/18, 21:13:47:551] info: Store: SET_SUSPEND_STATUS true
[10/21/18, 21:13:47:558] error: Oct-21 21:13:47.558 SOCKET-MANAGER (T2LHV2VSB) Socket was closed because #1006: generic error
[10/21/18, 21:13:48:842] error: Oct-21 21:13:48.842 SOCKET-MANAGER (T2LHV2VSB) Socket was closed because #1006: generic error
[10/21/18, 21:13:51:869] error: Oct-21 21:13:51.869 SOCKET-MANAGER (T2LHV2VSB) Socket was closed because #1006: generic error
[10/21/18, 21:13:54:838] error: Oct-21 21:13:54.838 SOCKET-MANAGER (T2LHV2VSB) Socket was closed because #1006: generic error
[10/21/18, 21:13:59:779] info: Store: UPDATE_TEAM_LOCALE
{
  "locale": "en-US",
  "teamId": "T2LHV2VSB"
}
[10/21/18, 21:55:07:930] info: Store: SET_FULL_SCREEN
[10/21/18, 21:55:08:148] info: Store: SAVE_WINDOW_SETTINGS
{
  "isMaximized": false,
  "position": [
    54,
    105
  ],
  "size": [
    1152,
    864
  ]
}
[10/21/18, 23:30:41:425] info: ╔════════════════════════════════════════════════════════════════════════════════════╗
[10/21/18, 23:30:41:426] info: ║      Slack 3.3.3, linux 4.18.14-arch1-1-ARCH on x64 at 10/21/18, 23:30:41:422      ║
[10/21/18, 23:30:41:426] info: ╚════════════════════════════════════════════════════════════════════════════════════╝
[10/21/18, 23:30:41:529] info: Initializing local storage instance at path: /home/riddle/.dotfiles/xorg/.config/Slack/local-settings.json
[10/21/18, 23:30:42:245] info: cld3::loadModule: loading cld3 module
[10/21/18, 23:30:42:300] info: cld3Loader::loadModule: running environment is NODE
[10/21/18, 23:30:42:300] info: cld3Loader::loadModule: constructed module object for runtime
[10/21/18, 23:30:42:470] info: cld3Loader::initializeRuntime: successfully initialized module
[10/21/18, 23:30:42:471] info: cld3Loader::loadModule: initialized wasm binary Runtime
[10/21/18, 23:30:42:476] info: SpellChecker:: updateSpellcheckerLanguage: Skip to set new language null, v2 spellchecker is not available
[10/21/18, 23:30:42:486] info: Main window preload script finished
{
  "readyTime": 1269.741034
}
[10/21/18, 23:30:44:909] info: Store: UPSERT_WEB_CONTENTS
{
  "id": 3,
  "state": "loaded",
  "teamId": "T2LHV2VSB"
}
[10/21/18, 23:30:45:645] info: Skipping request to provide hint content for channel for spellchecker
{
  "version": "V2"
}
[10/21/18, 23:30:45:929] info: Store: MAIN_WINDOW_SHOWN
[10/21/18, 23:30:45:940] info: Store: SET_FULL_SCREEN
[10/21/18, 23:30:45:940] info: Store: SET_FULL_SCREEN
[10/21/18, 23:30:46:081] info: Store: UPDATE_SESSION_STATUS
{
  "hasValidSession": true,
  "teamId": "T2LHV2VSB"
}
[10/21/18, 23:30:46:097] info: Store: SELECT_CHANNEL C2LJ9A5T4
[10/21/18, 23:30:46:097] info: Store: UPDATE_TEAM_LOCALE
{
  "locale": "en-US",
  "teamId": "T2LHV2VSB"
}
[10/21/18, 23:30:46:097] info: Store: UPDATE_SETTINGS
{
  "locale": "en-US"
}
[10/21/18, 23:30:46:098] info: Store: UPDATE_TEAM_THEME
{
  "teamId": "T2LHV2VSB",
  "theme": {
    "active_item": "#4C9689",
    "active_item_text": "#FFFFFF",
    "active_presence": "#38978D",
    "badge": "#EB4D5C",
    "column_bg": "#4D394B",
    "hover_item": "#3E313C",
    "menu_bg": "#3E313C",
    "text_color": "#FFFFFF"
  }
}
[10/21/18, 23:30:46:996] info: Store: UPDATE_TEAM_LOCALE
{
  "locale": "en-US",
  "teamId": "T2LHV2VSB"
}
[10/21/18, 23:30:46:999] info: Store: UPSERT_WEB_CONTENTS
{
  "id": 3,
  "state": "webapp-loaded",
  "teamId": "T2LHV2VSB"
}
[10/21/18, 23:30:47:001] info: Store: UPDATE_SETTINGS
{
  "sandboxSigninWindow": true
}
[10/21/18, 23:30:47:081] info: Store: STORE_ENTERPRISE_ID_PAIR
{
  "enterpriseId": null,
  "teamId": "T2LHV2VSB"
}
[10/21/18, 23:30:47:082] info: Store: STORE_API_TOKEN
{
  "teamId": "T2LHV2VSB",
  "token": "xoxs-⋯"
}
[10/21/18, 23:30:47:089] info: postLoadTaskSetup: Setup spellchecker
{
  "version": "V2"
}
[10/21/18, 23:30:47:123] info: loadAsmModule: loading hunspell-asm module
[10/21/18, 23:30:47:406] info: loadAsmModule: asm module loaded successfully
[10/21/18, 23:30:47:406] info: SpellChecker: Starting spellchecker with language detector
[10/21/18, 23:30:47:406] info: SpellChecker::enableSpellCheckerLanguageDetector: enable spellchecker language detector
[10/21/18, 23:30:47:406] info: SpellChecker::startWithDictionary: Starting language detector with preloaded dict from last used language en
[10/21/18, 23:30:47:500] info: SpellChecker::spellgetLanguageRegionCode: found region supported language
{
  "code": "en"
}
[10/21/18, 23:30:47:500] warn: SpellChecker::getLanguageRegionCode: navigator does not contain available region, return default value
{
  "code": "en-us"
}
[10/21/18, 23:30:47:501] info: download: downloading dictionary for 'en-us'
[10/21/18, 23:30:47:501] info: fetchResourceAsBuffer: downloading
{
  "filePath": "https://spellcheck.slack-edge.com/dictionaries/en-us/1/en-us.aff",
  "cachePolicy": "default"
}
[10/21/18, 23:30:47:598] info: fetchResourceAsBuffer: downloading
{
  "filePath": "https://spellcheck.slack-edge.com/dictionaries/en-us/1/en-us.dic",
  "cachePolicy": "default"
}
[10/21/18, 23:30:47:651] info: dictionaryDownloader: verifying hash
[10/21/18, 23:30:47:803] info: SpellChecker::downloadDictionary: Dictionary is ready for 
{
  "language": "en"
}
[10/21/18, 23:30:47:843] info: assignSpellchecker: spellCheckerTable added new checker for 'en'
[10/21/18, 23:30:47:845] info: SpellChecker::prepareDictionary: Dictionary buffer for 'en' is loaded into spellchecker
[10/21/18, 23:30:47:845] info: switchDictionary: switching dictionary to check spell from 'null' to 'en'
[10/21/18, 23:30:47:851] info: SpellChecker::switchDictionary: SpellChecker enabled for language
{
  "language": "en"
}
[10/22/18, 00:13:52:827] info: ╔════════════════════════════════════════════════════════════════════════════════════╗
[10/22/18, 00:13:52:828] info: ║      Slack 3.3.3, linux 4.18.14-arch1-1-ARCH on x64 at 10/22/18, 00:13:52:823      ║
[10/22/18, 00:13:52:828] info: ╚════════════════════════════════════════════════════════════════════════════════════╝
[10/22/18, 00:13:52:945] info: Initializing local storage instance at path: /home/riddle/.dotfiles/xorg/.config/Slack/local-settings.json
[10/22/18, 00:13:53:789] info: cld3::loadModule: loading cld3 module
[10/22/18, 00:13:53:828] info: cld3Loader::loadModule: running environment is NODE
[10/22/18, 00:13:53:829] info: cld3Loader::loadModule: constructed module object for runtime
[10/22/18, 00:13:53:997] info: cld3Loader::initializeRuntime: successfully initialized module
[10/22/18, 00:13:53:997] info: cld3Loader::loadModule: initialized wasm binary Runtime
[10/22/18, 00:13:54:003] info: SpellChecker:: updateSpellcheckerLanguage: Skip to set new language null, v2 spellchecker is not available
[10/22/18, 00:13:54:018] info: Main window preload script finished
{
  "readyTime": 1516.197756
}
[10/22/18, 00:13:54:553] info: Store: SET_NETWORK_STATUS online
[10/22/18, 00:13:56:284] info: Store: UPSERT_WEB_CONTENTS
{
  "id": 3,
  "state": "loaded",
  "teamId": "T2LHV2VSB"
}
[10/22/18, 00:13:56:314] info: Store: MAIN_WINDOW_SHOWN
[10/22/18, 00:13:56:316] info: Store: SET_FULL_SCREEN
[10/22/18, 00:13:56:317] info: Store: SET_FULL_SCREEN
[10/22/18, 00:13:57:074] info: Skipping request to provide hint content for channel for spellchecker
{
  "version": "V2"
}
[10/22/18, 00:13:57:493] info: Store: UPDATE_SESSION_STATUS
{
  "hasValidSession": true,
  "teamId": "T2LHV2VSB"
}
[10/22/18, 00:13:57:688] info: Store: SELECT_CHANNEL C2LJ9A5T4
[10/22/18, 00:13:57:689] info: Store: UPDATE_TEAM_LOCALE
{
  "locale": "en-US",
  "teamId": "T2LHV2VSB"
}
[10/22/18, 00:13:57:689] info: Store: UPDATE_SETTINGS
{
  "locale": "en-US"
}
[10/22/18, 00:13:57:690] info: Store: UPDATE_TEAM_THEME
{
  "teamId": "T2LHV2VSB",
  "theme": {
    "active_item": "#4C9689",
    "active_item_text": "#FFFFFF",
    "active_presence": "#38978D",
    "badge": "#EB4D5C",
    "column_bg": "#4D394B",
    "hover_item": "#3E313C",
    "menu_bg": "#3E313C",
    "text_color": "#FFFFFF"
  }
}
[10/22/18, 00:13:57:832] info: Store: UPDATE_TEAM_LOCALE
{
  "locale": "en-US",
  "teamId": "T2LHV2VSB"
}
[10/22/18, 00:13:57:856] info: Store: UPSERT_WEB_CONTENTS
{
  "id": 3,
  "state": "webapp-loaded",
  "teamId": "T2LHV2VSB"
}
[10/22/18, 00:13:57:858] info: Store: UPDATE_SETTINGS
{
  "sandboxSigninWindow": true
}
[10/22/18, 00:13:57:874] info: Store: STORE_ENTERPRISE_ID_PAIR
{
  "enterpriseId": null,
  "teamId": "T2LHV2VSB"
}
[10/22/18, 00:13:57:875] info: Store: STORE_API_TOKEN
{
  "teamId": "T2LHV2VSB",
  "token": "xoxs-⋯"
}
[10/22/18, 00:13:57:908] info: postLoadTaskSetup: Setup spellchecker
{
  "version": "V2"
}
[10/22/18, 00:13:57:966] info: loadAsmModule: loading hunspell-asm module
[10/22/18, 00:13:58:243] info: loadAsmModule: asm module loaded successfully
[10/22/18, 00:13:58:243] info: SpellChecker: Starting spellchecker with language detector
[10/22/18, 00:13:58:243] info: SpellChecker::enableSpellCheckerLanguageDetector: enable spellchecker language detector
[10/22/18, 00:13:58:243] info: SpellChecker::startWithDictionary: Starting language detector with preloaded dict from last used language en
[10/22/18, 00:13:58:313] info: SpellChecker::spellgetLanguageRegionCode: found region supported language
{
  "code": "en"
}
[10/22/18, 00:13:58:313] warn: SpellChecker::getLanguageRegionCode: navigator does not contain available region, return default value
{
  "code": "en-us"
}
[10/22/18, 00:13:58:314] info: download: downloading dictionary for 'en-us'
[10/22/18, 00:13:58:314] info: fetchResourceAsBuffer: downloading
{
  "filePath": "https://spellcheck.slack-edge.com/dictionaries/en-us/1/en-us.aff",
  "cachePolicy": "default"
}
[10/22/18, 00:13:58:419] info: fetchResourceAsBuffer: downloading
{
  "filePath": "https://spellcheck.slack-edge.com/dictionaries/en-us/1/en-us.dic",
  "cachePolicy": "default"
}
[10/22/18, 00:13:58:433] info: dictionaryDownloader: verifying hash
[10/22/18, 00:13:58:463] info: SpellChecker::downloadDictionary: Dictionary is ready for 
{
  "language": "en"
}
[10/22/18, 00:13:58:498] info: assignSpellchecker: spellCheckerTable added new checker for 'en'
[10/22/18, 00:13:58:504] info: SpellChecker::prepareDictionary: Dictionary buffer for 'en' is loaded into spellchecker
[10/22/18, 00:13:58:505] info: switchDictionary: switching dictionary to check spell from 'null' to 'en'
[10/22/18, 00:13:58:516] info: SpellChecker::switchDictionary: SpellChecker enabled for language
{
  "language": "en"
}
[10/22/18, 00:26:13:064] info: Store: SAVE_WINDOW_SETTINGS
{
  "isMaximized": false,
  "position": [
    54,
    105
  ],
  "size": [
    1152,
    864
  ]
}
[10/22/18, 01:09:19:171] info: Store: SAVE_WINDOW_SETTINGS
{
  "isMaximized": false,
  "position": [
    54,
    105
  ],
  "size": [
    1152,
    864
  ]
}
[10/22/18, 06:59:17:336] info: Store: SET_FULL_SCREEN
[10/22/18, 06:59:17:850] info: Store: SAVE_WINDOW_SETTINGS
{
  "isMaximized": false,
  "position": [
    54,
    105
  ],
  "size": [
    1152,
    864
  ]
}
[10/22/18, 13:37:23:736] info: ╔════════════════════════════════════════════════════════════════════════════════════╗
[10/22/18, 13:37:23:737] info: ║      Slack 3.3.3, linux 4.18.14-arch1-1-ARCH on x64 at 10/22/18, 13:37:23:732      ║
[10/22/18, 13:37:23:737] info: ╚════════════════════════════════════════════════════════════════════════════════════╝
[10/22/18, 13:37:23:863] info: Initializing local storage instance at path: /home/riddle/.dotfiles/xorg/.config/Slack/local-settings.json
[10/22/18, 13:37:25:082] info: cld3::loadModule: loading cld3 module
[10/22/18, 13:37:25:132] info: cld3Loader::loadModule: running environment is NODE
[10/22/18, 13:37:25:132] info: cld3Loader::loadModule: constructed module object for runtime
[10/22/18, 13:37:25:334] info: cld3Loader::initializeRuntime: successfully initialized module
[10/22/18, 13:37:25:334] info: cld3Loader::loadModule: initialized wasm binary Runtime
[10/22/18, 13:37:25:343] info: SpellChecker:: updateSpellcheckerLanguage: Skip to set new language null, v2 spellchecker is not available
[10/22/18, 13:37:25:355] info: Main window preload script finished
{
  "readyTime": 1922.101187
}
[10/22/18, 13:37:25:857] info: Store: SET_NETWORK_STATUS online
[10/22/18, 13:37:31:286] info: Skipping request to provide hint content for channel for spellchecker
{
  "version": "V2"
}
[10/22/18, 13:37:31:739] info: Store: UPSERT_WEB_CONTENTS
{
  "id": 3,
  "state": "loaded",
  "teamId": "T2LHV2VSB"
}
[10/22/18, 13:37:31:740] info: Store: MAIN_WINDOW_SHOWN
[10/22/18, 13:37:31:749] info: Store: SET_FULL_SCREEN
[10/22/18, 13:37:31:750] info: Store: SET_FULL_SCREEN
[10/22/18, 13:37:32:075] info: Store: UPDATE_SESSION_STATUS
{
  "hasValidSession": true,
  "teamId": "T2LHV2VSB"
}
[10/22/18, 13:37:32:089] info: Store: SELECT_CHANNEL C2LJ9A5T4
[10/22/18, 13:37:32:089] info: Store: UPDATE_TEAM_LOCALE
{
  "locale": "en-US",
  "teamId": "T2LHV2VSB"
}
[10/22/18, 13:37:32:089] info: Store: UPDATE_SETTINGS
{
  "locale": "en-US"
}
[10/22/18, 13:37:32:090] info: Store: UPDATE_TEAM_THEME
{
  "teamId": "T2LHV2VSB",
  "theme": {
    "active_item": "#4C9689",
    "active_item_text": "#FFFFFF",
    "active_presence": "#38978D",
    "badge": "#EB4D5C",
    "column_bg": "#4D394B",
    "hover_item": "#3E313C",
    "menu_bg": "#3E313C",
    "text_color": "#FFFFFF"
  }
}
[10/22/18, 13:37:32:393] info: Store: UPDATE_TEAM_LOCALE
{
  "locale": "en-US",
  "teamId": "T2LHV2VSB"
}
[10/22/18, 13:37:32:401] info: Store: UPSERT_WEB_CONTENTS
{
  "id": 3,
  "state": "webapp-loaded",
  "teamId": "T2LHV2VSB"
}
[10/22/18, 13:37:32:404] info: Store: UPDATE_SETTINGS
{
  "sandboxSigninWindow": true
}
[10/22/18, 13:37:32:441] info: Store: STORE_ENTERPRISE_ID_PAIR
{
  "enterpriseId": null,
  "teamId": "T2LHV2VSB"
}
[10/22/18, 13:37:32:442] info: Store: STORE_API_TOKEN
{
  "teamId": "T2LHV2VSB",
  "token": "xoxs-⋯"
}
[10/22/18, 13:37:32:456] info: postLoadTaskSetup: Setup spellchecker
{
  "version": "V2"
}
[10/22/18, 13:37:32:571] info: loadAsmModule: loading hunspell-asm module
[10/22/18, 13:37:32:868] info: loadAsmModule: asm module loaded successfully
[10/22/18, 13:37:32:868] info: SpellChecker: Starting spellchecker with language detector
[10/22/18, 13:37:32:868] info: SpellChecker::enableSpellCheckerLanguageDetector: enable spellchecker language detector
[10/22/18, 13:37:32:868] info: SpellChecker::startWithDictionary: Starting language detector with preloaded dict from last used language en
[10/22/18, 13:37:33:135] info: SpellChecker::spellgetLanguageRegionCode: found region supported language
{
  "code": "en"
}
[10/22/18, 13:37:33:135] warn: SpellChecker::getLanguageRegionCode: navigator does not contain available region, return default value
{
  "code": "en-us"
}
[10/22/18, 13:37:33:136] info: download: downloading dictionary for 'en-us'
[10/22/18, 13:37:33:136] info: fetchResourceAsBuffer: downloading
{
  "filePath": "https://spellcheck.slack-edge.com/dictionaries/en-us/1/en-us.aff",
  "cachePolicy": "default"
}
[10/22/18, 13:37:33:202] info: fetchResourceAsBuffer: downloading
{
  "filePath": "https://spellcheck.slack-edge.com/dictionaries/en-us/1/en-us.dic",
  "cachePolicy": "default"
}
[10/22/18, 13:37:33:247] info: dictionaryDownloader: verifying hash
[10/22/18, 13:37:33:273] info: SpellChecker::downloadDictionary: Dictionary is ready for 
{
  "language": "en"
}
[10/22/18, 13:37:33:308] info: assignSpellchecker: spellCheckerTable added new checker for 'en'
[10/22/18, 13:37:33:323] info: SpellChecker::prepareDictionary: Dictionary buffer for 'en' is loaded into spellchecker
[10/22/18, 13:37:33:323] info: switchDictionary: switching dictionary to check spell from 'null' to 'en'
[10/22/18, 13:37:33:377] info: SpellChecker::switchDictionary: SpellChecker enabled for language
{
  "language": "en"
}
