CopyQ Note [2017-04-20 09:02:42.595]: Loading plugin: /usr/lib/copyq/plugins/libitemdata.so
CopyQ Note [2017-04-20 09:02:42.596]: Loading plugin: /usr/lib/copyq/plugins/libitemencrypted.so
CopyQ Note [2017-04-20 09:02:42.596]: Loading plugin: /usr/lib/copyq/plugins/libitemfakevim.so
CopyQ Note [2017-04-20 09:02:42.597]: Loading plugin: /usr/lib/copyq/plugins/libitemimage.so
CopyQ Note [2017-04-20 09:02:42.597]: Loading plugin: /usr/lib/copyq/plugins/libitemnotes.so
CopyQ Note [2017-04-20 09:02:42.598]: Loading plugin: /usr/lib/copyq/plugins/libitemsync.so
CopyQ Note [2017-04-20 09:02:42.598]: Loading plugin: /usr/lib/copyq/plugins/libitemtags.so
CopyQ Note [2017-04-20 09:02:42.599]: Loading plugin: /usr/lib/copyq/plugins/libitemtext.so
CopyQ Note [2017-04-21 12:07:07.359]: Loading plugin: /usr/lib/copyq/plugins/libitemdata.so
CopyQ Note [2017-04-21 12:07:07.360]: Loading plugin: /usr/lib/copyq/plugins/libitemencrypted.so
CopyQ Note [2017-04-21 12:07:07.360]: Loading plugin: /usr/lib/copyq/plugins/libitemfakevim.so
CopyQ Note [2017-04-21 12:07:07.361]: Loading plugin: /usr/lib/copyq/plugins/libitemimage.so
CopyQ Note [2017-04-21 12:07:07.361]: Loading plugin: /usr/lib/copyq/plugins/libitemnotes.so
CopyQ Note [2017-04-21 12:07:07.362]: Loading plugin: /usr/lib/copyq/plugins/libitemsync.so
CopyQ Note [2017-04-21 12:07:07.362]: Loading plugin: /usr/lib/copyq/plugins/libitemtags.so
CopyQ Note [2017-04-21 12:07:07.363]: Loading plugin: /usr/lib/copyq/plugins/libitemtext.so
CopyQ Note [2017-04-21 12:09:08.542]: Loading plugin: /usr/lib/copyq/plugins/libitemdata.so
CopyQ Note [2017-04-21 12:09:08.543]: Loading plugin: /usr/lib/copyq/plugins/libitemencrypted.so
CopyQ Note [2017-04-21 12:09:08.543]: Loading plugin: /usr/lib/copyq/plugins/libitemfakevim.so
CopyQ Note [2017-04-21 12:09:08.544]: Loading plugin: /usr/lib/copyq/plugins/libitemimage.so
CopyQ Note [2017-04-21 12:09:08.544]: Loading plugin: /usr/lib/copyq/plugins/libitemnotes.so
CopyQ Note [2017-04-21 12:09:08.545]: Loading plugin: /usr/lib/copyq/plugins/libitemsync.so
CopyQ Note [2017-04-21 12:09:08.545]: Loading plugin: /usr/lib/copyq/plugins/libitemtags.so
CopyQ Note [2017-04-21 12:09:08.546]: Loading plugin: /usr/lib/copyq/plugins/libitemtext.so
CopyQ Note [2017-04-21 12:09:20.060]: Loading plugin: /usr/lib/copyq/plugins/libitemdata.so
CopyQ Note [2017-04-21 12:09:20.060]: Loading plugin: /usr/lib/copyq/plugins/libitemencrypted.so
CopyQ Note [2017-04-21 12:09:20.061]: Loading plugin: /usr/lib/copyq/plugins/libitemfakevim.so
CopyQ Note [2017-04-21 12:09:20.061]: Loading plugin: /usr/lib/copyq/plugins/libitemimage.so
CopyQ Note [2017-04-21 12:09:20.062]: Loading plugin: /usr/lib/copyq/plugins/libitemnotes.so
CopyQ Note [2017-04-21 12:09:20.062]: Loading plugin: /usr/lib/copyq/plugins/libitemsync.so
CopyQ Note [2017-04-21 12:09:20.063]: Loading plugin: /usr/lib/copyq/plugins/libitemtags.so
CopyQ Note [2017-04-21 12:09:20.063]: Loading plugin: /usr/lib/copyq/plugins/libitemtext.so
CopyQ Note [2017-05-04 10:11:48.444]: Loading plugin: /usr/lib/copyq/plugins/libitemdata.so
CopyQ Note [2017-05-04 10:11:48.446]: Loading plugin: /usr/lib/copyq/plugins/libitemencrypted.so
CopyQ Note [2017-05-04 10:11:48.449]: Loading plugin: /usr/lib/copyq/plugins/libitemfakevim.so
CopyQ Note [2017-05-04 10:11:48.450]: Loading plugin: /usr/lib/copyq/plugins/libitemimage.so
CopyQ Note [2017-05-04 10:11:48.451]: Loading plugin: /usr/lib/copyq/plugins/libitemnotes.so
CopyQ Note [2017-05-04 10:11:48.453]: Loading plugin: /usr/lib/copyq/plugins/libitemsync.so
CopyQ Note [2017-05-04 10:11:48.455]: Loading plugin: /usr/lib/copyq/plugins/libitemtags.so
CopyQ Note [2017-05-04 10:11:48.456]: Loading plugin: /usr/lib/copyq/plugins/libitemtext.so
