[16:06:44] Initializing LaTeX Workshop.
[16:06:44] Creating LaTeX Workshop http and websocket server.
[16:06:44] LaTeX Workshop initialized.
[16:06:44] Found root file from active editor: /home/riddle/pro/LaTex3/pvz.tex
[16:06:44] Root file changed from: undefined to /home/riddle/pro/LaTex3/pvz.tex. Find all dependencies.
[16:06:44] Instantiating a new file watcher for /home/riddle/pro/LaTex3/pvz.tex
[16:06:44] Creating file watcher for .bib files.
[16:06:44] Parsing /home/riddle/pro/LaTex3/pvz.tex
[16:06:44] Found .bib file /home/riddle/pro/LaTex3/x.bib
[16:06:44] Adding .bib file /home/riddle/pro/LaTex3/x.bib to bib file watcher.
[16:06:44] Parsing .bib entries from /home/riddle/pro/LaTex3/x.bib
[16:06:44] Server created on 127.0.0.1:39277
[16:06:44] Adding /home/riddle/pro/LaTex3/pvz.tex to file watcher.
[16:06:44] LaTeX Workshop version: 8.4.1
[16:06:44] Snippet data loaded.
[16:06:45] Parsed 3 bib entries from /home/riddle/pro/LaTex3/x.bib.
[16:06:48] BUILD command invoked.
[16:06:48] Found root file from active editor: /home/riddle/pro/LaTex3/pvz.tex
[16:06:48] Root file remains unchanged from: /home/riddle/pro/LaTex3/pvz.tex.
[16:06:48] Building root file: /home/riddle/pro/LaTex3/pvz.tex
[16:06:48] Build root file /home/riddle/pro/LaTex3/pvz.tex
[16:06:48] Recipe step 1: latexmk, -synctex=1,-interaction=nonstopmode,-file-line-error,-pdf,-outdir=/home/riddle/pro/LaTex3,/home/riddle/pro/LaTex3/pvz
[16:06:48] LaTeX build process spawned. PID: 9106.
[16:06:49] Recipe returns with error: 12/null. PID: 9106. message: Latexmk: This is Latexmk, John Collins, 18 June 2019, version: 4.65.
Latexmk: Non-existent bbl file 'pvz.bbl'
 No file pvz.bbl.
Latexmk: Log file says output to 'pvz.pdf'
Latexmk: List of undefined refs and citations:
  Citation `GFUNKS' on page 3 undefined on input line 207
  Citation `GITA' undefined on input line 75
  Citation `GPAS' on page 3 undefined on input line 207
Latexmk: Found bibliography file(s) [x.bib]
Latexmk: Non-existent bbl file 'pvz.bbl'
 No file pvz.bbl.
Latexmk: Log file says output to 'pvz.pdf'
Latexmk: List of undefined refs and citations:
  Citation `GFUNKS' on page 3 undefined on input line 207
  Citation `GITA' undefined on input line 75
  Citation `GPAS' on page 3 undefined on input line 207
Latexmk: ===For rule 'latex', the extensions differ between the
   actual output file 'pvz.pdf',
   and the expected output '/home/riddle/pro/LaTex3/pvz.dvi'.
   Rule structure will be changed suitably.
Latexmk: Found bibliography file(s) [x.bib]
Latexmk: Non-existent bbl file 'pvz.bbl'
 No file pvz.bbl.
Latexmk: Log file says output to 'pvz.pdf'
Latexmk: List of undefined refs and citations:
  Citation `GFUNKS' on page 3 undefined on input line 207
  Citation `GITA' undefined on input line 75
  Citation `GPAS' on page 3 undefined on input line 207
Latexmk: ===For rule 'xelatex', the extensions differ between the
   actual output file 'pvz.pdf',
   and the expected output '/home/riddle/pro/LaTex3/pvz.xdv'.
   Rule structure will be changed suitably.
Latexmk: Found bibliography file(s) [x.bib]
Latexmk: Non-existent bbl file 'pvz.bbl'
 No file pvz.bbl.
Latexmk: Log file says output to 'pvz.pdf'
Latexmk: List of undefined refs and citations:
  Citation `GFUNKS' on page 3 undefined on input line 207
  Citation `GITA' undefined on input line 75
  Citation `GPAS' on page 3 undefined on input line 207
Latexmk: Found bibliography file(s) [x.bib]
Rule 'bibtex pvz': The following rules & subrules became out-of-date:
      'bibtex pvz'
------------
Run number 1 of rule 'bibtex pvz'
------------
------------
Running 'bibtex  "pvz"'
------------
Collected error summary (may duplicate other messages):
  bibtex pvz: Bibtex errors: See file 'pvz.blg'
Latexmk: Use the -f option to force complete processing,
 unless error was exceeding maximum runs, or warnings treated as errors.
.
[16:06:49] Cleaning auxillary files and retrying build after toolchain error.
[16:06:49] File cleaned: /home/riddle/pro/LaTex3/pvz.aux
[16:06:49] File cleaned: /home/riddle/pro/LaTex3/pvz.bbl
[16:06:49] File cleaned: /home/riddle/pro/LaTex3/pvz.blg
[16:06:49] File cleaned: /home/riddle/pro/LaTex3/pvz.fdb_latexmk
[16:06:49] File cleaned: /home/riddle/pro/LaTex3/pvz.log
[16:06:49] File cleaned: /home/riddle/pro/LaTex3/texput.log
[16:06:49] Recipe step 1: latexmk, -synctex=1,-interaction=nonstopmode,-file-line-error,-pdf,-outdir=/home/riddle/pro/LaTex3,/home/riddle/pro/LaTex3/pvz
[16:06:49] LaTeX build process spawned. PID: 9113.
[16:06:51] LaTeX log parsed with 19 messages.
[16:06:51] Recipe returns with error: 12/null. PID: 9113. message: Latexmk: This is Latexmk, John Collins, 18 June 2019, version: 4.65.
Rule 'pdflatex': The following rules & subrules became out-of-date:
      'pdflatex'
------------
Run number 1 of rule 'pdflatex'
------------
------------
Running 'pdflatex  -synctex=1 -interaction=nonstopmode -file-line-error -recorder -output-directory="/home/riddle/pro/LaTex3"  "/home/riddle/pro/LaTex3/pvz.tex"'
------------
Latexmk: Non-existent bbl file 'pvz.bbl'
 No file pvz.bbl.
Latexmk: References changed.
Latexmk: Log file says output to 'pvz.pdf'
Latexmk: List of undefined refs and citations:
  Citation `GFUNKS' on page 3 undefined on input line 207
  Citation `GITA' undefined on input line 75
  Citation `GPAS' on page 3 undefined on input line 207
  Reference `eq:1' on page 1 undefined on input line 119
  Reference `eq:1' on page 3 undefined on input line 205
  Reference `eq:2' on page 1 undefined on input line 120
  Reference `prop:1' on page 3 undefined on input line 203
  Reference `thm:1' on page 3 undefined on input line 203
Latexmk: Found bibliography file(s) [x.bib]
Rule 'bibtex pvz': File changes, etc:
   Changed files, or newly in use since previous run(s):
      'pvz.aux'
------------
Run number 1 of rule 'bibtex pvz'
------------
------------
Running 'bibtex  "pvz"'
------------
Latexmk: Summary of warnings from last run of (pdf)latex:
  Latex failed to resolve 5 reference(s)
  Latex failed to resolve 5 citation(s)
Collected error summary (may duplicate other messages):
  bibtex pvz: Bibtex errors: See file 'pvz.blg'
Latexmk: Use the -f option to force complete processing,
 unless error was exceeding maximum runs, or warnings treated as errors.
.
[16:06:51] BUILD command invoked.
[16:06:51] Found root file from active editor: /home/riddle/pro/LaTex3/pvz.tex
[16:06:51] Root file remains unchanged from: /home/riddle/pro/LaTex3/pvz.tex.
[16:06:51] Building root file: /home/riddle/pro/LaTex3/pvz.tex
[16:06:51] Build root file /home/riddle/pro/LaTex3/pvz.tex
[16:06:51] Recipe step 1: latexmk, -synctex=1,-interaction=nonstopmode,-file-line-error,-pdf,-outdir=/home/riddle/pro/LaTex3,/home/riddle/pro/LaTex3/pvz
[16:06:51] LaTeX build process spawned. PID: 9122.
[16:06:51] BUILD command invoked.
[16:06:51] Found root file from active editor: /home/riddle/pro/LaTex3/pvz.tex
[16:06:51] Root file remains unchanged from: /home/riddle/pro/LaTex3/pvz.tex.
[16:06:51] Building root file: /home/riddle/pro/LaTex3/pvz.tex
[16:06:53] LaTeX log parsed with 13 messages.
[16:06:53] Recipe returns with error: 12/null. PID: 9122. message: Latexmk: This is Latexmk, John Collins, 18 June 2019, version: 4.65.
Rule 'pdflatex': File changes, etc:
   Changed files, or newly in use since previous run(s):
      '/home/riddle/pro/LaTex3/pvz.aux'
------------
Run number 1 of rule 'pdflatex'
------------
------------
Running 'pdflatex  -synctex=1 -interaction=nonstopmode -file-line-error -recorder -output-directory="/home/riddle/pro/LaTex3"  "/home/riddle/pro/LaTex3/pvz.tex"'
------------
Latexmk: Found input bbl file 'pvz.bbl'
Latexmk: References changed.
Latexmk: Log file says output to 'pvz.pdf'
Latexmk: List of undefined refs and citations:
  Citation `GFUNKS' on page 3 undefined on input line 207
  Citation `GITA' undefined on input line 75
  Citation `GPAS' on page 3 undefined on input line 207
Latexmk: Found bibliography file(s) [x.bib]
Rule 'bibtex pvz': File changes, etc:
   Changed files, or newly in use since previous run(s):
      'pvz.aux'
------------
Run number 1 of rule 'bibtex pvz'
------------
------------
Running 'bibtex  "pvz"'
------------
Latexmk: Summary of warnings from last run of (pdf)latex:
  Latex failed to resolve 5 citation(s)
Collected error summary (may duplicate other messages):
  bibtex pvz: Bibtex errors: See file 'pvz.blg'
Latexmk: Use the -f option to force complete processing,
 unless error was exceeding maximum runs, or warnings treated as errors.
.
[16:06:53] Cleaning auxillary files and retrying build after toolchain error.
[16:06:53] File cleaned: /home/riddle/pro/LaTex3/pvz.aux
[16:06:53] File cleaned: /home/riddle/pro/LaTex3/pvz.blg
[16:06:53] File cleaned: /home/riddle/pro/LaTex3/pvz.fls
[16:06:53] File cleaned: /home/riddle/pro/LaTex3/pvz.bbl
[16:06:53] File cleaned: /home/riddle/pro/LaTex3/pvz.log
[16:06:53] File cleaned: /home/riddle/pro/LaTex3/pvz.fdb_latexmk
[16:06:53] Recipe step 1: latexmk, -synctex=1,-interaction=nonstopmode,-file-line-error,-pdf,-outdir=/home/riddle/pro/LaTex3,/home/riddle/pro/LaTex3/pvz
[16:06:53] LaTeX build process spawned. PID: 9127.
[16:06:55] LaTeX log parsed with 19 messages.
[16:06:55] Recipe returns with error: 12/null. PID: 9127. message: Latexmk: This is Latexmk, John Collins, 18 June 2019, version: 4.65.
Rule 'pdflatex': The following rules & subrules became out-of-date:
      'pdflatex'
------------
Run number 1 of rule 'pdflatex'
------------
------------
Running 'pdflatex  -synctex=1 -interaction=nonstopmode -file-line-error -recorder -output-directory="/home/riddle/pro/LaTex3"  "/home/riddle/pro/LaTex3/pvz.tex"'
------------
Latexmk: Non-existent bbl file 'pvz.bbl'
 No file pvz.bbl.
Latexmk: References changed.
Latexmk: Log file says output to 'pvz.pdf'
Latexmk: List of undefined refs and citations:
  Citation `GFUNKS' on page 3 undefined on input line 207
  Citation `GITA' undefined on input line 75
  Citation `GPAS' on page 3 undefined on input line 207
  Reference `eq:1' on page 1 undefined on input line 119
  Reference `eq:1' on page 3 undefined on input line 205
  Reference `eq:2' on page 1 undefined on input line 120
  Reference `prop:1' on page 3 undefined on input line 203
  Reference `thm:1' on page 3 undefined on input line 203
Latexmk: Found bibliography file(s) [x.bib]
Rule 'bibtex pvz': File changes, etc:
   Changed files, or newly in use since previous run(s):
      'pvz.aux'
------------
Run number 1 of rule 'bibtex pvz'
------------
------------
Running 'bibtex  "pvz"'
------------
Latexmk: Summary of warnings from last run of (pdf)latex:
  Latex failed to resolve 5 reference(s)
  Latex failed to resolve 5 citation(s)
Collected error summary (may duplicate other messages):
  bibtex pvz: Bibtex errors: See file 'pvz.blg'
Latexmk: Use the -f option to force complete processing,
 unless error was exceeding maximum runs, or warnings treated as errors.
.
[16:06:55] Build root file /home/riddle/pro/LaTex3/pvz.tex
[16:06:55] Recipe step 1: latexmk, -synctex=1,-interaction=nonstopmode,-file-line-error,-pdf,-outdir=/home/riddle/pro/LaTex3,/home/riddle/pro/LaTex3/pvz
[16:06:55] LaTeX build process spawned. PID: 9132.
[16:06:57] LaTeX log parsed with 13 messages.
[16:06:57] Recipe returns with error: 12/null. PID: 9132. message: Latexmk: This is Latexmk, John Collins, 18 June 2019, version: 4.65.
Rule 'pdflatex': File changes, etc:
   Changed files, or newly in use since previous run(s):
      '/home/riddle/pro/LaTex3/pvz.aux'
------------
Run number 1 of rule 'pdflatex'
------------
------------
Running 'pdflatex  -synctex=1 -interaction=nonstopmode -file-line-error -recorder -output-directory="/home/riddle/pro/LaTex3"  "/home/riddle/pro/LaTex3/pvz.tex"'
------------
Latexmk: Found input bbl file 'pvz.bbl'
Latexmk: References changed.
Latexmk: Log file says output to 'pvz.pdf'
Latexmk: List of undefined refs and citations:
  Citation `GFUNKS' on page 3 undefined on input line 207
  Citation `GITA' undefined on input line 75
  Citation `GPAS' on page 3 undefined on input line 207
Latexmk: Found bibliography file(s) [x.bib]
Rule 'bibtex pvz': File changes, etc:
   Changed files, or newly in use since previous run(s):
      'pvz.aux'
------------
Run number 1 of rule 'bibtex pvz'
------------
------------
Running 'bibtex  "pvz"'
------------
Latexmk: Summary of warnings from last run of (pdf)latex:
  Latex failed to resolve 5 citation(s)
Collected error summary (may duplicate other messages):
  bibtex pvz: Bibtex errors: See file 'pvz.blg'
Latexmk: Use the -f option to force complete processing,
 unless error was exceeding maximum runs, or warnings treated as errors.
.
[16:06:57] Cleaning auxillary files and retrying build after toolchain error.
[16:06:57] File cleaned: /home/riddle/pro/LaTex3/pvz.aux
[16:06:57] File cleaned: /home/riddle/pro/LaTex3/pvz.blg
[16:06:57] File cleaned: /home/riddle/pro/LaTex3/pvz.fls
[16:06:57] File cleaned: /home/riddle/pro/LaTex3/pvz.log
[16:06:57] File cleaned: /home/riddle/pro/LaTex3/pvz.fdb_latexmk
[16:06:57] File cleaned: /home/riddle/pro/LaTex3/pvz.bbl
[16:06:57] Recipe step 1: latexmk, -synctex=1,-interaction=nonstopmode,-file-line-error,-pdf,-outdir=/home/riddle/pro/LaTex3,/home/riddle/pro/LaTex3/pvz
[16:06:57] LaTeX build process spawned. PID: 9142.
[16:06:59] LaTeX log parsed with 19 messages.
[16:06:59] Recipe returns with error: 12/null. PID: 9142. message: Latexmk: This is Latexmk, John Collins, 18 June 2019, version: 4.65.
Rule 'pdflatex': The following rules & subrules became out-of-date:
      'pdflatex'
------------
Run number 1 of rule 'pdflatex'
------------
------------
Running 'pdflatex  -synctex=1 -interaction=nonstopmode -file-line-error -recorder -output-directory="/home/riddle/pro/LaTex3"  "/home/riddle/pro/LaTex3/pvz.tex"'
------------
Latexmk: Non-existent bbl file 'pvz.bbl'
 No file pvz.bbl.
Latexmk: References changed.
Latexmk: Log file says output to 'pvz.pdf'
Latexmk: List of undefined refs and citations:
  Citation `GFUNKS' on page 3 undefined on input line 207
  Citation `GITA' undefined on input line 75
  Citation `GPAS' on page 3 undefined on input line 207
  Reference `eq:1' on page 1 undefined on input line 119
  Reference `eq:1' on page 3 undefined on input line 205
  Reference `eq:2' on page 1 undefined on input line 120
  Reference `prop:1' on page 3 undefined on input line 203
  Reference `thm:1' on page 3 undefined on input line 203
Latexmk: Found bibliography file(s) [x.bib]
Rule 'bibtex pvz': File changes, etc:
   Changed files, or newly in use since previous run(s):
      'pvz.aux'
------------
Run number 1 of rule 'bibtex pvz'
------------
------------
Running 'bibtex  "pvz"'
------------
Latexmk: Summary of warnings from last run of (pdf)latex:
  Latex failed to resolve 5 reference(s)
  Latex failed to resolve 5 citation(s)
Collected error summary (may duplicate other messages):
  bibtex pvz: Bibtex errors: See file 'pvz.blg'
Latexmk: Use the -f option to force complete processing,
 unless error was exceeding maximum runs, or warnings treated as errors.
.
