[2019-11-06 16:49:49.454] [renderer1] [error] Missing PDF "/home/riddle/pro/LaTex/pvz.pdf".: Error: 
	at MissingPDFExceptionClosure (/home/riddle/.vscode-oss/extensions/james-yu.latex-workshop-8.3.1/node_modules/pdfjs-dist/build/pdf.js:671:35)
	at Object.<anonymous> (/home/riddle/.vscode-oss/extensions/james-yu.latex-workshop-8.3.1/node_modules/pdfjs-dist/build/pdf.js:674:2)
	at __w_pdfjs_require__ (/home/riddle/.vscode-oss/extensions/james-yu.latex-workshop-8.3.1/node_modules/pdfjs-dist/build/pdf.js:52:30)
	at Object.defineProperty.value (/home/riddle/.vscode-oss/extensions/james-yu.latex-workshop-8.3.1/node_modules/pdfjs-dist/build/pdf.js:129:23)
	at __w_pdfjs_require__ (/home/riddle/.vscode-oss/extensions/james-yu.latex-workshop-8.3.1/node_modules/pdfjs-dist/build/pdf.js:52:30)
	at pdfjsVersion (/home/riddle/.vscode-oss/extensions/james-yu.latex-workshop-8.3.1/node_modules/pdfjs-dist/build/pdf.js:116:18)
	at /home/riddle/.vscode-oss/extensions/james-yu.latex-workshop-8.3.1/node_modules/pdfjs-dist/build/pdf.js:119:10
	at webpackUniversalModuleDefinition (/home/riddle/.vscode-oss/extensions/james-yu.latex-workshop-8.3.1/node_modules/pdfjs-dist/build/pdf.js:25:20)
	at Object.<anonymous> (/home/riddle/.vscode-oss/extensions/james-yu.latex-workshop-8.3.1/node_modules/pdfjs-dist/build/pdf.js:32:3)
	at Object.<anonymous> (/home/riddle/.vscode-oss/extensions/james-yu.latex-workshop-8.3.1/node_modules/pdfjs-dist/build/pdf.js:24625:3)
	at Module._compile (internal/modules/cjs/loader.js:693:30)
	at Object.Module._extensions..js (internal/modules/cjs/loader.js:704:10)
	at Module.load (internal/modules/cjs/loader.js:602:32)
	at tryModuleLoad (internal/modules/cjs/loader.js:541:12)
	at Function.Module._load (internal/modules/cjs/loader.js:533:3)
	at Function.t._load (/usr/lib/code/out/vs/workbench/services/extensions/node/extensionHostProcess.js:785:720)
	at Function.n._load (/usr/lib/code/out/vs/workbench/services/extensions/node/extensionHostProcess.js:754:302)
	at Function.i._load (/usr/lib/code/out/vs/workbench/services/extensions/node/extensionHostProcess.js:750:870)
	at Module.require (internal/modules/cjs/loader.js:640:17)
	at require (internal/modules/cjs/helpers.js:20:18)
	at Object.<anonymous> (/home/riddle/.vscode-oss/extensions/james-yu.latex-workshop-8.3.1/out/src/components/builder.js:8:18)
	at Object.<anonymous> (/home/riddle/.vscode-oss/extensions/james-yu.latex-workshop-8.3.1/out/src/components/builder.js:485:3)
	at Module._compile (internal/modules/cjs/loader.js:693:30)
	at Object.Module._extensions..js (internal/modules/cjs/loader.js:704:10)
	at Module.load (internal/modules/cjs/loader.js:602:32)
	at tryModuleLoad (internal/modules/cjs/loader.js:541:12)
	at Function.Module._load (internal/modules/cjs/loader.js:533:3)
	at Function.t._load (/usr/lib/code/out/vs/workbench/services/extensions/node/extensionHostProcess.js:785:720)
	at Function.n._load (/usr/lib/code/out/vs/workbench/services/extensions/node/extensionHostProcess.js:754:302)
	at Function.i._load (/usr/lib/code/out/vs/workbench/services/extensions/node/extensionHostProcess.js:750:870)
	at Module.require (internal/modules/cjs/loader.js:640:17)
	at require (internal/modules/cjs/helpers.js:20:18)
	at Object.<anonymous> (/home/riddle/.vscode-oss/extensions/james-yu.latex-workshop-8.3.1/out/src/main.js:11:19)
	at Object.<anonymous> (/home/riddle/.vscode-oss/extensions/james-yu.latex-workshop-8.3.1/out/src/main.js:428:3)
	at Module._compile (internal/modules/cjs/loader.js:693:30)
	at Object.Module._extensions..js (internal/modules/cjs/loader.js:704:10)
	at Module.load (internal/modules/cjs/loader.js:602:32)
	at tryModuleLoad (internal/modules/cjs/loader.js:541:12)
	at Function.Module._load (internal/modules/cjs/loader.js:533:3)
	at Function.t._load (/usr/lib/code/out/vs/workbench/services/extensions/node/extensionHostProcess.js:785:720)
	at Function.n._load (/usr/lib/code/out/vs/workbench/services/extensions/node/extensionHostProcess.js:754:302)
	at Function.i._load (/usr/lib/code/out/vs/workbench/services/extensions/node/extensionHostProcess.js:750:870)
	at Module.require (internal/modules/cjs/loader.js:640:17)
	at require (internal/modules/cjs/helpers.js:20:18)
	at Function.s [as __$__nodeRequire] (/usr/lib/code/out/vs/loader.js:32:963)
	at t.ExtHostExtensionService._loadCommonJSModule (/usr/lib/code/out/vs/workbench/services/extensions/node/extensionHostProcess.js:755:484)
	at t.ExtHostExtensionService._doActivateExtension (/usr/lib/code/out/vs/workbench/services/extensions/node/extensionHostProcess.js:666:300)
	at t.ExtHostExtensionService._activateExtension (/usr/lib/code/out/vs/workbench/services/extensions/node/extensionHostProcess.js:665:360)
	at Object.actualActivateExtension (/usr/lib/code/out/vs/workbench/services/extensions/node/extensionHostProcess.js:663:296)
	at t.ExtensionsActivator._activateExtension (/usr/lib/code/out/vs/workbench/services/extensions/node/extensionHostProcess.js:496:731)
	at n.length.Promise.all.r.map.e (/usr/lib/code/out/vs/workbench/services/extensions/node/extensionHostProcess.js:496:409)
	at Array.map (<anonymous>)
	at t.ExtensionsActivator._activateExtensions (/usr/lib/code/out/vs/workbench/services/extensions/node/extensionHostProcess.js:496:397)
	at t.ExtensionsActivator.activateByEvent (/usr/lib/code/out/vs/workbench/services/extensions/node/extensionHostProcess.js:494:126)
	at t.ExtHostExtensionService._activateByEvent (/usr/lib/code/out/vs/workbench/services/extensions/node/extensionHostProcess.js:664:24)
	at _readyToRunExtensions.wait.then.t (/usr/lib/code/out/vs/workbench/services/extensions/node/extensionHostProcess.js:672:293)
[2019-11-06 17:06:23.143] [renderer1] [error] doSave(30) - exit - resulted in a save error: Error: Unable to write file (Error: File Modified Since) {"$mid":1,"fsPath":"/home/riddle/pro/LaTex/pvz.tex","external":"file:///home/riddle/pro/LaTex/pvz.tex","path":"/home/riddle/pro/LaTex/pvz.tex","scheme":"file"}
[2019-11-06 18:20:19.519] [renderer1] [error] doSave(30) - exit - resulted in a save error: Error: Unable to write file (Error: File Modified Since) {"$mid":1,"fsPath":"/home/riddle/pro/LaTex/pvz.tex","external":"file:///home/riddle/pro/LaTex/pvz.tex","path":"/home/riddle/pro/LaTex/pvz.tex","scheme":"file"}
[2019-11-06 18:20:19.659] [renderer1] [error] doSave(30) - exit - resulted in a save error: Error: Unable to write file (Error: File Modified Since) {"$mid":1,"fsPath":"/home/riddle/pro/LaTex/pvz.tex","external":"file:///home/riddle/pro/LaTex/pvz.tex","path":"/home/riddle/pro/LaTex/pvz.tex","scheme":"file"}
[2019-11-06 18:20:20.548] [renderer1] [error] Missing PDF "/home/riddle/pro/LaTex/LATIN7.pdf".: Error: 
	at MissingPDFExceptionClosure (/home/riddle/.vscode-oss/extensions/james-yu.latex-workshop-8.3.1/node_modules/pdfjs-dist/build/pdf.js:671:35)
	at Object.<anonymous> (/home/riddle/.vscode-oss/extensions/james-yu.latex-workshop-8.3.1/node_modules/pdfjs-dist/build/pdf.js:674:2)
	at __w_pdfjs_require__ (/home/riddle/.vscode-oss/extensions/james-yu.latex-workshop-8.3.1/node_modules/pdfjs-dist/build/pdf.js:52:30)
	at Object.defineProperty.value (/home/riddle/.vscode-oss/extensions/james-yu.latex-workshop-8.3.1/node_modules/pdfjs-dist/build/pdf.js:129:23)
	at __w_pdfjs_require__ (/home/riddle/.vscode-oss/extensions/james-yu.latex-workshop-8.3.1/node_modules/pdfjs-dist/build/pdf.js:52:30)
	at pdfjsVersion (/home/riddle/.vscode-oss/extensions/james-yu.latex-workshop-8.3.1/node_modules/pdfjs-dist/build/pdf.js:116:18)
	at /home/riddle/.vscode-oss/extensions/james-yu.latex-workshop-8.3.1/node_modules/pdfjs-dist/build/pdf.js:119:10
	at webpackUniversalModuleDefinition (/home/riddle/.vscode-oss/extensions/james-yu.latex-workshop-8.3.1/node_modules/pdfjs-dist/build/pdf.js:25:20)
	at Object.<anonymous> (/home/riddle/.vscode-oss/extensions/james-yu.latex-workshop-8.3.1/node_modules/pdfjs-dist/build/pdf.js:32:3)
	at Object.<anonymous> (/home/riddle/.vscode-oss/extensions/james-yu.latex-workshop-8.3.1/node_modules/pdfjs-dist/build/pdf.js:24625:3)
	at Module._compile (internal/modules/cjs/loader.js:693:30)
	at Object.Module._extensions..js (internal/modules/cjs/loader.js:704:10)
	at Module.load (internal/modules/cjs/loader.js:602:32)
	at tryModuleLoad (internal/modules/cjs/loader.js:541:12)
	at Function.Module._load (internal/modules/cjs/loader.js:533:3)
	at Function.t._load (/usr/lib/code/out/vs/workbench/services/extensions/node/extensionHostProcess.js:785:720)
	at Function.n._load (/usr/lib/code/out/vs/workbench/services/extensions/node/extensionHostProcess.js:754:302)
	at Function.i._load (/usr/lib/code/out/vs/workbench/services/extensions/node/extensionHostProcess.js:750:870)
	at Module.require (internal/modules/cjs/loader.js:640:17)
	at require (internal/modules/cjs/helpers.js:20:18)
	at Object.<anonymous> (/home/riddle/.vscode-oss/extensions/james-yu.latex-workshop-8.3.1/out/src/components/builder.js:8:18)
	at Object.<anonymous> (/home/riddle/.vscode-oss/extensions/james-yu.latex-workshop-8.3.1/out/src/components/builder.js:485:3)
	at Module._compile (internal/modules/cjs/loader.js:693:30)
	at Object.Module._extensions..js (internal/modules/cjs/loader.js:704:10)
	at Module.load (internal/modules/cjs/loader.js:602:32)
	at tryModuleLoad (internal/modules/cjs/loader.js:541:12)
	at Function.Module._load (internal/modules/cjs/loader.js:533:3)
	at Function.t._load (/usr/lib/code/out/vs/workbench/services/extensions/node/extensionHostProcess.js:785:720)
	at Function.n._load (/usr/lib/code/out/vs/workbench/services/extensions/node/extensionHostProcess.js:754:302)
	at Function.i._load (/usr/lib/code/out/vs/workbench/services/extensions/node/extensionHostProcess.js:750:870)
	at Module.require (internal/modules/cjs/loader.js:640:17)
	at require (internal/modules/cjs/helpers.js:20:18)
	at Object.<anonymous> (/home/riddle/.vscode-oss/extensions/james-yu.latex-workshop-8.3.1/out/src/main.js:11:19)
	at Object.<anonymous> (/home/riddle/.vscode-oss/extensions/james-yu.latex-workshop-8.3.1/out/src/main.js:428:3)
	at Module._compile (internal/modules/cjs/loader.js:693:30)
	at Object.Module._extensions..js (internal/modules/cjs/loader.js:704:10)
	at Module.load (internal/modules/cjs/loader.js:602:32)
	at tryModuleLoad (internal/modules/cjs/loader.js:541:12)
	at Function.Module._load (internal/modules/cjs/loader.js:533:3)
	at Function.t._load (/usr/lib/code/out/vs/workbench/services/extensions/node/extensionHostProcess.js:785:720)
	at Function.n._load (/usr/lib/code/out/vs/workbench/services/extensions/node/extensionHostProcess.js:754:302)
	at Function.i._load (/usr/lib/code/out/vs/workbench/services/extensions/node/extensionHostProcess.js:750:870)
	at Module.require (internal/modules/cjs/loader.js:640:17)
	at require (internal/modules/cjs/helpers.js:20:18)
	at Function.s [as __$__nodeRequire] (/usr/lib/code/out/vs/loader.js:32:963)
	at t.ExtHostExtensionService._loadCommonJSModule (/usr/lib/code/out/vs/workbench/services/extensions/node/extensionHostProcess.js:755:484)
	at t.ExtHostExtensionService._doActivateExtension (/usr/lib/code/out/vs/workbench/services/extensions/node/extensionHostProcess.js:666:300)
	at t.ExtHostExtensionService._activateExtension (/usr/lib/code/out/vs/workbench/services/extensions/node/extensionHostProcess.js:665:360)
	at Object.actualActivateExtension (/usr/lib/code/out/vs/workbench/services/extensions/node/extensionHostProcess.js:663:296)
	at t.ExtensionsActivator._activateExtension (/usr/lib/code/out/vs/workbench/services/extensions/node/extensionHostProcess.js:496:731)
	at n.length.Promise.all.r.map.e (/usr/lib/code/out/vs/workbench/services/extensions/node/extensionHostProcess.js:496:409)
	at Array.map (<anonymous>)
	at t.ExtensionsActivator._activateExtensions (/usr/lib/code/out/vs/workbench/services/extensions/node/extensionHostProcess.js:496:397)
	at t.ExtensionsActivator.activateByEvent (/usr/lib/code/out/vs/workbench/services/extensions/node/extensionHostProcess.js:494:126)
	at t.ExtHostExtensionService._activateByEvent (/usr/lib/code/out/vs/workbench/services/extensions/node/extensionHostProcess.js:664:24)
	at _readyToRunExtensions.wait.then.t (/usr/lib/code/out/vs/workbench/services/extensions/node/extensionHostProcess.js:672:293)
[2019-11-06 18:34:36.725] [renderer1] [error] doSave(30) - exit - resulted in a save error: Error: Unable to write file (Error: File Modified Since) {"$mid":1,"fsPath":"/home/riddle/pro/LaTex/pvz.tex","external":"file:///home/riddle/pro/LaTex/pvz.tex","path":"/home/riddle/pro/LaTex/pvz.tex","scheme":"file"}
