
Selecting FBConfig
GLX_FBCONFIG_ID=309
GLX_BUFFER_SIZE=32
GLX_DOUBLEBUFFER=1
GLX_RED_SIZE=8
GLX_GREEN_SIZE=8
GLX_BLUE_SIZE=8
GLX_ALPHA_SIZE=8
GLX_DEPTH_SIZE=24
GLX_STENCIL_SIZE=8
GLX_SAMPLES_ARB=0
GLX_SAMPLE_BUFFERS_ARB=0
GLX_CONFIG_CAVEAT=NONE

Desktop is 1920 x 1080 @ 60 Hz
GPU_MEMORY_INFO_DEDICATED_VIDMEM_NVX: 4194304
OpenGL:
    Version:  OpenGL 4.6 [4.6.0 NVIDIA 410.66]
    Renderer: GeForce GTX 960M/PCIe/SSE2
    Vendor:   NVIDIA Corporation
    VRAM:     4096 MB
    Extensions: GL_AMD_multi_draw_indirect GL_AMD_seamless_cubemap_per_texture GL_ARB_arrays_of_arrays GL_ARB_base_instance GL_ARB_bindless_texture GL_ARB_blend_func_extended GL_ARB_buffer_storage GL_ARB_clear_buffer_object GL_ARB_clear_texture GL_ARB_clip_control GL_ARB_color_buffer_float GL_ARB_compatibility GL_ARB_compressed_texture_pixel_storage GL_ARB_conservative_depth GL_ARB_compute_shader GL_ARB_compute_variable_group_size GL_ARB_conditional_render_inverted GL_ARB_copy_buffer GL_ARB_copy_image GL_ARB_cull_distance GL_ARB_debug_output GL_ARB_depth_buffer_float GL_ARB_depth_clamp GL_ARB_depth_texture GL_ARB_derivative_control GL_ARB_direct_state_access GL_ARB_draw_buffers GL_ARB_draw_buffers_blend GL_ARB_draw_indirect GL_ARB_draw_elements_base_vertex GL_ARB_draw_instanced GL_ARB_enhanced_layouts GL_ARB_ES2_compatibility GL_ARB_ES3_compatibility GL_ARB_ES3_1_compatibility GL_ARB_ES3_2_compatibility GL_ARB_explicit_attrib_location GL_ARB_explicit_uniform_location GL_ARB_fragment_coord_conventions GL_ARB_fragment_layer_viewport GL_ARB_fragment_program GL_ARB_fragment_program_shadow GL_ARB_fragment_shader GL_ARB_framebuffer_no_attachments GL_ARB_framebuffer_object GL_ARB_framebuffer_sRGB GL_ARB_geometry_shader4 GL_ARB_get_program_binary GL_ARB_get_texture_sub_image GL_ARB_gl_spirv GL_ARB_gpu_shader5 GL_ARB_gpu_shader_fp64 GL_ARB_gpu_shader_int64 GL_ARB_half_float_pixel GL_ARB_half_float_vertex GL_ARB_imaging GL_ARB_indirect_parameters GL_ARB_instanced_arrays GL_ARB_internalformat_query GL_ARB_internalformat_query2 GL_ARB_invalidate_subdata GL_ARB_map_buffer_alignment GL_ARB_map_buffer_range GL_ARB_multi_bind GL_ARB_multi_draw_indirect GL_ARB_multisample GL_ARB_multitexture GL_ARB_occlusion_query GL_ARB_occlusion_query2 GL_ARB_parallel_shader_compile GL_ARB_pipeline_statistics_query GL_ARB_pixel_buffer_object GL_ARB_point_parameters GL_ARB_point_sprite GL_ARB_polygon_offset_clamp GL_ARB_program_interface_query GL_ARB_provoking_vertex GL_ARB_query_buffer_object GL_ARB_robust_buffer_access_behavior GL_ARB_robustness GL_ARB_sample_shading GL_ARB_sampler_objects GL_ARB_seamless_cube_map GL_ARB_seamless_cubemap_per_texture GL_ARB_separate_shader_objects GL_ARB_shader_atomic_counter_ops GL_ARB_shader_atomic_counters GL_ARB_shader_ballot GL_ARB_shader_bit_encoding GL_ARB_shader_clock GL_ARB_shader_draw_parameters GL_ARB_shader_group_vote GL_ARB_shader_image_load_store GL_ARB_shader_image_size GL_ARB_shader_objects GL_ARB_shader_precision GL_ARB_shader_storage_buffer_object GL_ARB_shader_subroutine GL_ARB_shader_texture_image_samples GL_ARB_shader_texture_lod GL_ARB_shading_language_100 GL_ARB_shading_language_420pack GL_ARB_shading_language_include GL_ARB_shading_language_packing GL_ARB_shadow GL_ARB_sparse_buffer GL_ARB_sparse_texture GL_ARB_spirv_extensions GL_ARB_stencil_texturing GL_ARB_sync GL_ARB_tessellation_shader GL_ARB_texture_barrier GL_ARB_texture_border_clamp GL_ARB_texture_buffer_object GL_ARB_texture_buffer_object_rgb32 GL_ARB_texture_buffer_range GL_ARB_texture_compression GL_ARB_texture_compression_bptc GL_ARB_texture_compression_rgtc GL_ARB_texture_cube_map GL_ARB_texture_cube_map_array GL_ARB_texture_env_add GL_ARB_texture_env_combine GL_ARB_texture_env_crossbar GL_ARB_texture_env_dot3 GL_ARB_texture_filter_anisotropic GL_ARB_texture_float GL_ARB_texture_gather GL_ARB_texture_mirror_clamp_to_edge GL_ARB_texture_mirrored_repeat GL_ARB_texture_multisample GL_ARB_texture_non_power_of_two GL_ARB_texture_query_levels GL_ARB_texture_query_lod GL_ARB_texture_rectangle GL_ARB_texture_rg GL_ARB_texture_rgb10_a2ui GL_ARB_texture_stencil8 GL_ARB_texture_storage GL_ARB_texture_storage_multisample GL_ARB_texture_swizzle GL_ARB_texture_view GL_ARB_timer_query GL_ARB_transform_feedback2 GL_ARB_transform_feedback3 GL_ARB_transform_feedback_instanced GL_ARB_transform_feedback_overflow_query GL_ARB_transpose_matrix GL_ARB_uniform_buffer_object GL_ARB_vertex_array_bgra GL_ARB_vertex_array_object GL_ARB_vertex_attrib_64bit GL_ARB_vertex_attrib_binding GL_ARB_vertex_buffer_object GL_ARB_vertex_program GL_ARB_vertex_shader GL_ARB_vertex_type_10f_11f_11f_rev GL_ARB_vertex_type_2_10_10_10_rev GL_ARB_viewport_array GL_ARB_window_pos GL_ATI_draw_buffers GL_ATI_texture_float GL_ATI_texture_mirror_once GL_S3_s3tc GL_EXT_texture_env_add GL_EXT_abgr GL_EXT_bgra GL_EXT_bindable_uniform GL_EXT_blend_color GL_EXT_blend_equation_separate GL_EXT_blend_func_separate GL_EXT_blend_minmax GL_EXT_blend_subtract GL_EXT_compiled_vertex_array GL_EXT_Cg_shader GL_EXT_depth_bounds_test GL_EXT_direct_state_access GL_EXT_draw_buffers2 GL_EXT_draw_instanced GL_EXT_draw_range_elements GL_EXT_fog_coord GL_pid 21085 != 21061, skipping destruction (fork without exec?)
ERROR: ld.so: object '/home/riddle/.local/share/Steam/ubuntu12_32/gameoverlayrenderer.so' from LD_PRELOAD cannot be preloaded (wrong ELF class: ELFCLASS32): ignored.
Setting breakpad minidump AppID = 512470
Steam_SetMinidumpSteamID:  Caching Steam ID:  76561198274534101 [API loaded no]
Preloaded type GtkListStore
Preloaded type GtkWindow
Preloaded type GtkVBox
Preloaded type GtkImage
Preloaded type GtkNotebook
Preloaded type GtkHBox
Preloaded type GtkFrame
Preloaded type GtkAlignment
Preloaded type GtkTreeView
Preloaded type GtkLabel
Preloaded type GtkCheckButton
Preloaded type GtkScrolledWindow
Couldn't find OnScreenSelectorQuit in main module; checking child
Couldn't find OnScreenSelectorOK in main module; checking child
Couldn't find OnScreenSelectorQuit in main module; checking child
Couldn't find OnInputListRowActivated in main module; checking child
process_set_termination_details: error looking up process handle 0x903
v_dot3 GL_EXT_texture_filter_anisotropic GL_EXT_texture_integer GL_EXT_texture_lod GL_EXT_texture_lod_bias GL_EXT_texture_mirror_clamp GL_EXT_texture_object GL_EXT_texture_shared_exponent GL_EXT_texture_sRGB GL_EXT_texture_sRGB_decode GL_EXT_texture_storage GL_EXT_texture_swizzle GL_EXT_timer_query GL_EXT_transform_feedback2 GL_EXT_vertex_array GL_EXT_vertex_array_bgra GL_EXT_vertex_attrib_64bit GL_EXT_window_rectangles GL_EXT_x11_sync_object GL_EXT_import_sync_object GL_NV_robustness_video_memory_purge GL_IBM_rasterpos_clip GL_IBM_texture_mirrored_repeat GL_KHR_context_flush_control GL_KHR_debug GL_EXT_memory_object GL_EXT_memory_object_fd GL_KHR_parallel_shader_compile GL_KHR_no_error GL_KHR_robust_buffer_access_behavior GL_KHR_robustness GL_EXT_semaphore GL_EXT_semaphore_fd GL_KTX_buffer_region GL_NV_alpha_to_coverage_dither_control GL_NV_bindless_multi_draw_indirect GL_NV_bindless_multi_draw_indirect_count GL_NV_bindless_texture GL_NV_blend_equation_advanced GL_NV_blend_equation_advanced_coherent GL_NV_blend_minmax_factor GL_NV_blend_square GL_NV_command_list GL_NV_compute_program5 GL_NV_conditional_render GL_NV_copy_depth_to_color GL_NV_copy_image GL_NV_depth_buffer_float GL_NV_depth_clamp GL_NV_draw_texture GL_NV_draw_vulkan_image GL_NV_ES1_1_compatibility GL_NV_ES3_1_compatibility GL_NV_explicit_multisample GL_NV_feature_query GL_NV_fence GL_NV_float_buffer GL_NV_fog_distance GL_NV_fragment_program GL_NV_fragment_program_option GL_NV_fragment_program2 GL_NV_framebuffer_multisample_coverage GL_NV_geometry_shader4 GL_NV_gpu_program4 GL_NV_internalformat_sample_query GL_NV_gpu_program4_1 GL_NV_gpu_program5 GL_NV_gpu_program5_mem_extended GL_NV_gpu_program_fp64 GL_NV_gpu_shader5 GL_NV_half_float GL_NV_light_max_exponent GL_NV_multisample_coverage GL_NV_multisample_filter_hint GL_NV_occlusion_query GL_NV_packed_depth_stencil GL_NV_parameter_buffer_object GL_NV_parameter_buffer_object2 GL_NV_path_rendering GL_NV_pixel_data_range GL_NV_point_sprite GL_NV_primitive_restart GL_NV_query_resource GL_NV_query_resource_tag GL_NV_register_combiners GL_NV_register_combiners2 GL_NV_shader_atomic_counters GL_NV_shader_atomic_float GL_NV_shader_atomic_int64 GL_NV_shader_buffer_load GL_NV_shader_storage_buffer_object GL_NV_texgen_reflection GL_NV_texture_barrier GL_NV_texture_compression_vtc GL_NV_texture_env_combine4 GL_NV_texture_multisample GL_NV_texture_rectangle GL_NV_texture_rectangle_compressed GL_NV_texture_shader GL_NV_texture_shader2 GL_NV_texture_shader3 GL_NV_transform_feedback GL_NV_transform_feedback2 GL_NV_uniform_buffer_unified_memory GL_NV_vdpau_interop GL_NV_vertex_array_range GL_NV_vertex_array_range2 GL_NV_vertex_attrib_integer_64bit GL_NV_vertex_buffer_unified_memory GL_NV_vertex_program GL_NV_vertex_program1_1 GL_NV_vertex_program2 GL_NV_vertex_program2_option GL_NV_vertex_program3 GL_NVX_conditional_render GL_NVX_gpu_memory_info GL_NVX_nvenc_interop GL_NV_shader_thread_group GL_NV_shader_thread_shuffle GL_KHR_blend_equation_advanced GL_KHR_blend_equation_advanced_coherent GL_OVR_multiview GL_OVR_multiview2 GL_SGIS_generate_mipmap GL_SGIS_texture_lod GL_SGIX_depth_texture GL_SGIX_shadow GL_SUN_slice_accum 
GLX Extensions: GLX_EXT_visual_info GLX_EXT_visual_rating GLX_EXT_import_context GLX_SGIX_fbconfig GLX_SGIX_pbuffer GLX_SGI_video_sync GLX_SGI_swap_control GLX_EXT_swap_control GLX_EXT_swap_control_tear GLX_EXT_texture_from_pixmap GLX_EXT_buffer_age GLX_ARB_create_context GLX_ARB_create_context_profile GLX_EXT_create_context_es_profile GLX_EXT_create_context_es2_profile GLX_ARB_create_context_no_error GLX_ARB_create_context_robustness GLX_NV_delay_before_swap GLX_EXT_stereo_tree GLX_ARB_context_flush_control GLX_NV_robustness_video_memory_purge GLX_ARB_multisample GLX_NV_float_buffer GLX_ARB_fbconfig_float GLX_EXT_framebuffer_sRGB GLX_NV_copy_image GLX_ARB_get_proc_address 
Setting maxVSyncInterval to 4
GL: Detected 0 MB VRAM
Total system RAM: 7893 MiB
Initialize engine version: 4.6.0f3 (30840d631a27)
Total system RAM: 7893 MiB
AudioManager: Using PulseAudio: Default Output Device
Begin MonoManager ReloadAssembly
Platform assembly: /home/riddle/.local/share/Steam/steamapps/common/The Pirate Caribbean Hunt/ThePirate_Data/Managed/UnityEngine.dll (this message is harmless)
Loading /home/riddle/.local/share/Steam/steamapps/common/The Pirate Caribbean Hunt/ThePirate_Data/Managed/UnityEngine.dll into Unity Child Domain
Platform assembly: /home/riddle/.local/share/Steam/steamapps/common/The Pirate Caribbean Hunt/ThePirate_Data/Managed/Assembly-CSharp-firstpass.dll (this message is harmless)
Loading /home/riddle/.local/share/Steam/steamapps/common/The Pirate Caribbean Hunt/ThePirate_Data/Managed/Assembly-CSharp-firstpass.dll into Unity Child Domain
Platform assembly: /home/riddle/.local/share/Steam/steamapps/common/The Pirate Caribbean Hunt/ThePirate_Data/Managed/Assembly-CSharp.dll (this message is harmless)
Loading /home/riddle/.local/share/Steam/steamapps/common/The Pirate Caribbean Hunt/ThePirate_Data/Managed/Assembly-CSharp.dll into Unity Child Domain
Platform assembly: /home/riddle/.local/share/Steam/steamapps/common/The Pirate Caribbean Hunt/ThePirate_Data/Managed/Assembly-UnityScript.dll (this message is harmless)
Loading /home/riddle/.local/share/Steam/steamapps/common/The Pirate Caribbean Hunt/ThePirate_Data/Managed/Assembly-UnityScript.dll into Unity Child Domain
Platform assembly: /home/riddle/.local/share/Steam/steamapps/common/The Pirate Caribbean Hunt/ThePirate_Data/Managed/UnityEngine.UI.dll (this message is harmless)
Loading /home/riddle/.local/share/Steam/steamapps/common/The Pirate Caribbean Hunt/ThePirate_Data/Managed/UnityEngine.UI.dll into Unity Child Domain
Platform assembly: /home/riddle/.local/share/Steam/steamapps/common/The Pirate Caribbean Hunt/ThePirate_Data/Managed/CallNative.dll (this message is harmless)
Loading /home/riddle/.local/share/Steam/steamapps/common/The Pirate Caribbean Hunt/ThePirate_Data/Managed/CallNative.dll into Unity Child Domain
Platform assembly: /home/riddle/.local/share/Steam/steamapps/common/The Pirate Caribbean Hunt/ThePirate_Data/Managed/CaptureAndSaveLib.dll (this message is harmless)
Loading /home/riddle/.local/share/Steam/steamapps/common/The Pirate Caribbean Hunt/ThePirate_Data/Managed/CaptureAndSaveLib.dll into Unity Child Domain
- Completed reload, in  0.041 seconds
Default vsync count 2
requesting resize 1920 x 1080
requesting fullscreen 1920 x 1080 at 0 Hz
Desktop is 1920 x 1080 @ 60 Hz
Platform assembly: /home/riddle/.local/share/Steam/steamapps/common/The Pirate Caribbean Hunt/ThePirate_Data/Managed/System.Core.dll (this message is harmless)
Platform assembly: /home/riddle/.local/share/Steam/steamapps/common/The Pirate Caribbean Hunt/ThePirate_Data/Managed/System.dll (this message is harmless)
Platform assembly: /home/riddle/.local/share/Steam/steamapps/common/The Pirate Caribbean Hunt/ThePirate_Data/Managed/Boo.Lang.dll (this message is harmless)
Platform assembly: /home/riddle/.local/share/Steam/steamapps/common/The Pirate Caribbean Hunt/ThePirate_Data/Managed/UnityScript.Lang.dll (this message is harmless)
GameConfig: Downloading GameConfig from: http://games.homenetgames.com/ThePirate/Steam/GameConfig.txt
 
(Filename: /BuildAgent/work/d63dfc6385190b60/artifacts/LinuxStandalonePlayerGenerated/UnityEngineDebug.cpp Line: 49)

Changing real window size to 1920 x 1080
Ignoring window size change to 1920x1080 : waiting for fullscreen at 1920x1080
GameConfig: Download GameConfig succeeded.
 
(Filename: /BuildAgent/work/d63dfc6385190b60/artifacts/LinuxStandalonePlayerGenerated/UnityEngineDebug.cpp Line: 49)

GameConfig: Downloaded newer GameConfig with version=8.7.19
 
(Filename: /BuildAgent/work/d63dfc6385190b60/artifacts/LinuxStandalonePlayerGenerated/UnityEngineDebug.cpp Line: 49)

GameConfig: CheckDownloadNewerLanguage curr=EN verCurr=8.6.1 verCurrNum=8060100 verNew=8.6.1 verNewNum=8060100
 
(Filename: /BuildAgent/work/d63dfc6385190b60/artifacts/LinuxStandalonePlayerGenerated/UnityEngineDebug.cpp Line: 49)

Platform assembly: /home/riddle/.local/share/Steam/steamapps/common/The Pirate Caribbean Hunt/ThePirate_Data/Managed/System.Xml.dll (this message is harmless)
UnloadTime: 1.057000 ms
Platform assembly: /home/riddle/.local/share/Steam/steamapps/common/The Pirate Caribbean Hunt/ThePirate_Data/Managed/Mono.Security.dll (this message is harmless)
Unloading 6 Unused Serialized files (Serialized files now loaded: 0 / Dirty serialized files: 0)

Unloading 10 unused Assets to reduce memory usage. Loaded Objects now: 2755.
Total: 1.698000 ms (FindLiveObjects: 0.104000 ms CreateObjectMapping: 0.088000 ms MarkObjects: 1.228000 ms  DeleteObjects: 0.139000 ms)

UnloadTime: 1.552000 ms
Unloading 2 Unused Serialized files (Serialized files now loaded: 0 / Dirty serialized files: 0)

Unloading 44 unused Assets to reduce memory usage. Loaded Objects now: 2760.
Total: 2.370000 ms (FindLiveObjects: 0.324000 ms CreateObjectMapping: 0.136000 ms MarkObjects: 1.491000 ms  DeleteObjects: 0.377000 ms)

UnloadTime: 19.787001 ms
Unloading 1 Unused Serialized files (Serialized files now loaded: 0 / Dirty serialized files: 0)

Unloading 286 unused Assets to reduce memory usage. Loaded Objects now: 1309.
Total: 6.550000 ms (FindLiveObjects: 0.090000 ms CreateObjectMapping: 0.202000 ms MarkObjects: 3.238000 ms  DeleteObjects: 2.971000 ms)

Shader 'Custom/Progress': fallback shader 'Additive' not found
The referenced script on this Behaviour is missing!
 
(Filename:  Line: 1638)

A script behaviour has a different serialization layout when loading. (Read 24 bytes but expected 108 bytes)
Did you #ifdef UNITY_EDITOR a section of your serialized properties in any of your scripts?
 
(Filename:  Line: 1170)

The referenced script on this Behaviour is missing!
 
(Filename:  Line: 1638)

A script behaviour has a different serialization layout when loading. (Read 24 bytes but expected 108 bytes)
Did you #ifdef UNITY_EDITOR a section of your serialized properties in any of your scripts?
 
(Filename:  Line: 1170)

UnloadTime: 1.175000 ms
Unloading 6 Unused Serialized files (Serialized files now loaded: 0 / Dirty serialized files: 0)

Unloading 279 unused Assets to reduce memory usage. Loaded Objects now: 25025.
Total: 7.098000 ms (FindLiveObjects: 1.177000 ms CreateObjectMapping: 0.283000 ms MarkObjects: 4.889000 ms  DeleteObjects: 0.621000 ms)

UnloadTime: 39.436001 ms
Unloading 5 Unused Serialized files (Serialized files now loaded: 0 / Dirty serialized files: 0)

Unloading 24792 unused Assets to reduce memory usage. Loaded Objects now: 3831.
Total: 114.892998 ms (FindLiveObjects: 2.740000 ms CreateObjectMapping: 5.083000 ms MarkObjects: 2.346000 ms  DeleteObjects: 104.526993 ms)

