2015-05-10T20:28:35 Checking update-file '/usr/share/apps/kconf_update/kwallet-4.13.upd' for new updates
2015-05-10T20:28:35 kwallet-4.13.upd: Found new update 'kde4.13'
2015-05-10T20:28:35 kwallet-4.13.upd: File 'kwalletrc' does not exist or empty, skipping
2015-05-10T20:28:35 Checking update-file '/usr/share/apps/kconf_update/devicepreference.upd' for new updates
2015-05-10T20:28:35 devicepreference.upd: Found new update 'DevicesMovedToPlatformPlugin'
2015-05-10T20:28:35 devicepreference.upd: Running script 'phonon_devicepreference_update'
2015-05-10T20:28:35 devicepreference.upd: Found new update 'DevicesUIDsChanged'
2015-05-10T20:28:35 devicepreference.upd: Running script 'phonon_deviceuids_update'
2015-05-10T20:28:35 Checking update-file '/usr/share/apps/kconf_update/kio_help.upd' for new updates
2015-05-10T20:28:35 kio_help.upd: Found new update 'kde3_2'
2015-05-10T20:28:35 kio_help.upd: Running script 'move_kio_help_cache.sh'
2015-05-10T20:28:35 [Script] mv: cannot stat '/home/riddle/.kde4/share/apps/kio_help/cache': No such file or directory
2015-05-10T20:28:35 [Script] rmdir: failed to remove '/home/riddle/.kde4/share/apps/kio_help': No such file or directory
2015-05-10T20:28:35 Checking update-file '/usr/share/apps/kconf_update/kioslave.upd' for new updates
2015-05-10T20:28:35 kioslave.upd: Found new update 'kde2.2/r1'
2015-05-10T20:28:35 kioslave.upd: File 'kioslaverc' does not exist or empty, skipping
2015-05-10T20:28:35 kioslave.upd: Skipping update 'kde2.2/r1'
2015-05-10T20:28:35 kioslave.upd: File 'kioslaverc' does not exist or empty, skipping
2015-05-10T20:28:35 kioslave.upd: Found new update 'kde2.2/r2'
2015-05-10T20:28:35 kioslave.upd: File 'kioslaverc' does not exist or empty, skipping
2015-05-10T20:28:35 kioslave.upd: Found new update 'kde2.2/r3'
2015-05-10T20:28:35 kioslave.upd: File 'kioslaverc' does not exist or empty, skipping
2015-05-10T20:28:35 Checking update-file '/usr/share/apps/kconf_update/kded.upd' for new updates
2015-05-10T20:28:35 kded.upd: Found new update 'kde3.0'
2015-05-10T20:28:35 kded.upd: File 'kdedrc' does not exist or empty, skipping
2015-05-10T20:28:35 Checking update-file '/usr/share/apps/kconf_update/drkonqi-rename-config-section.upd' for new updates
2015-05-10T20:28:35 drkonqi-rename-config-section.upd: Found new update 'kde-4.11'
2015-05-10T20:28:35 drkonqi-rename-config-section.upd: File 'drkonqirc' does not exist or empty, skipping
2015-05-10T20:28:35 Checking update-file '/usr/share/apps/kconf_update/kcookiescfg.upd' for new updates
2015-05-10T20:28:35 kcookiescfg.upd: Found new update 'kde2.2/b1'
2015-05-10T20:28:35 kcookiescfg.upd: File 'kcookiejarrc' does not exist or empty, skipping
2015-05-10T20:28:35 kcookiescfg.upd: Found new update 'kde3.1/cvs'
2015-05-10T20:28:35 kcookiescfg.upd: File 'kcookiejarrc' does not exist or empty, skipping
2015-05-10T20:28:35 kcookiescfg.upd: Found new update 'kde4.10/git'
2015-05-10T20:28:35 kcookiescfg.upd: File 'kcookiejarrc' does not exist or empty, skipping
2015-05-10T20:28:35 Checking update-file '/usr/share/apps/kconf_update/ksslcertificatemanager.upd' for new updates
2015-05-10T20:28:35 ksslcertificatemanager.upd: Found new update 'kde4.2'
2015-05-10T20:28:35 ksslcertificatemanager.upd: Running script 'ksslcertificatemanager.upd.sh'
2015-05-10T20:28:35 [Script] rm: cannot remove '/home/riddle/.kde4//share/config/ksslcertificatemanager': No such file or directory
2015-05-10T20:28:35 ksslcertificatemanager.upd: !! An error occurred while running 'sh /usr/share/apps/kconf_update/ksslcertificatemanager.upd.sh'
2015-05-10T20:28:35 Checking update-file '/usr/share/apps/kconf_update/mailtransports.upd' for new updates
2015-05-10T20:28:35 mailtransports.upd: Found new update 'initial-kmail-migration'
2015-05-10T20:28:35 mailtransports.upd: File 'kmailrc' does not exist or empty, skipping
2015-05-10T20:28:35 mailtransports.upd: Found new update 'initial-knode-migration'
2015-05-10T20:28:35 mailtransports.upd: File 'knoderc' does not exist or empty, skipping
2015-05-10T20:28:35 Checking update-file '/usr/share/apps/kconf_update/kuriikwsfilter.upd' for new updates
2015-05-10T20:28:35 kuriikwsfilter.upd: Found new update 'post-kde3.1/cvs'
2015-05-10T20:28:35 kuriikwsfilter.upd: File 'kuriikwsfilterrc' does not exist or empty, skipping
2015-05-10T20:28:35 kuriikwsfilter.upd: Found new update 'pre-kde4.9'
2015-05-10T20:28:35 kuriikwsfilter.upd: File 'kuriikwsfilterrc' does not exist or empty, skipping
2015-10-18T18:29:28 Checking update-file '/usr/share/apps/kconf_update/kio_help.upd' for new updates
2015-10-18T18:29:28 Checking update-file '/usr/share/apps/kconf_update/kioslave.upd' for new updates
2015-10-18T18:29:28 kioslave.upd: Found new update 'kde2.2/r1'
2015-10-18T18:29:28 kioslave.upd: Skipping update 'kde2.2/r1'
2015-10-18T18:29:28 kioslave.upd: File 'kioslaverc' does not exist or empty, skipping
2015-10-18T18:29:28 Checking update-file '/usr/share/apps/kconf_update/kded.upd' for new updates
2015-10-18T18:29:28 Checking update-file '/usr/share/apps/kconf_update/kcookiescfg.upd' for new updates
2015-10-18T18:29:28 Checking update-file '/usr/share/apps/kconf_update/ksslcertificatemanager.upd' for new updates
2015-10-18T18:40:48 Checking update-file '/usr/share/apps/kconf_update/kwallet-4.13.upd' for new updates
2015-10-18T18:40:48 Checking update-file '/usr/share/apps/kconf_update/devicepreference.upd' for new updates
2015-10-18T18:40:48 Checking update-file '/usr/share/apps/kconf_update/drkonqi-rename-config-section.upd' for new updates
2015-10-18T18:40:48 Checking update-file '/usr/share/apps/kconf_update/kuriikwsfilter.upd' for new updates
2015-10-18T19:04:29 Checking update-file '/usr/share/apps/kconf_update/kio_help.upd' for new updates
2015-10-18T19:04:32 Checking update-file '/usr/share/apps/kconf_update/kioslave.upd' for new updates
2015-10-18T19:04:32 kioslave.upd: Found new update 'kde2.2/r1'
2015-10-18T19:04:32 kioslave.upd: Skipping update 'kde2.2/r1'
2015-10-18T19:04:32 kioslave.upd: File 'kioslaverc' does not exist or empty, skipping
2015-10-18T19:04:39 Checking update-file '/usr/share/apps/kconf_update/kded.upd' for new updates
2015-10-18T19:04:41 Checking update-file '/usr/share/apps/kconf_update/kcookiescfg.upd' for new updates
2015-10-18T19:04:42 Checking update-file '/usr/share/apps/kconf_update/ksslcertificatemanager.upd' for new updates
2015-10-18T19:04:58 Checking update-file '/usr/share/apps/kconf_update/kwallet-4.13.upd' for new updates
2015-10-18T19:04:59 Checking update-file '/usr/share/apps/kconf_update/devicepreference.upd' for new updates
2015-10-18T19:05:05 Checking update-file '/usr/share/apps/kconf_update/drkonqi-rename-config-section.upd' for new updates
2015-10-18T19:05:05 Checking update-file '/usr/share/apps/kconf_update/kuriikwsfilter.upd' for new updates
2015-10-18T21:52:52 Checking update-file '/usr/share/apps/kconf_update/konsole_remove_background_mode.upd' for new updates
2015-10-18T21:52:52 konsole_remove_background_mode.upd: Found new update '2.11.0-remove-background-mode'
2015-10-18T21:52:52 konsole_remove_background_mode.upd: File 'kglobalshortcutsrc' does not exist or empty, skipping
2015-10-18T21:52:52 Checking update-file '/usr/share/apps/kconf_update/konsole.upd' for new updates
2015-10-18T21:52:52 konsole.upd: Found new update '2.9.0-global-options'
2015-10-18T21:52:52 konsole.upd: File 'konsolerc' does not exist or empty, skipping
2015-10-18T21:52:52 konsole.upd: Found new update '2.9.0-colorscheme-bold-key'
2015-10-18T21:52:52 konsole.upd: Running script 'konsole-2.9.0-colorscheme-bold-key.sh'
2015-10-18T21:52:52 konsole.upd: Found new update '2.10.0-remove-menuindex-from-profiles'
2015-10-18T21:52:52 konsole.upd: Running script 'konsole-2.10.0-remove-menuindex-from-profiles.sh'
2015-10-18T21:57:07 Checking update-file '/usr/share/apps/kconf_update/kio_help.upd' for new updates
2015-10-18T21:57:07 Checking update-file '/usr/share/apps/kconf_update/kioslave.upd' for new updates
2015-10-18T21:57:07 kioslave.upd: Found new update 'kde2.2/r1'
2015-10-18T21:57:07 kioslave.upd: Skipping update 'kde2.2/r1'
2015-10-18T21:57:07 kioslave.upd: File 'kioslaverc' does not exist or empty, skipping
2015-10-18T21:57:07 Checking update-file '/usr/share/apps/kconf_update/kded.upd' for new updates
2015-10-18T21:57:07 Checking update-file '/usr/share/apps/kconf_update/kcookiescfg.upd' for new updates
2015-10-18T21:57:07 Checking update-file '/usr/share/apps/kconf_update/ksslcertificatemanager.upd' for new updates
2015-11-30T19:18:36 Checking update-file '/usr/share/apps/kconf_update/kio_help.upd' for new updates
2015-11-30T19:18:36 Checking update-file '/usr/share/apps/kconf_update/kioslave.upd' for new updates
2015-11-30T19:18:36 kioslave.upd: Found new update 'kde2.2/r1'
2015-11-30T19:18:36 kioslave.upd: Skipping update 'kde2.2/r1'
2015-11-30T19:18:36 kioslave.upd: File 'kioslaverc' does not exist or empty, skipping
2015-11-30T19:18:37 Checking update-file '/usr/share/apps/kconf_update/kded.upd' for new updates
2015-11-30T19:18:37 Checking update-file '/usr/share/apps/kconf_update/kcookiescfg.upd' for new updates
2015-11-30T19:18:37 Checking update-file '/usr/share/apps/kconf_update/ksslcertificatemanager.upd' for new updates
2015-11-30T19:19:10 Checking update-file '/usr/share/apps/kconf_update/kwallet-4.13.upd' for new updates
2015-11-30T19:19:10 Checking update-file '/usr/share/apps/kconf_update/devicepreference.upd' for new updates
2015-11-30T19:19:10 Checking update-file '/usr/share/apps/kconf_update/drkonqi-rename-config-section.upd' for new updates
2015-11-30T19:19:10 Checking update-file '/usr/share/apps/kconf_update/kuriikwsfilter.upd' for new updates
2016-01-29T14:51:06 Checking update-file '/usr/share/apps/kconf_update/ksslcertificatemanager.upd' for new updates
2016-01-29T14:51:06 Checking update-file '/usr/share/apps/kconf_update/kioslave.upd' for new updates
2016-01-29T14:51:06 kioslave.upd: Found new update 'kde2.2/r1'
2016-01-29T14:51:06 kioslave.upd: Skipping update 'kde2.2/r1'
2016-01-29T14:51:06 kioslave.upd: File 'kioslaverc' does not exist or empty, skipping
2016-01-29T14:51:06 Checking update-file '/usr/share/apps/kconf_update/kded.upd' for new updates
2016-01-29T14:51:06 Checking update-file '/usr/share/apps/kconf_update/drkonqi-rename-config-section.upd' for new updates
2016-01-29T14:51:06 Checking update-file '/usr/share/apps/kconf_update/konsole.upd' for new updates
2016-01-29T14:51:06 Checking update-file '/usr/share/apps/kconf_update/kuriikwsfilter.upd' for new updates
2016-01-29T14:51:07 Checking update-file '/usr/share/apps/kconf_update/kio_help.upd' for new updates
2016-01-29T14:51:07 Checking update-file '/usr/share/apps/kconf_update/konsole_remove_background_mode.upd' for new updates
2016-01-29T14:51:07 Checking update-file '/usr/share/apps/kconf_update/kwallet-4.13.upd' for new updates
2016-01-29T14:51:07 Checking update-file '/usr/share/apps/kconf_update/devicepreference.upd' for new updates
2016-01-29T14:51:07 Checking update-file '/usr/share/apps/kconf_update/kcookiescfg.upd' for new updates
2016-04-19T01:08:02 Checking update-file '/usr/share/apps/kconf_update/ksslcertificatemanager.upd' for new updates
2016-04-19T01:08:02 Checking update-file '/usr/share/apps/kconf_update/kioslave.upd' for new updates
2016-04-19T01:08:02 kioslave.upd: Found new update 'kde2.2/r1'
2016-04-19T01:08:02 kioslave.upd: Skipping update 'kde2.2/r1'
2016-04-19T01:08:02 kioslave.upd: File 'kioslaverc' does not exist or empty, skipping
2016-04-19T01:08:02 Checking update-file '/usr/share/apps/kconf_update/kded.upd' for new updates
2016-04-19T01:08:02 Checking update-file '/usr/share/apps/kconf_update/kio_help.upd' for new updates
2016-04-19T01:08:02 Checking update-file '/usr/share/apps/kconf_update/kcookiescfg.upd' for new updates
2016-04-19T01:08:27 Checking update-file '/usr/share/apps/kconf_update/mailtransports.upd' for new updates
2016-04-19T01:08:28 Checking update-file '/usr/share/apps/kconf_update/drkonqi-rename-config-section.upd' for new updates
2016-04-19T01:08:28 Checking update-file '/usr/share/apps/kconf_update/kuriikwsfilter.upd' for new updates
2016-04-19T01:08:28 Checking update-file '/usr/share/apps/kconf_update/kwallet-4.13.upd' for new updates
2016-04-19T01:08:28 Checking update-file '/usr/share/apps/kconf_update/devicepreference.upd' for new updates
2016-04-23T21:05:22 Checking update-file '/usr/share/apps/kconf_update/ksslcertificatemanager.upd' for new updates
2016-04-23T21:05:22 Checking update-file '/usr/share/apps/kconf_update/kioslave.upd' for new updates
2016-04-23T21:05:22 kioslave.upd: Found new update 'kde2.2/r1'
2016-04-23T21:05:22 kioslave.upd: Skipping update 'kde2.2/r1'
2016-04-23T21:05:22 kioslave.upd: File 'kioslaverc' does not exist or empty, skipping
2016-04-23T21:05:22 Checking update-file '/usr/share/apps/kconf_update/kded.upd' for new updates
2016-04-23T21:05:22 Checking update-file '/usr/share/apps/kconf_update/kio_help.upd' for new updates
2016-04-23T21:05:22 Checking update-file '/usr/share/apps/kconf_update/kcookiescfg.upd' for new updates
2016-04-23T21:05:24 Checking update-file '/usr/share/apps/kconf_update/drkonqi-rename-config-section.upd' for new updates
2016-04-23T21:05:24 Checking update-file '/usr/share/apps/kconf_update/kuriikwsfilter.upd' for new updates
2016-04-23T21:05:24 Checking update-file '/usr/share/apps/kconf_update/kwallet-4.13.upd' for new updates
2016-04-23T21:05:24 Checking update-file '/usr/share/apps/kconf_update/devicepreference.upd' for new updates
2016-04-29T16:24:27 Checking update-file '/usr/share/apps/kconf_update/ksslcertificatemanager.upd' for new updates
2016-04-29T16:24:27 Checking update-file '/usr/share/apps/kconf_update/kioslave.upd' for new updates
2016-04-29T16:24:27 kioslave.upd: Found new update 'kde2.2/r1'
2016-04-29T16:24:27 kioslave.upd: Skipping update 'kde2.2/r1'
2016-04-29T16:24:27 kioslave.upd: File 'kioslaverc' does not exist or empty, skipping
2016-04-29T16:24:28 Checking update-file '/usr/share/apps/kconf_update/kded.upd' for new updates
2016-04-29T16:24:28 Checking update-file '/usr/share/apps/kconf_update/kio_help.upd' for new updates
2016-04-29T16:24:28 Checking update-file '/usr/share/apps/kconf_update/kcookiescfg.upd' for new updates
2016-04-29T16:24:36 Checking update-file '/usr/share/apps/kconf_update/drkonqi-rename-config-section.upd' for new updates
2016-04-29T16:24:36 Checking update-file '/usr/share/apps/kconf_update/kuriikwsfilter.upd' for new updates
2016-04-29T16:24:38 Checking update-file '/usr/share/apps/kconf_update/kwallet-4.13.upd' for new updates
2016-04-29T16:24:38 Checking update-file '/usr/share/apps/kconf_update/devicepreference.upd' for new updates
2016-04-29T16:24:39 Checking update-file '/usr/share/apps/kconf_update/mailtransports.upd' for new updates
2016-06-04T18:04:02 Checking update-file '/usr/share/apps/kconf_update/ksslcertificatemanager.upd' for new updates
2016-06-04T18:04:02 Checking update-file '/usr/share/apps/kconf_update/kioslave.upd' for new updates
2016-06-04T18:04:02 kioslave.upd: Found new update 'kde2.2/r1'
2016-06-04T18:04:02 kioslave.upd: Skipping update 'kde2.2/r1'
2016-06-04T18:04:02 kioslave.upd: File 'kioslaverc' does not exist or empty, skipping
2016-06-04T18:04:04 Checking update-file '/usr/share/apps/kconf_update/kded.upd' for new updates
2016-06-04T18:04:04 Checking update-file '/usr/share/apps/kconf_update/kio_help.upd' for new updates
2016-06-04T18:04:04 Checking update-file '/usr/share/apps/kconf_update/kcookiescfg.upd' for new updates
2016-06-04T18:04:21 Checking update-file '/usr/share/apps/kconf_update/drkonqi-rename-config-section.upd' for new updates
2016-06-04T18:04:21 Checking update-file '/usr/share/apps/kconf_update/kuriikwsfilter.upd' for new updates
2016-06-04T18:04:22 Checking update-file '/usr/share/apps/kconf_update/kwallet-4.13.upd' for new updates
2016-06-04T18:04:22 Checking update-file '/usr/share/apps/kconf_update/devicepreference.upd' for new updates
2016-07-02T13:01:41 Checking update-file '/usr/share/apps/kconf_update/ksslcertificatemanager.upd' for new updates
2016-07-02T13:01:41 Checking update-file '/usr/share/apps/kconf_update/kioslave.upd' for new updates
2016-07-02T13:01:41 kioslave.upd: Found new update 'kde2.2/r1'
2016-07-02T13:01:41 kioslave.upd: Skipping update 'kde2.2/r1'
2016-07-02T13:01:41 kioslave.upd: File 'kioslaverc' does not exist or empty, skipping
2016-07-02T13:01:42 Checking update-file '/usr/share/apps/kconf_update/kded.upd' for new updates
2016-07-02T13:01:43 Checking update-file '/usr/share/apps/kconf_update/kio_help.upd' for new updates
2016-07-02T13:01:43 Checking update-file '/usr/share/apps/kconf_update/kcookiescfg.upd' for new updates
2016-07-02T13:01:55 Checking update-file '/usr/share/apps/kconf_update/mailtransports.upd' for new updates
2016-07-02T13:01:56 Checking update-file '/usr/share/apps/kconf_update/drkonqi-rename-config-section.upd' for new updates
2016-07-02T13:01:58 Checking update-file '/usr/share/apps/kconf_update/kuriikwsfilter.upd' for new updates
2016-07-02T13:01:58 Checking update-file '/usr/share/apps/kconf_update/kwallet-4.13.upd' for new updates
2016-07-02T13:01:59 Checking update-file '/usr/share/apps/kconf_update/devicepreference.upd' for new updates
2017-02-22T18:04:49 Checking update-file '/usr/share/apps/kconf_update/devicepreference.upd' for new updates
2017-02-22T18:04:49 Checking update-file '/usr/share/apps/kconf_update/kuriikwsfilter.upd' for new updates
2017-02-22T18:04:49 Checking update-file '/usr/share/apps/kconf_update/kio_help.upd' for new updates
2017-02-22T18:04:49 Checking update-file '/usr/share/apps/kconf_update/kwallet-4.13.upd' for new updates
2017-02-22T18:04:49 Checking update-file '/usr/share/apps/kconf_update/kcookiescfg.upd' for new updates
2017-02-22T18:04:49 Checking update-file '/usr/share/apps/kconf_update/kioslave.upd' for new updates
2017-02-22T18:04:49 kioslave.upd: Found new update 'kde2.2/r1'
2017-02-22T18:04:49 kioslave.upd: Skipping update 'kde2.2/r1'
2017-02-22T18:04:49 kioslave.upd: File 'kioslaverc' does not exist or empty, skipping
2017-02-22T18:04:49 Checking update-file '/usr/share/apps/kconf_update/kded.upd' for new updates
2017-02-22T18:04:49 Checking update-file '/usr/share/apps/kconf_update/ksslcertificatemanager.upd' for new updates
